ARM GAS  /tmp/ccQSzluv.s 			page 1


   1              		.syntax unified
   2              		.cpu cortex-m3
   3              		.fpu softvfp
   4              		.eabi_attribute 20, 1
   5              		.eabi_attribute 21, 1
   6              		.eabi_attribute 23, 3
   7              		.eabi_attribute 24, 1
   8              		.eabi_attribute 25, 1
   9              		.eabi_attribute 26, 1
  10              		.eabi_attribute 30, 6
  11              		.eabi_attribute 34, 1
  12              		.eabi_attribute 18, 4
  13              		.thumb
  14              		.file	"chmempools.c"
  15              		.text
  16              	.Ltext0:
  17              		.cfi_sections	.debug_frame
  18              		.section	.rodata
  19              		.align	2
  20              	.LC0:
  21 0000 22636850 		.ascii	"\"chPoolInit\"()\000"
  21      6F6F6C49 
  21      6E697422 
  21      282900
  22              		.section	.text.chPoolInit,"ax",%progbits
  23              		.align	2
  24              		.p2align 4,,15
  25              		.global	chPoolInit
  26              		.thumb
  27              		.thumb_func
  28              		.type	chPoolInit, %function
  29              	chPoolInit:
  30              	.LFB7:
  31              		.file 1 "../../os/kernel/src/chmempools.c"
  32              		.loc 1 57 0
  33              		.cfi_startproc
  34              		@ args = 0, pretend = 0, frame = 16
  35              		@ frame_needed = 0, uses_anonymous_args = 0
  36 0000 00B5     		push	{lr}
  37              	.LCFI0:
  38              		.cfi_def_cfa_offset 4
  39              		.cfi_offset 14, -4
  40 0002 85B0     		sub	sp, sp, #20
  41              	.LCFI1:
  42              		.cfi_def_cfa_offset 24
  43 0004 0390     		str	r0, [sp, #12]
  44 0006 0291     		str	r1, [sp, #8]
  45 0008 0192     		str	r2, [sp, #4]
  46              		.loc 1 59 0
  47 000a 039B     		ldr	r3, [sp, #12]
  48 000c 002B     		cmp	r3, #0
  49 000e 02D0     		beq	.L2
  50              		.loc 1 59 0 is_stmt 0 discriminator 2
  51 0010 029B     		ldr	r3, [sp, #8]
  52 0012 032B     		cmp	r3, #3
  53 0014 05D8     		bhi	.L3
  54              	.L2:
ARM GAS  /tmp/ccQSzluv.s 			page 2


  55              		.loc 1 59 0 discriminator 1
  56 0016 40F20000 		movw	r0, #:lower16:.LC0
  57 001a C0F20000 		movt	r0, #:upper16:.LC0
  58 001e FFF7FEFF 		bl	chDbgPanic
  59              	.L3:
  60              		.loc 1 61 0 is_stmt 1
  61 0022 039B     		ldr	r3, [sp, #12]
  62 0024 4FF00002 		mov	r2, #0
  63 0028 1A60     		str	r2, [r3, #0]
  64              		.loc 1 62 0
  65 002a 039B     		ldr	r3, [sp, #12]
  66 002c 029A     		ldr	r2, [sp, #8]
  67 002e 5A60     		str	r2, [r3, #4]
  68              		.loc 1 63 0
  69 0030 039B     		ldr	r3, [sp, #12]
  70 0032 019A     		ldr	r2, [sp, #4]
  71 0034 9A60     		str	r2, [r3, #8]
  72              		.loc 1 64 0
  73 0036 05B0     		add	sp, sp, #20
  74 0038 00BD     		pop	{pc}
  75              		.cfi_endproc
  76              	.LFE7:
  77              		.size	chPoolInit, .-chPoolInit
  78 003a 00BFAFF3 		.section	.rodata
  78      0080
  79 000f 00       		.align	2
  80              	.LC1:
  81 0010 22636850 		.ascii	"\"chPoolLoadArray\"()\000"
  81      6F6F6C4C 
  81      6F616441 
  81      72726179 
  81      22282900 
  82              		.section	.text.chPoolLoadArray,"ax",%progbits
  83              		.align	2
  84              		.p2align 4,,15
  85              		.global	chPoolLoadArray
  86              		.thumb
  87              		.thumb_func
  88              		.type	chPoolLoadArray, %function
  89              	chPoolLoadArray:
  90              	.LFB8:
  91              		.loc 1 79 0
  92              		.cfi_startproc
  93              		@ args = 0, pretend = 0, frame = 16
  94              		@ frame_needed = 0, uses_anonymous_args = 0
  95 0000 00B5     		push	{lr}
  96              	.LCFI2:
  97              		.cfi_def_cfa_offset 4
  98              		.cfi_offset 14, -4
  99 0002 85B0     		sub	sp, sp, #20
 100              	.LCFI3:
 101              		.cfi_def_cfa_offset 24
 102 0004 0390     		str	r0, [sp, #12]
 103 0006 0291     		str	r1, [sp, #8]
 104 0008 0192     		str	r2, [sp, #4]
 105              		.loc 1 81 0
 106 000a 039B     		ldr	r3, [sp, #12]
ARM GAS  /tmp/ccQSzluv.s 			page 3


 107 000c 002B     		cmp	r3, #0
 108 000e 02D0     		beq	.L5
 109              		.loc 1 81 0 is_stmt 0 discriminator 2
 110 0010 019B     		ldr	r3, [sp, #4]
 111 0012 002B     		cmp	r3, #0
 112 0014 13D1     		bne	.L7
 113              	.L5:
 114              		.loc 1 81 0 discriminator 1
 115 0016 40F20000 		movw	r0, #:lower16:.LC1
 116 001a C0F20000 		movt	r0, #:upper16:.LC1
 117 001e FFF7FEFF 		bl	chDbgPanic
 118              		.loc 1 83 0 is_stmt 1 discriminator 1
 119 0022 0CE0     		b	.L7
 120              	.L8:
 121              		.loc 1 84 0
 122 0024 0398     		ldr	r0, [sp, #12]
 123 0026 0299     		ldr	r1, [sp, #8]
 124 0028 FFF7FEFF 		bl	chPoolFree
 125              		.loc 1 85 0
 126 002c 039B     		ldr	r3, [sp, #12]
 127 002e 5B68     		ldr	r3, [r3, #4]
 128 0030 029A     		ldr	r2, [sp, #8]
 129 0032 D318     		adds	r3, r2, r3
 130 0034 0293     		str	r3, [sp, #8]
 131              		.loc 1 86 0
 132 0036 019B     		ldr	r3, [sp, #4]
 133 0038 03F1FF33 		add	r3, r3, #-1
 134 003c 0193     		str	r3, [sp, #4]
 135              	.L7:
 136              		.loc 1 83 0 discriminator 1
 137 003e 019B     		ldr	r3, [sp, #4]
 138 0040 002B     		cmp	r3, #0
 139 0042 EFD1     		bne	.L8
 140              		.loc 1 88 0
 141 0044 05B0     		add	sp, sp, #20
 142 0046 00BD     		pop	{pc}
 143              		.cfi_endproc
 144              	.LFE8:
 145              		.size	chPoolLoadArray, .-chPoolLoadArray
 146 0048 AFF30080 		.section	.rodata
 146      AFF30080 
 147              		.align	2
 148              	.LC2:
 149 0024 22636850 		.ascii	"\"chPoolAllocI\"()\000"
 149      6F6F6C41 
 149      6C6C6F63 
 149      49222829 
 149      00
 150              		.section	.text.chPoolAllocI,"ax",%progbits
 151              		.align	2
 152              		.p2align 4,,15
 153              		.global	chPoolAllocI
 154              		.thumb
 155              		.thumb_func
 156              		.type	chPoolAllocI, %function
 157              	chPoolAllocI:
 158              	.LFB9:
ARM GAS  /tmp/ccQSzluv.s 			page 4


 159              		.loc 1 100 0
 160              		.cfi_startproc
 161              		@ args = 0, pretend = 0, frame = 16
 162              		@ frame_needed = 0, uses_anonymous_args = 0
 163 0000 00B5     		push	{lr}
 164              	.LCFI4:
 165              		.cfi_def_cfa_offset 4
 166              		.cfi_offset 14, -4
 167 0002 85B0     		sub	sp, sp, #20
 168              	.LCFI5:
 169              		.cfi_def_cfa_offset 24
 170 0004 0190     		str	r0, [sp, #4]
 171              		.loc 1 103 0
 172 0006 FFF7FEFF 		bl	chDbgCheckClassI
 173              		.loc 1 104 0
 174 000a 019B     		ldr	r3, [sp, #4]
 175 000c 002B     		cmp	r3, #0
 176 000e 05D1     		bne	.L10
 177              		.loc 1 104 0 is_stmt 0 discriminator 1
 178 0010 40F20000 		movw	r0, #:lower16:.LC2
 179 0014 C0F20000 		movt	r0, #:upper16:.LC2
 180 0018 FFF7FEFF 		bl	chDbgPanic
 181              	.L10:
 182              		.loc 1 106 0 is_stmt 1
 183 001c 019B     		ldr	r3, [sp, #4]
 184 001e 1B68     		ldr	r3, [r3, #0]
 185 0020 0393     		str	r3, [sp, #12]
 186 0022 039B     		ldr	r3, [sp, #12]
 187 0024 002B     		cmp	r3, #0
 188 0026 05D0     		beq	.L11
 189              		.loc 1 107 0
 190 0028 019B     		ldr	r3, [sp, #4]
 191 002a 1B68     		ldr	r3, [r3, #0]
 192 002c 1A68     		ldr	r2, [r3, #0]
 193 002e 019B     		ldr	r3, [sp, #4]
 194 0030 1A60     		str	r2, [r3, #0]
 195 0032 0BE0     		b	.L12
 196              	.L11:
 197              		.loc 1 108 0
 198 0034 019B     		ldr	r3, [sp, #4]
 199 0036 9B68     		ldr	r3, [r3, #8]
 200 0038 002B     		cmp	r3, #0
 201 003a 07D0     		beq	.L12
 202              		.loc 1 109 0
 203 003c 019B     		ldr	r3, [sp, #4]
 204 003e 9B68     		ldr	r3, [r3, #8]
 205 0040 019A     		ldr	r2, [sp, #4]
 206 0042 5268     		ldr	r2, [r2, #4]
 207 0044 1046     		mov	r0, r2
 208 0046 9847     		blx	r3
 209 0048 0346     		mov	r3, r0
 210 004a 0393     		str	r3, [sp, #12]
 211              	.L12:
 212              		.loc 1 110 0
 213 004c 039B     		ldr	r3, [sp, #12]
 214              		.loc 1 111 0
 215 004e 1846     		mov	r0, r3
ARM GAS  /tmp/ccQSzluv.s 			page 5


 216 0050 05B0     		add	sp, sp, #20
 217 0052 00BD     		pop	{pc}
 218              		.cfi_endproc
 219              	.LFE9:
 220              		.size	chPoolAllocI, .-chPoolAllocI
 221 0054 AFF30080 		.section	.text.chPoolAlloc,"ax",%progbits
 221      AFF30080 
 221      AFF30080 
 222              		.align	2
 223              		.p2align 4,,15
 224              		.global	chPoolAlloc
 225              		.thumb
 226              		.thumb_func
 227              		.type	chPoolAlloc, %function
 228              	chPoolAlloc:
 229              	.LFB10:
 230              		.loc 1 123 0
 231              		.cfi_startproc
 232              		@ args = 0, pretend = 0, frame = 16
 233              		@ frame_needed = 0, uses_anonymous_args = 0
 234 0000 00B5     		push	{lr}
 235              	.LCFI6:
 236              		.cfi_def_cfa_offset 4
 237              		.cfi_offset 14, -4
 238 0002 85B0     		sub	sp, sp, #20
 239              	.LCFI7:
 240              		.cfi_def_cfa_offset 24
 241 0004 0190     		str	r0, [sp, #4]
 242              	.LBB2:
 243              		.loc 1 126 0
 244 0006 4FF02003 		mov	r3, #32
 245              	@ 126 "../../os/kernel/src/chmempools.c" 1
 246 000a 83F31188 		msr     BASEPRI, r3
 247              	@ 0 "" 2
 248              		.thumb
 249              	.LBE2:
 250 000e FFF7FEFF 		bl	dbg_check_lock
 251              		.loc 1 127 0
 252 0012 0198     		ldr	r0, [sp, #4]
 253 0014 FFF7FEFF 		bl	chPoolAllocI
 254 0018 0346     		mov	r3, r0
 255 001a 0393     		str	r3, [sp, #12]
 256              		.loc 1 128 0
 257 001c FFF7FEFF 		bl	dbg_check_unlock
 258              	.LBB3:
 259 0020 4FF00003 		mov	r3, #0
 260              	@ 128 "../../os/kernel/src/chmempools.c" 1
 261 0024 83F31188 		msr     BASEPRI, r3
 262              	@ 0 "" 2
 263              		.thumb
 264              	.LBE3:
 265              		.loc 1 129 0
 266 0028 039B     		ldr	r3, [sp, #12]
 267              		.loc 1 130 0
 268 002a 1846     		mov	r0, r3
 269 002c 05B0     		add	sp, sp, #20
 270 002e 00BD     		pop	{pc}
ARM GAS  /tmp/ccQSzluv.s 			page 6


 271              		.cfi_endproc
 272              	.LFE10:
 273              		.size	chPoolAlloc, .-chPoolAlloc
 274              		.section	.rodata
 275 0035 000000   		.align	2
 276              	.LC3:
 277 0038 22636850 		.ascii	"\"chPoolFreeI\"()\000"
 277      6F6F6C46 
 277      72656549 
 277      22282900 
 278              		.section	.text.chPoolFreeI,"ax",%progbits
 279              		.align	2
 280              		.p2align 4,,15
 281              		.global	chPoolFreeI
 282              		.thumb
 283              		.thumb_func
 284              		.type	chPoolFreeI, %function
 285              	chPoolFreeI:
 286              	.LFB11:
 287              		.loc 1 144 0
 288              		.cfi_startproc
 289              		@ args = 0, pretend = 0, frame = 16
 290              		@ frame_needed = 0, uses_anonymous_args = 0
 291 0000 00B5     		push	{lr}
 292              	.LCFI8:
 293              		.cfi_def_cfa_offset 4
 294              		.cfi_offset 14, -4
 295 0002 85B0     		sub	sp, sp, #20
 296              	.LCFI9:
 297              		.cfi_def_cfa_offset 24
 298 0004 0190     		str	r0, [sp, #4]
 299 0006 0091     		str	r1, [sp, #0]
 300              		.loc 1 145 0
 301 0008 009B     		ldr	r3, [sp, #0]
 302 000a 0393     		str	r3, [sp, #12]
 303              		.loc 1 147 0
 304 000c FFF7FEFF 		bl	chDbgCheckClassI
 305              		.loc 1 148 0
 306 0010 019B     		ldr	r3, [sp, #4]
 307 0012 002B     		cmp	r3, #0
 308 0014 02D0     		beq	.L15
 309              		.loc 1 148 0 is_stmt 0 discriminator 2
 310 0016 009B     		ldr	r3, [sp, #0]
 311 0018 002B     		cmp	r3, #0
 312 001a 05D1     		bne	.L16
 313              	.L15:
 314              		.loc 1 148 0 discriminator 1
 315 001c 40F20000 		movw	r0, #:lower16:.LC3
 316 0020 C0F20000 		movt	r0, #:upper16:.LC3
 317 0024 FFF7FEFF 		bl	chDbgPanic
 318              	.L16:
 319              		.loc 1 150 0 is_stmt 1
 320 0028 019B     		ldr	r3, [sp, #4]
 321 002a 1A68     		ldr	r2, [r3, #0]
 322 002c 039B     		ldr	r3, [sp, #12]
 323 002e 1A60     		str	r2, [r3, #0]
 324              		.loc 1 151 0
ARM GAS  /tmp/ccQSzluv.s 			page 7


 325 0030 019B     		ldr	r3, [sp, #4]
 326 0032 039A     		ldr	r2, [sp, #12]
 327 0034 1A60     		str	r2, [r3, #0]
 328              		.loc 1 152 0
 329 0036 05B0     		add	sp, sp, #20
 330 0038 00BD     		pop	{pc}
 331              		.cfi_endproc
 332              	.LFE11:
 333              		.size	chPoolFreeI, .-chPoolFreeI
 334 003a 00BFAFF3 		.section	.text.chPoolFree,"ax",%progbits
 334      0080
 335              		.align	2
 336              		.p2align 4,,15
 337              		.global	chPoolFree
 338              		.thumb
 339              		.thumb_func
 340              		.type	chPoolFree, %function
 341              	chPoolFree:
 342              	.LFB12:
 343              		.loc 1 166 0
 344              		.cfi_startproc
 345              		@ args = 0, pretend = 0, frame = 8
 346              		@ frame_needed = 0, uses_anonymous_args = 0
 347 0000 00B5     		push	{lr}
 348              	.LCFI10:
 349              		.cfi_def_cfa_offset 4
 350              		.cfi_offset 14, -4
 351 0002 83B0     		sub	sp, sp, #12
 352              	.LCFI11:
 353              		.cfi_def_cfa_offset 16
 354 0004 0190     		str	r0, [sp, #4]
 355 0006 0091     		str	r1, [sp, #0]
 356              	.LBB4:
 357              		.loc 1 168 0
 358 0008 4FF02003 		mov	r3, #32
 359              	@ 168 "../../os/kernel/src/chmempools.c" 1
 360 000c 83F31188 		msr     BASEPRI, r3
 361              	@ 0 "" 2
 362              		.thumb
 363              	.LBE4:
 364 0010 FFF7FEFF 		bl	dbg_check_lock
 365              		.loc 1 169 0
 366 0014 0198     		ldr	r0, [sp, #4]
 367 0016 0099     		ldr	r1, [sp, #0]
 368 0018 FFF7FEFF 		bl	chPoolFreeI
 369              		.loc 1 170 0
 370 001c FFF7FEFF 		bl	dbg_check_unlock
 371              	.LBB5:
 372 0020 4FF00003 		mov	r3, #0
 373              	@ 170 "../../os/kernel/src/chmempools.c" 1
 374 0024 83F31188 		msr     BASEPRI, r3
 375              	@ 0 "" 2
 376              		.thumb
 377              	.LBE5:
 378              		.loc 1 171 0
 379 0028 03B0     		add	sp, sp, #12
 380 002a 00BD     		pop	{pc}
ARM GAS  /tmp/ccQSzluv.s 			page 8


 381              		.cfi_endproc
 382              	.LFE12:
 383              		.size	chPoolFree, .-chPoolFree
 384 002c AFF30080 		.text
 385              	.Letext0:
 386              		.file 2 "/home/texzk/ChibiStudio/tools/GNU Tools ARM Embedded/4.6 2012q2/bin/../lib/gcc/arm-none-e
 387              		.file 3 "/home/texzk/ChibiStudio/tools/GNU Tools ARM Embedded/4.6 2012q2/bin/../lib/gcc/arm-none-e
 388              		.file 4 "../../os/kernel/include/chmemcore.h"
 389              		.file 5 "../../os/kernel/include/chmempools.h"
 390              		.section	.debug_info,"",%progbits
 391              	.Ldebug_info0:
 392 0000 E8020000 		.4byte	0x2e8
 393 0004 0200     		.2byte	0x2
 394 0006 00000000 		.4byte	.Ldebug_abbrev0
 395 000a 04       		.byte	0x4
 396 000b 01       		.uleb128 0x1
 397 000c 3F000000 		.4byte	.LASF27
 398 0010 01       		.byte	0x1
 399 0011 C2000000 		.4byte	.LASF28
 400 0015 19010000 		.4byte	.LASF29
 401 0019 00000000 		.4byte	0
 402 001d 00000000 		.4byte	0
 403 0021 00000000 		.4byte	.Ldebug_ranges0+0
 404 0025 00000000 		.4byte	.Ldebug_line0
 405 0029 02       		.uleb128 0x2
 406 002a 04       		.byte	0x4
 407 002b 05       		.byte	0x5
 408 002c 696E7400 		.ascii	"int\000"
 409 0030 03       		.uleb128 0x3
 410 0031 00000000 		.4byte	.LASF2
 411 0035 02       		.byte	0x2
 412 0036 D4       		.byte	0xd4
 413 0037 3B000000 		.4byte	0x3b
 414 003b 04       		.uleb128 0x4
 415 003c 04       		.byte	0x4
 416 003d 07       		.byte	0x7
 417 003e 16000000 		.4byte	.LASF0
 418 0042 04       		.uleb128 0x4
 419 0043 01       		.byte	0x1
 420 0044 06       		.byte	0x6
 421 0045 D9010000 		.4byte	.LASF1
 422 0049 03       		.uleb128 0x3
 423 004a 75010000 		.4byte	.LASF3
 424 004e 03       		.byte	0x3
 425 004f 2A       		.byte	0x2a
 426 0050 54000000 		.4byte	0x54
 427 0054 04       		.uleb128 0x4
 428 0055 01       		.byte	0x1
 429 0056 08       		.byte	0x8
 430 0057 E3000000 		.4byte	.LASF4
 431 005b 04       		.uleb128 0x4
 432 005c 02       		.byte	0x2
 433 005d 05       		.byte	0x5
 434 005e B1010000 		.4byte	.LASF5
 435 0062 04       		.uleb128 0x4
 436 0063 02       		.byte	0x2
 437 0064 07       		.byte	0x7
ARM GAS  /tmp/ccQSzluv.s 			page 9


 438 0065 9A000000 		.4byte	.LASF6
 439 0069 04       		.uleb128 0x4
 440 006a 04       		.byte	0x4
 441 006b 05       		.byte	0x5
 442 006c D0010000 		.4byte	.LASF7
 443 0070 03       		.uleb128 0x3
 444 0071 C7010000 		.4byte	.LASF8
 445 0075 03       		.byte	0x3
 446 0076 50       		.byte	0x50
 447 0077 7B000000 		.4byte	0x7b
 448 007b 04       		.uleb128 0x4
 449 007c 04       		.byte	0x4
 450 007d 07       		.byte	0x7
 451 007e 88000000 		.4byte	.LASF9
 452 0082 04       		.uleb128 0x4
 453 0083 08       		.byte	0x8
 454 0084 05       		.byte	0x5
 455 0085 85010000 		.4byte	.LASF10
 456 0089 04       		.uleb128 0x4
 457 008a 08       		.byte	0x8
 458 008b 07       		.byte	0x7
 459 008c 5E010000 		.4byte	.LASF11
 460 0090 05       		.uleb128 0x5
 461 0091 04       		.byte	0x4
 462 0092 03       		.uleb128 0x3
 463 0093 98010000 		.4byte	.LASF12
 464 0097 04       		.byte	0x4
 465 0098 25       		.byte	0x25
 466 0099 9D000000 		.4byte	0x9d
 467 009d 06       		.uleb128 0x6
 468 009e 04       		.byte	0x4
 469 009f A3000000 		.4byte	0xa3
 470 00a3 07       		.uleb128 0x7
 471 00a4 01       		.byte	0x1
 472 00a5 90000000 		.4byte	0x90
 473 00a9 B3000000 		.4byte	0xb3
 474 00ad 08       		.uleb128 0x8
 475 00ae 30000000 		.4byte	0x30
 476 00b2 00       		.byte	0
 477 00b3 09       		.uleb128 0x9
 478 00b4 33000000 		.4byte	.LASF30
 479 00b8 04       		.byte	0x4
 480 00b9 05       		.byte	0x5
 481 00ba 25       		.byte	0x25
 482 00bb CE000000 		.4byte	0xce
 483 00bf 0A       		.uleb128 0xa
 484 00c0 7D010000 		.4byte	.LASF13
 485 00c4 05       		.byte	0x5
 486 00c5 26       		.byte	0x26
 487 00c6 CE000000 		.4byte	0xce
 488 00ca 02       		.byte	0x2
 489 00cb 23       		.byte	0x23
 490 00cc 00       		.uleb128 0
 491 00cd 00       		.byte	0
 492 00ce 06       		.uleb128 0x6
 493 00cf 04       		.byte	0x4
 494 00d0 B3000000 		.4byte	0xb3
ARM GAS  /tmp/ccQSzluv.s 			page 10


 495 00d4 0B       		.uleb128 0xb
 496 00d5 0C       		.byte	0xc
 497 00d6 05       		.byte	0x5
 498 00d7 2D       		.byte	0x2d
 499 00d8 07010000 		.4byte	0x107
 500 00dc 0A       		.uleb128 0xa
 501 00dd E5010000 		.4byte	.LASF14
 502 00e1 05       		.byte	0x5
 503 00e2 2E       		.byte	0x2e
 504 00e3 CE000000 		.4byte	0xce
 505 00e7 02       		.byte	0x2
 506 00e8 23       		.byte	0x23
 507 00e9 00       		.uleb128 0
 508 00ea 0A       		.uleb128 0xa
 509 00eb 07000000 		.4byte	.LASF15
 510 00ef 05       		.byte	0x5
 511 00f0 2F       		.byte	0x2f
 512 00f1 30000000 		.4byte	0x30
 513 00f5 02       		.byte	0x2
 514 00f6 23       		.byte	0x23
 515 00f7 04       		.uleb128 0x4
 516 00f8 0A       		.uleb128 0xa
 517 00f9 A5010000 		.4byte	.LASF16
 518 00fd 05       		.byte	0x5
 519 00fe 31       		.byte	0x31
 520 00ff 92000000 		.4byte	0x92
 521 0103 02       		.byte	0x2
 522 0104 23       		.byte	0x23
 523 0105 08       		.uleb128 0x8
 524 0106 00       		.byte	0
 525 0107 03       		.uleb128 0x3
 526 0108 FC000000 		.4byte	.LASF17
 527 010c 05       		.byte	0x5
 528 010d 33       		.byte	0x33
 529 010e D4000000 		.4byte	0xd4
 530 0112 04       		.uleb128 0x4
 531 0113 01       		.byte	0x1
 532 0114 08       		.byte	0x8
 533 0115 93010000 		.4byte	.LASF18
 534 0119 0C       		.uleb128 0xc
 535 011a 01       		.byte	0x1
 536 011b F2010000 		.4byte	.LASF21
 537 011f 01       		.byte	0x1
 538 0120 39       		.byte	0x39
 539 0121 01       		.byte	0x1
 540 0122 00000000 		.4byte	.LFB7
 541 0126 3A000000 		.4byte	.LFE7
 542 012a 00000000 		.4byte	.LLST0
 543 012e 5C010000 		.4byte	0x15c
 544 0132 0D       		.uleb128 0xd
 545 0133 6D7000   		.ascii	"mp\000"
 546 0136 01       		.byte	0x1
 547 0137 39       		.byte	0x39
 548 0138 5C010000 		.4byte	0x15c
 549 013c 02       		.byte	0x2
 550 013d 91       		.byte	0x91
 551 013e 74       		.sleb128 -12
ARM GAS  /tmp/ccQSzluv.s 			page 11


 552 013f 0E       		.uleb128 0xe
 553 0140 ED010000 		.4byte	.LASF19
 554 0144 01       		.byte	0x1
 555 0145 39       		.byte	0x39
 556 0146 30000000 		.4byte	0x30
 557 014a 02       		.byte	0x2
 558 014b 91       		.byte	0x91
 559 014c 70       		.sleb128 -16
 560 014d 0E       		.uleb128 0xe
 561 014e AD000000 		.4byte	.LASF20
 562 0152 01       		.byte	0x1
 563 0153 39       		.byte	0x39
 564 0154 92000000 		.4byte	0x92
 565 0158 02       		.byte	0x2
 566 0159 91       		.byte	0x91
 567 015a 6C       		.sleb128 -20
 568 015b 00       		.byte	0
 569 015c 06       		.uleb128 0x6
 570 015d 04       		.byte	0x4
 571 015e 07010000 		.4byte	0x107
 572 0162 0C       		.uleb128 0xc
 573 0163 01       		.byte	0x1
 574 0164 23000000 		.4byte	.LASF22
 575 0168 01       		.byte	0x1
 576 0169 4F       		.byte	0x4f
 577 016a 01       		.byte	0x1
 578 016b 00000000 		.4byte	.LFB8
 579 016f 48000000 		.4byte	.LFE8
 580 0173 2C000000 		.4byte	.LLST1
 581 0177 A1010000 		.4byte	0x1a1
 582 017b 0D       		.uleb128 0xd
 583 017c 6D7000   		.ascii	"mp\000"
 584 017f 01       		.byte	0x1
 585 0180 4F       		.byte	0x4f
 586 0181 5C010000 		.4byte	0x15c
 587 0185 02       		.byte	0x2
 588 0186 91       		.byte	0x91
 589 0187 74       		.sleb128 -12
 590 0188 0D       		.uleb128 0xd
 591 0189 7000     		.ascii	"p\000"
 592 018b 01       		.byte	0x1
 593 018c 4F       		.byte	0x4f
 594 018d 90000000 		.4byte	0x90
 595 0191 02       		.byte	0x2
 596 0192 91       		.byte	0x91
 597 0193 70       		.sleb128 -16
 598 0194 0D       		.uleb128 0xd
 599 0195 6E00     		.ascii	"n\000"
 600 0197 01       		.byte	0x1
 601 0198 4F       		.byte	0x4f
 602 0199 30000000 		.4byte	0x30
 603 019d 02       		.byte	0x2
 604 019e 91       		.byte	0x91
 605 019f 6C       		.sleb128 -20
 606 01a0 00       		.byte	0
 607 01a1 0F       		.uleb128 0xf
 608 01a2 01       		.byte	0x1
ARM GAS  /tmp/ccQSzluv.s 			page 12


 609 01a3 0C010000 		.4byte	.LASF23
 610 01a7 01       		.byte	0x1
 611 01a8 64       		.byte	0x64
 612 01a9 01       		.byte	0x1
 613 01aa 90000000 		.4byte	0x90
 614 01ae 00000000 		.4byte	.LFB9
 615 01b2 54000000 		.4byte	.LFE9
 616 01b6 58000000 		.4byte	.LLST2
 617 01ba DA010000 		.4byte	0x1da
 618 01be 0D       		.uleb128 0xd
 619 01bf 6D7000   		.ascii	"mp\000"
 620 01c2 01       		.byte	0x1
 621 01c3 64       		.byte	0x64
 622 01c4 5C010000 		.4byte	0x15c
 623 01c8 02       		.byte	0x2
 624 01c9 91       		.byte	0x91
 625 01ca 6C       		.sleb128 -20
 626 01cb 10       		.uleb128 0x10
 627 01cc 07010000 		.4byte	.LASF25
 628 01d0 01       		.byte	0x1
 629 01d1 65       		.byte	0x65
 630 01d2 90000000 		.4byte	0x90
 631 01d6 02       		.byte	0x2
 632 01d7 91       		.byte	0x91
 633 01d8 74       		.sleb128 -12
 634 01d9 00       		.byte	0
 635 01da 0F       		.uleb128 0xf
 636 01db 01       		.byte	0x1
 637 01dc BB010000 		.4byte	.LASF24
 638 01e0 01       		.byte	0x1
 639 01e1 7B       		.byte	0x7b
 640 01e2 01       		.byte	0x1
 641 01e3 90000000 		.4byte	0x90
 642 01e7 00000000 		.4byte	.LFB10
 643 01eb 30000000 		.4byte	.LFE10
 644 01ef 84000000 		.4byte	.LLST3
 645 01f3 45020000 		.4byte	0x245
 646 01f7 0D       		.uleb128 0xd
 647 01f8 6D7000   		.ascii	"mp\000"
 648 01fb 01       		.byte	0x1
 649 01fc 7B       		.byte	0x7b
 650 01fd 5C010000 		.4byte	0x15c
 651 0201 02       		.byte	0x2
 652 0202 91       		.byte	0x91
 653 0203 6C       		.sleb128 -20
 654 0204 10       		.uleb128 0x10
 655 0205 07010000 		.4byte	.LASF25
 656 0209 01       		.byte	0x1
 657 020a 7C       		.byte	0x7c
 658 020b 90000000 		.4byte	0x90
 659 020f 02       		.byte	0x2
 660 0210 91       		.byte	0x91
 661 0211 74       		.sleb128 -12
 662 0212 11       		.uleb128 0x11
 663 0213 06000000 		.4byte	.LBB2
 664 0217 0E000000 		.4byte	.LBE2
 665 021b 2D020000 		.4byte	0x22d
ARM GAS  /tmp/ccQSzluv.s 			page 13


 666 021f 12       		.uleb128 0x12
 667 0220 746D7000 		.ascii	"tmp\000"
 668 0224 01       		.byte	0x1
 669 0225 7E       		.byte	0x7e
 670 0226 70000000 		.4byte	0x70
 671 022a 01       		.byte	0x1
 672 022b 53       		.byte	0x53
 673 022c 00       		.byte	0
 674 022d 13       		.uleb128 0x13
 675 022e 20000000 		.4byte	.LBB3
 676 0232 28000000 		.4byte	.LBE3
 677 0236 12       		.uleb128 0x12
 678 0237 746D7000 		.ascii	"tmp\000"
 679 023b 01       		.byte	0x1
 680 023c 80       		.byte	0x80
 681 023d 70000000 		.4byte	0x70
 682 0241 01       		.byte	0x1
 683 0242 53       		.byte	0x53
 684 0243 00       		.byte	0
 685 0244 00       		.byte	0
 686 0245 0C       		.uleb128 0xc
 687 0246 01       		.byte	0x1
 688 0247 B6000000 		.4byte	.LASF26
 689 024b 01       		.byte	0x1
 690 024c 90       		.byte	0x90
 691 024d 01       		.byte	0x1
 692 024e 00000000 		.4byte	.LFB11
 693 0252 3A000000 		.4byte	.LFE11
 694 0256 B0000000 		.4byte	.LLST4
 695 025a 88020000 		.4byte	0x288
 696 025e 0D       		.uleb128 0xd
 697 025f 6D7000   		.ascii	"mp\000"
 698 0262 01       		.byte	0x1
 699 0263 90       		.byte	0x90
 700 0264 5C010000 		.4byte	0x15c
 701 0268 02       		.byte	0x2
 702 0269 91       		.byte	0x91
 703 026a 6C       		.sleb128 -20
 704 026b 0E       		.uleb128 0xe
 705 026c 07010000 		.4byte	.LASF25
 706 0270 01       		.byte	0x1
 707 0271 90       		.byte	0x90
 708 0272 90000000 		.4byte	0x90
 709 0276 02       		.byte	0x2
 710 0277 91       		.byte	0x91
 711 0278 68       		.sleb128 -24
 712 0279 12       		.uleb128 0x12
 713 027a 70687000 		.ascii	"php\000"
 714 027e 01       		.byte	0x1
 715 027f 91       		.byte	0x91
 716 0280 CE000000 		.4byte	0xce
 717 0284 02       		.byte	0x2
 718 0285 91       		.byte	0x91
 719 0286 74       		.sleb128 -12
 720 0287 00       		.byte	0
 721 0288 14       		.uleb128 0x14
 722 0289 01       		.byte	0x1
ARM GAS  /tmp/ccQSzluv.s 			page 14


 723 028a F1000000 		.4byte	.LASF31
 724 028e 01       		.byte	0x1
 725 028f A6       		.byte	0xa6
 726 0290 01       		.byte	0x1
 727 0291 00000000 		.4byte	.LFB12
 728 0295 2C000000 		.4byte	.LFE12
 729 0299 DC000000 		.4byte	.LLST5
 730 029d 0D       		.uleb128 0xd
 731 029e 6D7000   		.ascii	"mp\000"
 732 02a1 01       		.byte	0x1
 733 02a2 A6       		.byte	0xa6
 734 02a3 5C010000 		.4byte	0x15c
 735 02a7 02       		.byte	0x2
 736 02a8 91       		.byte	0x91
 737 02a9 74       		.sleb128 -12
 738 02aa 0E       		.uleb128 0xe
 739 02ab 07010000 		.4byte	.LASF25
 740 02af 01       		.byte	0x1
 741 02b0 A6       		.byte	0xa6
 742 02b1 90000000 		.4byte	0x90
 743 02b5 02       		.byte	0x2
 744 02b6 91       		.byte	0x91
 745 02b7 70       		.sleb128 -16
 746 02b8 11       		.uleb128 0x11
 747 02b9 08000000 		.4byte	.LBB4
 748 02bd 10000000 		.4byte	.LBE4
 749 02c1 D3020000 		.4byte	0x2d3
 750 02c5 12       		.uleb128 0x12
 751 02c6 746D7000 		.ascii	"tmp\000"
 752 02ca 01       		.byte	0x1
 753 02cb A8       		.byte	0xa8
 754 02cc 70000000 		.4byte	0x70
 755 02d0 01       		.byte	0x1
 756 02d1 53       		.byte	0x53
 757 02d2 00       		.byte	0
 758 02d3 13       		.uleb128 0x13
 759 02d4 20000000 		.4byte	.LBB5
 760 02d8 28000000 		.4byte	.LBE5
 761 02dc 12       		.uleb128 0x12
 762 02dd 746D7000 		.ascii	"tmp\000"
 763 02e1 01       		.byte	0x1
 764 02e2 AA       		.byte	0xaa
 765 02e3 70000000 		.4byte	0x70
 766 02e7 01       		.byte	0x1
 767 02e8 53       		.byte	0x53
 768 02e9 00       		.byte	0
 769 02ea 00       		.byte	0
 770 02eb 00       		.byte	0
 771              		.section	.debug_abbrev,"",%progbits
 772              	.Ldebug_abbrev0:
 773 0000 01       		.uleb128 0x1
 774 0001 11       		.uleb128 0x11
 775 0002 01       		.byte	0x1
 776 0003 25       		.uleb128 0x25
 777 0004 0E       		.uleb128 0xe
 778 0005 13       		.uleb128 0x13
 779 0006 0B       		.uleb128 0xb
ARM GAS  /tmp/ccQSzluv.s 			page 15


 780 0007 03       		.uleb128 0x3
 781 0008 0E       		.uleb128 0xe
 782 0009 1B       		.uleb128 0x1b
 783 000a 0E       		.uleb128 0xe
 784 000b 11       		.uleb128 0x11
 785 000c 01       		.uleb128 0x1
 786 000d 52       		.uleb128 0x52
 787 000e 01       		.uleb128 0x1
 788 000f 55       		.uleb128 0x55
 789 0010 06       		.uleb128 0x6
 790 0011 10       		.uleb128 0x10
 791 0012 06       		.uleb128 0x6
 792 0013 00       		.byte	0
 793 0014 00       		.byte	0
 794 0015 02       		.uleb128 0x2
 795 0016 24       		.uleb128 0x24
 796 0017 00       		.byte	0
 797 0018 0B       		.uleb128 0xb
 798 0019 0B       		.uleb128 0xb
 799 001a 3E       		.uleb128 0x3e
 800 001b 0B       		.uleb128 0xb
 801 001c 03       		.uleb128 0x3
 802 001d 08       		.uleb128 0x8
 803 001e 00       		.byte	0
 804 001f 00       		.byte	0
 805 0020 03       		.uleb128 0x3
 806 0021 16       		.uleb128 0x16
 807 0022 00       		.byte	0
 808 0023 03       		.uleb128 0x3
 809 0024 0E       		.uleb128 0xe
 810 0025 3A       		.uleb128 0x3a
 811 0026 0B       		.uleb128 0xb
 812 0027 3B       		.uleb128 0x3b
 813 0028 0B       		.uleb128 0xb
 814 0029 49       		.uleb128 0x49
 815 002a 13       		.uleb128 0x13
 816 002b 00       		.byte	0
 817 002c 00       		.byte	0
 818 002d 04       		.uleb128 0x4
 819 002e 24       		.uleb128 0x24
 820 002f 00       		.byte	0
 821 0030 0B       		.uleb128 0xb
 822 0031 0B       		.uleb128 0xb
 823 0032 3E       		.uleb128 0x3e
 824 0033 0B       		.uleb128 0xb
 825 0034 03       		.uleb128 0x3
 826 0035 0E       		.uleb128 0xe
 827 0036 00       		.byte	0
 828 0037 00       		.byte	0
 829 0038 05       		.uleb128 0x5
 830 0039 0F       		.uleb128 0xf
 831 003a 00       		.byte	0
 832 003b 0B       		.uleb128 0xb
 833 003c 0B       		.uleb128 0xb
 834 003d 00       		.byte	0
 835 003e 00       		.byte	0
 836 003f 06       		.uleb128 0x6
ARM GAS  /tmp/ccQSzluv.s 			page 16


 837 0040 0F       		.uleb128 0xf
 838 0041 00       		.byte	0
 839 0042 0B       		.uleb128 0xb
 840 0043 0B       		.uleb128 0xb
 841 0044 49       		.uleb128 0x49
 842 0045 13       		.uleb128 0x13
 843 0046 00       		.byte	0
 844 0047 00       		.byte	0
 845 0048 07       		.uleb128 0x7
 846 0049 15       		.uleb128 0x15
 847 004a 01       		.byte	0x1
 848 004b 27       		.uleb128 0x27
 849 004c 0C       		.uleb128 0xc
 850 004d 49       		.uleb128 0x49
 851 004e 13       		.uleb128 0x13
 852 004f 01       		.uleb128 0x1
 853 0050 13       		.uleb128 0x13
 854 0051 00       		.byte	0
 855 0052 00       		.byte	0
 856 0053 08       		.uleb128 0x8
 857 0054 05       		.uleb128 0x5
 858 0055 00       		.byte	0
 859 0056 49       		.uleb128 0x49
 860 0057 13       		.uleb128 0x13
 861 0058 00       		.byte	0
 862 0059 00       		.byte	0
 863 005a 09       		.uleb128 0x9
 864 005b 13       		.uleb128 0x13
 865 005c 01       		.byte	0x1
 866 005d 03       		.uleb128 0x3
 867 005e 0E       		.uleb128 0xe
 868 005f 0B       		.uleb128 0xb
 869 0060 0B       		.uleb128 0xb
 870 0061 3A       		.uleb128 0x3a
 871 0062 0B       		.uleb128 0xb
 872 0063 3B       		.uleb128 0x3b
 873 0064 0B       		.uleb128 0xb
 874 0065 01       		.uleb128 0x1
 875 0066 13       		.uleb128 0x13
 876 0067 00       		.byte	0
 877 0068 00       		.byte	0
 878 0069 0A       		.uleb128 0xa
 879 006a 0D       		.uleb128 0xd
 880 006b 00       		.byte	0
 881 006c 03       		.uleb128 0x3
 882 006d 0E       		.uleb128 0xe
 883 006e 3A       		.uleb128 0x3a
 884 006f 0B       		.uleb128 0xb
 885 0070 3B       		.uleb128 0x3b
 886 0071 0B       		.uleb128 0xb
 887 0072 49       		.uleb128 0x49
 888 0073 13       		.uleb128 0x13
 889 0074 38       		.uleb128 0x38
 890 0075 0A       		.uleb128 0xa
 891 0076 00       		.byte	0
 892 0077 00       		.byte	0
 893 0078 0B       		.uleb128 0xb
ARM GAS  /tmp/ccQSzluv.s 			page 17


 894 0079 13       		.uleb128 0x13
 895 007a 01       		.byte	0x1
 896 007b 0B       		.uleb128 0xb
 897 007c 0B       		.uleb128 0xb
 898 007d 3A       		.uleb128 0x3a
 899 007e 0B       		.uleb128 0xb
 900 007f 3B       		.uleb128 0x3b
 901 0080 0B       		.uleb128 0xb
 902 0081 01       		.uleb128 0x1
 903 0082 13       		.uleb128 0x13
 904 0083 00       		.byte	0
 905 0084 00       		.byte	0
 906 0085 0C       		.uleb128 0xc
 907 0086 2E       		.uleb128 0x2e
 908 0087 01       		.byte	0x1
 909 0088 3F       		.uleb128 0x3f
 910 0089 0C       		.uleb128 0xc
 911 008a 03       		.uleb128 0x3
 912 008b 0E       		.uleb128 0xe
 913 008c 3A       		.uleb128 0x3a
 914 008d 0B       		.uleb128 0xb
 915 008e 3B       		.uleb128 0x3b
 916 008f 0B       		.uleb128 0xb
 917 0090 27       		.uleb128 0x27
 918 0091 0C       		.uleb128 0xc
 919 0092 11       		.uleb128 0x11
 920 0093 01       		.uleb128 0x1
 921 0094 12       		.uleb128 0x12
 922 0095 01       		.uleb128 0x1
 923 0096 40       		.uleb128 0x40
 924 0097 06       		.uleb128 0x6
 925 0098 01       		.uleb128 0x1
 926 0099 13       		.uleb128 0x13
 927 009a 00       		.byte	0
 928 009b 00       		.byte	0
 929 009c 0D       		.uleb128 0xd
 930 009d 05       		.uleb128 0x5
 931 009e 00       		.byte	0
 932 009f 03       		.uleb128 0x3
 933 00a0 08       		.uleb128 0x8
 934 00a1 3A       		.uleb128 0x3a
 935 00a2 0B       		.uleb128 0xb
 936 00a3 3B       		.uleb128 0x3b
 937 00a4 0B       		.uleb128 0xb
 938 00a5 49       		.uleb128 0x49
 939 00a6 13       		.uleb128 0x13
 940 00a7 02       		.uleb128 0x2
 941 00a8 0A       		.uleb128 0xa
 942 00a9 00       		.byte	0
 943 00aa 00       		.byte	0
 944 00ab 0E       		.uleb128 0xe
 945 00ac 05       		.uleb128 0x5
 946 00ad 00       		.byte	0
 947 00ae 03       		.uleb128 0x3
 948 00af 0E       		.uleb128 0xe
 949 00b0 3A       		.uleb128 0x3a
 950 00b1 0B       		.uleb128 0xb
ARM GAS  /tmp/ccQSzluv.s 			page 18


 951 00b2 3B       		.uleb128 0x3b
 952 00b3 0B       		.uleb128 0xb
 953 00b4 49       		.uleb128 0x49
 954 00b5 13       		.uleb128 0x13
 955 00b6 02       		.uleb128 0x2
 956 00b7 0A       		.uleb128 0xa
 957 00b8 00       		.byte	0
 958 00b9 00       		.byte	0
 959 00ba 0F       		.uleb128 0xf
 960 00bb 2E       		.uleb128 0x2e
 961 00bc 01       		.byte	0x1
 962 00bd 3F       		.uleb128 0x3f
 963 00be 0C       		.uleb128 0xc
 964 00bf 03       		.uleb128 0x3
 965 00c0 0E       		.uleb128 0xe
 966 00c1 3A       		.uleb128 0x3a
 967 00c2 0B       		.uleb128 0xb
 968 00c3 3B       		.uleb128 0x3b
 969 00c4 0B       		.uleb128 0xb
 970 00c5 27       		.uleb128 0x27
 971 00c6 0C       		.uleb128 0xc
 972 00c7 49       		.uleb128 0x49
 973 00c8 13       		.uleb128 0x13
 974 00c9 11       		.uleb128 0x11
 975 00ca 01       		.uleb128 0x1
 976 00cb 12       		.uleb128 0x12
 977 00cc 01       		.uleb128 0x1
 978 00cd 40       		.uleb128 0x40
 979 00ce 06       		.uleb128 0x6
 980 00cf 01       		.uleb128 0x1
 981 00d0 13       		.uleb128 0x13
 982 00d1 00       		.byte	0
 983 00d2 00       		.byte	0
 984 00d3 10       		.uleb128 0x10
 985 00d4 34       		.uleb128 0x34
 986 00d5 00       		.byte	0
 987 00d6 03       		.uleb128 0x3
 988 00d7 0E       		.uleb128 0xe
 989 00d8 3A       		.uleb128 0x3a
 990 00d9 0B       		.uleb128 0xb
 991 00da 3B       		.uleb128 0x3b
 992 00db 0B       		.uleb128 0xb
 993 00dc 49       		.uleb128 0x49
 994 00dd 13       		.uleb128 0x13
 995 00de 02       		.uleb128 0x2
 996 00df 0A       		.uleb128 0xa
 997 00e0 00       		.byte	0
 998 00e1 00       		.byte	0
 999 00e2 11       		.uleb128 0x11
 1000 00e3 0B       		.uleb128 0xb
 1001 00e4 01       		.byte	0x1
 1002 00e5 11       		.uleb128 0x11
 1003 00e6 01       		.uleb128 0x1
 1004 00e7 12       		.uleb128 0x12
 1005 00e8 01       		.uleb128 0x1
 1006 00e9 01       		.uleb128 0x1
 1007 00ea 13       		.uleb128 0x13
ARM GAS  /tmp/ccQSzluv.s 			page 19


 1008 00eb 00       		.byte	0
 1009 00ec 00       		.byte	0
 1010 00ed 12       		.uleb128 0x12
 1011 00ee 34       		.uleb128 0x34
 1012 00ef 00       		.byte	0
 1013 00f0 03       		.uleb128 0x3
 1014 00f1 08       		.uleb128 0x8
 1015 00f2 3A       		.uleb128 0x3a
 1016 00f3 0B       		.uleb128 0xb
 1017 00f4 3B       		.uleb128 0x3b
 1018 00f5 0B       		.uleb128 0xb
 1019 00f6 49       		.uleb128 0x49
 1020 00f7 13       		.uleb128 0x13
 1021 00f8 02       		.uleb128 0x2
 1022 00f9 0A       		.uleb128 0xa
 1023 00fa 00       		.byte	0
 1024 00fb 00       		.byte	0
 1025 00fc 13       		.uleb128 0x13
 1026 00fd 0B       		.uleb128 0xb
 1027 00fe 01       		.byte	0x1
 1028 00ff 11       		.uleb128 0x11
 1029 0100 01       		.uleb128 0x1
 1030 0101 12       		.uleb128 0x12
 1031 0102 01       		.uleb128 0x1
 1032 0103 00       		.byte	0
 1033 0104 00       		.byte	0
 1034 0105 14       		.uleb128 0x14
 1035 0106 2E       		.uleb128 0x2e
 1036 0107 01       		.byte	0x1
 1037 0108 3F       		.uleb128 0x3f
 1038 0109 0C       		.uleb128 0xc
 1039 010a 03       		.uleb128 0x3
 1040 010b 0E       		.uleb128 0xe
 1041 010c 3A       		.uleb128 0x3a
 1042 010d 0B       		.uleb128 0xb
 1043 010e 3B       		.uleb128 0x3b
 1044 010f 0B       		.uleb128 0xb
 1045 0110 27       		.uleb128 0x27
 1046 0111 0C       		.uleb128 0xc
 1047 0112 11       		.uleb128 0x11
 1048 0113 01       		.uleb128 0x1
 1049 0114 12       		.uleb128 0x12
 1050 0115 01       		.uleb128 0x1
 1051 0116 40       		.uleb128 0x40
 1052 0117 06       		.uleb128 0x6
 1053 0118 00       		.byte	0
 1054 0119 00       		.byte	0
 1055 011a 00       		.byte	0
 1056              		.section	.debug_loc,"",%progbits
 1057              	.Ldebug_loc0:
 1058              	.LLST0:
 1059 0000 00000000 		.4byte	.LFB7
 1060 0004 02000000 		.4byte	.LCFI0
 1061 0008 0200     		.2byte	0x2
 1062 000a 7D       		.byte	0x7d
 1063 000b 00       		.sleb128 0
 1064 000c 02000000 		.4byte	.LCFI0
ARM GAS  /tmp/ccQSzluv.s 			page 20


 1065 0010 04000000 		.4byte	.LCFI1
 1066 0014 0200     		.2byte	0x2
 1067 0016 7D       		.byte	0x7d
 1068 0017 04       		.sleb128 4
 1069 0018 04000000 		.4byte	.LCFI1
 1070 001c 3A000000 		.4byte	.LFE7
 1071 0020 0200     		.2byte	0x2
 1072 0022 7D       		.byte	0x7d
 1073 0023 18       		.sleb128 24
 1074 0024 00000000 		.4byte	0
 1075 0028 00000000 		.4byte	0
 1076              	.LLST1:
 1077 002c 00000000 		.4byte	.LFB8
 1078 0030 02000000 		.4byte	.LCFI2
 1079 0034 0200     		.2byte	0x2
 1080 0036 7D       		.byte	0x7d
 1081 0037 00       		.sleb128 0
 1082 0038 02000000 		.4byte	.LCFI2
 1083 003c 04000000 		.4byte	.LCFI3
 1084 0040 0200     		.2byte	0x2
 1085 0042 7D       		.byte	0x7d
 1086 0043 04       		.sleb128 4
 1087 0044 04000000 		.4byte	.LCFI3
 1088 0048 48000000 		.4byte	.LFE8
 1089 004c 0200     		.2byte	0x2
 1090 004e 7D       		.byte	0x7d
 1091 004f 18       		.sleb128 24
 1092 0050 00000000 		.4byte	0
 1093 0054 00000000 		.4byte	0
 1094              	.LLST2:
 1095 0058 00000000 		.4byte	.LFB9
 1096 005c 02000000 		.4byte	.LCFI4
 1097 0060 0200     		.2byte	0x2
 1098 0062 7D       		.byte	0x7d
 1099 0063 00       		.sleb128 0
 1100 0064 02000000 		.4byte	.LCFI4
 1101 0068 04000000 		.4byte	.LCFI5
 1102 006c 0200     		.2byte	0x2
 1103 006e 7D       		.byte	0x7d
 1104 006f 04       		.sleb128 4
 1105 0070 04000000 		.4byte	.LCFI5
 1106 0074 54000000 		.4byte	.LFE9
 1107 0078 0200     		.2byte	0x2
 1108 007a 7D       		.byte	0x7d
 1109 007b 18       		.sleb128 24
 1110 007c 00000000 		.4byte	0
 1111 0080 00000000 		.4byte	0
 1112              	.LLST3:
 1113 0084 00000000 		.4byte	.LFB10
 1114 0088 02000000 		.4byte	.LCFI6
 1115 008c 0200     		.2byte	0x2
 1116 008e 7D       		.byte	0x7d
 1117 008f 00       		.sleb128 0
 1118 0090 02000000 		.4byte	.LCFI6
 1119 0094 04000000 		.4byte	.LCFI7
 1120 0098 0200     		.2byte	0x2
 1121 009a 7D       		.byte	0x7d
ARM GAS  /tmp/ccQSzluv.s 			page 21


 1122 009b 04       		.sleb128 4
 1123 009c 04000000 		.4byte	.LCFI7
 1124 00a0 30000000 		.4byte	.LFE10
 1125 00a4 0200     		.2byte	0x2
 1126 00a6 7D       		.byte	0x7d
 1127 00a7 18       		.sleb128 24
 1128 00a8 00000000 		.4byte	0
 1129 00ac 00000000 		.4byte	0
 1130              	.LLST4:
 1131 00b0 00000000 		.4byte	.LFB11
 1132 00b4 02000000 		.4byte	.LCFI8
 1133 00b8 0200     		.2byte	0x2
 1134 00ba 7D       		.byte	0x7d
 1135 00bb 00       		.sleb128 0
 1136 00bc 02000000 		.4byte	.LCFI8
 1137 00c0 04000000 		.4byte	.LCFI9
 1138 00c4 0200     		.2byte	0x2
 1139 00c6 7D       		.byte	0x7d
 1140 00c7 04       		.sleb128 4
 1141 00c8 04000000 		.4byte	.LCFI9
 1142 00cc 3A000000 		.4byte	.LFE11
 1143 00d0 0200     		.2byte	0x2
 1144 00d2 7D       		.byte	0x7d
 1145 00d3 18       		.sleb128 24
 1146 00d4 00000000 		.4byte	0
 1147 00d8 00000000 		.4byte	0
 1148              	.LLST5:
 1149 00dc 00000000 		.4byte	.LFB12
 1150 00e0 02000000 		.4byte	.LCFI10
 1151 00e4 0200     		.2byte	0x2
 1152 00e6 7D       		.byte	0x7d
 1153 00e7 00       		.sleb128 0
 1154 00e8 02000000 		.4byte	.LCFI10
 1155 00ec 04000000 		.4byte	.LCFI11
 1156 00f0 0200     		.2byte	0x2
 1157 00f2 7D       		.byte	0x7d
 1158 00f3 04       		.sleb128 4
 1159 00f4 04000000 		.4byte	.LCFI11
 1160 00f8 2C000000 		.4byte	.LFE12
 1161 00fc 0200     		.2byte	0x2
 1162 00fe 7D       		.byte	0x7d
 1163 00ff 10       		.sleb128 16
 1164 0100 00000000 		.4byte	0
 1165 0104 00000000 		.4byte	0
 1166              		.section	.debug_aranges,"",%progbits
 1167 0000 44000000 		.4byte	0x44
 1168 0004 0200     		.2byte	0x2
 1169 0006 00000000 		.4byte	.Ldebug_info0
 1170 000a 04       		.byte	0x4
 1171 000b 00       		.byte	0
 1172 000c 0000     		.2byte	0
 1173 000e 0000     		.2byte	0
 1174 0010 00000000 		.4byte	.LFB7
 1175 0014 3A000000 		.4byte	.LFE7-.LFB7
 1176 0018 00000000 		.4byte	.LFB8
 1177 001c 48000000 		.4byte	.LFE8-.LFB8
 1178 0020 00000000 		.4byte	.LFB9
ARM GAS  /tmp/ccQSzluv.s 			page 22


 1179 0024 54000000 		.4byte	.LFE9-.LFB9
 1180 0028 00000000 		.4byte	.LFB10
 1181 002c 30000000 		.4byte	.LFE10-.LFB10
 1182 0030 00000000 		.4byte	.LFB11
 1183 0034 3A000000 		.4byte	.LFE11-.LFB11
 1184 0038 00000000 		.4byte	.LFB12
 1185 003c 2C000000 		.4byte	.LFE12-.LFB12
 1186 0040 00000000 		.4byte	0
 1187 0044 00000000 		.4byte	0
 1188              		.section	.debug_ranges,"",%progbits
 1189              	.Ldebug_ranges0:
 1190 0000 00000000 		.4byte	.LFB7
 1191 0004 3A000000 		.4byte	.LFE7
 1192 0008 00000000 		.4byte	.LFB8
 1193 000c 48000000 		.4byte	.LFE8
 1194 0010 00000000 		.4byte	.LFB9
 1195 0014 54000000 		.4byte	.LFE9
 1196 0018 00000000 		.4byte	.LFB10
 1197 001c 30000000 		.4byte	.LFE10
 1198 0020 00000000 		.4byte	.LFB11
 1199 0024 3A000000 		.4byte	.LFE11
 1200 0028 00000000 		.4byte	.LFB12
 1201 002c 2C000000 		.4byte	.LFE12
 1202 0030 00000000 		.4byte	0
 1203 0034 00000000 		.4byte	0
 1204              		.section	.debug_line,"",%progbits
 1205              	.Ldebug_line0:
 1206 0000 31020000 		.section	.debug_str,"MS",%progbits,1
 1206      02007601 
 1206      00000201 
 1206      FB0E0D00 
 1206      01010101 
 1207              	.LASF2:
 1208 0000 73697A65 		.ascii	"size_t\000"
 1208      5F7400
 1209              	.LASF15:
 1210 0007 6D705F6F 		.ascii	"mp_object_size\000"
 1210      626A6563 
 1210      745F7369 
 1210      7A6500
 1211              	.LASF0:
 1212 0016 756E7369 		.ascii	"unsigned int\000"
 1212      676E6564 
 1212      20696E74 
 1212      00
 1213              	.LASF22:
 1214 0023 6368506F 		.ascii	"chPoolLoadArray\000"
 1214      6F6C4C6F 
 1214      61644172 
 1214      72617900 
 1215              	.LASF30:
 1216 0033 706F6F6C 		.ascii	"pool_header\000"
 1216      5F686561 
 1216      64657200 
 1217              	.LASF27:
 1218 003f 474E5520 		.ascii	"GNU C 4.6.2 20120613 (release) [ARM/embedded-4_6-br"
 1218      4320342E 
ARM GAS  /tmp/ccQSzluv.s 			page 23


 1218      362E3220 
 1218      32303132 
 1218      30363133 
 1219 0072 616E6368 		.ascii	"anch revision 188521]\000"
 1219      20726576 
 1219      6973696F 
 1219      6E203138 
 1219      38353231 
 1220              	.LASF9:
 1221 0088 6C6F6E67 		.ascii	"long unsigned int\000"
 1221      20756E73 
 1221      69676E65 
 1221      6420696E 
 1221      7400
 1222              	.LASF6:
 1223 009a 73686F72 		.ascii	"short unsigned int\000"
 1223      7420756E 
 1223      7369676E 
 1223      65642069 
 1223      6E7400
 1224              	.LASF20:
 1225 00ad 70726F76 		.ascii	"provider\000"
 1225      69646572 
 1225      00
 1226              	.LASF26:
 1227 00b6 6368506F 		.ascii	"chPoolFreeI\000"
 1227      6F6C4672 
 1227      65654900 
 1228              	.LASF28:
 1229 00c2 2E2E2F2E 		.ascii	"../../os/kernel/src/chmempools.c\000"
 1229      2E2F6F73 
 1229      2F6B6572 
 1229      6E656C2F 
 1229      7372632F 
 1230              	.LASF4:
 1231 00e3 756E7369 		.ascii	"unsigned char\000"
 1231      676E6564 
 1231      20636861 
 1231      7200
 1232              	.LASF31:
 1233 00f1 6368506F 		.ascii	"chPoolFree\000"
 1233      6F6C4672 
 1233      656500
 1234              	.LASF17:
 1235 00fc 4D656D6F 		.ascii	"MemoryPool\000"
 1235      7279506F 
 1235      6F6C00
 1236              	.LASF25:
 1237 0107 6F626A70 		.ascii	"objp\000"
 1237      00
 1238              	.LASF23:
 1239 010c 6368506F 		.ascii	"chPoolAllocI\000"
 1239      6F6C416C 
 1239      6C6F6349 
 1239      00
 1240              	.LASF29:
 1241 0119 2F686F6D 		.ascii	"/home/texzk/ChibiStudio/chibios/demos/ARMCM3-STM32F"
ARM GAS  /tmp/ccQSzluv.s 			page 24


 1241      652F7465 
 1241      787A6B2F 
 1241      43686962 
 1241      69537475 
 1242 014c 3230372D 		.ascii	"207-STM3220G-LWIP\000"
 1242      53544D33 
 1242      32323047 
 1242      2D4C5749 
 1242      5000
 1243              	.LASF11:
 1244 015e 6C6F6E67 		.ascii	"long long unsigned int\000"
 1244      206C6F6E 
 1244      6720756E 
 1244      7369676E 
 1244      65642069 
 1245              	.LASF3:
 1246 0175 75696E74 		.ascii	"uint8_t\000"
 1246      385F7400 
 1247              	.LASF13:
 1248 017d 70685F6E 		.ascii	"ph_next\000"
 1248      65787400 
 1249              	.LASF10:
 1250 0185 6C6F6E67 		.ascii	"long long int\000"
 1250      206C6F6E 
 1250      6720696E 
 1250      7400
 1251              	.LASF18:
 1252 0193 63686172 		.ascii	"char\000"
 1252      00
 1253              	.LASF12:
 1254 0198 6D656D67 		.ascii	"memgetfunc_t\000"
 1254      65746675 
 1254      6E635F74 
 1254      00
 1255              	.LASF16:
 1256 01a5 6D705F70 		.ascii	"mp_provider\000"
 1256      726F7669 
 1256      64657200 
 1257              	.LASF5:
 1258 01b1 73686F72 		.ascii	"short int\000"
 1258      7420696E 
 1258      7400
 1259              	.LASF24:
 1260 01bb 6368506F 		.ascii	"chPoolAlloc\000"
 1260      6F6C416C 
 1260      6C6F6300 
 1261              	.LASF8:
 1262 01c7 75696E74 		.ascii	"uint32_t\000"
 1262      33325F74 
 1262      00
 1263              	.LASF7:
 1264 01d0 6C6F6E67 		.ascii	"long int\000"
 1264      20696E74 
 1264      00
 1265              	.LASF1:
 1266 01d9 7369676E 		.ascii	"signed char\000"
 1266      65642063 
ARM GAS  /tmp/ccQSzluv.s 			page 25


 1266      68617200 
 1267              	.LASF14:
 1268 01e5 6D705F6E 		.ascii	"mp_next\000"
 1268      65787400 
 1269              	.LASF19:
 1270 01ed 73697A65 		.ascii	"size\000"
 1270      00
 1271              	.LASF21:
 1272 01f2 6368506F 		.ascii	"chPoolInit\000"
 1272      6F6C496E 
 1272      697400
 1273              		.ident	"GCC: (GNU Tools for ARM Embedded Processors) 4.6.2 20120613 (release) [ARM/embedded-4_6-br
ARM GAS  /tmp/ccQSzluv.s 			page 26


DEFINED SYMBOLS
                            *ABS*:00000000 chmempools.c
     /tmp/ccQSzluv.s:19     .rodata:00000000 $d
     /tmp/ccQSzluv.s:20     .rodata:00000000 .LC0
     /tmp/ccQSzluv.s:23     .text.chPoolInit:00000000 $t
     /tmp/ccQSzluv.s:29     .text.chPoolInit:00000000 chPoolInit
     /tmp/ccQSzluv.s:80     .rodata:00000010 .LC1
     /tmp/ccQSzluv.s:83     .text.chPoolLoadArray:00000000 $t
     /tmp/ccQSzluv.s:89     .text.chPoolLoadArray:00000000 chPoolLoadArray
     /tmp/ccQSzluv.s:341    .text.chPoolFree:00000000 chPoolFree
     /tmp/ccQSzluv.s:148    .rodata:00000024 .LC2
     /tmp/ccQSzluv.s:151    .text.chPoolAllocI:00000000 $t
     /tmp/ccQSzluv.s:157    .text.chPoolAllocI:00000000 chPoolAllocI
     /tmp/ccQSzluv.s:222    .text.chPoolAlloc:00000000 $t
     /tmp/ccQSzluv.s:228    .text.chPoolAlloc:00000000 chPoolAlloc
     /tmp/ccQSzluv.s:276    .rodata:00000038 .LC3
     /tmp/ccQSzluv.s:279    .text.chPoolFreeI:00000000 $t
     /tmp/ccQSzluv.s:285    .text.chPoolFreeI:00000000 chPoolFreeI
     /tmp/ccQSzluv.s:335    .text.chPoolFree:00000000 $t
                     .debug_frame:00000010 $d

UNDEFINED SYMBOLS
chDbgPanic
chDbgCheckClassI
dbg_check_lock
dbg_check_unlock
