ARM GAS  /tmp/ccZGnilt.s 			page 1


   1              		.syntax unified
   2              		.cpu cortex-m3
   3              		.fpu softvfp
   4              		.eabi_attribute 20, 1
   5              		.eabi_attribute 21, 1
   6              		.eabi_attribute 23, 3
   7              		.eabi_attribute 24, 1
   8              		.eabi_attribute 25, 1
   9              		.eabi_attribute 26, 1
  10              		.eabi_attribute 30, 6
  11              		.eabi_attribute 34, 1
  12              		.eabi_attribute 18, 4
  13              		.thumb
  14              		.file	"chvt.c"
  15              		.text
  16              	.Ltext0:
  17              		.cfi_sections	.debug_frame
  18              		.global	vtlist
  19              		.section	.bss.vtlist,"aw",%nobits
  20              		.align	2
  21              		.type	vtlist, %object
  22              		.size	vtlist, 16
  23              	vtlist:
  24 0000 00000000 		.space	16
  24      00000000 
  24      00000000 
  24      00000000 
  25              		.section	.text._vt_init,"ax",%progbits
  26              		.align	2
  27              		.p2align 4,,15
  28              		.global	_vt_init
  29              		.thumb
  30              		.thumb_func
  31              		.type	_vt_init, %function
  32              	_vt_init:
  33              	.LFB7:
  34              		.file 1 "../../os/kernel/src/chvt.c"
  35              		.loc 1 43 0
  36              		.cfi_startproc
  37              		@ args = 0, pretend = 0, frame = 0
  38              		@ frame_needed = 0, uses_anonymous_args = 0
  39              		@ link register save eliminated.
  40              		.loc 1 45 0
  41 0000 40F20003 		movw	r3, #:lower16:vtlist
  42 0004 C0F20003 		movt	r3, #:upper16:vtlist
  43 0008 40F20002 		movw	r2, #:lower16:vtlist
  44 000c C0F20002 		movt	r2, #:upper16:vtlist
  45 0010 5A60     		str	r2, [r3, #4]
  46 0012 40F20003 		movw	r3, #:lower16:vtlist
  47 0016 C0F20003 		movt	r3, #:upper16:vtlist
  48 001a 5A68     		ldr	r2, [r3, #4]
  49 001c 40F20003 		movw	r3, #:lower16:vtlist
  50 0020 C0F20003 		movt	r3, #:upper16:vtlist
  51 0024 1A60     		str	r2, [r3, #0]
  52              		.loc 1 46 0
  53 0026 40F20003 		movw	r3, #:lower16:vtlist
  54 002a C0F20003 		movt	r3, #:upper16:vtlist
ARM GAS  /tmp/ccZGnilt.s 			page 2


  55 002e 4FF0FF32 		mov	r2, #-1
  56 0032 9A60     		str	r2, [r3, #8]
  57              		.loc 1 47 0
  58 0034 40F20003 		movw	r3, #:lower16:vtlist
  59 0038 C0F20003 		movt	r3, #:upper16:vtlist
  60 003c 4FF00002 		mov	r2, #0
  61 0040 DA60     		str	r2, [r3, #12]
  62              		.loc 1 48 0
  63 0042 7047     		bx	lr
  64              		.cfi_endproc
  65              	.LFE7:
  66              		.size	_vt_init, .-_vt_init
  67 0044 AFF30080 		.section	.rodata
  67      AFF30080 
  67      AFF30080 
  68              		.align	2
  69              	.LC0:
  70 0000 22636856 		.ascii	"\"chVTSetI\"()\000"
  70      54536574 
  70      49222829 
  70      00
  71              		.section	.text.chVTSetI,"ax",%progbits
  72              		.align	2
  73              		.p2align 4,,15
  74              		.global	chVTSetI
  75              		.thumb
  76              		.thumb_func
  77              		.type	chVTSetI, %function
  78              	chVTSetI:
  79              	.LFB8:
  80              		.loc 1 69 0
  81              		.cfi_startproc
  82              		@ args = 0, pretend = 0, frame = 24
  83              		@ frame_needed = 0, uses_anonymous_args = 0
  84 0000 00B5     		push	{lr}
  85              	.LCFI0:
  86              		.cfi_def_cfa_offset 4
  87              		.cfi_offset 14, -4
  88 0002 87B0     		sub	sp, sp, #28
  89              	.LCFI1:
  90              		.cfi_def_cfa_offset 32
  91 0004 0390     		str	r0, [sp, #12]
  92 0006 0291     		str	r1, [sp, #8]
  93 0008 0192     		str	r2, [sp, #4]
  94 000a 0093     		str	r3, [sp, #0]
  95              		.loc 1 72 0
  96 000c FFF7FEFF 		bl	chDbgCheckClassI
  97              		.loc 1 73 0
  98 0010 039B     		ldr	r3, [sp, #12]
  99 0012 002B     		cmp	r3, #0
 100 0014 05D0     		beq	.L3
 101              		.loc 1 73 0 is_stmt 0 discriminator 2
 102 0016 019B     		ldr	r3, [sp, #4]
 103 0018 002B     		cmp	r3, #0
 104 001a 02D0     		beq	.L3
 105              		.loc 1 73 0 discriminator 3
 106 001c 029B     		ldr	r3, [sp, #8]
ARM GAS  /tmp/ccZGnilt.s 			page 3


 107 001e 002B     		cmp	r3, #0
 108 0020 05D1     		bne	.L4
 109              	.L3:
 110              		.loc 1 73 0 discriminator 1
 111 0022 40F20000 		movw	r0, #:lower16:.LC0
 112 0026 C0F20000 		movt	r0, #:upper16:.LC0
 113 002a FFF7FEFF 		bl	chDbgPanic
 114              	.L4:
 115              		.loc 1 76 0 is_stmt 1
 116 002e 039B     		ldr	r3, [sp, #12]
 117 0030 009A     		ldr	r2, [sp, #0]
 118 0032 1A61     		str	r2, [r3, #16]
 119              		.loc 1 77 0
 120 0034 039B     		ldr	r3, [sp, #12]
 121 0036 019A     		ldr	r2, [sp, #4]
 122 0038 DA60     		str	r2, [r3, #12]
 123              		.loc 1 78 0
 124 003a 40F20003 		movw	r3, #:lower16:vtlist
 125 003e C0F20003 		movt	r3, #:upper16:vtlist
 126 0042 1B68     		ldr	r3, [r3, #0]
 127 0044 0593     		str	r3, [sp, #20]
 128              		.loc 1 79 0
 129 0046 07E0     		b	.L5
 130              	.L6:
 131              		.loc 1 80 0
 132 0048 059B     		ldr	r3, [sp, #20]
 133 004a 9B68     		ldr	r3, [r3, #8]
 134 004c 029A     		ldr	r2, [sp, #8]
 135 004e D31A     		subs	r3, r2, r3
 136 0050 0293     		str	r3, [sp, #8]
 137              		.loc 1 81 0
 138 0052 059B     		ldr	r3, [sp, #20]
 139 0054 1B68     		ldr	r3, [r3, #0]
 140 0056 0593     		str	r3, [sp, #20]
 141              	.L5:
 142              		.loc 1 79 0 discriminator 1
 143 0058 059B     		ldr	r3, [sp, #20]
 144 005a 9A68     		ldr	r2, [r3, #8]
 145 005c 029B     		ldr	r3, [sp, #8]
 146 005e 9A42     		cmp	r2, r3
 147 0060 F2D3     		bcc	.L6
 148              		.loc 1 84 0
 149 0062 039B     		ldr	r3, [sp, #12]
 150 0064 059A     		ldr	r2, [sp, #20]
 151 0066 1A60     		str	r2, [r3, #0]
 152 0068 039B     		ldr	r3, [sp, #12]
 153 006a 1B68     		ldr	r3, [r3, #0]
 154 006c 5A68     		ldr	r2, [r3, #4]
 155 006e 039B     		ldr	r3, [sp, #12]
 156 0070 5A60     		str	r2, [r3, #4]
 157              		.loc 1 85 0
 158 0072 039B     		ldr	r3, [sp, #12]
 159 0074 5B68     		ldr	r3, [r3, #4]
 160 0076 059A     		ldr	r2, [sp, #20]
 161 0078 0399     		ldr	r1, [sp, #12]
 162 007a 5160     		str	r1, [r2, #4]
 163 007c 059A     		ldr	r2, [sp, #20]
ARM GAS  /tmp/ccZGnilt.s 			page 4


 164 007e 5268     		ldr	r2, [r2, #4]
 165 0080 1A60     		str	r2, [r3, #0]
 166              		.loc 1 86 0
 167 0082 039B     		ldr	r3, [sp, #12]
 168 0084 029A     		ldr	r2, [sp, #8]
 169 0086 9A60     		str	r2, [r3, #8]
 170              		.loc 1 87 0
 171 0088 059A     		ldr	r2, [sp, #20]
 172 008a 40F20003 		movw	r3, #:lower16:vtlist
 173 008e C0F20003 		movt	r3, #:upper16:vtlist
 174 0092 9A42     		cmp	r2, r3
 175 0094 05D0     		beq	.L2
 176              		.loc 1 88 0
 177 0096 059B     		ldr	r3, [sp, #20]
 178 0098 9A68     		ldr	r2, [r3, #8]
 179 009a 029B     		ldr	r3, [sp, #8]
 180 009c D21A     		subs	r2, r2, r3
 181 009e 059B     		ldr	r3, [sp, #20]
 182 00a0 9A60     		str	r2, [r3, #8]
 183              	.L2:
 184              		.loc 1 89 0
 185 00a2 07B0     		add	sp, sp, #28
 186 00a4 00BD     		pop	{pc}
 187              		.cfi_endproc
 188              	.LFE8:
 189              		.size	chVTSetI, .-chVTSetI
 190 00a6 00BFAFF3 		.section	.rodata
 190      0080AFF3 
 190      0080
 191 000d 000000   		.align	2
 192              	.LC1:
 193 0010 22636856 		.ascii	"\"chVTResetI\"()\000"
 193      54526573 
 193      65744922 
 193      282900
 194 001f 00       		.align	2
 195              	.LC2:
 196 0020 63685654 		.ascii	"chVTResetI(), #1\000"
 196      52657365 
 196      74492829 
 196      2C202331 
 196      00
 197 0031 000000   		.section	.text.chVTResetI,"ax",%progbits
 198              		.align	2
 199              		.p2align 4,,15
 200              		.global	chVTResetI
 201              		.thumb
 202              		.thumb_func
 203              		.type	chVTResetI, %function
 204              	chVTResetI:
 205              	.LFB9:
 206              		.loc 1 99 0
 207              		.cfi_startproc
 208              		@ args = 0, pretend = 0, frame = 8
 209              		@ frame_needed = 0, uses_anonymous_args = 0
 210 0000 00B5     		push	{lr}
 211              	.LCFI2:
ARM GAS  /tmp/ccZGnilt.s 			page 5


 212              		.cfi_def_cfa_offset 4
 213              		.cfi_offset 14, -4
 214 0002 83B0     		sub	sp, sp, #12
 215              	.LCFI3:
 216              		.cfi_def_cfa_offset 16
 217 0004 0190     		str	r0, [sp, #4]
 218              		.loc 1 101 0
 219 0006 FFF7FEFF 		bl	chDbgCheckClassI
 220              		.loc 1 102 0
 221 000a 019B     		ldr	r3, [sp, #4]
 222 000c 002B     		cmp	r3, #0
 223 000e 05D1     		bne	.L9
 224              		.loc 1 102 0 is_stmt 0 discriminator 1
 225 0010 40F20000 		movw	r0, #:lower16:.LC1
 226 0014 C0F20000 		movt	r0, #:upper16:.LC1
 227 0018 FFF7FEFF 		bl	chDbgPanic
 228              	.L9:
 229              		.loc 1 103 0 is_stmt 1
 230 001c 019B     		ldr	r3, [sp, #4]
 231 001e DB68     		ldr	r3, [r3, #12]
 232 0020 002B     		cmp	r3, #0
 233 0022 05D1     		bne	.L10
 234              		.loc 1 103 0 is_stmt 0 discriminator 1
 235 0024 40F20000 		movw	r0, #:lower16:.LC2
 236 0028 C0F20000 		movt	r0, #:upper16:.LC2
 237 002c FFF7FEFF 		bl	chDbgPanic
 238              	.L10:
 239              		.loc 1 107 0 is_stmt 1
 240 0030 019B     		ldr	r3, [sp, #4]
 241 0032 1A68     		ldr	r2, [r3, #0]
 242 0034 40F20003 		movw	r3, #:lower16:vtlist
 243 0038 C0F20003 		movt	r3, #:upper16:vtlist
 244 003c 9A42     		cmp	r2, r3
 245 003e 08D0     		beq	.L11
 246              		.loc 1 108 0
 247 0040 019B     		ldr	r3, [sp, #4]
 248 0042 1B68     		ldr	r3, [r3, #0]
 249 0044 019A     		ldr	r2, [sp, #4]
 250 0046 1268     		ldr	r2, [r2, #0]
 251 0048 9168     		ldr	r1, [r2, #8]
 252 004a 019A     		ldr	r2, [sp, #4]
 253 004c 9268     		ldr	r2, [r2, #8]
 254 004e 8A18     		adds	r2, r1, r2
 255 0050 9A60     		str	r2, [r3, #8]
 256              	.L11:
 257              		.loc 1 109 0
 258 0052 019B     		ldr	r3, [sp, #4]
 259 0054 5B68     		ldr	r3, [r3, #4]
 260 0056 019A     		ldr	r2, [sp, #4]
 261 0058 1268     		ldr	r2, [r2, #0]
 262 005a 1A60     		str	r2, [r3, #0]
 263              		.loc 1 110 0
 264 005c 019B     		ldr	r3, [sp, #4]
 265 005e 1B68     		ldr	r3, [r3, #0]
 266 0060 019A     		ldr	r2, [sp, #4]
 267 0062 5268     		ldr	r2, [r2, #4]
 268 0064 5A60     		str	r2, [r3, #4]
ARM GAS  /tmp/ccZGnilt.s 			page 6


 269              		.loc 1 111 0
 270 0066 019B     		ldr	r3, [sp, #4]
 271 0068 4FF00002 		mov	r2, #0
 272 006c DA60     		str	r2, [r3, #12]
 273              		.loc 1 112 0
 274 006e 03B0     		add	sp, sp, #12
 275 0070 00BD     		pop	{pc}
 276              		.cfi_endproc
 277              	.LFE9:
 278              		.size	chVTResetI, .-chVTResetI
 279 0072 00BFAFF3 		.section	.text.chTimeIsWithin,"ax",%progbits
 279      0080AFF3 
 279      0080AFF3 
 279      0080
 280              		.align	2
 281              		.p2align 4,,15
 282              		.global	chTimeIsWithin
 283              		.thumb
 284              		.thumb_func
 285              		.type	chTimeIsWithin, %function
 286              	chTimeIsWithin:
 287              	.LFB10:
 288              		.loc 1 127 0
 289              		.cfi_startproc
 290              		@ args = 0, pretend = 0, frame = 16
 291              		@ frame_needed = 0, uses_anonymous_args = 0
 292              		@ link register save eliminated.
 293 0000 84B0     		sub	sp, sp, #16
 294              	.LCFI4:
 295              		.cfi_def_cfa_offset 16
 296 0002 0190     		str	r0, [sp, #4]
 297 0004 0091     		str	r1, [sp, #0]
 298              		.loc 1 129 0
 299 0006 40F20003 		movw	r3, #:lower16:vtlist
 300 000a C0F20003 		movt	r3, #:upper16:vtlist
 301 000e DB68     		ldr	r3, [r3, #12]
 302 0010 0393     		str	r3, [sp, #12]
 303              		.loc 1 130 0
 304 0012 009A     		ldr	r2, [sp, #0]
 305 0014 019B     		ldr	r3, [sp, #4]
 306 0016 9A42     		cmp	r2, r3
 307 0018 0DD9     		bls	.L13
 308              		.loc 1 130 0 is_stmt 0 discriminator 1
 309 001a 039A     		ldr	r2, [sp, #12]
 310 001c 019B     		ldr	r3, [sp, #4]
 311 001e 9A42     		cmp	r2, r3
 312 0020 06D3     		bcc	.L14
 313              		.loc 1 130 0 discriminator 3
 314 0022 039A     		ldr	r2, [sp, #12]
 315 0024 009B     		ldr	r3, [sp, #0]
 316 0026 9A42     		cmp	r2, r3
 317 0028 02D2     		bcs	.L14
 318              		.loc 1 130 0 discriminator 1
 319 002a 4FF00103 		mov	r3, #1
 320 002e 01E0     		b	.L15
 321              	.L14:
 322              		.loc 1 130 0 discriminator 4
ARM GAS  /tmp/ccZGnilt.s 			page 7


 323 0030 4FF00003 		mov	r3, #0
 324              	.L15:
 325 0034 0CE0     		b	.L16
 326              	.L13:
 327              		.loc 1 130 0 discriminator 2
 328 0036 039A     		ldr	r2, [sp, #12]
 329 0038 019B     		ldr	r3, [sp, #4]
 330 003a 9A42     		cmp	r2, r3
 331 003c 03D2     		bcs	.L17
 332              		.loc 1 131 0 is_stmt 1
 333 003e 039A     		ldr	r2, [sp, #12]
 334 0040 009B     		ldr	r3, [sp, #0]
 335 0042 9A42     		cmp	r2, r3
 336 0044 02D2     		bcs	.L18
 337              	.L17:
 338              		.loc 1 130 0 discriminator 6
 339 0046 4FF00103 		mov	r3, #1
 340 004a 01E0     		b	.L19
 341              	.L18:
 342              		.loc 1 130 0 is_stmt 0
 343 004c 4FF00003 		mov	r3, #0
 344              	.L19:
 345              	.L16:
 346              		.loc 1 132 0 is_stmt 1 discriminator 8
 347 0050 1846     		mov	r0, r3
 348 0052 04B0     		add	sp, sp, #16
 349 0054 7047     		bx	lr
 350              		.cfi_endproc
 351              	.LFE10:
 352              		.size	chTimeIsWithin, .-chTimeIsWithin
 353 0056 00BFAFF3 		.text
 353      0080AFF3 
 353      0080
 354              	.Letext0:
 355              		.file 2 "/home/texzk/ChibiStudio/tools/GNU Tools ARM Embedded/4.6 2012q2/bin/../lib/gcc/arm-none-e
 356              		.file 3 "../../os/ports/GCC/ARMCMx/chtypes.h"
 357              		.file 4 "../../os/kernel/include/chvt.h"
 358              		.section	.debug_info,"",%progbits
 359              	.Ldebug_info0:
 360 0000 74020000 		.4byte	0x274
 361 0004 0200     		.2byte	0x2
 362 0006 00000000 		.4byte	.Ldebug_abbrev0
 363 000a 04       		.byte	0x4
 364 000b 01       		.uleb128 0x1
 365 000c 2D000000 		.4byte	.LASF29
 366 0010 01       		.byte	0x1
 367 0011 4B010000 		.4byte	.LASF30
 368 0015 C8000000 		.4byte	.LASF31
 369 0019 00000000 		.4byte	0
 370 001d 00000000 		.4byte	0
 371 0021 00000000 		.4byte	.Ldebug_ranges0+0
 372 0025 00000000 		.4byte	.Ldebug_line0
 373 0029 02       		.uleb128 0x2
 374 002a 04       		.byte	0x4
 375 002b 05       		.byte	0x5
 376 002c 696E7400 		.ascii	"int\000"
 377 0030 03       		.uleb128 0x3
ARM GAS  /tmp/ccZGnilt.s 			page 8


 378 0031 04       		.byte	0x4
 379 0032 07       		.byte	0x7
 380 0033 19000000 		.4byte	.LASF0
 381 0037 03       		.uleb128 0x3
 382 0038 01       		.byte	0x1
 383 0039 06       		.byte	0x6
 384 003a C2010000 		.4byte	.LASF1
 385 003e 03       		.uleb128 0x3
 386 003f 01       		.byte	0x1
 387 0040 08       		.byte	0x8
 388 0041 B1000000 		.4byte	.LASF2
 389 0045 03       		.uleb128 0x3
 390 0046 02       		.byte	0x2
 391 0047 05       		.byte	0x5
 392 0048 8F010000 		.4byte	.LASF3
 393 004c 03       		.uleb128 0x3
 394 004d 02       		.byte	0x2
 395 004e 07       		.byte	0x7
 396 004f 91000000 		.4byte	.LASF4
 397 0053 04       		.uleb128 0x4
 398 0054 38010000 		.4byte	.LASF6
 399 0058 02       		.byte	0x2
 400 0059 4F       		.byte	0x4f
 401 005a 5E000000 		.4byte	0x5e
 402 005e 03       		.uleb128 0x3
 403 005f 04       		.byte	0x4
 404 0060 05       		.byte	0x5
 405 0061 B9010000 		.4byte	.LASF5
 406 0065 04       		.uleb128 0x4
 407 0066 B0010000 		.4byte	.LASF7
 408 006a 02       		.byte	0x2
 409 006b 50       		.byte	0x50
 410 006c 70000000 		.4byte	0x70
 411 0070 03       		.uleb128 0x3
 412 0071 04       		.byte	0x4
 413 0072 07       		.byte	0x7
 414 0073 7F000000 		.4byte	.LASF8
 415 0077 03       		.uleb128 0x3
 416 0078 08       		.byte	0x8
 417 0079 05       		.byte	0x5
 418 007a 66010000 		.4byte	.LASF9
 419 007e 03       		.uleb128 0x3
 420 007f 08       		.byte	0x8
 421 0080 07       		.byte	0x7
 422 0081 0D010000 		.4byte	.LASF10
 423 0085 04       		.uleb128 0x4
 424 0086 26000000 		.4byte	.LASF11
 425 008a 03       		.byte	0x3
 426 008b 27       		.byte	0x27
 427 008c 53000000 		.4byte	0x53
 428 0090 04       		.uleb128 0x4
 429 0091 09000000 		.4byte	.LASF12
 430 0095 03       		.byte	0x3
 431 0096 30       		.byte	0x30
 432 0097 65000000 		.4byte	0x65
 433 009b 05       		.uleb128 0x5
 434 009c 04       		.byte	0x4
ARM GAS  /tmp/ccZGnilt.s 			page 9


 435 009d 04       		.uleb128 0x4
 436 009e 76000000 		.4byte	.LASF13
 437 00a2 04       		.byte	0x4
 438 00a3 4E       		.byte	0x4e
 439 00a4 A8000000 		.4byte	0xa8
 440 00a8 06       		.uleb128 0x6
 441 00a9 04       		.byte	0x4
 442 00aa AE000000 		.4byte	0xae
 443 00ae 07       		.uleb128 0x7
 444 00af 01       		.byte	0x1
 445 00b0 BA000000 		.4byte	0xba
 446 00b4 08       		.uleb128 0x8
 447 00b5 9B000000 		.4byte	0x9b
 448 00b9 00       		.byte	0
 449 00ba 04       		.uleb128 0x4
 450 00bb A4000000 		.4byte	.LASF14
 451 00bf 04       		.byte	0x4
 452 00c0 53       		.byte	0x53
 453 00c1 C5000000 		.4byte	0xc5
 454 00c5 09       		.uleb128 0x9
 455 00c6 A4000000 		.4byte	.LASF14
 456 00ca 14       		.byte	0x14
 457 00cb 04       		.byte	0x4
 458 00cc 5A       		.byte	0x5a
 459 00cd 18010000 		.4byte	0x118
 460 00d1 0A       		.uleb128 0xa
 461 00d2 D5010000 		.4byte	.LASF15
 462 00d6 04       		.byte	0x4
 463 00d7 5B       		.byte	0x5b
 464 00d8 18010000 		.4byte	0x118
 465 00dc 02       		.byte	0x2
 466 00dd 23       		.byte	0x23
 467 00de 00       		.uleb128 0
 468 00df 0A       		.uleb128 0xa
 469 00e0 A8010000 		.4byte	.LASF16
 470 00e4 04       		.byte	0x4
 471 00e5 5D       		.byte	0x5d
 472 00e6 18010000 		.4byte	0x118
 473 00ea 02       		.byte	0x2
 474 00eb 23       		.byte	0x23
 475 00ec 04       		.uleb128 0x4
 476 00ed 0A       		.uleb128 0xa
 477 00ee 30010000 		.4byte	.LASF17
 478 00f2 04       		.byte	0x4
 479 00f3 5F       		.byte	0x5f
 480 00f4 90000000 		.4byte	0x90
 481 00f8 02       		.byte	0x2
 482 00f9 23       		.byte	0x23
 483 00fa 08       		.uleb128 0x8
 484 00fb 0A       		.uleb128 0xa
 485 00fc 74010000 		.4byte	.LASF18
 486 0100 04       		.byte	0x4
 487 0101 60       		.byte	0x60
 488 0102 9D000000 		.4byte	0x9d
 489 0106 02       		.byte	0x2
 490 0107 23       		.byte	0x23
 491 0108 0C       		.uleb128 0xc
ARM GAS  /tmp/ccZGnilt.s 			page 10


 492 0109 0A       		.uleb128 0xa
 493 010a 88010000 		.4byte	.LASF19
 494 010e 04       		.byte	0x4
 495 010f 62       		.byte	0x62
 496 0110 9B000000 		.4byte	0x9b
 497 0114 02       		.byte	0x2
 498 0115 23       		.byte	0x23
 499 0116 10       		.uleb128 0x10
 500 0117 00       		.byte	0
 501 0118 06       		.uleb128 0x6
 502 0119 04       		.byte	0x4
 503 011a BA000000 		.4byte	0xba
 504 011e 0B       		.uleb128 0xb
 505 011f 10       		.byte	0x10
 506 0120 04       		.byte	0x4
 507 0121 6C       		.byte	0x6c
 508 0122 5F010000 		.4byte	0x15f
 509 0126 0A       		.uleb128 0xa
 510 0127 D5010000 		.4byte	.LASF15
 511 012b 04       		.byte	0x4
 512 012c 6D       		.byte	0x6d
 513 012d 18010000 		.4byte	0x118
 514 0131 02       		.byte	0x2
 515 0132 23       		.byte	0x23
 516 0133 00       		.uleb128 0
 517 0134 0A       		.uleb128 0xa
 518 0135 A8010000 		.4byte	.LASF16
 519 0139 04       		.byte	0x4
 520 013a 6F       		.byte	0x6f
 521 013b 18010000 		.4byte	0x118
 522 013f 02       		.byte	0x2
 523 0140 23       		.byte	0x23
 524 0141 04       		.uleb128 0x4
 525 0142 0A       		.uleb128 0xa
 526 0143 30010000 		.4byte	.LASF17
 527 0147 04       		.byte	0x4
 528 0148 71       		.byte	0x71
 529 0149 90000000 		.4byte	0x90
 530 014d 02       		.byte	0x2
 531 014e 23       		.byte	0x23
 532 014f 08       		.uleb128 0x8
 533 0150 0A       		.uleb128 0xa
 534 0151 40010000 		.4byte	.LASF20
 535 0155 04       		.byte	0x4
 536 0156 72       		.byte	0x72
 537 0157 5F010000 		.4byte	0x15f
 538 015b 02       		.byte	0x2
 539 015c 23       		.byte	0x23
 540 015d 0C       		.uleb128 0xc
 541 015e 00       		.byte	0
 542 015f 0C       		.uleb128 0xc
 543 0160 90000000 		.4byte	0x90
 544 0164 04       		.uleb128 0x4
 545 0165 CE010000 		.4byte	.LASF21
 546 0169 04       		.byte	0x4
 547 016a 73       		.byte	0x73
 548 016b 1E010000 		.4byte	0x11e
ARM GAS  /tmp/ccZGnilt.s 			page 11


 549 016f 03       		.uleb128 0x3
 550 0170 01       		.byte	0x1
 551 0171 08       		.byte	0x8
 552 0172 83010000 		.4byte	.LASF22
 553 0176 0D       		.uleb128 0xd
 554 0177 01       		.byte	0x1
 555 0178 BF000000 		.4byte	.LASF32
 556 017c 01       		.byte	0x1
 557 017d 2B       		.byte	0x2b
 558 017e 01       		.byte	0x1
 559 017f 00000000 		.4byte	.LFB7
 560 0183 44000000 		.4byte	.LFE7
 561 0187 02       		.byte	0x2
 562 0188 7D       		.byte	0x7d
 563 0189 00       		.sleb128 0
 564 018a 0E       		.uleb128 0xe
 565 018b 01       		.byte	0x1
 566 018c 00000000 		.4byte	.LASF25
 567 0190 01       		.byte	0x1
 568 0191 45       		.byte	0x45
 569 0192 01       		.byte	0x1
 570 0193 00000000 		.4byte	.LFB8
 571 0197 A6000000 		.4byte	.LFE8
 572 019b 00000000 		.4byte	.LLST0
 573 019f E8010000 		.4byte	0x1e8
 574 01a3 0F       		.uleb128 0xf
 575 01a4 76747000 		.ascii	"vtp\000"
 576 01a8 01       		.byte	0x1
 577 01a9 45       		.byte	0x45
 578 01aa 18010000 		.4byte	0x118
 579 01ae 02       		.byte	0x2
 580 01af 91       		.byte	0x91
 581 01b0 6C       		.sleb128 -20
 582 01b1 10       		.uleb128 0x10
 583 01b2 2B010000 		.4byte	.LASF23
 584 01b6 01       		.byte	0x1
 585 01b7 45       		.byte	0x45
 586 01b8 90000000 		.4byte	0x90
 587 01bc 02       		.byte	0x2
 588 01bd 91       		.byte	0x91
 589 01be 68       		.sleb128 -24
 590 01bf 10       		.uleb128 0x10
 591 01c0 7C010000 		.4byte	.LASF24
 592 01c4 01       		.byte	0x1
 593 01c5 45       		.byte	0x45
 594 01c6 9D000000 		.4byte	0x9d
 595 01ca 02       		.byte	0x2
 596 01cb 91       		.byte	0x91
 597 01cc 64       		.sleb128 -28
 598 01cd 0F       		.uleb128 0xf
 599 01ce 70617200 		.ascii	"par\000"
 600 01d2 01       		.byte	0x1
 601 01d3 45       		.byte	0x45
 602 01d4 9B000000 		.4byte	0x9b
 603 01d8 02       		.byte	0x2
 604 01d9 91       		.byte	0x91
 605 01da 60       		.sleb128 -32
ARM GAS  /tmp/ccZGnilt.s 			page 12


 606 01db 11       		.uleb128 0x11
 607 01dc 7000     		.ascii	"p\000"
 608 01de 01       		.byte	0x1
 609 01df 46       		.byte	0x46
 610 01e0 18010000 		.4byte	0x118
 611 01e4 02       		.byte	0x2
 612 01e5 91       		.byte	0x91
 613 01e6 74       		.sleb128 -12
 614 01e7 00       		.byte	0
 615 01e8 0E       		.uleb128 0xe
 616 01e9 01       		.byte	0x1
 617 01ea DD010000 		.4byte	.LASF26
 618 01ee 01       		.byte	0x1
 619 01ef 63       		.byte	0x63
 620 01f0 01       		.byte	0x1
 621 01f1 00000000 		.4byte	.LFB9
 622 01f5 72000000 		.4byte	.LFE9
 623 01f9 2C000000 		.4byte	.LLST1
 624 01fd 10020000 		.4byte	0x210
 625 0201 0F       		.uleb128 0xf
 626 0202 76747000 		.ascii	"vtp\000"
 627 0206 01       		.byte	0x1
 628 0207 63       		.byte	0x63
 629 0208 18010000 		.4byte	0x118
 630 020c 02       		.byte	0x2
 631 020d 91       		.byte	0x91
 632 020e 74       		.sleb128 -12
 633 020f 00       		.byte	0
 634 0210 12       		.uleb128 0x12
 635 0211 01       		.byte	0x1
 636 0212 99010000 		.4byte	.LASF33
 637 0216 01       		.byte	0x1
 638 0217 7F       		.byte	0x7f
 639 0218 01       		.byte	0x1
 640 0219 85000000 		.4byte	0x85
 641 021d 00000000 		.4byte	.LFB10
 642 0221 56000000 		.4byte	.LFE10
 643 0225 58000000 		.4byte	.LLST2
 644 0229 58020000 		.4byte	0x258
 645 022d 10       		.uleb128 0x10
 646 022e 13000000 		.4byte	.LASF27
 647 0232 01       		.byte	0x1
 648 0233 7F       		.byte	0x7f
 649 0234 90000000 		.4byte	0x90
 650 0238 02       		.byte	0x2
 651 0239 91       		.byte	0x91
 652 023a 74       		.sleb128 -12
 653 023b 0F       		.uleb128 0xf
 654 023c 656E6400 		.ascii	"end\000"
 655 0240 01       		.byte	0x1
 656 0241 7F       		.byte	0x7f
 657 0242 90000000 		.4byte	0x90
 658 0246 02       		.byte	0x2
 659 0247 91       		.byte	0x91
 660 0248 70       		.sleb128 -16
 661 0249 13       		.uleb128 0x13
 662 024a 2B010000 		.4byte	.LASF23
ARM GAS  /tmp/ccZGnilt.s 			page 13


 663 024e 01       		.byte	0x1
 664 024f 81       		.byte	0x81
 665 0250 90000000 		.4byte	0x90
 666 0254 02       		.byte	0x2
 667 0255 91       		.byte	0x91
 668 0256 7C       		.sleb128 -4
 669 0257 00       		.byte	0
 670 0258 14       		.uleb128 0x14
 671 0259 24010000 		.4byte	.LASF28
 672 025d 04       		.byte	0x4
 673 025e D1       		.byte	0xd1
 674 025f 64010000 		.4byte	0x164
 675 0263 01       		.byte	0x1
 676 0264 01       		.byte	0x1
 677 0265 15       		.uleb128 0x15
 678 0266 24010000 		.4byte	.LASF28
 679 026a 01       		.byte	0x1
 680 026b 23       		.byte	0x23
 681 026c 64010000 		.4byte	0x164
 682 0270 01       		.byte	0x1
 683 0271 05       		.byte	0x5
 684 0272 03       		.byte	0x3
 685 0273 00000000 		.4byte	vtlist
 686 0277 00       		.byte	0
 687              		.section	.debug_abbrev,"",%progbits
 688              	.Ldebug_abbrev0:
 689 0000 01       		.uleb128 0x1
 690 0001 11       		.uleb128 0x11
 691 0002 01       		.byte	0x1
 692 0003 25       		.uleb128 0x25
 693 0004 0E       		.uleb128 0xe
 694 0005 13       		.uleb128 0x13
 695 0006 0B       		.uleb128 0xb
 696 0007 03       		.uleb128 0x3
 697 0008 0E       		.uleb128 0xe
 698 0009 1B       		.uleb128 0x1b
 699 000a 0E       		.uleb128 0xe
 700 000b 11       		.uleb128 0x11
 701 000c 01       		.uleb128 0x1
 702 000d 52       		.uleb128 0x52
 703 000e 01       		.uleb128 0x1
 704 000f 55       		.uleb128 0x55
 705 0010 06       		.uleb128 0x6
 706 0011 10       		.uleb128 0x10
 707 0012 06       		.uleb128 0x6
 708 0013 00       		.byte	0
 709 0014 00       		.byte	0
 710 0015 02       		.uleb128 0x2
 711 0016 24       		.uleb128 0x24
 712 0017 00       		.byte	0
 713 0018 0B       		.uleb128 0xb
 714 0019 0B       		.uleb128 0xb
 715 001a 3E       		.uleb128 0x3e
 716 001b 0B       		.uleb128 0xb
 717 001c 03       		.uleb128 0x3
 718 001d 08       		.uleb128 0x8
 719 001e 00       		.byte	0
ARM GAS  /tmp/ccZGnilt.s 			page 14


 720 001f 00       		.byte	0
 721 0020 03       		.uleb128 0x3
 722 0021 24       		.uleb128 0x24
 723 0022 00       		.byte	0
 724 0023 0B       		.uleb128 0xb
 725 0024 0B       		.uleb128 0xb
 726 0025 3E       		.uleb128 0x3e
 727 0026 0B       		.uleb128 0xb
 728 0027 03       		.uleb128 0x3
 729 0028 0E       		.uleb128 0xe
 730 0029 00       		.byte	0
 731 002a 00       		.byte	0
 732 002b 04       		.uleb128 0x4
 733 002c 16       		.uleb128 0x16
 734 002d 00       		.byte	0
 735 002e 03       		.uleb128 0x3
 736 002f 0E       		.uleb128 0xe
 737 0030 3A       		.uleb128 0x3a
 738 0031 0B       		.uleb128 0xb
 739 0032 3B       		.uleb128 0x3b
 740 0033 0B       		.uleb128 0xb
 741 0034 49       		.uleb128 0x49
 742 0035 13       		.uleb128 0x13
 743 0036 00       		.byte	0
 744 0037 00       		.byte	0
 745 0038 05       		.uleb128 0x5
 746 0039 0F       		.uleb128 0xf
 747 003a 00       		.byte	0
 748 003b 0B       		.uleb128 0xb
 749 003c 0B       		.uleb128 0xb
 750 003d 00       		.byte	0
 751 003e 00       		.byte	0
 752 003f 06       		.uleb128 0x6
 753 0040 0F       		.uleb128 0xf
 754 0041 00       		.byte	0
 755 0042 0B       		.uleb128 0xb
 756 0043 0B       		.uleb128 0xb
 757 0044 49       		.uleb128 0x49
 758 0045 13       		.uleb128 0x13
 759 0046 00       		.byte	0
 760 0047 00       		.byte	0
 761 0048 07       		.uleb128 0x7
 762 0049 15       		.uleb128 0x15
 763 004a 01       		.byte	0x1
 764 004b 27       		.uleb128 0x27
 765 004c 0C       		.uleb128 0xc
 766 004d 01       		.uleb128 0x1
 767 004e 13       		.uleb128 0x13
 768 004f 00       		.byte	0
 769 0050 00       		.byte	0
 770 0051 08       		.uleb128 0x8
 771 0052 05       		.uleb128 0x5
 772 0053 00       		.byte	0
 773 0054 49       		.uleb128 0x49
 774 0055 13       		.uleb128 0x13
 775 0056 00       		.byte	0
 776 0057 00       		.byte	0
ARM GAS  /tmp/ccZGnilt.s 			page 15


 777 0058 09       		.uleb128 0x9
 778 0059 13       		.uleb128 0x13
 779 005a 01       		.byte	0x1
 780 005b 03       		.uleb128 0x3
 781 005c 0E       		.uleb128 0xe
 782 005d 0B       		.uleb128 0xb
 783 005e 0B       		.uleb128 0xb
 784 005f 3A       		.uleb128 0x3a
 785 0060 0B       		.uleb128 0xb
 786 0061 3B       		.uleb128 0x3b
 787 0062 0B       		.uleb128 0xb
 788 0063 01       		.uleb128 0x1
 789 0064 13       		.uleb128 0x13
 790 0065 00       		.byte	0
 791 0066 00       		.byte	0
 792 0067 0A       		.uleb128 0xa
 793 0068 0D       		.uleb128 0xd
 794 0069 00       		.byte	0
 795 006a 03       		.uleb128 0x3
 796 006b 0E       		.uleb128 0xe
 797 006c 3A       		.uleb128 0x3a
 798 006d 0B       		.uleb128 0xb
 799 006e 3B       		.uleb128 0x3b
 800 006f 0B       		.uleb128 0xb
 801 0070 49       		.uleb128 0x49
 802 0071 13       		.uleb128 0x13
 803 0072 38       		.uleb128 0x38
 804 0073 0A       		.uleb128 0xa
 805 0074 00       		.byte	0
 806 0075 00       		.byte	0
 807 0076 0B       		.uleb128 0xb
 808 0077 13       		.uleb128 0x13
 809 0078 01       		.byte	0x1
 810 0079 0B       		.uleb128 0xb
 811 007a 0B       		.uleb128 0xb
 812 007b 3A       		.uleb128 0x3a
 813 007c 0B       		.uleb128 0xb
 814 007d 3B       		.uleb128 0x3b
 815 007e 0B       		.uleb128 0xb
 816 007f 01       		.uleb128 0x1
 817 0080 13       		.uleb128 0x13
 818 0081 00       		.byte	0
 819 0082 00       		.byte	0
 820 0083 0C       		.uleb128 0xc
 821 0084 35       		.uleb128 0x35
 822 0085 00       		.byte	0
 823 0086 49       		.uleb128 0x49
 824 0087 13       		.uleb128 0x13
 825 0088 00       		.byte	0
 826 0089 00       		.byte	0
 827 008a 0D       		.uleb128 0xd
 828 008b 2E       		.uleb128 0x2e
 829 008c 00       		.byte	0
 830 008d 3F       		.uleb128 0x3f
 831 008e 0C       		.uleb128 0xc
 832 008f 03       		.uleb128 0x3
 833 0090 0E       		.uleb128 0xe
ARM GAS  /tmp/ccZGnilt.s 			page 16


 834 0091 3A       		.uleb128 0x3a
 835 0092 0B       		.uleb128 0xb
 836 0093 3B       		.uleb128 0x3b
 837 0094 0B       		.uleb128 0xb
 838 0095 27       		.uleb128 0x27
 839 0096 0C       		.uleb128 0xc
 840 0097 11       		.uleb128 0x11
 841 0098 01       		.uleb128 0x1
 842 0099 12       		.uleb128 0x12
 843 009a 01       		.uleb128 0x1
 844 009b 40       		.uleb128 0x40
 845 009c 0A       		.uleb128 0xa
 846 009d 00       		.byte	0
 847 009e 00       		.byte	0
 848 009f 0E       		.uleb128 0xe
 849 00a0 2E       		.uleb128 0x2e
 850 00a1 01       		.byte	0x1
 851 00a2 3F       		.uleb128 0x3f
 852 00a3 0C       		.uleb128 0xc
 853 00a4 03       		.uleb128 0x3
 854 00a5 0E       		.uleb128 0xe
 855 00a6 3A       		.uleb128 0x3a
 856 00a7 0B       		.uleb128 0xb
 857 00a8 3B       		.uleb128 0x3b
 858 00a9 0B       		.uleb128 0xb
 859 00aa 27       		.uleb128 0x27
 860 00ab 0C       		.uleb128 0xc
 861 00ac 11       		.uleb128 0x11
 862 00ad 01       		.uleb128 0x1
 863 00ae 12       		.uleb128 0x12
 864 00af 01       		.uleb128 0x1
 865 00b0 40       		.uleb128 0x40
 866 00b1 06       		.uleb128 0x6
 867 00b2 01       		.uleb128 0x1
 868 00b3 13       		.uleb128 0x13
 869 00b4 00       		.byte	0
 870 00b5 00       		.byte	0
 871 00b6 0F       		.uleb128 0xf
 872 00b7 05       		.uleb128 0x5
 873 00b8 00       		.byte	0
 874 00b9 03       		.uleb128 0x3
 875 00ba 08       		.uleb128 0x8
 876 00bb 3A       		.uleb128 0x3a
 877 00bc 0B       		.uleb128 0xb
 878 00bd 3B       		.uleb128 0x3b
 879 00be 0B       		.uleb128 0xb
 880 00bf 49       		.uleb128 0x49
 881 00c0 13       		.uleb128 0x13
 882 00c1 02       		.uleb128 0x2
 883 00c2 0A       		.uleb128 0xa
 884 00c3 00       		.byte	0
 885 00c4 00       		.byte	0
 886 00c5 10       		.uleb128 0x10
 887 00c6 05       		.uleb128 0x5
 888 00c7 00       		.byte	0
 889 00c8 03       		.uleb128 0x3
 890 00c9 0E       		.uleb128 0xe
ARM GAS  /tmp/ccZGnilt.s 			page 17


 891 00ca 3A       		.uleb128 0x3a
 892 00cb 0B       		.uleb128 0xb
 893 00cc 3B       		.uleb128 0x3b
 894 00cd 0B       		.uleb128 0xb
 895 00ce 49       		.uleb128 0x49
 896 00cf 13       		.uleb128 0x13
 897 00d0 02       		.uleb128 0x2
 898 00d1 0A       		.uleb128 0xa
 899 00d2 00       		.byte	0
 900 00d3 00       		.byte	0
 901 00d4 11       		.uleb128 0x11
 902 00d5 34       		.uleb128 0x34
 903 00d6 00       		.byte	0
 904 00d7 03       		.uleb128 0x3
 905 00d8 08       		.uleb128 0x8
 906 00d9 3A       		.uleb128 0x3a
 907 00da 0B       		.uleb128 0xb
 908 00db 3B       		.uleb128 0x3b
 909 00dc 0B       		.uleb128 0xb
 910 00dd 49       		.uleb128 0x49
 911 00de 13       		.uleb128 0x13
 912 00df 02       		.uleb128 0x2
 913 00e0 0A       		.uleb128 0xa
 914 00e1 00       		.byte	0
 915 00e2 00       		.byte	0
 916 00e3 12       		.uleb128 0x12
 917 00e4 2E       		.uleb128 0x2e
 918 00e5 01       		.byte	0x1
 919 00e6 3F       		.uleb128 0x3f
 920 00e7 0C       		.uleb128 0xc
 921 00e8 03       		.uleb128 0x3
 922 00e9 0E       		.uleb128 0xe
 923 00ea 3A       		.uleb128 0x3a
 924 00eb 0B       		.uleb128 0xb
 925 00ec 3B       		.uleb128 0x3b
 926 00ed 0B       		.uleb128 0xb
 927 00ee 27       		.uleb128 0x27
 928 00ef 0C       		.uleb128 0xc
 929 00f0 49       		.uleb128 0x49
 930 00f1 13       		.uleb128 0x13
 931 00f2 11       		.uleb128 0x11
 932 00f3 01       		.uleb128 0x1
 933 00f4 12       		.uleb128 0x12
 934 00f5 01       		.uleb128 0x1
 935 00f6 40       		.uleb128 0x40
 936 00f7 06       		.uleb128 0x6
 937 00f8 01       		.uleb128 0x1
 938 00f9 13       		.uleb128 0x13
 939 00fa 00       		.byte	0
 940 00fb 00       		.byte	0
 941 00fc 13       		.uleb128 0x13
 942 00fd 34       		.uleb128 0x34
 943 00fe 00       		.byte	0
 944 00ff 03       		.uleb128 0x3
 945 0100 0E       		.uleb128 0xe
 946 0101 3A       		.uleb128 0x3a
 947 0102 0B       		.uleb128 0xb
ARM GAS  /tmp/ccZGnilt.s 			page 18


 948 0103 3B       		.uleb128 0x3b
 949 0104 0B       		.uleb128 0xb
 950 0105 49       		.uleb128 0x49
 951 0106 13       		.uleb128 0x13
 952 0107 02       		.uleb128 0x2
 953 0108 0A       		.uleb128 0xa
 954 0109 00       		.byte	0
 955 010a 00       		.byte	0
 956 010b 14       		.uleb128 0x14
 957 010c 34       		.uleb128 0x34
 958 010d 00       		.byte	0
 959 010e 03       		.uleb128 0x3
 960 010f 0E       		.uleb128 0xe
 961 0110 3A       		.uleb128 0x3a
 962 0111 0B       		.uleb128 0xb
 963 0112 3B       		.uleb128 0x3b
 964 0113 0B       		.uleb128 0xb
 965 0114 49       		.uleb128 0x49
 966 0115 13       		.uleb128 0x13
 967 0116 3F       		.uleb128 0x3f
 968 0117 0C       		.uleb128 0xc
 969 0118 3C       		.uleb128 0x3c
 970 0119 0C       		.uleb128 0xc
 971 011a 00       		.byte	0
 972 011b 00       		.byte	0
 973 011c 15       		.uleb128 0x15
 974 011d 34       		.uleb128 0x34
 975 011e 00       		.byte	0
 976 011f 03       		.uleb128 0x3
 977 0120 0E       		.uleb128 0xe
 978 0121 3A       		.uleb128 0x3a
 979 0122 0B       		.uleb128 0xb
 980 0123 3B       		.uleb128 0x3b
 981 0124 0B       		.uleb128 0xb
 982 0125 49       		.uleb128 0x49
 983 0126 13       		.uleb128 0x13
 984 0127 3F       		.uleb128 0x3f
 985 0128 0C       		.uleb128 0xc
 986 0129 02       		.uleb128 0x2
 987 012a 0A       		.uleb128 0xa
 988 012b 00       		.byte	0
 989 012c 00       		.byte	0
 990 012d 00       		.byte	0
 991              		.section	.debug_loc,"",%progbits
 992              	.Ldebug_loc0:
 993              	.LLST0:
 994 0000 00000000 		.4byte	.LFB8
 995 0004 02000000 		.4byte	.LCFI0
 996 0008 0200     		.2byte	0x2
 997 000a 7D       		.byte	0x7d
 998 000b 00       		.sleb128 0
 999 000c 02000000 		.4byte	.LCFI0
 1000 0010 04000000 		.4byte	.LCFI1
 1001 0014 0200     		.2byte	0x2
 1002 0016 7D       		.byte	0x7d
 1003 0017 04       		.sleb128 4
 1004 0018 04000000 		.4byte	.LCFI1
ARM GAS  /tmp/ccZGnilt.s 			page 19


 1005 001c A6000000 		.4byte	.LFE8
 1006 0020 0200     		.2byte	0x2
 1007 0022 7D       		.byte	0x7d
 1008 0023 20       		.sleb128 32
 1009 0024 00000000 		.4byte	0
 1010 0028 00000000 		.4byte	0
 1011              	.LLST1:
 1012 002c 00000000 		.4byte	.LFB9
 1013 0030 02000000 		.4byte	.LCFI2
 1014 0034 0200     		.2byte	0x2
 1015 0036 7D       		.byte	0x7d
 1016 0037 00       		.sleb128 0
 1017 0038 02000000 		.4byte	.LCFI2
 1018 003c 04000000 		.4byte	.LCFI3
 1019 0040 0200     		.2byte	0x2
 1020 0042 7D       		.byte	0x7d
 1021 0043 04       		.sleb128 4
 1022 0044 04000000 		.4byte	.LCFI3
 1023 0048 72000000 		.4byte	.LFE9
 1024 004c 0200     		.2byte	0x2
 1025 004e 7D       		.byte	0x7d
 1026 004f 10       		.sleb128 16
 1027 0050 00000000 		.4byte	0
 1028 0054 00000000 		.4byte	0
 1029              	.LLST2:
 1030 0058 00000000 		.4byte	.LFB10
 1031 005c 02000000 		.4byte	.LCFI4
 1032 0060 0200     		.2byte	0x2
 1033 0062 7D       		.byte	0x7d
 1034 0063 00       		.sleb128 0
 1035 0064 02000000 		.4byte	.LCFI4
 1036 0068 56000000 		.4byte	.LFE10
 1037 006c 0200     		.2byte	0x2
 1038 006e 7D       		.byte	0x7d
 1039 006f 10       		.sleb128 16
 1040 0070 00000000 		.4byte	0
 1041 0074 00000000 		.4byte	0
 1042              		.section	.debug_aranges,"",%progbits
 1043 0000 34000000 		.4byte	0x34
 1044 0004 0200     		.2byte	0x2
 1045 0006 00000000 		.4byte	.Ldebug_info0
 1046 000a 04       		.byte	0x4
 1047 000b 00       		.byte	0
 1048 000c 0000     		.2byte	0
 1049 000e 0000     		.2byte	0
 1050 0010 00000000 		.4byte	.LFB7
 1051 0014 44000000 		.4byte	.LFE7-.LFB7
 1052 0018 00000000 		.4byte	.LFB8
 1053 001c A6000000 		.4byte	.LFE8-.LFB8
 1054 0020 00000000 		.4byte	.LFB9
 1055 0024 72000000 		.4byte	.LFE9-.LFB9
 1056 0028 00000000 		.4byte	.LFB10
 1057 002c 56000000 		.4byte	.LFE10-.LFB10
 1058 0030 00000000 		.4byte	0
 1059 0034 00000000 		.4byte	0
 1060              		.section	.debug_ranges,"",%progbits
 1061              	.Ldebug_ranges0:
ARM GAS  /tmp/ccZGnilt.s 			page 20


 1062 0000 00000000 		.4byte	.LFB7
 1063 0004 44000000 		.4byte	.LFE7
 1064 0008 00000000 		.4byte	.LFB8
 1065 000c A6000000 		.4byte	.LFE8
 1066 0010 00000000 		.4byte	.LFB9
 1067 0014 72000000 		.4byte	.LFE9
 1068 0018 00000000 		.4byte	.LFB10
 1069 001c 56000000 		.4byte	.LFE10
 1070 0020 00000000 		.4byte	0
 1071 0024 00000000 		.4byte	0
 1072              		.section	.debug_line,"",%progbits
 1073              	.Ldebug_line0:
 1074 0000 BB010000 		.section	.debug_str,"MS",%progbits,1
 1074      02000B01 
 1074      00000201 
 1074      FB0E0D00 
 1074      01010101 
 1075              	.LASF25:
 1076 0000 63685654 		.ascii	"chVTSetI\000"
 1076      53657449 
 1076      00
 1077              	.LASF12:
 1078 0009 73797374 		.ascii	"systime_t\000"
 1078      696D655F 
 1078      7400
 1079              	.LASF27:
 1080 0013 73746172 		.ascii	"start\000"
 1080      7400
 1081              	.LASF0:
 1082 0019 756E7369 		.ascii	"unsigned int\000"
 1082      676E6564 
 1082      20696E74 
 1082      00
 1083              	.LASF11:
 1084 0026 626F6F6C 		.ascii	"bool_t\000"
 1084      5F7400
 1085              	.LASF29:
 1086 002d 474E5520 		.ascii	"GNU C 4.6.2 20120613 (release) [ARM/embedded-4_6-br"
 1086      4320342E 
 1086      362E3220 
 1086      32303132 
 1086      30363133 
 1087 0060 616E6368 		.ascii	"anch revision 188521]\000"
 1087      20726576 
 1087      6973696F 
 1087      6E203138 
 1087      38353231 
 1088              	.LASF13:
 1089 0076 76746675 		.ascii	"vtfunc_t\000"
 1089      6E635F74 
 1089      00
 1090              	.LASF8:
 1091 007f 6C6F6E67 		.ascii	"long unsigned int\000"
 1091      20756E73 
 1091      69676E65 
 1091      6420696E 
 1091      7400
ARM GAS  /tmp/ccZGnilt.s 			page 21


 1092              	.LASF4:
 1093 0091 73686F72 		.ascii	"short unsigned int\000"
 1093      7420756E 
 1093      7369676E 
 1093      65642069 
 1093      6E7400
 1094              	.LASF14:
 1095 00a4 56697274 		.ascii	"VirtualTimer\000"
 1095      75616C54 
 1095      696D6572 
 1095      00
 1096              	.LASF2:
 1097 00b1 756E7369 		.ascii	"unsigned char\000"
 1097      676E6564 
 1097      20636861 
 1097      7200
 1098              	.LASF32:
 1099 00bf 5F76745F 		.ascii	"_vt_init\000"
 1099      696E6974 
 1099      00
 1100              	.LASF31:
 1101 00c8 2F686F6D 		.ascii	"/home/texzk/ChibiStudio/chibios/demos/ARMCM3-STM32F"
 1101      652F7465 
 1101      787A6B2F 
 1101      43686962 
 1101      69537475 
 1102 00fb 3230372D 		.ascii	"207-STM3220G-LWIP\000"
 1102      53544D33 
 1102      32323047 
 1102      2D4C5749 
 1102      5000
 1103              	.LASF10:
 1104 010d 6C6F6E67 		.ascii	"long long unsigned int\000"
 1104      206C6F6E 
 1104      6720756E 
 1104      7369676E 
 1104      65642069 
 1105              	.LASF28:
 1106 0124 76746C69 		.ascii	"vtlist\000"
 1106      737400
 1107              	.LASF23:
 1108 012b 74696D65 		.ascii	"time\000"
 1108      00
 1109              	.LASF17:
 1110 0130 76745F74 		.ascii	"vt_time\000"
 1110      696D6500 
 1111              	.LASF6:
 1112 0138 696E7433 		.ascii	"int32_t\000"
 1112      325F7400 
 1113              	.LASF20:
 1114 0140 76745F73 		.ascii	"vt_systime\000"
 1114      79737469 
 1114      6D6500
 1115              	.LASF30:
 1116 014b 2E2E2F2E 		.ascii	"../../os/kernel/src/chvt.c\000"
 1116      2E2F6F73 
 1116      2F6B6572 
ARM GAS  /tmp/ccZGnilt.s 			page 22


 1116      6E656C2F 
 1116      7372632F 
 1117              	.LASF9:
 1118 0166 6C6F6E67 		.ascii	"long long int\000"
 1118      206C6F6E 
 1118      6720696E 
 1118      7400
 1119              	.LASF18:
 1120 0174 76745F66 		.ascii	"vt_func\000"
 1120      756E6300 
 1121              	.LASF24:
 1122 017c 76746675 		.ascii	"vtfunc\000"
 1122      6E6300
 1123              	.LASF22:
 1124 0183 63686172 		.ascii	"char\000"
 1124      00
 1125              	.LASF19:
 1126 0188 76745F70 		.ascii	"vt_par\000"
 1126      617200
 1127              	.LASF3:
 1128 018f 73686F72 		.ascii	"short int\000"
 1128      7420696E 
 1128      7400
 1129              	.LASF33:
 1130 0199 63685469 		.ascii	"chTimeIsWithin\000"
 1130      6D654973 
 1130      57697468 
 1130      696E00
 1131              	.LASF16:
 1132 01a8 76745F70 		.ascii	"vt_prev\000"
 1132      72657600 
 1133              	.LASF7:
 1134 01b0 75696E74 		.ascii	"uint32_t\000"
 1134      33325F74 
 1134      00
 1135              	.LASF5:
 1136 01b9 6C6F6E67 		.ascii	"long int\000"
 1136      20696E74 
 1136      00
 1137              	.LASF1:
 1138 01c2 7369676E 		.ascii	"signed char\000"
 1138      65642063 
 1138      68617200 
 1139              	.LASF21:
 1140 01ce 56544C69 		.ascii	"VTList\000"
 1140      737400
 1141              	.LASF15:
 1142 01d5 76745F6E 		.ascii	"vt_next\000"
 1142      65787400 
 1143              	.LASF26:
 1144 01dd 63685654 		.ascii	"chVTResetI\000"
 1144      52657365 
 1144      744900
 1145              		.ident	"GCC: (GNU Tools for ARM Embedded Processors) 4.6.2 20120613 (release) [ARM/embedded-4_6-br
ARM GAS  /tmp/ccZGnilt.s 			page 23


DEFINED SYMBOLS
                            *ABS*:00000000 chvt.c
     /tmp/ccZGnilt.s:23     .bss.vtlist:00000000 vtlist
     /tmp/ccZGnilt.s:20     .bss.vtlist:00000000 $d
     /tmp/ccZGnilt.s:26     .text._vt_init:00000000 $t
     /tmp/ccZGnilt.s:32     .text._vt_init:00000000 _vt_init
     /tmp/ccZGnilt.s:68     .rodata:00000000 $d
     /tmp/ccZGnilt.s:69     .rodata:00000000 .LC0
     /tmp/ccZGnilt.s:72     .text.chVTSetI:00000000 $t
     /tmp/ccZGnilt.s:78     .text.chVTSetI:00000000 chVTSetI
     /tmp/ccZGnilt.s:192    .rodata:00000010 .LC1
     /tmp/ccZGnilt.s:195    .rodata:00000020 .LC2
     /tmp/ccZGnilt.s:198    .text.chVTResetI:00000000 $t
     /tmp/ccZGnilt.s:204    .text.chVTResetI:00000000 chVTResetI
     /tmp/ccZGnilt.s:280    .text.chTimeIsWithin:00000000 $t
     /tmp/ccZGnilt.s:286    .text.chTimeIsWithin:00000000 chTimeIsWithin
                     .debug_frame:00000010 $d

UNDEFINED SYMBOLS
chDbgCheckClassI
chDbgPanic
