ARM GAS  /tmp/ccBEbA1d.s 			page 1


   1              		.syntax unified
   2              		.cpu cortex-m3
   3              		.fpu softvfp
   4              		.eabi_attribute 20, 1
   5              		.eabi_attribute 21, 1
   6              		.eabi_attribute 23, 3
   7              		.eabi_attribute 24, 1
   8              		.eabi_attribute 25, 1
   9              		.eabi_attribute 26, 1
  10              		.eabi_attribute 30, 6
  11              		.eabi_attribute 34, 1
  12              		.eabi_attribute 18, 4
  13              		.thumb
  14              		.file	"inet_chksum.c"
  15              		.text
  16              	.Ltext0:
  17              		.cfi_sections	.debug_frame
  18              		.section	.text.lwip_standard_chksum,"ax",%progbits
  19              		.align	2
  20              		.p2align 4,,15
  21              		.thumb
  22              		.thumb_func
  23              		.type	lwip_standard_chksum, %function
  24              	lwip_standard_chksum:
  25              	.LFB7:
  26              		.file 1 "../../ext/lwip/src/core/ipv4/inet_chksum.c"
  27              		.loc 1 136 0
  28              		.cfi_startproc
  29              		@ args = 0, pretend = 0, frame = 32
  30              		@ frame_needed = 0, uses_anonymous_args = 0
  31              		@ link register save eliminated.
  32 0000 88B0     		sub	sp, sp, #32
  33              	.LCFI0:
  34              		.cfi_def_cfa_offset 32
  35 0002 0190     		str	r0, [sp, #4]
  36 0004 0091     		str	r1, [sp, #0]
  37              		.loc 1 137 0
  38 0006 019B     		ldr	r3, [sp, #4]
  39 0008 0793     		str	r3, [sp, #28]
  40              		.loc 1 138 0
  41 000a 4FF00003 		mov	r3, #0
  42 000e ADF80E30 		strh	r3, [sp, #14]	@ movhi
  43              		.loc 1 139 0
  44 0012 4FF00003 		mov	r3, #0
  45 0016 0593     		str	r3, [sp, #20]
  46              		.loc 1 140 0
  47 0018 079B     		ldr	r3, [sp, #28]
  48 001a 03F00103 		and	r3, r3, #1
  49 001e 0493     		str	r3, [sp, #16]
  50              		.loc 1 143 0
  51 0020 049B     		ldr	r3, [sp, #16]
  52 0022 002B     		cmp	r3, #0
  53 0024 11D0     		beq	.L2
  54              		.loc 1 143 0 is_stmt 0 discriminator 1
  55 0026 009B     		ldr	r3, [sp, #0]
  56 0028 002B     		cmp	r3, #0
  57 002a 0EDD     		ble	.L2
ARM GAS  /tmp/ccBEbA1d.s 			page 2


  58              		.loc 1 144 0 is_stmt 1
  59 002c 0DF10E03 		add	r3, sp, #14
  60 0030 03F10103 		add	r3, r3, #1
  61 0034 079A     		ldr	r2, [sp, #28]
  62 0036 1278     		ldrb	r2, [r2, #0]	@ zero_extendqisi2
  63 0038 1A70     		strb	r2, [r3, #0]
  64 003a 079B     		ldr	r3, [sp, #28]
  65 003c 03F10103 		add	r3, r3, #1
  66 0040 0793     		str	r3, [sp, #28]
  67              		.loc 1 145 0
  68 0042 009B     		ldr	r3, [sp, #0]
  69 0044 03F1FF33 		add	r3, r3, #-1
  70 0048 0093     		str	r3, [sp, #0]
  71              	.L2:
  72              		.loc 1 149 0
  73 004a 079B     		ldr	r3, [sp, #28]
  74 004c 0693     		str	r3, [sp, #24]
  75              		.loc 1 150 0
  76 004e 0CE0     		b	.L3
  77              	.L4:
  78              		.loc 1 151 0
  79 0050 069B     		ldr	r3, [sp, #24]
  80 0052 1B88     		ldrh	r3, [r3, #0]
  81 0054 059A     		ldr	r2, [sp, #20]
  82 0056 D318     		adds	r3, r2, r3
  83 0058 0593     		str	r3, [sp, #20]
  84 005a 069B     		ldr	r3, [sp, #24]
  85 005c 03F10203 		add	r3, r3, #2
  86 0060 0693     		str	r3, [sp, #24]
  87              		.loc 1 152 0
  88 0062 009B     		ldr	r3, [sp, #0]
  89 0064 A3F10203 		sub	r3, r3, #2
  90 0068 0093     		str	r3, [sp, #0]
  91              	.L3:
  92              		.loc 1 150 0 discriminator 1
  93 006a 009B     		ldr	r3, [sp, #0]
  94 006c 012B     		cmp	r3, #1
  95 006e EFDC     		bgt	.L4
  96              		.loc 1 156 0
  97 0070 009B     		ldr	r3, [sp, #0]
  98 0072 002B     		cmp	r3, #0
  99 0074 04DD     		ble	.L5
 100              		.loc 1 157 0
 101 0076 0DF10E03 		add	r3, sp, #14
 102 007a 069A     		ldr	r2, [sp, #24]
 103 007c 1278     		ldrb	r2, [r2, #0]	@ zero_extendqisi2
 104 007e 1A70     		strb	r2, [r3, #0]
 105              	.L5:
 106              		.loc 1 161 0
 107 0080 BDF80E30 		ldrh	r3, [sp, #14]
 108 0084 059A     		ldr	r2, [sp, #20]
 109 0086 D318     		adds	r3, r2, r3
 110 0088 0593     		str	r3, [sp, #20]
 111              		.loc 1 165 0
 112 008a 059B     		ldr	r3, [sp, #20]
 113 008c 4FEA1342 		lsr	r2, r3, #16
 114 0090 059B     		ldr	r3, [sp, #20]
ARM GAS  /tmp/ccBEbA1d.s 			page 3


 115 0092 4FEA0343 		lsl	r3, r3, #16
 116 0096 4FEA1343 		lsr	r3, r3, #16
 117 009a D318     		adds	r3, r2, r3
 118 009c 0593     		str	r3, [sp, #20]
 119              		.loc 1 166 0
 120 009e 059B     		ldr	r3, [sp, #20]
 121 00a0 4FEA1342 		lsr	r2, r3, #16
 122 00a4 059B     		ldr	r3, [sp, #20]
 123 00a6 4FEA0343 		lsl	r3, r3, #16
 124 00aa 4FEA1343 		lsr	r3, r3, #16
 125 00ae D318     		adds	r3, r2, r3
 126 00b0 0593     		str	r3, [sp, #20]
 127              		.loc 1 169 0
 128 00b2 049B     		ldr	r3, [sp, #16]
 129 00b4 002B     		cmp	r3, #0
 130 00b6 0DD0     		beq	.L6
 131              		.loc 1 170 0
 132 00b8 059B     		ldr	r3, [sp, #20]
 133 00ba 4FEA0323 		lsl	r3, r3, #8
 134 00be 4FEA0343 		lsl	r3, r3, #16
 135 00c2 4FEA1343 		lsr	r3, r3, #16
 136 00c6 059A     		ldr	r2, [sp, #20]
 137 00c8 02F47F42 		and	r2, r2, #65280
 138 00cc 4FEA1222 		lsr	r2, r2, #8
 139 00d0 1343     		orrs	r3, r3, r2
 140 00d2 0593     		str	r3, [sp, #20]
 141              	.L6:
 142              		.loc 1 173 0
 143 00d4 059B     		ldr	r3, [sp, #20]
 144 00d6 9BB2     		uxth	r3, r3
 145              		.loc 1 174 0
 146 00d8 1846     		mov	r0, r3
 147 00da 08B0     		add	sp, sp, #32
 148 00dc 7047     		bx	lr
 149              		.cfi_endproc
 150              	.LFE7:
 151              		.size	lwip_standard_chksum, .-lwip_standard_chksum
 152 00de 00BF     		.section	.text.inet_chksum_pseudo,"ax",%progbits
 153              		.align	2
 154              		.p2align 4,,15
 155              		.global	inet_chksum_pseudo
 156              		.thumb
 157              		.thumb_func
 158              		.type	inet_chksum_pseudo, %function
 159              	inet_chksum_pseudo:
 160              	.LFB8:
 161              		.loc 1 275 0
 162              		.cfi_startproc
 163              		@ args = 4, pretend = 0, frame = 32
 164              		@ frame_needed = 0, uses_anonymous_args = 0
 165 0000 00B5     		push	{lr}
 166              	.LCFI1:
 167              		.cfi_def_cfa_offset 4
 168              		.cfi_offset 14, -4
 169 0002 89B0     		sub	sp, sp, #36
 170              	.LCFI2:
 171              		.cfi_def_cfa_offset 40
ARM GAS  /tmp/ccBEbA1d.s 			page 4


 172 0004 0390     		str	r0, [sp, #12]
 173 0006 0291     		str	r1, [sp, #8]
 174 0008 0192     		str	r2, [sp, #4]
 175 000a 8DF80330 		strb	r3, [sp, #3]
 176              		.loc 1 281 0
 177 000e 4FF00003 		mov	r3, #0
 178 0012 0793     		str	r3, [sp, #28]
 179              		.loc 1 282 0
 180 0014 4FF00003 		mov	r3, #0
 181 0018 8DF81730 		strb	r3, [sp, #23]
 182              		.loc 1 284 0
 183 001c 039B     		ldr	r3, [sp, #12]
 184 001e 0693     		str	r3, [sp, #24]
 185 0020 33E0     		b	.L8
 186              	.L10:
 187              		.loc 1 287 0
 188 0022 069B     		ldr	r3, [sp, #24]
 189 0024 5A68     		ldr	r2, [r3, #4]
 190 0026 069B     		ldr	r3, [sp, #24]
 191 0028 5B89     		ldrh	r3, [r3, #10]
 192 002a 1046     		mov	r0, r2
 193 002c 1946     		mov	r1, r3
 194 002e FFF7FEFF 		bl	lwip_standard_chksum
 195 0032 0346     		mov	r3, r0
 196 0034 079A     		ldr	r2, [sp, #28]
 197 0036 D318     		adds	r3, r2, r3
 198 0038 0793     		str	r3, [sp, #28]
 199              		.loc 1 291 0
 200 003a 079B     		ldr	r3, [sp, #28]
 201 003c 4FEA1342 		lsr	r2, r3, #16
 202 0040 079B     		ldr	r3, [sp, #28]
 203 0042 4FEA0343 		lsl	r3, r3, #16
 204 0046 4FEA1343 		lsr	r3, r3, #16
 205 004a D318     		adds	r3, r2, r3
 206 004c 0793     		str	r3, [sp, #28]
 207              		.loc 1 292 0
 208 004e 069B     		ldr	r3, [sp, #24]
 209 0050 5B89     		ldrh	r3, [r3, #10]
 210 0052 03F00103 		and	r3, r3, #1
 211 0056 DBB2     		uxtb	r3, r3
 212 0058 002B     		cmp	r3, #0
 213 005a 13D0     		beq	.L9
 214              		.loc 1 293 0
 215 005c 9DF81730 		ldrb	r3, [sp, #23]
 216 0060 C3F10103 		rsb	r3, r3, #1
 217 0064 8DF81730 		strb	r3, [sp, #23]
 218              		.loc 1 294 0
 219 0068 079B     		ldr	r3, [sp, #28]
 220 006a 4FEA0323 		lsl	r3, r3, #8
 221 006e 4FEA0343 		lsl	r3, r3, #16
 222 0072 4FEA1343 		lsr	r3, r3, #16
 223 0076 079A     		ldr	r2, [sp, #28]
 224 0078 02F47F42 		and	r2, r2, #65280
 225 007c 4FEA1222 		lsr	r2, r2, #8
 226 0080 1343     		orrs	r3, r3, r2
 227 0082 0793     		str	r3, [sp, #28]
 228              	.L9:
ARM GAS  /tmp/ccBEbA1d.s 			page 5


 229              		.loc 1 284 0
 230 0084 069B     		ldr	r3, [sp, #24]
 231 0086 1B68     		ldr	r3, [r3, #0]
 232 0088 0693     		str	r3, [sp, #24]
 233              	.L8:
 234              		.loc 1 284 0 is_stmt 0 discriminator 1
 235 008a 069B     		ldr	r3, [sp, #24]
 236 008c 002B     		cmp	r3, #0
 237 008e C8D1     		bne	.L10
 238              		.loc 1 299 0 is_stmt 1
 239 0090 9DF81730 		ldrb	r3, [sp, #23]	@ zero_extendqisi2
 240 0094 002B     		cmp	r3, #0
 241 0096 0DD0     		beq	.L11
 242              		.loc 1 300 0
 243 0098 079B     		ldr	r3, [sp, #28]
 244 009a 4FEA0323 		lsl	r3, r3, #8
 245 009e 4FEA0343 		lsl	r3, r3, #16
 246 00a2 4FEA1343 		lsr	r3, r3, #16
 247 00a6 079A     		ldr	r2, [sp, #28]
 248 00a8 02F47F42 		and	r2, r2, #65280
 249 00ac 4FEA1222 		lsr	r2, r2, #8
 250 00b0 1343     		orrs	r3, r3, r2
 251 00b2 0793     		str	r3, [sp, #28]
 252              	.L11:
 253              		.loc 1 302 0
 254 00b4 029B     		ldr	r3, [sp, #8]
 255 00b6 1B68     		ldr	r3, [r3, #0]
 256 00b8 0493     		str	r3, [sp, #16]
 257              		.loc 1 303 0
 258 00ba 049B     		ldr	r3, [sp, #16]
 259 00bc 4FEA0343 		lsl	r3, r3, #16
 260 00c0 4FEA1343 		lsr	r3, r3, #16
 261 00c4 079A     		ldr	r2, [sp, #28]
 262 00c6 D318     		adds	r3, r2, r3
 263 00c8 0793     		str	r3, [sp, #28]
 264              		.loc 1 304 0
 265 00ca 049B     		ldr	r3, [sp, #16]
 266 00cc 4FEA1343 		lsr	r3, r3, #16
 267 00d0 079A     		ldr	r2, [sp, #28]
 268 00d2 D318     		adds	r3, r2, r3
 269 00d4 0793     		str	r3, [sp, #28]
 270              		.loc 1 305 0
 271 00d6 019B     		ldr	r3, [sp, #4]
 272 00d8 1B68     		ldr	r3, [r3, #0]
 273 00da 0493     		str	r3, [sp, #16]
 274              		.loc 1 306 0
 275 00dc 049B     		ldr	r3, [sp, #16]
 276 00de 4FEA0343 		lsl	r3, r3, #16
 277 00e2 4FEA1343 		lsr	r3, r3, #16
 278 00e6 079A     		ldr	r2, [sp, #28]
 279 00e8 D318     		adds	r3, r2, r3
 280 00ea 0793     		str	r3, [sp, #28]
 281              		.loc 1 307 0
 282 00ec 049B     		ldr	r3, [sp, #16]
 283 00ee 4FEA1343 		lsr	r3, r3, #16
 284 00f2 079A     		ldr	r2, [sp, #28]
 285 00f4 D318     		adds	r3, r2, r3
ARM GAS  /tmp/ccBEbA1d.s 			page 6


 286 00f6 0793     		str	r3, [sp, #28]
 287              		.loc 1 308 0
 288 00f8 9DF80330 		ldrb	r3, [sp, #3]	@ zero_extendqisi2
 289 00fc 9BB2     		uxth	r3, r3
 290 00fe 1846     		mov	r0, r3
 291 0100 FFF7FEFF 		bl	lwip_htons
 292 0104 0346     		mov	r3, r0
 293 0106 079A     		ldr	r2, [sp, #28]
 294 0108 D318     		adds	r3, r2, r3
 295 010a 0793     		str	r3, [sp, #28]
 296              		.loc 1 309 0
 297 010c BDF82830 		ldrh	r3, [sp, #40]
 298 0110 1846     		mov	r0, r3
 299 0112 FFF7FEFF 		bl	lwip_htons
 300 0116 0346     		mov	r3, r0
 301 0118 079A     		ldr	r2, [sp, #28]
 302 011a D318     		adds	r3, r2, r3
 303 011c 0793     		str	r3, [sp, #28]
 304              		.loc 1 313 0
 305 011e 079B     		ldr	r3, [sp, #28]
 306 0120 4FEA1342 		lsr	r2, r3, #16
 307 0124 079B     		ldr	r3, [sp, #28]
 308 0126 4FEA0343 		lsl	r3, r3, #16
 309 012a 4FEA1343 		lsr	r3, r3, #16
 310 012e D318     		adds	r3, r2, r3
 311 0130 0793     		str	r3, [sp, #28]
 312              		.loc 1 314 0
 313 0132 079B     		ldr	r3, [sp, #28]
 314 0134 4FEA1342 		lsr	r2, r3, #16
 315 0138 079B     		ldr	r3, [sp, #28]
 316 013a 4FEA0343 		lsl	r3, r3, #16
 317 013e 4FEA1343 		lsr	r3, r3, #16
 318 0142 D318     		adds	r3, r2, r3
 319 0144 0793     		str	r3, [sp, #28]
 320              		.loc 1 316 0
 321 0146 079B     		ldr	r3, [sp, #28]
 322 0148 9BB2     		uxth	r3, r3
 323 014a 6FEA0303 		mvn	r3, r3
 324 014e 9BB2     		uxth	r3, r3
 325              		.loc 1 317 0
 326 0150 1846     		mov	r0, r3
 327 0152 09B0     		add	sp, sp, #36
 328 0154 00BD     		pop	{pc}
 329              		.cfi_endproc
 330              	.LFE8:
 331              		.size	inet_chksum_pseudo, .-inet_chksum_pseudo
 332 0156 00BFAFF3 		.section	.text.inet_chksum_pseudo_partial,"ax",%progbits
 332      0080AFF3 
 332      0080
 333              		.align	2
 334              		.p2align 4,,15
 335              		.global	inet_chksum_pseudo_partial
 336              		.thumb
 337              		.thumb_func
 338              		.type	inet_chksum_pseudo_partial, %function
 339              	inet_chksum_pseudo_partial:
 340              	.LFB9:
ARM GAS  /tmp/ccBEbA1d.s 			page 7


 341              		.loc 1 335 0
 342              		.cfi_startproc
 343              		@ args = 8, pretend = 0, frame = 32
 344              		@ frame_needed = 0, uses_anonymous_args = 0
 345 0000 00B5     		push	{lr}
 346              	.LCFI3:
 347              		.cfi_def_cfa_offset 4
 348              		.cfi_offset 14, -4
 349 0002 89B0     		sub	sp, sp, #36
 350              	.LCFI4:
 351              		.cfi_def_cfa_offset 40
 352 0004 0390     		str	r0, [sp, #12]
 353 0006 0291     		str	r1, [sp, #8]
 354 0008 0192     		str	r2, [sp, #4]
 355 000a 8DF80330 		strb	r3, [sp, #3]
 356              		.loc 1 342 0
 357 000e 4FF00003 		mov	r3, #0
 358 0012 0793     		str	r3, [sp, #28]
 359              		.loc 1 343 0
 360 0014 4FF00003 		mov	r3, #0
 361 0018 8DF81730 		strb	r3, [sp, #23]
 362              		.loc 1 345 0
 363 001c 039B     		ldr	r3, [sp, #12]
 364 001e 0693     		str	r3, [sp, #24]
 365 0020 50E0     		b	.L13
 366              	.L18:
 367              		.loc 1 348 0
 368 0022 069B     		ldr	r3, [sp, #24]
 369 0024 5B89     		ldrh	r3, [r3, #10]	@ movhi
 370 0026 ADF81430 		strh	r3, [sp, #20]	@ movhi
 371              		.loc 1 349 0
 372 002a BDF81420 		ldrh	r2, [sp, #20]
 373 002e BDF82C30 		ldrh	r3, [sp, #44]
 374 0032 9A42     		cmp	r2, r3
 375 0034 03D9     		bls	.L14
 376              		.loc 1 350 0
 377 0036 BDF82C30 		ldrh	r3, [sp, #44]	@ movhi
 378 003a ADF81430 		strh	r3, [sp, #20]	@ movhi
 379              	.L14:
 380              		.loc 1 352 0
 381 003e 069B     		ldr	r3, [sp, #24]
 382 0040 5A68     		ldr	r2, [r3, #4]
 383 0042 BDF81430 		ldrh	r3, [sp, #20]
 384 0046 1046     		mov	r0, r2
 385 0048 1946     		mov	r1, r3
 386 004a FFF7FEFF 		bl	lwip_standard_chksum
 387 004e 0346     		mov	r3, r0
 388 0050 079A     		ldr	r2, [sp, #28]
 389 0052 D318     		adds	r3, r2, r3
 390 0054 0793     		str	r3, [sp, #28]
 391              		.loc 1 353 0
 392 0056 BDF82C20 		ldrh	r2, [sp, #44]	@ movhi
 393 005a BDF81430 		ldrh	r3, [sp, #20]	@ movhi
 394 005e D31A     		subs	r3, r2, r3
 395 0060 ADF82C30 		strh	r3, [sp, #44]	@ movhi
 396              		.loc 1 354 0
 397 0064 BDF82C20 		ldrh	r2, [sp, #44]
ARM GAS  /tmp/ccBEbA1d.s 			page 8


 398 0068 47F6FE73 		movw	r3, #32766
 399 006c 9A42     		cmp	r2, r3
 400 006e 01D9     		bls	.L15
 401              		.loc 1 354 0 is_stmt 0 discriminator 1
 402 0070 FFF7FEFF 		bl	port_halt
 403              	.L15:
 404              		.loc 1 357 0 is_stmt 1
 405 0074 079B     		ldr	r3, [sp, #28]
 406 0076 4FEA1342 		lsr	r2, r3, #16
 407 007a 079B     		ldr	r3, [sp, #28]
 408 007c 4FEA0343 		lsl	r3, r3, #16
 409 0080 4FEA1343 		lsr	r3, r3, #16
 410 0084 D318     		adds	r3, r2, r3
 411 0086 0793     		str	r3, [sp, #28]
 412              		.loc 1 358 0
 413 0088 069B     		ldr	r3, [sp, #24]
 414 008a 5B89     		ldrh	r3, [r3, #10]
 415 008c 03F00103 		and	r3, r3, #1
 416 0090 DBB2     		uxtb	r3, r3
 417 0092 002B     		cmp	r3, #0
 418 0094 13D0     		beq	.L16
 419              		.loc 1 359 0
 420 0096 9DF81730 		ldrb	r3, [sp, #23]
 421 009a C3F10103 		rsb	r3, r3, #1
 422 009e 8DF81730 		strb	r3, [sp, #23]
 423              		.loc 1 360 0
 424 00a2 079B     		ldr	r3, [sp, #28]
 425 00a4 4FEA0323 		lsl	r3, r3, #8
 426 00a8 4FEA0343 		lsl	r3, r3, #16
 427 00ac 4FEA1343 		lsr	r3, r3, #16
 428 00b0 079A     		ldr	r2, [sp, #28]
 429 00b2 02F47F42 		and	r2, r2, #65280
 430 00b6 4FEA1222 		lsr	r2, r2, #8
 431 00ba 1343     		orrs	r3, r3, r2
 432 00bc 0793     		str	r3, [sp, #28]
 433              	.L16:
 434              		.loc 1 345 0
 435 00be 069B     		ldr	r3, [sp, #24]
 436 00c0 1B68     		ldr	r3, [r3, #0]
 437 00c2 0693     		str	r3, [sp, #24]
 438              	.L13:
 439              		.loc 1 345 0 is_stmt 0 discriminator 1
 440 00c4 069B     		ldr	r3, [sp, #24]
 441 00c6 002B     		cmp	r3, #0
 442 00c8 03D0     		beq	.L17
 443              		.loc 1 345 0 discriminator 2
 444 00ca BDF82C30 		ldrh	r3, [sp, #44]
 445 00ce 002B     		cmp	r3, #0
 446 00d0 A7D1     		bne	.L18
 447              	.L17:
 448              		.loc 1 365 0 is_stmt 1
 449 00d2 9DF81730 		ldrb	r3, [sp, #23]	@ zero_extendqisi2
 450 00d6 002B     		cmp	r3, #0
 451 00d8 0DD0     		beq	.L19
 452              		.loc 1 366 0
 453 00da 079B     		ldr	r3, [sp, #28]
 454 00dc 4FEA0323 		lsl	r3, r3, #8
ARM GAS  /tmp/ccBEbA1d.s 			page 9


 455 00e0 4FEA0343 		lsl	r3, r3, #16
 456 00e4 4FEA1343 		lsr	r3, r3, #16
 457 00e8 079A     		ldr	r2, [sp, #28]
 458 00ea 02F47F42 		and	r2, r2, #65280
 459 00ee 4FEA1222 		lsr	r2, r2, #8
 460 00f2 1343     		orrs	r3, r3, r2
 461 00f4 0793     		str	r3, [sp, #28]
 462              	.L19:
 463              		.loc 1 368 0
 464 00f6 029B     		ldr	r3, [sp, #8]
 465 00f8 1B68     		ldr	r3, [r3, #0]
 466 00fa 0493     		str	r3, [sp, #16]
 467              		.loc 1 369 0
 468 00fc 049B     		ldr	r3, [sp, #16]
 469 00fe 4FEA0343 		lsl	r3, r3, #16
 470 0102 4FEA1343 		lsr	r3, r3, #16
 471 0106 079A     		ldr	r2, [sp, #28]
 472 0108 D318     		adds	r3, r2, r3
 473 010a 0793     		str	r3, [sp, #28]
 474              		.loc 1 370 0
 475 010c 049B     		ldr	r3, [sp, #16]
 476 010e 4FEA1343 		lsr	r3, r3, #16
 477 0112 079A     		ldr	r2, [sp, #28]
 478 0114 D318     		adds	r3, r2, r3
 479 0116 0793     		str	r3, [sp, #28]
 480              		.loc 1 371 0
 481 0118 019B     		ldr	r3, [sp, #4]
 482 011a 1B68     		ldr	r3, [r3, #0]
 483 011c 0493     		str	r3, [sp, #16]
 484              		.loc 1 372 0
 485 011e 049B     		ldr	r3, [sp, #16]
 486 0120 4FEA0343 		lsl	r3, r3, #16
 487 0124 4FEA1343 		lsr	r3, r3, #16
 488 0128 079A     		ldr	r2, [sp, #28]
 489 012a D318     		adds	r3, r2, r3
 490 012c 0793     		str	r3, [sp, #28]
 491              		.loc 1 373 0
 492 012e 049B     		ldr	r3, [sp, #16]
 493 0130 4FEA1343 		lsr	r3, r3, #16
 494 0134 079A     		ldr	r2, [sp, #28]
 495 0136 D318     		adds	r3, r2, r3
 496 0138 0793     		str	r3, [sp, #28]
 497              		.loc 1 374 0
 498 013a 9DF80330 		ldrb	r3, [sp, #3]	@ zero_extendqisi2
 499 013e 9BB2     		uxth	r3, r3
 500 0140 1846     		mov	r0, r3
 501 0142 FFF7FEFF 		bl	lwip_htons
 502 0146 0346     		mov	r3, r0
 503 0148 079A     		ldr	r2, [sp, #28]
 504 014a D318     		adds	r3, r2, r3
 505 014c 0793     		str	r3, [sp, #28]
 506              		.loc 1 375 0
 507 014e BDF82830 		ldrh	r3, [sp, #40]
 508 0152 1846     		mov	r0, r3
 509 0154 FFF7FEFF 		bl	lwip_htons
 510 0158 0346     		mov	r3, r0
 511 015a 079A     		ldr	r2, [sp, #28]
ARM GAS  /tmp/ccBEbA1d.s 			page 10


 512 015c D318     		adds	r3, r2, r3
 513 015e 0793     		str	r3, [sp, #28]
 514              		.loc 1 379 0
 515 0160 079B     		ldr	r3, [sp, #28]
 516 0162 4FEA1342 		lsr	r2, r3, #16
 517 0166 079B     		ldr	r3, [sp, #28]
 518 0168 4FEA0343 		lsl	r3, r3, #16
 519 016c 4FEA1343 		lsr	r3, r3, #16
 520 0170 D318     		adds	r3, r2, r3
 521 0172 0793     		str	r3, [sp, #28]
 522              		.loc 1 380 0
 523 0174 079B     		ldr	r3, [sp, #28]
 524 0176 4FEA1342 		lsr	r2, r3, #16
 525 017a 079B     		ldr	r3, [sp, #28]
 526 017c 4FEA0343 		lsl	r3, r3, #16
 527 0180 4FEA1343 		lsr	r3, r3, #16
 528 0184 D318     		adds	r3, r2, r3
 529 0186 0793     		str	r3, [sp, #28]
 530              		.loc 1 382 0
 531 0188 079B     		ldr	r3, [sp, #28]
 532 018a 9BB2     		uxth	r3, r3
 533 018c 6FEA0303 		mvn	r3, r3
 534 0190 9BB2     		uxth	r3, r3
 535              		.loc 1 383 0
 536 0192 1846     		mov	r0, r3
 537 0194 09B0     		add	sp, sp, #36
 538 0196 00BD     		pop	{pc}
 539              		.cfi_endproc
 540              	.LFE9:
 541              		.size	inet_chksum_pseudo_partial, .-inet_chksum_pseudo_partial
 542 0198 AFF30080 		.section	.text.inet_chksum,"ax",%progbits
 542      AFF30080 
 543              		.align	2
 544              		.p2align 4,,15
 545              		.global	inet_chksum
 546              		.thumb
 547              		.thumb_func
 548              		.type	inet_chksum, %function
 549              	inet_chksum:
 550              	.LFB10:
 551              		.loc 1 397 0
 552              		.cfi_startproc
 553              		@ args = 0, pretend = 0, frame = 8
 554              		@ frame_needed = 0, uses_anonymous_args = 0
 555 0000 00B5     		push	{lr}
 556              	.LCFI5:
 557              		.cfi_def_cfa_offset 4
 558              		.cfi_offset 14, -4
 559 0002 83B0     		sub	sp, sp, #12
 560              	.LCFI6:
 561              		.cfi_def_cfa_offset 16
 562 0004 0190     		str	r0, [sp, #4]
 563 0006 0B46     		mov	r3, r1
 564 0008 ADF80230 		strh	r3, [sp, #2]	@ movhi
 565              		.loc 1 398 0
 566 000c BDF80230 		ldrh	r3, [sp, #2]
 567 0010 0198     		ldr	r0, [sp, #4]
ARM GAS  /tmp/ccBEbA1d.s 			page 11


 568 0012 1946     		mov	r1, r3
 569 0014 FFF7FEFF 		bl	lwip_standard_chksum
 570 0018 0346     		mov	r3, r0
 571 001a 6FEA0303 		mvn	r3, r3
 572 001e 9BB2     		uxth	r3, r3
 573              		.loc 1 399 0
 574 0020 1846     		mov	r0, r3
 575 0022 03B0     		add	sp, sp, #12
 576 0024 00BD     		pop	{pc}
 577              		.cfi_endproc
 578              	.LFE10:
 579              		.size	inet_chksum, .-inet_chksum
 580 0026 00BFAFF3 		.section	.text.inet_chksum_pbuf,"ax",%progbits
 580      0080AFF3 
 580      0080
 581              		.align	2
 582              		.p2align 4,,15
 583              		.global	inet_chksum_pbuf
 584              		.thumb
 585              		.thumb_func
 586              		.type	inet_chksum_pbuf, %function
 587              	inet_chksum_pbuf:
 588              	.LFB11:
 589              		.loc 1 410 0
 590              		.cfi_startproc
 591              		@ args = 0, pretend = 0, frame = 24
 592              		@ frame_needed = 0, uses_anonymous_args = 0
 593 0000 00B5     		push	{lr}
 594              	.LCFI7:
 595              		.cfi_def_cfa_offset 4
 596              		.cfi_offset 14, -4
 597 0002 87B0     		sub	sp, sp, #28
 598              	.LCFI8:
 599              		.cfi_def_cfa_offset 32
 600 0004 0190     		str	r0, [sp, #4]
 601              		.loc 1 415 0
 602 0006 4FF00003 		mov	r3, #0
 603 000a 0593     		str	r3, [sp, #20]
 604              		.loc 1 416 0
 605 000c 4FF00003 		mov	r3, #0
 606 0010 8DF80F30 		strb	r3, [sp, #15]
 607              		.loc 1 417 0
 608 0014 019B     		ldr	r3, [sp, #4]
 609 0016 0493     		str	r3, [sp, #16]
 610 0018 33E0     		b	.L22
 611              	.L24:
 612              		.loc 1 418 0
 613 001a 049B     		ldr	r3, [sp, #16]
 614 001c 5A68     		ldr	r2, [r3, #4]
 615 001e 049B     		ldr	r3, [sp, #16]
 616 0020 5B89     		ldrh	r3, [r3, #10]
 617 0022 1046     		mov	r0, r2
 618 0024 1946     		mov	r1, r3
 619 0026 FFF7FEFF 		bl	lwip_standard_chksum
 620 002a 0346     		mov	r3, r0
 621 002c 059A     		ldr	r2, [sp, #20]
 622 002e D318     		adds	r3, r2, r3
ARM GAS  /tmp/ccBEbA1d.s 			page 12


 623 0030 0593     		str	r3, [sp, #20]
 624              		.loc 1 419 0
 625 0032 059B     		ldr	r3, [sp, #20]
 626 0034 4FEA1342 		lsr	r2, r3, #16
 627 0038 059B     		ldr	r3, [sp, #20]
 628 003a 4FEA0343 		lsl	r3, r3, #16
 629 003e 4FEA1343 		lsr	r3, r3, #16
 630 0042 D318     		adds	r3, r2, r3
 631 0044 0593     		str	r3, [sp, #20]
 632              		.loc 1 420 0
 633 0046 049B     		ldr	r3, [sp, #16]
 634 0048 5B89     		ldrh	r3, [r3, #10]
 635 004a 03F00103 		and	r3, r3, #1
 636 004e DBB2     		uxtb	r3, r3
 637 0050 002B     		cmp	r3, #0
 638 0052 13D0     		beq	.L23
 639              		.loc 1 421 0
 640 0054 9DF80F30 		ldrb	r3, [sp, #15]
 641 0058 C3F10103 		rsb	r3, r3, #1
 642 005c 8DF80F30 		strb	r3, [sp, #15]
 643              		.loc 1 422 0
 644 0060 059B     		ldr	r3, [sp, #20]
 645 0062 4FEA0323 		lsl	r3, r3, #8
 646 0066 4FEA0343 		lsl	r3, r3, #16
 647 006a 4FEA1343 		lsr	r3, r3, #16
 648 006e 059A     		ldr	r2, [sp, #20]
 649 0070 02F47F42 		and	r2, r2, #65280
 650 0074 4FEA1222 		lsr	r2, r2, #8
 651 0078 1343     		orrs	r3, r3, r2
 652 007a 0593     		str	r3, [sp, #20]
 653              	.L23:
 654              		.loc 1 417 0
 655 007c 049B     		ldr	r3, [sp, #16]
 656 007e 1B68     		ldr	r3, [r3, #0]
 657 0080 0493     		str	r3, [sp, #16]
 658              	.L22:
 659              		.loc 1 417 0 is_stmt 0 discriminator 1
 660 0082 049B     		ldr	r3, [sp, #16]
 661 0084 002B     		cmp	r3, #0
 662 0086 C8D1     		bne	.L24
 663              		.loc 1 426 0 is_stmt 1
 664 0088 9DF80F30 		ldrb	r3, [sp, #15]	@ zero_extendqisi2
 665 008c 002B     		cmp	r3, #0
 666 008e 0DD0     		beq	.L25
 667              		.loc 1 427 0
 668 0090 059B     		ldr	r3, [sp, #20]
 669 0092 4FEA0323 		lsl	r3, r3, #8
 670 0096 4FEA0343 		lsl	r3, r3, #16
 671 009a 4FEA1343 		lsr	r3, r3, #16
 672 009e 059A     		ldr	r2, [sp, #20]
 673 00a0 02F47F42 		and	r2, r2, #65280
 674 00a4 4FEA1222 		lsr	r2, r2, #8
 675 00a8 1343     		orrs	r3, r3, r2
 676 00aa 0593     		str	r3, [sp, #20]
 677              	.L25:
 678              		.loc 1 429 0
 679 00ac 059B     		ldr	r3, [sp, #20]
ARM GAS  /tmp/ccBEbA1d.s 			page 13


 680 00ae 9BB2     		uxth	r3, r3
 681 00b0 6FEA0303 		mvn	r3, r3
 682 00b4 9BB2     		uxth	r3, r3
 683              		.loc 1 430 0
 684 00b6 1846     		mov	r0, r3
 685 00b8 07B0     		add	sp, sp, #28
 686 00ba 00BD     		pop	{pc}
 687              		.cfi_endproc
 688              	.LFE11:
 689              		.size	inet_chksum_pbuf, .-inet_chksum_pbuf
 690 00bc AFF30080 		.text
 691              	.Letext0:
 692              		.file 2 "/home/texzk/ChibiStudio/tools/GNU Tools ARM Embedded/4.6 2012q2/bin/../lib/gcc/arm-none-e
 693              		.file 3 "../../os/various/lwip_bindings/arch/cc.h"
 694              		.file 4 "../../ext/lwip/src/include/lwip/pbuf.h"
 695              		.file 5 "../../ext/lwip/src/include/ipv4/lwip/ip_addr.h"
 696              		.section	.debug_info,"",%progbits
 697              	.Ldebug_info0:
 698 0000 DC030000 		.4byte	0x3dc
 699 0004 0200     		.2byte	0x2
 700 0006 00000000 		.4byte	.Ldebug_abbrev0
 701 000a 04       		.byte	0x4
 702 000b 01       		.uleb128 0x1
 703 000c AD000000 		.4byte	.LASF36
 704 0010 01       		.byte	0x1
 705 0011 3B000000 		.4byte	.LASF37
 706 0015 1B010000 		.4byte	.LASF38
 707 0019 00000000 		.4byte	0
 708 001d 00000000 		.4byte	0
 709 0021 00000000 		.4byte	.Ldebug_ranges0+0
 710 0025 00000000 		.4byte	.Ldebug_line0
 711 0029 02       		.uleb128 0x2
 712 002a 04       		.byte	0x4
 713 002b 05       		.byte	0x5
 714 002c 696E7400 		.ascii	"int\000"
 715 0030 03       		.uleb128 0x3
 716 0031 04       		.byte	0x4
 717 0032 07       		.byte	0x7
 718 0033 86010000 		.4byte	.LASF0
 719 0037 03       		.uleb128 0x3
 720 0038 01       		.byte	0x1
 721 0039 06       		.byte	0x6
 722 003a 99000000 		.4byte	.LASF1
 723 003e 04       		.uleb128 0x4
 724 003f CB010000 		.4byte	.LASF4
 725 0043 02       		.byte	0x2
 726 0044 2A       		.byte	0x2a
 727 0045 49000000 		.4byte	0x49
 728 0049 03       		.uleb128 0x3
 729 004a 01       		.byte	0x1
 730 004b 08       		.byte	0x8
 731 004c 78010000 		.4byte	.LASF2
 732 0050 03       		.uleb128 0x3
 733 0051 02       		.byte	0x2
 734 0052 05       		.byte	0x5
 735 0053 0B020000 		.4byte	.LASF3
 736 0057 04       		.uleb128 0x4
ARM GAS  /tmp/ccBEbA1d.s 			page 14


 737 0058 15020000 		.4byte	.LASF5
 738 005c 02       		.byte	0x2
 739 005d 36       		.byte	0x36
 740 005e 62000000 		.4byte	0x62
 741 0062 03       		.uleb128 0x3
 742 0063 02       		.byte	0x2
 743 0064 07       		.byte	0x7
 744 0065 66000000 		.4byte	.LASF6
 745 0069 03       		.uleb128 0x3
 746 006a 04       		.byte	0x4
 747 006b 05       		.byte	0x5
 748 006c 27020000 		.4byte	.LASF7
 749 0070 04       		.uleb128 0x4
 750 0071 1E020000 		.4byte	.LASF8
 751 0075 02       		.byte	0x2
 752 0076 50       		.byte	0x50
 753 0077 7B000000 		.4byte	0x7b
 754 007b 03       		.uleb128 0x3
 755 007c 04       		.byte	0x4
 756 007d 07       		.byte	0x7
 757 007e F6000000 		.4byte	.LASF9
 758 0082 03       		.uleb128 0x3
 759 0083 08       		.byte	0x8
 760 0084 05       		.byte	0x5
 761 0085 F3010000 		.4byte	.LASF10
 762 0089 03       		.uleb128 0x3
 763 008a 08       		.byte	0x8
 764 008b 07       		.byte	0x7
 765 008c B4010000 		.4byte	.LASF11
 766 0090 05       		.uleb128 0x5
 767 0091 04       		.byte	0x4
 768 0092 03       		.uleb128 0x3
 769 0093 01       		.byte	0x1
 770 0094 08       		.byte	0x8
 771 0095 30020000 		.4byte	.LASF12
 772 0099 04       		.uleb128 0x4
 773 009a D3010000 		.4byte	.LASF13
 774 009e 03       		.byte	0x3
 775 009f 3C       		.byte	0x3c
 776 00a0 3E000000 		.4byte	0x3e
 777 00a4 04       		.uleb128 0x4
 778 00a5 15010000 		.4byte	.LASF14
 779 00a9 03       		.byte	0x3
 780 00aa 3E       		.byte	0x3e
 781 00ab 57000000 		.4byte	0x57
 782 00af 04       		.uleb128 0x4
 783 00b0 60010000 		.4byte	.LASF15
 784 00b4 03       		.byte	0x3
 785 00b5 40       		.byte	0x40
 786 00b6 70000000 		.4byte	0x70
 787 00ba 04       		.uleb128 0x4
 788 00bb 16000000 		.4byte	.LASF16
 789 00bf 03       		.byte	0x3
 790 00c0 42       		.byte	0x42
 791 00c1 70000000 		.4byte	0x70
 792 00c5 06       		.uleb128 0x6
 793 00c6 01020000 		.4byte	.LASF22
ARM GAS  /tmp/ccBEbA1d.s 			page 15


 794 00ca 10       		.byte	0x10
 795 00cb 04       		.byte	0x4
 796 00cc 49       		.byte	0x49
 797 00cd 34010000 		.4byte	0x134
 798 00d1 07       		.uleb128 0x7
 799 00d2 11000000 		.4byte	.LASF17
 800 00d6 04       		.byte	0x4
 801 00d7 4B       		.byte	0x4b
 802 00d8 34010000 		.4byte	0x134
 803 00dc 02       		.byte	0x2
 804 00dd 23       		.byte	0x23
 805 00de 00       		.uleb128 0
 806 00df 07       		.uleb128 0x7
 807 00e0 EB010000 		.4byte	.LASF18
 808 00e4 04       		.byte	0x4
 809 00e5 4E       		.byte	0x4e
 810 00e6 90000000 		.4byte	0x90
 811 00ea 02       		.byte	0x2
 812 00eb 23       		.byte	0x23
 813 00ec 04       		.uleb128 0x4
 814 00ed 07       		.uleb128 0x7
 815 00ee 66010000 		.4byte	.LASF19
 816 00f2 04       		.byte	0x4
 817 00f3 57       		.byte	0x57
 818 00f4 A4000000 		.4byte	0xa4
 819 00f8 02       		.byte	0x2
 820 00f9 23       		.byte	0x23
 821 00fa 08       		.uleb128 0x8
 822 00fb 08       		.uleb128 0x8
 823 00fc 6C656E00 		.ascii	"len\000"
 824 0100 04       		.byte	0x4
 825 0101 5A       		.byte	0x5a
 826 0102 A4000000 		.4byte	0xa4
 827 0106 02       		.byte	0x2
 828 0107 23       		.byte	0x23
 829 0108 0A       		.uleb128 0xa
 830 0109 07       		.uleb128 0x7
 831 010a 06020000 		.4byte	.LASF20
 832 010e 04       		.byte	0x4
 833 010f 5D       		.byte	0x5d
 834 0110 99000000 		.4byte	0x99
 835 0114 02       		.byte	0x2
 836 0115 23       		.byte	0x23
 837 0116 0C       		.uleb128 0xc
 838 0117 07       		.uleb128 0x7
 839 0118 93010000 		.4byte	.LASF21
 840 011c 04       		.byte	0x4
 841 011d 60       		.byte	0x60
 842 011e 99000000 		.4byte	0x99
 843 0122 02       		.byte	0x2
 844 0123 23       		.byte	0x23
 845 0124 0D       		.uleb128 0xd
 846 0125 08       		.uleb128 0x8
 847 0126 72656600 		.ascii	"ref\000"
 848 012a 04       		.byte	0x4
 849 012b 67       		.byte	0x67
 850 012c A4000000 		.4byte	0xa4
ARM GAS  /tmp/ccBEbA1d.s 			page 16


 851 0130 02       		.byte	0x2
 852 0131 23       		.byte	0x23
 853 0132 0E       		.uleb128 0xe
 854 0133 00       		.byte	0
 855 0134 09       		.uleb128 0x9
 856 0135 04       		.byte	0x4
 857 0136 C5000000 		.4byte	0xc5
 858 013a 06       		.uleb128 0x6
 859 013b 2C000000 		.4byte	.LASF23
 860 013f 04       		.byte	0x4
 861 0140 05       		.byte	0x5
 862 0141 2C       		.byte	0x2c
 863 0142 55010000 		.4byte	0x155
 864 0146 07       		.uleb128 0x7
 865 0147 08010000 		.4byte	.LASF24
 866 014b 05       		.byte	0x5
 867 014c 2D       		.byte	0x2d
 868 014d AF000000 		.4byte	0xaf
 869 0151 02       		.byte	0x2
 870 0152 23       		.byte	0x23
 871 0153 00       		.uleb128 0
 872 0154 00       		.byte	0
 873 0155 04       		.uleb128 0x4
 874 0156 6E010000 		.4byte	.LASF25
 875 015a 05       		.byte	0x5
 876 015b 40       		.byte	0x40
 877 015c 3A010000 		.4byte	0x13a
 878 0160 0A       		.uleb128 0xa
 879 0161 79000000 		.4byte	.LASF39
 880 0165 01       		.byte	0x1
 881 0166 87       		.byte	0x87
 882 0167 01       		.byte	0x1
 883 0168 A4000000 		.4byte	0xa4
 884 016c 00000000 		.4byte	.LFB7
 885 0170 DE000000 		.4byte	.LFE7
 886 0174 00000000 		.4byte	.LLST0
 887 0178 DB010000 		.4byte	0x1db
 888 017c 0B       		.uleb128 0xb
 889 017d 0D010000 		.4byte	.LASF26
 890 0181 01       		.byte	0x1
 891 0182 87       		.byte	0x87
 892 0183 90000000 		.4byte	0x90
 893 0187 02       		.byte	0x2
 894 0188 91       		.byte	0x91
 895 0189 64       		.sleb128 -28
 896 018a 0C       		.uleb128 0xc
 897 018b 6C656E00 		.ascii	"len\000"
 898 018f 01       		.byte	0x1
 899 0190 87       		.byte	0x87
 900 0191 29000000 		.4byte	0x29
 901 0195 02       		.byte	0x2
 902 0196 91       		.byte	0x91
 903 0197 60       		.sleb128 -32
 904 0198 0D       		.uleb128 0xd
 905 0199 706200   		.ascii	"pb\000"
 906 019c 01       		.byte	0x1
 907 019d 89       		.byte	0x89
ARM GAS  /tmp/ccBEbA1d.s 			page 17


 908 019e DB010000 		.4byte	0x1db
 909 01a2 02       		.byte	0x2
 910 01a3 91       		.byte	0x91
 911 01a4 7C       		.sleb128 -4
 912 01a5 0D       		.uleb128 0xd
 913 01a6 707300   		.ascii	"ps\000"
 914 01a9 01       		.byte	0x1
 915 01aa 8A       		.byte	0x8a
 916 01ab E1010000 		.4byte	0x1e1
 917 01af 02       		.byte	0x2
 918 01b0 91       		.byte	0x91
 919 01b1 78       		.sleb128 -8
 920 01b2 0D       		.uleb128 0xd
 921 01b3 7400     		.ascii	"t\000"
 922 01b5 01       		.byte	0x1
 923 01b6 8A       		.byte	0x8a
 924 01b7 A4000000 		.4byte	0xa4
 925 01bb 02       		.byte	0x2
 926 01bc 91       		.byte	0x91
 927 01bd 6E       		.sleb128 -18
 928 01be 0D       		.uleb128 0xd
 929 01bf 73756D00 		.ascii	"sum\000"
 930 01c3 01       		.byte	0x1
 931 01c4 8B       		.byte	0x8b
 932 01c5 AF000000 		.4byte	0xaf
 933 01c9 02       		.byte	0x2
 934 01ca 91       		.byte	0x91
 935 01cb 74       		.sleb128 -12
 936 01cc 0D       		.uleb128 0xd
 937 01cd 6F646400 		.ascii	"odd\000"
 938 01d1 01       		.byte	0x1
 939 01d2 8C       		.byte	0x8c
 940 01d3 29000000 		.4byte	0x29
 941 01d7 02       		.byte	0x2
 942 01d8 91       		.byte	0x91
 943 01d9 70       		.sleb128 -16
 944 01da 00       		.byte	0
 945 01db 09       		.uleb128 0x9
 946 01dc 04       		.byte	0x4
 947 01dd 99000000 		.4byte	0x99
 948 01e1 09       		.uleb128 0x9
 949 01e2 04       		.byte	0x4
 950 01e3 A4000000 		.4byte	0xa4
 951 01e7 0E       		.uleb128 0xe
 952 01e8 01       		.byte	0x1
 953 01e9 D8010000 		.4byte	.LASF31
 954 01ed 01       		.byte	0x1
 955 01ee 1001     		.2byte	0x110
 956 01f0 01       		.byte	0x1
 957 01f1 A4000000 		.4byte	0xa4
 958 01f5 00000000 		.4byte	.LFB8
 959 01f9 56010000 		.4byte	.LFE8
 960 01fd 20000000 		.4byte	.LLST1
 961 0201 89020000 		.4byte	0x289
 962 0205 0F       		.uleb128 0xf
 963 0206 7000     		.ascii	"p\000"
 964 0208 01       		.byte	0x1
ARM GAS  /tmp/ccBEbA1d.s 			page 18


 965 0209 1001     		.2byte	0x110
 966 020b 34010000 		.4byte	0x134
 967 020f 02       		.byte	0x2
 968 0210 91       		.byte	0x91
 969 0211 64       		.sleb128 -28
 970 0212 0F       		.uleb128 0xf
 971 0213 73726300 		.ascii	"src\000"
 972 0217 01       		.byte	0x1
 973 0218 1101     		.2byte	0x111
 974 021a 89020000 		.4byte	0x289
 975 021e 02       		.byte	0x2
 976 021f 91       		.byte	0x91
 977 0220 60       		.sleb128 -32
 978 0221 10       		.uleb128 0x10
 979 0222 45020000 		.4byte	.LASF27
 980 0226 01       		.byte	0x1
 981 0227 1101     		.2byte	0x111
 982 0229 89020000 		.4byte	0x289
 983 022d 02       		.byte	0x2
 984 022e 91       		.byte	0x91
 985 022f 5C       		.sleb128 -36
 986 0230 10       		.uleb128 0x10
 987 0231 3F020000 		.4byte	.LASF28
 988 0235 01       		.byte	0x1
 989 0236 1201     		.2byte	0x112
 990 0238 99000000 		.4byte	0x99
 991 023c 02       		.byte	0x2
 992 023d 91       		.byte	0x91
 993 023e 5B       		.sleb128 -37
 994 023f 10       		.uleb128 0x10
 995 0240 35020000 		.4byte	.LASF29
 996 0244 01       		.byte	0x1
 997 0245 1201     		.2byte	0x112
 998 0247 A4000000 		.4byte	0xa4
 999 024b 02       		.byte	0x2
 1000 024c 91       		.byte	0x91
 1001 024d 00       		.sleb128 0
 1002 024e 11       		.uleb128 0x11
 1003 024f 61636300 		.ascii	"acc\000"
 1004 0253 01       		.byte	0x1
 1005 0254 1401     		.2byte	0x114
 1006 0256 AF000000 		.4byte	0xaf
 1007 025a 02       		.byte	0x2
 1008 025b 91       		.byte	0x91
 1009 025c 74       		.sleb128 -12
 1010 025d 12       		.uleb128 0x12
 1011 025e 08010000 		.4byte	.LASF24
 1012 0262 01       		.byte	0x1
 1013 0263 1501     		.2byte	0x115
 1014 0265 AF000000 		.4byte	0xaf
 1015 0269 02       		.byte	0x2
 1016 026a 91       		.byte	0x91
 1017 026b 68       		.sleb128 -24
 1018 026c 11       		.uleb128 0x11
 1019 026d 7100     		.ascii	"q\000"
 1020 026f 01       		.byte	0x1
 1021 0270 1601     		.2byte	0x116
ARM GAS  /tmp/ccBEbA1d.s 			page 19


 1022 0272 34010000 		.4byte	0x134
 1023 0276 02       		.byte	0x2
 1024 0277 91       		.byte	0x91
 1025 0278 70       		.sleb128 -16
 1026 0279 12       		.uleb128 0x12
 1027 027a A5000000 		.4byte	.LASF30
 1028 027e 01       		.byte	0x1
 1029 027f 1701     		.2byte	0x117
 1030 0281 99000000 		.4byte	0x99
 1031 0285 02       		.byte	0x2
 1032 0286 91       		.byte	0x91
 1033 0287 6F       		.sleb128 -17
 1034 0288 00       		.byte	0
 1035 0289 09       		.uleb128 0x9
 1036 028a 04       		.byte	0x4
 1037 028b 55010000 		.4byte	0x155
 1038 028f 0E       		.uleb128 0xe
 1039 0290 01       		.byte	0x1
 1040 0291 99010000 		.4byte	.LASF32
 1041 0295 01       		.byte	0x1
 1042 0296 4C01     		.2byte	0x14c
 1043 0298 01       		.byte	0x1
 1044 0299 A4000000 		.4byte	0xa4
 1045 029d 00000000 		.4byte	.LFB9
 1046 02a1 98010000 		.4byte	.LFE9
 1047 02a5 4C000000 		.4byte	.LLST2
 1048 02a9 4F030000 		.4byte	0x34f
 1049 02ad 0F       		.uleb128 0xf
 1050 02ae 7000     		.ascii	"p\000"
 1051 02b0 01       		.byte	0x1
 1052 02b1 4C01     		.2byte	0x14c
 1053 02b3 34010000 		.4byte	0x134
 1054 02b7 02       		.byte	0x2
 1055 02b8 91       		.byte	0x91
 1056 02b9 64       		.sleb128 -28
 1057 02ba 0F       		.uleb128 0xf
 1058 02bb 73726300 		.ascii	"src\000"
 1059 02bf 01       		.byte	0x1
 1060 02c0 4D01     		.2byte	0x14d
 1061 02c2 89020000 		.4byte	0x289
 1062 02c6 02       		.byte	0x2
 1063 02c7 91       		.byte	0x91
 1064 02c8 60       		.sleb128 -32
 1065 02c9 10       		.uleb128 0x10
 1066 02ca 45020000 		.4byte	.LASF27
 1067 02ce 01       		.byte	0x1
 1068 02cf 4D01     		.2byte	0x14d
 1069 02d1 89020000 		.4byte	0x289
 1070 02d5 02       		.byte	0x2
 1071 02d6 91       		.byte	0x91
 1072 02d7 5C       		.sleb128 -36
 1073 02d8 10       		.uleb128 0x10
 1074 02d9 3F020000 		.4byte	.LASF28
 1075 02dd 01       		.byte	0x1
 1076 02de 4E01     		.2byte	0x14e
 1077 02e0 99000000 		.4byte	0x99
 1078 02e4 02       		.byte	0x2
ARM GAS  /tmp/ccBEbA1d.s 			page 20


 1079 02e5 91       		.byte	0x91
 1080 02e6 5B       		.sleb128 -37
 1081 02e7 10       		.uleb128 0x10
 1082 02e8 35020000 		.4byte	.LASF29
 1083 02ec 01       		.byte	0x1
 1084 02ed 4E01     		.2byte	0x14e
 1085 02ef A4000000 		.4byte	0xa4
 1086 02f3 02       		.byte	0x2
 1087 02f4 91       		.byte	0x91
 1088 02f5 00       		.sleb128 0
 1089 02f6 10       		.uleb128 0x10
 1090 02f7 8E000000 		.4byte	.LASF33
 1091 02fb 01       		.byte	0x1
 1092 02fc 4E01     		.2byte	0x14e
 1093 02fe A4000000 		.4byte	0xa4
 1094 0302 02       		.byte	0x2
 1095 0303 91       		.byte	0x91
 1096 0304 04       		.sleb128 4
 1097 0305 11       		.uleb128 0x11
 1098 0306 61636300 		.ascii	"acc\000"
 1099 030a 01       		.byte	0x1
 1100 030b 5001     		.2byte	0x150
 1101 030d AF000000 		.4byte	0xaf
 1102 0311 02       		.byte	0x2
 1103 0312 91       		.byte	0x91
 1104 0313 74       		.sleb128 -12
 1105 0314 12       		.uleb128 0x12
 1106 0315 08010000 		.4byte	.LASF24
 1107 0319 01       		.byte	0x1
 1108 031a 5101     		.2byte	0x151
 1109 031c AF000000 		.4byte	0xaf
 1110 0320 02       		.byte	0x2
 1111 0321 91       		.byte	0x91
 1112 0322 68       		.sleb128 -24
 1113 0323 11       		.uleb128 0x11
 1114 0324 7100     		.ascii	"q\000"
 1115 0326 01       		.byte	0x1
 1116 0327 5201     		.2byte	0x152
 1117 0329 34010000 		.4byte	0x134
 1118 032d 02       		.byte	0x2
 1119 032e 91       		.byte	0x91
 1120 032f 70       		.sleb128 -16
 1121 0330 12       		.uleb128 0x12
 1122 0331 A5000000 		.4byte	.LASF30
 1123 0335 01       		.byte	0x1
 1124 0336 5301     		.2byte	0x153
 1125 0338 99000000 		.4byte	0x99
 1126 033c 02       		.byte	0x2
 1127 033d 91       		.byte	0x91
 1128 033e 6F       		.sleb128 -17
 1129 033f 12       		.uleb128 0x12
 1130 0340 34000000 		.4byte	.LASF34
 1131 0344 01       		.byte	0x1
 1132 0345 5401     		.2byte	0x154
 1133 0347 A4000000 		.4byte	0xa4
 1134 034b 02       		.byte	0x2
 1135 034c 91       		.byte	0x91
ARM GAS  /tmp/ccBEbA1d.s 			page 21


 1136 034d 6C       		.sleb128 -20
 1137 034e 00       		.byte	0
 1138 034f 0E       		.uleb128 0xe
 1139 0350 01       		.byte	0x1
 1140 0351 20000000 		.4byte	.LASF35
 1141 0355 01       		.byte	0x1
 1142 0356 8C01     		.2byte	0x18c
 1143 0358 01       		.byte	0x1
 1144 0359 A4000000 		.4byte	0xa4
 1145 035d 00000000 		.4byte	.LFB10
 1146 0361 26000000 		.4byte	.LFE10
 1147 0365 78000000 		.4byte	.LLST3
 1148 0369 8C030000 		.4byte	0x38c
 1149 036d 10       		.uleb128 0x10
 1150 036e 0D010000 		.4byte	.LASF26
 1151 0372 01       		.byte	0x1
 1152 0373 8C01     		.2byte	0x18c
 1153 0375 90000000 		.4byte	0x90
 1154 0379 02       		.byte	0x2
 1155 037a 91       		.byte	0x91
 1156 037b 74       		.sleb128 -12
 1157 037c 0F       		.uleb128 0xf
 1158 037d 6C656E00 		.ascii	"len\000"
 1159 0381 01       		.byte	0x1
 1160 0382 8C01     		.2byte	0x18c
 1161 0384 A4000000 		.4byte	0xa4
 1162 0388 02       		.byte	0x2
 1163 0389 91       		.byte	0x91
 1164 038a 72       		.sleb128 -14
 1165 038b 00       		.byte	0
 1166 038c 13       		.uleb128 0x13
 1167 038d 01       		.byte	0x1
 1168 038e 00000000 		.4byte	.LASF40
 1169 0392 01       		.byte	0x1
 1170 0393 9901     		.2byte	0x199
 1171 0395 01       		.byte	0x1
 1172 0396 A4000000 		.4byte	0xa4
 1173 039a 00000000 		.4byte	.LFB11
 1174 039e BC000000 		.4byte	.LFE11
 1175 03a2 A4000000 		.4byte	.LLST4
 1176 03a6 0F       		.uleb128 0xf
 1177 03a7 7000     		.ascii	"p\000"
 1178 03a9 01       		.byte	0x1
 1179 03aa 9901     		.2byte	0x199
 1180 03ac 34010000 		.4byte	0x134
 1181 03b0 02       		.byte	0x2
 1182 03b1 91       		.byte	0x91
 1183 03b2 64       		.sleb128 -28
 1184 03b3 11       		.uleb128 0x11
 1185 03b4 61636300 		.ascii	"acc\000"
 1186 03b8 01       		.byte	0x1
 1187 03b9 9B01     		.2byte	0x19b
 1188 03bb AF000000 		.4byte	0xaf
 1189 03bf 02       		.byte	0x2
 1190 03c0 91       		.byte	0x91
 1191 03c1 74       		.sleb128 -12
 1192 03c2 11       		.uleb128 0x11
ARM GAS  /tmp/ccBEbA1d.s 			page 22


 1193 03c3 7100     		.ascii	"q\000"
 1194 03c5 01       		.byte	0x1
 1195 03c6 9C01     		.2byte	0x19c
 1196 03c8 34010000 		.4byte	0x134
 1197 03cc 02       		.byte	0x2
 1198 03cd 91       		.byte	0x91
 1199 03ce 70       		.sleb128 -16
 1200 03cf 12       		.uleb128 0x12
 1201 03d0 A5000000 		.4byte	.LASF30
 1202 03d4 01       		.byte	0x1
 1203 03d5 9D01     		.2byte	0x19d
 1204 03d7 99000000 		.4byte	0x99
 1205 03db 02       		.byte	0x2
 1206 03dc 91       		.byte	0x91
 1207 03dd 6F       		.sleb128 -17
 1208 03de 00       		.byte	0
 1209 03df 00       		.byte	0
 1210              		.section	.debug_abbrev,"",%progbits
 1211              	.Ldebug_abbrev0:
 1212 0000 01       		.uleb128 0x1
 1213 0001 11       		.uleb128 0x11
 1214 0002 01       		.byte	0x1
 1215 0003 25       		.uleb128 0x25
 1216 0004 0E       		.uleb128 0xe
 1217 0005 13       		.uleb128 0x13
 1218 0006 0B       		.uleb128 0xb
 1219 0007 03       		.uleb128 0x3
 1220 0008 0E       		.uleb128 0xe
 1221 0009 1B       		.uleb128 0x1b
 1222 000a 0E       		.uleb128 0xe
 1223 000b 11       		.uleb128 0x11
 1224 000c 01       		.uleb128 0x1
 1225 000d 52       		.uleb128 0x52
 1226 000e 01       		.uleb128 0x1
 1227 000f 55       		.uleb128 0x55
 1228 0010 06       		.uleb128 0x6
 1229 0011 10       		.uleb128 0x10
 1230 0012 06       		.uleb128 0x6
 1231 0013 00       		.byte	0
 1232 0014 00       		.byte	0
 1233 0015 02       		.uleb128 0x2
 1234 0016 24       		.uleb128 0x24
 1235 0017 00       		.byte	0
 1236 0018 0B       		.uleb128 0xb
 1237 0019 0B       		.uleb128 0xb
 1238 001a 3E       		.uleb128 0x3e
 1239 001b 0B       		.uleb128 0xb
 1240 001c 03       		.uleb128 0x3
 1241 001d 08       		.uleb128 0x8
 1242 001e 00       		.byte	0
 1243 001f 00       		.byte	0
 1244 0020 03       		.uleb128 0x3
 1245 0021 24       		.uleb128 0x24
 1246 0022 00       		.byte	0
 1247 0023 0B       		.uleb128 0xb
 1248 0024 0B       		.uleb128 0xb
 1249 0025 3E       		.uleb128 0x3e
ARM GAS  /tmp/ccBEbA1d.s 			page 23


 1250 0026 0B       		.uleb128 0xb
 1251 0027 03       		.uleb128 0x3
 1252 0028 0E       		.uleb128 0xe
 1253 0029 00       		.byte	0
 1254 002a 00       		.byte	0
 1255 002b 04       		.uleb128 0x4
 1256 002c 16       		.uleb128 0x16
 1257 002d 00       		.byte	0
 1258 002e 03       		.uleb128 0x3
 1259 002f 0E       		.uleb128 0xe
 1260 0030 3A       		.uleb128 0x3a
 1261 0031 0B       		.uleb128 0xb
 1262 0032 3B       		.uleb128 0x3b
 1263 0033 0B       		.uleb128 0xb
 1264 0034 49       		.uleb128 0x49
 1265 0035 13       		.uleb128 0x13
 1266 0036 00       		.byte	0
 1267 0037 00       		.byte	0
 1268 0038 05       		.uleb128 0x5
 1269 0039 0F       		.uleb128 0xf
 1270 003a 00       		.byte	0
 1271 003b 0B       		.uleb128 0xb
 1272 003c 0B       		.uleb128 0xb
 1273 003d 00       		.byte	0
 1274 003e 00       		.byte	0
 1275 003f 06       		.uleb128 0x6
 1276 0040 13       		.uleb128 0x13
 1277 0041 01       		.byte	0x1
 1278 0042 03       		.uleb128 0x3
 1279 0043 0E       		.uleb128 0xe
 1280 0044 0B       		.uleb128 0xb
 1281 0045 0B       		.uleb128 0xb
 1282 0046 3A       		.uleb128 0x3a
 1283 0047 0B       		.uleb128 0xb
 1284 0048 3B       		.uleb128 0x3b
 1285 0049 0B       		.uleb128 0xb
 1286 004a 01       		.uleb128 0x1
 1287 004b 13       		.uleb128 0x13
 1288 004c 00       		.byte	0
 1289 004d 00       		.byte	0
 1290 004e 07       		.uleb128 0x7
 1291 004f 0D       		.uleb128 0xd
 1292 0050 00       		.byte	0
 1293 0051 03       		.uleb128 0x3
 1294 0052 0E       		.uleb128 0xe
 1295 0053 3A       		.uleb128 0x3a
 1296 0054 0B       		.uleb128 0xb
 1297 0055 3B       		.uleb128 0x3b
 1298 0056 0B       		.uleb128 0xb
 1299 0057 49       		.uleb128 0x49
 1300 0058 13       		.uleb128 0x13
 1301 0059 38       		.uleb128 0x38
 1302 005a 0A       		.uleb128 0xa
 1303 005b 00       		.byte	0
 1304 005c 00       		.byte	0
 1305 005d 08       		.uleb128 0x8
 1306 005e 0D       		.uleb128 0xd
ARM GAS  /tmp/ccBEbA1d.s 			page 24


 1307 005f 00       		.byte	0
 1308 0060 03       		.uleb128 0x3
 1309 0061 08       		.uleb128 0x8
 1310 0062 3A       		.uleb128 0x3a
 1311 0063 0B       		.uleb128 0xb
 1312 0064 3B       		.uleb128 0x3b
 1313 0065 0B       		.uleb128 0xb
 1314 0066 49       		.uleb128 0x49
 1315 0067 13       		.uleb128 0x13
 1316 0068 38       		.uleb128 0x38
 1317 0069 0A       		.uleb128 0xa
 1318 006a 00       		.byte	0
 1319 006b 00       		.byte	0
 1320 006c 09       		.uleb128 0x9
 1321 006d 0F       		.uleb128 0xf
 1322 006e 00       		.byte	0
 1323 006f 0B       		.uleb128 0xb
 1324 0070 0B       		.uleb128 0xb
 1325 0071 49       		.uleb128 0x49
 1326 0072 13       		.uleb128 0x13
 1327 0073 00       		.byte	0
 1328 0074 00       		.byte	0
 1329 0075 0A       		.uleb128 0xa
 1330 0076 2E       		.uleb128 0x2e
 1331 0077 01       		.byte	0x1
 1332 0078 03       		.uleb128 0x3
 1333 0079 0E       		.uleb128 0xe
 1334 007a 3A       		.uleb128 0x3a
 1335 007b 0B       		.uleb128 0xb
 1336 007c 3B       		.uleb128 0x3b
 1337 007d 0B       		.uleb128 0xb
 1338 007e 27       		.uleb128 0x27
 1339 007f 0C       		.uleb128 0xc
 1340 0080 49       		.uleb128 0x49
 1341 0081 13       		.uleb128 0x13
 1342 0082 11       		.uleb128 0x11
 1343 0083 01       		.uleb128 0x1
 1344 0084 12       		.uleb128 0x12
 1345 0085 01       		.uleb128 0x1
 1346 0086 40       		.uleb128 0x40
 1347 0087 06       		.uleb128 0x6
 1348 0088 01       		.uleb128 0x1
 1349 0089 13       		.uleb128 0x13
 1350 008a 00       		.byte	0
 1351 008b 00       		.byte	0
 1352 008c 0B       		.uleb128 0xb
 1353 008d 05       		.uleb128 0x5
 1354 008e 00       		.byte	0
 1355 008f 03       		.uleb128 0x3
 1356 0090 0E       		.uleb128 0xe
 1357 0091 3A       		.uleb128 0x3a
 1358 0092 0B       		.uleb128 0xb
 1359 0093 3B       		.uleb128 0x3b
 1360 0094 0B       		.uleb128 0xb
 1361 0095 49       		.uleb128 0x49
 1362 0096 13       		.uleb128 0x13
 1363 0097 02       		.uleb128 0x2
ARM GAS  /tmp/ccBEbA1d.s 			page 25


 1364 0098 0A       		.uleb128 0xa
 1365 0099 00       		.byte	0
 1366 009a 00       		.byte	0
 1367 009b 0C       		.uleb128 0xc
 1368 009c 05       		.uleb128 0x5
 1369 009d 00       		.byte	0
 1370 009e 03       		.uleb128 0x3
 1371 009f 08       		.uleb128 0x8
 1372 00a0 3A       		.uleb128 0x3a
 1373 00a1 0B       		.uleb128 0xb
 1374 00a2 3B       		.uleb128 0x3b
 1375 00a3 0B       		.uleb128 0xb
 1376 00a4 49       		.uleb128 0x49
 1377 00a5 13       		.uleb128 0x13
 1378 00a6 02       		.uleb128 0x2
 1379 00a7 0A       		.uleb128 0xa
 1380 00a8 00       		.byte	0
 1381 00a9 00       		.byte	0
 1382 00aa 0D       		.uleb128 0xd
 1383 00ab 34       		.uleb128 0x34
 1384 00ac 00       		.byte	0
 1385 00ad 03       		.uleb128 0x3
 1386 00ae 08       		.uleb128 0x8
 1387 00af 3A       		.uleb128 0x3a
 1388 00b0 0B       		.uleb128 0xb
 1389 00b1 3B       		.uleb128 0x3b
 1390 00b2 0B       		.uleb128 0xb
 1391 00b3 49       		.uleb128 0x49
 1392 00b4 13       		.uleb128 0x13
 1393 00b5 02       		.uleb128 0x2
 1394 00b6 0A       		.uleb128 0xa
 1395 00b7 00       		.byte	0
 1396 00b8 00       		.byte	0
 1397 00b9 0E       		.uleb128 0xe
 1398 00ba 2E       		.uleb128 0x2e
 1399 00bb 01       		.byte	0x1
 1400 00bc 3F       		.uleb128 0x3f
 1401 00bd 0C       		.uleb128 0xc
 1402 00be 03       		.uleb128 0x3
 1403 00bf 0E       		.uleb128 0xe
 1404 00c0 3A       		.uleb128 0x3a
 1405 00c1 0B       		.uleb128 0xb
 1406 00c2 3B       		.uleb128 0x3b
 1407 00c3 05       		.uleb128 0x5
 1408 00c4 27       		.uleb128 0x27
 1409 00c5 0C       		.uleb128 0xc
 1410 00c6 49       		.uleb128 0x49
 1411 00c7 13       		.uleb128 0x13
 1412 00c8 11       		.uleb128 0x11
 1413 00c9 01       		.uleb128 0x1
 1414 00ca 12       		.uleb128 0x12
 1415 00cb 01       		.uleb128 0x1
 1416 00cc 40       		.uleb128 0x40
 1417 00cd 06       		.uleb128 0x6
 1418 00ce 01       		.uleb128 0x1
 1419 00cf 13       		.uleb128 0x13
 1420 00d0 00       		.byte	0
ARM GAS  /tmp/ccBEbA1d.s 			page 26


 1421 00d1 00       		.byte	0
 1422 00d2 0F       		.uleb128 0xf
 1423 00d3 05       		.uleb128 0x5
 1424 00d4 00       		.byte	0
 1425 00d5 03       		.uleb128 0x3
 1426 00d6 08       		.uleb128 0x8
 1427 00d7 3A       		.uleb128 0x3a
 1428 00d8 0B       		.uleb128 0xb
 1429 00d9 3B       		.uleb128 0x3b
 1430 00da 05       		.uleb128 0x5
 1431 00db 49       		.uleb128 0x49
 1432 00dc 13       		.uleb128 0x13
 1433 00dd 02       		.uleb128 0x2
 1434 00de 0A       		.uleb128 0xa
 1435 00df 00       		.byte	0
 1436 00e0 00       		.byte	0
 1437 00e1 10       		.uleb128 0x10
 1438 00e2 05       		.uleb128 0x5
 1439 00e3 00       		.byte	0
 1440 00e4 03       		.uleb128 0x3
 1441 00e5 0E       		.uleb128 0xe
 1442 00e6 3A       		.uleb128 0x3a
 1443 00e7 0B       		.uleb128 0xb
 1444 00e8 3B       		.uleb128 0x3b
 1445 00e9 05       		.uleb128 0x5
 1446 00ea 49       		.uleb128 0x49
 1447 00eb 13       		.uleb128 0x13
 1448 00ec 02       		.uleb128 0x2
 1449 00ed 0A       		.uleb128 0xa
 1450 00ee 00       		.byte	0
 1451 00ef 00       		.byte	0
 1452 00f0 11       		.uleb128 0x11
 1453 00f1 34       		.uleb128 0x34
 1454 00f2 00       		.byte	0
 1455 00f3 03       		.uleb128 0x3
 1456 00f4 08       		.uleb128 0x8
 1457 00f5 3A       		.uleb128 0x3a
 1458 00f6 0B       		.uleb128 0xb
 1459 00f7 3B       		.uleb128 0x3b
 1460 00f8 05       		.uleb128 0x5
 1461 00f9 49       		.uleb128 0x49
 1462 00fa 13       		.uleb128 0x13
 1463 00fb 02       		.uleb128 0x2
 1464 00fc 0A       		.uleb128 0xa
 1465 00fd 00       		.byte	0
 1466 00fe 00       		.byte	0
 1467 00ff 12       		.uleb128 0x12
 1468 0100 34       		.uleb128 0x34
 1469 0101 00       		.byte	0
 1470 0102 03       		.uleb128 0x3
 1471 0103 0E       		.uleb128 0xe
 1472 0104 3A       		.uleb128 0x3a
 1473 0105 0B       		.uleb128 0xb
 1474 0106 3B       		.uleb128 0x3b
 1475 0107 05       		.uleb128 0x5
 1476 0108 49       		.uleb128 0x49
 1477 0109 13       		.uleb128 0x13
ARM GAS  /tmp/ccBEbA1d.s 			page 27


 1478 010a 02       		.uleb128 0x2
 1479 010b 0A       		.uleb128 0xa
 1480 010c 00       		.byte	0
 1481 010d 00       		.byte	0
 1482 010e 13       		.uleb128 0x13
 1483 010f 2E       		.uleb128 0x2e
 1484 0110 01       		.byte	0x1
 1485 0111 3F       		.uleb128 0x3f
 1486 0112 0C       		.uleb128 0xc
 1487 0113 03       		.uleb128 0x3
 1488 0114 0E       		.uleb128 0xe
 1489 0115 3A       		.uleb128 0x3a
 1490 0116 0B       		.uleb128 0xb
 1491 0117 3B       		.uleb128 0x3b
 1492 0118 05       		.uleb128 0x5
 1493 0119 27       		.uleb128 0x27
 1494 011a 0C       		.uleb128 0xc
 1495 011b 49       		.uleb128 0x49
 1496 011c 13       		.uleb128 0x13
 1497 011d 11       		.uleb128 0x11
 1498 011e 01       		.uleb128 0x1
 1499 011f 12       		.uleb128 0x12
 1500 0120 01       		.uleb128 0x1
 1501 0121 40       		.uleb128 0x40
 1502 0122 06       		.uleb128 0x6
 1503 0123 00       		.byte	0
 1504 0124 00       		.byte	0
 1505 0125 00       		.byte	0
 1506              		.section	.debug_loc,"",%progbits
 1507              	.Ldebug_loc0:
 1508              	.LLST0:
 1509 0000 00000000 		.4byte	.LFB7
 1510 0004 02000000 		.4byte	.LCFI0
 1511 0008 0200     		.2byte	0x2
 1512 000a 7D       		.byte	0x7d
 1513 000b 00       		.sleb128 0
 1514 000c 02000000 		.4byte	.LCFI0
 1515 0010 DE000000 		.4byte	.LFE7
 1516 0014 0200     		.2byte	0x2
 1517 0016 7D       		.byte	0x7d
 1518 0017 20       		.sleb128 32
 1519 0018 00000000 		.4byte	0
 1520 001c 00000000 		.4byte	0
 1521              	.LLST1:
 1522 0020 00000000 		.4byte	.LFB8
 1523 0024 02000000 		.4byte	.LCFI1
 1524 0028 0200     		.2byte	0x2
 1525 002a 7D       		.byte	0x7d
 1526 002b 00       		.sleb128 0
 1527 002c 02000000 		.4byte	.LCFI1
 1528 0030 04000000 		.4byte	.LCFI2
 1529 0034 0200     		.2byte	0x2
 1530 0036 7D       		.byte	0x7d
 1531 0037 04       		.sleb128 4
 1532 0038 04000000 		.4byte	.LCFI2
 1533 003c 56010000 		.4byte	.LFE8
 1534 0040 0200     		.2byte	0x2
ARM GAS  /tmp/ccBEbA1d.s 			page 28


 1535 0042 7D       		.byte	0x7d
 1536 0043 28       		.sleb128 40
 1537 0044 00000000 		.4byte	0
 1538 0048 00000000 		.4byte	0
 1539              	.LLST2:
 1540 004c 00000000 		.4byte	.LFB9
 1541 0050 02000000 		.4byte	.LCFI3
 1542 0054 0200     		.2byte	0x2
 1543 0056 7D       		.byte	0x7d
 1544 0057 00       		.sleb128 0
 1545 0058 02000000 		.4byte	.LCFI3
 1546 005c 04000000 		.4byte	.LCFI4
 1547 0060 0200     		.2byte	0x2
 1548 0062 7D       		.byte	0x7d
 1549 0063 04       		.sleb128 4
 1550 0064 04000000 		.4byte	.LCFI4
 1551 0068 98010000 		.4byte	.LFE9
 1552 006c 0200     		.2byte	0x2
 1553 006e 7D       		.byte	0x7d
 1554 006f 28       		.sleb128 40
 1555 0070 00000000 		.4byte	0
 1556 0074 00000000 		.4byte	0
 1557              	.LLST3:
 1558 0078 00000000 		.4byte	.LFB10
 1559 007c 02000000 		.4byte	.LCFI5
 1560 0080 0200     		.2byte	0x2
 1561 0082 7D       		.byte	0x7d
 1562 0083 00       		.sleb128 0
 1563 0084 02000000 		.4byte	.LCFI5
 1564 0088 04000000 		.4byte	.LCFI6
 1565 008c 0200     		.2byte	0x2
 1566 008e 7D       		.byte	0x7d
 1567 008f 04       		.sleb128 4
 1568 0090 04000000 		.4byte	.LCFI6
 1569 0094 26000000 		.4byte	.LFE10
 1570 0098 0200     		.2byte	0x2
 1571 009a 7D       		.byte	0x7d
 1572 009b 10       		.sleb128 16
 1573 009c 00000000 		.4byte	0
 1574 00a0 00000000 		.4byte	0
 1575              	.LLST4:
 1576 00a4 00000000 		.4byte	.LFB11
 1577 00a8 02000000 		.4byte	.LCFI7
 1578 00ac 0200     		.2byte	0x2
 1579 00ae 7D       		.byte	0x7d
 1580 00af 00       		.sleb128 0
 1581 00b0 02000000 		.4byte	.LCFI7
 1582 00b4 04000000 		.4byte	.LCFI8
 1583 00b8 0200     		.2byte	0x2
 1584 00ba 7D       		.byte	0x7d
 1585 00bb 04       		.sleb128 4
 1586 00bc 04000000 		.4byte	.LCFI8
 1587 00c0 BC000000 		.4byte	.LFE11
 1588 00c4 0200     		.2byte	0x2
 1589 00c6 7D       		.byte	0x7d
 1590 00c7 20       		.sleb128 32
 1591 00c8 00000000 		.4byte	0
ARM GAS  /tmp/ccBEbA1d.s 			page 29


 1592 00cc 00000000 		.4byte	0
 1593              		.section	.debug_aranges,"",%progbits
 1594 0000 3C000000 		.4byte	0x3c
 1595 0004 0200     		.2byte	0x2
 1596 0006 00000000 		.4byte	.Ldebug_info0
 1597 000a 04       		.byte	0x4
 1598 000b 00       		.byte	0
 1599 000c 0000     		.2byte	0
 1600 000e 0000     		.2byte	0
 1601 0010 00000000 		.4byte	.LFB7
 1602 0014 DE000000 		.4byte	.LFE7-.LFB7
 1603 0018 00000000 		.4byte	.LFB8
 1604 001c 56010000 		.4byte	.LFE8-.LFB8
 1605 0020 00000000 		.4byte	.LFB9
 1606 0024 98010000 		.4byte	.LFE9-.LFB9
 1607 0028 00000000 		.4byte	.LFB10
 1608 002c 26000000 		.4byte	.LFE10-.LFB10
 1609 0030 00000000 		.4byte	.LFB11
 1610 0034 BC000000 		.4byte	.LFE11-.LFB11
 1611 0038 00000000 		.4byte	0
 1612 003c 00000000 		.4byte	0
 1613              		.section	.debug_ranges,"",%progbits
 1614              	.Ldebug_ranges0:
 1615 0000 00000000 		.4byte	.LFB7
 1616 0004 DE000000 		.4byte	.LFE7
 1617 0008 00000000 		.4byte	.LFB8
 1618 000c 56010000 		.4byte	.LFE8
 1619 0010 00000000 		.4byte	.LFB9
 1620 0014 98010000 		.4byte	.LFE9
 1621 0018 00000000 		.4byte	.LFB10
 1622 001c 26000000 		.4byte	.LFE10
 1623 0020 00000000 		.4byte	.LFB11
 1624 0024 BC000000 		.4byte	.LFE11
 1625 0028 00000000 		.4byte	0
 1626 002c 00000000 		.4byte	0
 1627              		.section	.debug_line,"",%progbits
 1628              	.Ldebug_line0:
 1629 0000 3D020000 		.section	.debug_str,"MS",%progbits,1
 1629      02005A01 
 1629      00000201 
 1629      FB0E0D00 
 1629      01010101 
 1630              	.LASF40:
 1631 0000 696E6574 		.ascii	"inet_chksum_pbuf\000"
 1631      5F63686B 
 1631      73756D5F 
 1631      70627566 
 1631      00
 1632              	.LASF17:
 1633 0011 6E657874 		.ascii	"next\000"
 1633      00
 1634              	.LASF16:
 1635 0016 6D656D5F 		.ascii	"mem_ptr_t\000"
 1635      7074725F 
 1635      7400
 1636              	.LASF35:
 1637 0020 696E6574 		.ascii	"inet_chksum\000"
ARM GAS  /tmp/ccBEbA1d.s 			page 30


 1637      5F63686B 
 1637      73756D00 
 1638              	.LASF23:
 1639 002c 69705F61 		.ascii	"ip_addr\000"
 1639      64647200 
 1640              	.LASF34:
 1641 0034 63686B6C 		.ascii	"chklen\000"
 1641      656E00
 1642              	.LASF37:
 1643 003b 2E2E2F2E 		.ascii	"../../ext/lwip/src/core/ipv4/inet_chksum.c\000"
 1643      2E2F6578 
 1643      742F6C77 
 1643      69702F73 
 1643      72632F63 
 1644              	.LASF6:
 1645 0066 73686F72 		.ascii	"short unsigned int\000"
 1645      7420756E 
 1645      7369676E 
 1645      65642069 
 1645      6E7400
 1646              	.LASF39:
 1647 0079 6C776970 		.ascii	"lwip_standard_chksum\000"
 1647      5F737461 
 1647      6E646172 
 1647      645F6368 
 1647      6B73756D 
 1648              	.LASF33:
 1649 008e 63686B73 		.ascii	"chksum_len\000"
 1649      756D5F6C 
 1649      656E00
 1650              	.LASF1:
 1651 0099 7369676E 		.ascii	"signed char\000"
 1651      65642063 
 1651      68617200 
 1652              	.LASF30:
 1653 00a5 73776170 		.ascii	"swapped\000"
 1653      70656400 
 1654              	.LASF36:
 1655 00ad 474E5520 		.ascii	"GNU C 4.6.2 20120613 (release) [ARM/embedded-4_6-br"
 1655      4320342E 
 1655      362E3220 
 1655      32303132 
 1655      30363133 
 1656 00e0 616E6368 		.ascii	"anch revision 188521]\000"
 1656      20726576 
 1656      6973696F 
 1656      6E203138 
 1656      38353231 
 1657              	.LASF9:
 1658 00f6 6C6F6E67 		.ascii	"long unsigned int\000"
 1658      20756E73 
 1658      69676E65 
 1658      6420696E 
 1658      7400
 1659              	.LASF24:
 1660 0108 61646472 		.ascii	"addr\000"
 1660      00
ARM GAS  /tmp/ccBEbA1d.s 			page 31


 1661              	.LASF26:
 1662 010d 64617461 		.ascii	"dataptr\000"
 1662      70747200 
 1663              	.LASF14:
 1664 0115 7531365F 		.ascii	"u16_t\000"
 1664      7400
 1665              	.LASF38:
 1666 011b 2F686F6D 		.ascii	"/home/texzk/ChibiStudio/chibios/demos/ARMCM3-STM32F"
 1666      652F7465 
 1666      787A6B2F 
 1666      43686962 
 1666      69537475 
 1667 014e 3230372D 		.ascii	"207-STM3220G-LWIP\000"
 1667      53544D33 
 1667      32323047 
 1667      2D4C5749 
 1667      5000
 1668              	.LASF15:
 1669 0160 7533325F 		.ascii	"u32_t\000"
 1669      7400
 1670              	.LASF19:
 1671 0166 746F745F 		.ascii	"tot_len\000"
 1671      6C656E00 
 1672              	.LASF25:
 1673 016e 69705F61 		.ascii	"ip_addr_t\000"
 1673      6464725F 
 1673      7400
 1674              	.LASF2:
 1675 0178 756E7369 		.ascii	"unsigned char\000"
 1675      676E6564 
 1675      20636861 
 1675      7200
 1676              	.LASF0:
 1677 0186 756E7369 		.ascii	"unsigned int\000"
 1677      676E6564 
 1677      20696E74 
 1677      00
 1678              	.LASF21:
 1679 0193 666C6167 		.ascii	"flags\000"
 1679      7300
 1680              	.LASF32:
 1681 0199 696E6574 		.ascii	"inet_chksum_pseudo_partial\000"
 1681      5F63686B 
 1681      73756D5F 
 1681      70736575 
 1681      646F5F70 
 1682              	.LASF11:
 1683 01b4 6C6F6E67 		.ascii	"long long unsigned int\000"
 1683      206C6F6E 
 1683      6720756E 
 1683      7369676E 
 1683      65642069 
 1684              	.LASF4:
 1685 01cb 75696E74 		.ascii	"uint8_t\000"
 1685      385F7400 
 1686              	.LASF13:
 1687 01d3 75385F74 		.ascii	"u8_t\000"
ARM GAS  /tmp/ccBEbA1d.s 			page 32


 1687      00
 1688              	.LASF31:
 1689 01d8 696E6574 		.ascii	"inet_chksum_pseudo\000"
 1689      5F63686B 
 1689      73756D5F 
 1689      70736575 
 1689      646F00
 1690              	.LASF18:
 1691 01eb 7061796C 		.ascii	"payload\000"
 1691      6F616400 
 1692              	.LASF10:
 1693 01f3 6C6F6E67 		.ascii	"long long int\000"
 1693      206C6F6E 
 1693      6720696E 
 1693      7400
 1694              	.LASF22:
 1695 0201 70627566 		.ascii	"pbuf\000"
 1695      00
 1696              	.LASF20:
 1697 0206 74797065 		.ascii	"type\000"
 1697      00
 1698              	.LASF3:
 1699 020b 73686F72 		.ascii	"short int\000"
 1699      7420696E 
 1699      7400
 1700              	.LASF5:
 1701 0215 75696E74 		.ascii	"uint16_t\000"
 1701      31365F74 
 1701      00
 1702              	.LASF8:
 1703 021e 75696E74 		.ascii	"uint32_t\000"
 1703      33325F74 
 1703      00
 1704              	.LASF7:
 1705 0227 6C6F6E67 		.ascii	"long int\000"
 1705      20696E74 
 1705      00
 1706              	.LASF12:
 1707 0230 63686172 		.ascii	"char\000"
 1707      00
 1708              	.LASF29:
 1709 0235 70726F74 		.ascii	"proto_len\000"
 1709      6F5F6C65 
 1709      6E00
 1710              	.LASF28:
 1711 023f 70726F74 		.ascii	"proto\000"
 1711      6F00
 1712              	.LASF27:
 1713 0245 64657374 		.ascii	"dest\000"
 1713      00
 1714              		.ident	"GCC: (GNU Tools for ARM Embedded Processors) 4.6.2 20120613 (release) [ARM/embedded-4_6-br
ARM GAS  /tmp/ccBEbA1d.s 			page 33


DEFINED SYMBOLS
                            *ABS*:00000000 inet_chksum.c
     /tmp/ccBEbA1d.s:19     .text.lwip_standard_chksum:00000000 $t
     /tmp/ccBEbA1d.s:24     .text.lwip_standard_chksum:00000000 lwip_standard_chksum
     /tmp/ccBEbA1d.s:153    .text.inet_chksum_pseudo:00000000 $t
     /tmp/ccBEbA1d.s:159    .text.inet_chksum_pseudo:00000000 inet_chksum_pseudo
     /tmp/ccBEbA1d.s:333    .text.inet_chksum_pseudo_partial:00000000 $t
     /tmp/ccBEbA1d.s:339    .text.inet_chksum_pseudo_partial:00000000 inet_chksum_pseudo_partial
     /tmp/ccBEbA1d.s:543    .text.inet_chksum:00000000 $t
     /tmp/ccBEbA1d.s:549    .text.inet_chksum:00000000 inet_chksum
     /tmp/ccBEbA1d.s:581    .text.inet_chksum_pbuf:00000000 $t
     /tmp/ccBEbA1d.s:587    .text.inet_chksum_pbuf:00000000 inet_chksum_pbuf
                     .debug_frame:00000010 $d

UNDEFINED SYMBOLS
lwip_htons
port_halt
