ARM GAS  /tmp/ccKUMD1m.s 			page 1


   1              		.syntax unified
   2              		.cpu cortex-m3
   3              		.fpu softvfp
   4              		.eabi_attribute 20, 1
   5              		.eabi_attribute 21, 1
   6              		.eabi_attribute 23, 3
   7              		.eabi_attribute 24, 1
   8              		.eabi_attribute 25, 1
   9              		.eabi_attribute 26, 1
  10              		.eabi_attribute 30, 6
  11              		.eabi_attribute 34, 1
  12              		.eabi_attribute 18, 4
  13              		.thumb
  14              		.file	"mmc_spi.c"
  15              		.text
  16              	.Ltext0:
  17              		.cfi_sections	.debug_frame
  18              	.Letext0:
  19              		.file 1 "../../os/ports/common/ARMCMx/CMSIS/include/core_cm3.h"
  20              		.file 2 "/home/texzk/ChibiStudio/tools/GNU Tools ARM Embedded/4.6 2012q2/bin/../lib/gcc/arm-none-e
  21              		.section	.debug_info,"",%progbits
  22              	.Ldebug_info0:
  23 0000 9B000000 		.4byte	0x9b
  24 0004 0200     		.2byte	0x2
  25 0006 00000000 		.4byte	.Ldebug_abbrev0
  26 000a 04       		.byte	0x4
  27 000b 01       		.uleb128 0x1
  28 000c 73000000 		.4byte	.LASF11
  29 0010 01       		.byte	0x1
  30 0011 1A010000 		.4byte	.LASF12
  31 0015 2E000000 		.4byte	.LASF13
  32 0019 00000000 		.4byte	.Ltext0
  33 001d 00000000 		.4byte	.Letext0
  34 0021 00000000 		.4byte	.Ldebug_line0
  35 0025 02       		.uleb128 0x2
  36 0026 01       		.byte	0x1
  37 0027 06       		.byte	0x6
  38 0028 0E010000 		.4byte	.LASF0
  39 002c 02       		.uleb128 0x2
  40 002d 01       		.byte	0x1
  41 002e 08       		.byte	0x8
  42 002f E5000000 		.4byte	.LASF1
  43 0033 02       		.uleb128 0x2
  44 0034 02       		.byte	0x2
  45 0035 05       		.byte	0x5
  46 0036 35010000 		.4byte	.LASF2
  47 003a 02       		.uleb128 0x2
  48 003b 02       		.byte	0x2
  49 003c 07       		.byte	0x7
  50 003d 0E000000 		.4byte	.LASF3
  51 0041 03       		.uleb128 0x3
  52 0042 04       		.byte	0x4
  53 0043 05       		.byte	0x5
  54 0044 696E7400 		.ascii	"int\000"
  55 0048 02       		.uleb128 0x2
  56 0049 04       		.byte	0x4
  57 004a 07       		.byte	0x7
ARM GAS  /tmp/ccKUMD1m.s 			page 2


  58 004b 21000000 		.4byte	.LASF4
  59 004f 02       		.uleb128 0x2
  60 0050 08       		.byte	0x8
  61 0051 05       		.byte	0x5
  62 0052 00000000 		.4byte	.LASF5
  63 0056 02       		.uleb128 0x2
  64 0057 08       		.byte	0x8
  65 0058 07       		.byte	0x7
  66 0059 CE000000 		.4byte	.LASF6
  67 005d 02       		.uleb128 0x2
  68 005e 04       		.byte	0x4
  69 005f 05       		.byte	0x5
  70 0060 F8000000 		.4byte	.LASF7
  71 0064 02       		.uleb128 0x2
  72 0065 04       		.byte	0x4
  73 0066 07       		.byte	0x7
  74 0067 BC000000 		.4byte	.LASF8
  75 006b 02       		.uleb128 0x2
  76 006c 01       		.byte	0x1
  77 006d 08       		.byte	0x8
  78 006e F3000000 		.4byte	.LASF9
  79 0072 04       		.uleb128 0x4
  80 0073 3F010000 		.4byte	.LASF14
  81 0077 02       		.byte	0x2
  82 0078 4F       		.byte	0x4f
  83 0079 5D000000 		.4byte	0x5d
  84 007d 05       		.uleb128 0x5
  85 007e 72000000 		.4byte	0x72
  86 0082 06       		.uleb128 0x6
  87 0083 01010000 		.4byte	.LASF10
  88 0087 01       		.byte	0x1
  89 0088 0706     		.2byte	0x607
  90 008a 7D000000 		.4byte	0x7d
  91 008e 01       		.byte	0x1
  92 008f 01       		.byte	0x1
  93 0090 06       		.uleb128 0x6
  94 0091 01010000 		.4byte	.LASF10
  95 0095 01       		.byte	0x1
  96 0096 0706     		.2byte	0x607
  97 0098 7D000000 		.4byte	0x7d
  98 009c 01       		.byte	0x1
  99 009d 01       		.byte	0x1
 100 009e 00       		.byte	0
 101              		.section	.debug_abbrev,"",%progbits
 102              	.Ldebug_abbrev0:
 103 0000 01       		.uleb128 0x1
 104 0001 11       		.uleb128 0x11
 105 0002 01       		.byte	0x1
 106 0003 25       		.uleb128 0x25
 107 0004 0E       		.uleb128 0xe
 108 0005 13       		.uleb128 0x13
 109 0006 0B       		.uleb128 0xb
 110 0007 03       		.uleb128 0x3
 111 0008 0E       		.uleb128 0xe
 112 0009 1B       		.uleb128 0x1b
 113 000a 0E       		.uleb128 0xe
 114 000b 11       		.uleb128 0x11
ARM GAS  /tmp/ccKUMD1m.s 			page 3


 115 000c 01       		.uleb128 0x1
 116 000d 12       		.uleb128 0x12
 117 000e 01       		.uleb128 0x1
 118 000f 10       		.uleb128 0x10
 119 0010 06       		.uleb128 0x6
 120 0011 00       		.byte	0
 121 0012 00       		.byte	0
 122 0013 02       		.uleb128 0x2
 123 0014 24       		.uleb128 0x24
 124 0015 00       		.byte	0
 125 0016 0B       		.uleb128 0xb
 126 0017 0B       		.uleb128 0xb
 127 0018 3E       		.uleb128 0x3e
 128 0019 0B       		.uleb128 0xb
 129 001a 03       		.uleb128 0x3
 130 001b 0E       		.uleb128 0xe
 131 001c 00       		.byte	0
 132 001d 00       		.byte	0
 133 001e 03       		.uleb128 0x3
 134 001f 24       		.uleb128 0x24
 135 0020 00       		.byte	0
 136 0021 0B       		.uleb128 0xb
 137 0022 0B       		.uleb128 0xb
 138 0023 3E       		.uleb128 0x3e
 139 0024 0B       		.uleb128 0xb
 140 0025 03       		.uleb128 0x3
 141 0026 08       		.uleb128 0x8
 142 0027 00       		.byte	0
 143 0028 00       		.byte	0
 144 0029 04       		.uleb128 0x4
 145 002a 16       		.uleb128 0x16
 146 002b 00       		.byte	0
 147 002c 03       		.uleb128 0x3
 148 002d 0E       		.uleb128 0xe
 149 002e 3A       		.uleb128 0x3a
 150 002f 0B       		.uleb128 0xb
 151 0030 3B       		.uleb128 0x3b
 152 0031 0B       		.uleb128 0xb
 153 0032 49       		.uleb128 0x49
 154 0033 13       		.uleb128 0x13
 155 0034 00       		.byte	0
 156 0035 00       		.byte	0
 157 0036 05       		.uleb128 0x5
 158 0037 35       		.uleb128 0x35
 159 0038 00       		.byte	0
 160 0039 49       		.uleb128 0x49
 161 003a 13       		.uleb128 0x13
 162 003b 00       		.byte	0
 163 003c 00       		.byte	0
 164 003d 06       		.uleb128 0x6
 165 003e 34       		.uleb128 0x34
 166 003f 00       		.byte	0
 167 0040 03       		.uleb128 0x3
 168 0041 0E       		.uleb128 0xe
 169 0042 3A       		.uleb128 0x3a
 170 0043 0B       		.uleb128 0xb
 171 0044 3B       		.uleb128 0x3b
ARM GAS  /tmp/ccKUMD1m.s 			page 4


 172 0045 05       		.uleb128 0x5
 173 0046 49       		.uleb128 0x49
 174 0047 13       		.uleb128 0x13
 175 0048 3F       		.uleb128 0x3f
 176 0049 0C       		.uleb128 0xc
 177 004a 3C       		.uleb128 0x3c
 178 004b 0C       		.uleb128 0xc
 179 004c 00       		.byte	0
 180 004d 00       		.byte	0
 181 004e 00       		.byte	0
 182              		.section	.debug_line,"",%progbits
 183              	.Ldebug_line0:
 184 0000 E3000000 		.section	.debug_str,"MS",%progbits,1
 184      0200DD00 
 184      00000201 
 184      FB0E0D00 
 184      01010101 
 185              	.LASF5:
 186 0000 6C6F6E67 		.ascii	"long long int\000"
 186      206C6F6E 
 186      6720696E 
 186      7400
 187              	.LASF3:
 188 000e 73686F72 		.ascii	"short unsigned int\000"
 188      7420756E 
 188      7369676E 
 188      65642069 
 188      6E7400
 189              	.LASF4:
 190 0021 756E7369 		.ascii	"unsigned int\000"
 190      676E6564 
 190      20696E74 
 190      00
 191              	.LASF13:
 192 002e 2F686F6D 		.ascii	"/home/texzk/ChibiStudio/chibios/demos/ARMCM3-STM32F"
 192      652F7465 
 192      787A6B2F 
 192      43686962 
 192      69537475 
 193 0061 3230372D 		.ascii	"207-STM3220G-LWIP\000"
 193      53544D33 
 193      32323047 
 193      2D4C5749 
 193      5000
 194              	.LASF11:
 195 0073 474E5520 		.ascii	"GNU C 4.6.2 20120613 (release) [ARM/embedded-4_6-br"
 195      4320342E 
 195      362E3220 
 195      32303132 
 195      30363133 
 196 00a6 616E6368 		.ascii	"anch revision 188521]\000"
 196      20726576 
 196      6973696F 
 196      6E203138 
 196      38353231 
 197              	.LASF8:
 198 00bc 6C6F6E67 		.ascii	"long unsigned int\000"
ARM GAS  /tmp/ccKUMD1m.s 			page 5


 198      20756E73 
 198      69676E65 
 198      6420696E 
 198      7400
 199              	.LASF6:
 200 00ce 6C6F6E67 		.ascii	"long long unsigned int\000"
 200      206C6F6E 
 200      6720756E 
 200      7369676E 
 200      65642069 
 201              	.LASF1:
 202 00e5 756E7369 		.ascii	"unsigned char\000"
 202      676E6564 
 202      20636861 
 202      7200
 203              	.LASF9:
 204 00f3 63686172 		.ascii	"char\000"
 204      00
 205              	.LASF7:
 206 00f8 6C6F6E67 		.ascii	"long int\000"
 206      20696E74 
 206      00
 207              	.LASF10:
 208 0101 49544D5F 		.ascii	"ITM_RxBuffer\000"
 208      52784275 
 208      66666572 
 208      00
 209              	.LASF0:
 210 010e 7369676E 		.ascii	"signed char\000"
 210      65642063 
 210      68617200 
 211              	.LASF12:
 212 011a 2E2E2F2E 		.ascii	"../../os/hal/src/mmc_spi.c\000"
 212      2E2F6F73 
 212      2F68616C 
 212      2F737263 
 212      2F6D6D63 
 213              	.LASF2:
 214 0135 73686F72 		.ascii	"short int\000"
 214      7420696E 
 214      7400
 215              	.LASF14:
 216 013f 696E7433 		.ascii	"int32_t\000"
 216      325F7400 
 217              		.ident	"GCC: (GNU Tools for ARM Embedded Processors) 4.6.2 20120613 (release) [ARM/embedded-4_6-br
ARM GAS  /tmp/ccKUMD1m.s 			page 6


DEFINED SYMBOLS
                            *ABS*:00000000 mmc_spi.c

NO UNDEFINED SYMBOLS
