ARM GAS  /tmp/cco4S8Mb.s 			page 1


   1              		.syntax unified
   2              		.cpu cortex-m3
   3              		.fpu softvfp
   4              		.eabi_attribute 20, 1
   5              		.eabi_attribute 21, 1
   6              		.eabi_attribute 23, 3
   7              		.eabi_attribute 24, 1
   8              		.eabi_attribute 25, 1
   9              		.eabi_attribute 26, 1
  10              		.eabi_attribute 30, 6
  11              		.eabi_attribute 34, 1
  12              		.eabi_attribute 18, 4
  13              		.thumb
  14              		.file	"netbuf.c"
  15              		.text
  16              	.Ltext0:
  17              		.cfi_sections	.debug_frame
  18              		.section	.text.netbuf_new,"ax",%progbits
  19              		.align	2
  20              		.p2align 4,,15
  21              		.global	netbuf_new
  22              		.thumb
  23              		.thumb_func
  24              		.type	netbuf_new, %function
  25              	netbuf_new:
  26              	.LFB7:
  27              		.file 1 "../../ext/lwip/src/api/netbuf.c"
  28              		.loc 1 57 0
  29              		.cfi_startproc
  30              		@ args = 0, pretend = 0, frame = 8
  31              		@ frame_needed = 0, uses_anonymous_args = 0
  32 0000 00B5     		push	{lr}
  33              	.LCFI0:
  34              		.cfi_def_cfa_offset 4
  35              		.cfi_offset 14, -4
  36 0002 83B0     		sub	sp, sp, #12
  37              	.LCFI1:
  38              		.cfi_def_cfa_offset 16
  39              		.loc 1 60 0
  40 0004 4FF00700 		mov	r0, #7
  41 0008 FFF7FEFF 		bl	memp_malloc
  42 000c 0346     		mov	r3, r0
  43 000e 0193     		str	r3, [sp, #4]
  44              		.loc 1 61 0
  45 0010 019B     		ldr	r3, [sp, #4]
  46 0012 002B     		cmp	r3, #0
  47 0014 11D0     		beq	.L2
  48              		.loc 1 62 0
  49 0016 019B     		ldr	r3, [sp, #4]
  50 0018 4FF00002 		mov	r2, #0
  51 001c 1A60     		str	r2, [r3, #0]
  52              		.loc 1 63 0
  53 001e 019B     		ldr	r3, [sp, #4]
  54 0020 4FF00002 		mov	r2, #0
  55 0024 5A60     		str	r2, [r3, #4]
  56              		.loc 1 64 0
  57 0026 019B     		ldr	r3, [sp, #4]
ARM GAS  /tmp/cco4S8Mb.s 			page 2


  58 0028 4FF00002 		mov	r2, #0
  59 002c 9A60     		str	r2, [r3, #8]
  60              		.loc 1 65 0
  61 002e 019B     		ldr	r3, [sp, #4]
  62 0030 4FF00002 		mov	r2, #0
  63 0034 9A81     		strh	r2, [r3, #12]	@ movhi
  64              		.loc 1 75 0
  65 0036 019B     		ldr	r3, [sp, #4]
  66 0038 01E0     		b	.L3
  67              	.L2:
  68              		.loc 1 77 0
  69 003a 4FF00003 		mov	r3, #0
  70              	.L3:
  71              		.loc 1 79 0
  72 003e 1846     		mov	r0, r3
  73 0040 03B0     		add	sp, sp, #12
  74 0042 00BD     		pop	{pc}
  75              		.cfi_endproc
  76              	.LFE7:
  77              		.size	netbuf_new, .-netbuf_new
  78 0044 AFF30080 		.section	.text.netbuf_delete,"ax",%progbits
  78      AFF30080 
  78      AFF30080 
  79              		.align	2
  80              		.p2align 4,,15
  81              		.global	netbuf_delete
  82              		.thumb
  83              		.thumb_func
  84              		.type	netbuf_delete, %function
  85              	netbuf_delete:
  86              	.LFB8:
  87              		.loc 1 88 0
  88              		.cfi_startproc
  89              		@ args = 0, pretend = 0, frame = 8
  90              		@ frame_needed = 0, uses_anonymous_args = 0
  91 0000 00B5     		push	{lr}
  92              	.LCFI2:
  93              		.cfi_def_cfa_offset 4
  94              		.cfi_offset 14, -4
  95 0002 83B0     		sub	sp, sp, #12
  96              	.LCFI3:
  97              		.cfi_def_cfa_offset 16
  98 0004 0190     		str	r0, [sp, #4]
  99              		.loc 1 89 0
 100 0006 019B     		ldr	r3, [sp, #4]
 101 0008 002B     		cmp	r3, #0
 102 000a 15D0     		beq	.L4
 103              		.loc 1 90 0
 104 000c 019B     		ldr	r3, [sp, #4]
 105 000e 1B68     		ldr	r3, [r3, #0]
 106 0010 002B     		cmp	r3, #0
 107 0012 0CD0     		beq	.L6
 108              		.loc 1 91 0
 109 0014 019B     		ldr	r3, [sp, #4]
 110 0016 1B68     		ldr	r3, [r3, #0]
 111 0018 1846     		mov	r0, r3
 112 001a FFF7FEFF 		bl	pbuf_free
ARM GAS  /tmp/cco4S8Mb.s 			page 3


 113              		.loc 1 92 0
 114 001e 019B     		ldr	r3, [sp, #4]
 115 0020 4FF00002 		mov	r2, #0
 116 0024 5A60     		str	r2, [r3, #4]
 117 0026 019B     		ldr	r3, [sp, #4]
 118 0028 5A68     		ldr	r2, [r3, #4]
 119 002a 019B     		ldr	r3, [sp, #4]
 120 002c 1A60     		str	r2, [r3, #0]
 121              	.L6:
 122              		.loc 1 94 0
 123 002e 4FF00700 		mov	r0, #7
 124 0032 0199     		ldr	r1, [sp, #4]
 125 0034 FFF7FEFF 		bl	memp_free
 126              	.L4:
 127              		.loc 1 96 0
 128 0038 03B0     		add	sp, sp, #12
 129 003a 00BD     		pop	{pc}
 130              		.cfi_endproc
 131              	.LFE8:
 132              		.size	netbuf_delete, .-netbuf_delete
 133 003c AFF30080 		.section	.text.netbuf_alloc,"ax",%progbits
 134              		.align	2
 135              		.p2align 4,,15
 136              		.global	netbuf_alloc
 137              		.thumb
 138              		.thumb_func
 139              		.type	netbuf_alloc, %function
 140              	netbuf_alloc:
 141              	.LFB9:
 142              		.loc 1 108 0
 143              		.cfi_startproc
 144              		@ args = 0, pretend = 0, frame = 8
 145              		@ frame_needed = 0, uses_anonymous_args = 0
 146 0000 00B5     		push	{lr}
 147              	.LCFI4:
 148              		.cfi_def_cfa_offset 4
 149              		.cfi_offset 14, -4
 150 0002 83B0     		sub	sp, sp, #12
 151              	.LCFI5:
 152              		.cfi_def_cfa_offset 16
 153 0004 0190     		str	r0, [sp, #4]
 154 0006 0B46     		mov	r3, r1
 155 0008 ADF80230 		strh	r3, [sp, #2]	@ movhi
 156              		.loc 1 109 0
 157 000c 019B     		ldr	r3, [sp, #4]
 158 000e 002B     		cmp	r3, #0
 159 0010 04D1     		bne	.L8
 160              		.loc 1 109 0 is_stmt 0 discriminator 1
 161 0012 FFF7FEFF 		bl	port_halt
 162 0016 4FF00003 		mov	r3, #0
 163 001a 2BE0     		b	.L9
 164              	.L8:
 165              		.loc 1 112 0 is_stmt 1
 166 001c 019B     		ldr	r3, [sp, #4]
 167 001e 1B68     		ldr	r3, [r3, #0]
 168 0020 002B     		cmp	r3, #0
 169 0022 04D0     		beq	.L10
ARM GAS  /tmp/cco4S8Mb.s 			page 4


 170              		.loc 1 113 0
 171 0024 019B     		ldr	r3, [sp, #4]
 172 0026 1B68     		ldr	r3, [r3, #0]
 173 0028 1846     		mov	r0, r3
 174 002a FFF7FEFF 		bl	pbuf_free
 175              	.L10:
 176              		.loc 1 115 0
 177 002e BDF80230 		ldrh	r3, [sp, #2]
 178 0032 4FF00000 		mov	r0, #0
 179 0036 1946     		mov	r1, r3
 180 0038 4FF00002 		mov	r2, #0
 181 003c FFF7FEFF 		bl	pbuf_alloc
 182 0040 0246     		mov	r2, r0
 183 0042 019B     		ldr	r3, [sp, #4]
 184 0044 1A60     		str	r2, [r3, #0]
 185              		.loc 1 116 0
 186 0046 019B     		ldr	r3, [sp, #4]
 187 0048 1B68     		ldr	r3, [r3, #0]
 188 004a 002B     		cmp	r3, #0
 189 004c 02D1     		bne	.L11
 190              		.loc 1 117 0
 191 004e 4FF00003 		mov	r3, #0
 192 0052 0FE0     		b	.L9
 193              	.L11:
 194              		.loc 1 119 0
 195 0054 019B     		ldr	r3, [sp, #4]
 196 0056 1B68     		ldr	r3, [r3, #0]
 197 0058 5B89     		ldrh	r3, [r3, #10]
 198 005a BDF80220 		ldrh	r2, [sp, #2]
 199 005e 9A42     		cmp	r2, r3
 200 0060 01D9     		bls	.L12
 201              		.loc 1 119 0 is_stmt 0 discriminator 1
 202 0062 FFF7FEFF 		bl	port_halt
 203              	.L12:
 204              		.loc 1 121 0 is_stmt 1
 205 0066 019B     		ldr	r3, [sp, #4]
 206 0068 1A68     		ldr	r2, [r3, #0]
 207 006a 019B     		ldr	r3, [sp, #4]
 208 006c 5A60     		str	r2, [r3, #4]
 209              		.loc 1 122 0
 210 006e 019B     		ldr	r3, [sp, #4]
 211 0070 1B68     		ldr	r3, [r3, #0]
 212 0072 5B68     		ldr	r3, [r3, #4]
 213              	.L9:
 214              		.loc 1 123 0
 215 0074 1846     		mov	r0, r3
 216 0076 03B0     		add	sp, sp, #12
 217 0078 00BD     		pop	{pc}
 218              		.cfi_endproc
 219              	.LFE9:
 220              		.size	netbuf_alloc, .-netbuf_alloc
 221 007a 00BFAFF3 		.section	.text.netbuf_free,"ax",%progbits
 221      0080
 222              		.align	2
 223              		.p2align 4,,15
 224              		.global	netbuf_free
 225              		.thumb
ARM GAS  /tmp/cco4S8Mb.s 			page 5


 226              		.thumb_func
 227              		.type	netbuf_free, %function
 228              	netbuf_free:
 229              	.LFB10:
 230              		.loc 1 132 0
 231              		.cfi_startproc
 232              		@ args = 0, pretend = 0, frame = 8
 233              		@ frame_needed = 0, uses_anonymous_args = 0
 234 0000 00B5     		push	{lr}
 235              	.LCFI6:
 236              		.cfi_def_cfa_offset 4
 237              		.cfi_offset 14, -4
 238 0002 83B0     		sub	sp, sp, #12
 239              	.LCFI7:
 240              		.cfi_def_cfa_offset 16
 241 0004 0190     		str	r0, [sp, #4]
 242              		.loc 1 133 0
 243 0006 019B     		ldr	r3, [sp, #4]
 244 0008 002B     		cmp	r3, #0
 245 000a 02D1     		bne	.L14
 246              		.loc 1 133 0 is_stmt 0 discriminator 1
 247 000c FFF7FEFF 		bl	port_halt
 248 0010 10E0     		b	.L13
 249              	.L14:
 250              		.loc 1 134 0 is_stmt 1
 251 0012 019B     		ldr	r3, [sp, #4]
 252 0014 1B68     		ldr	r3, [r3, #0]
 253 0016 002B     		cmp	r3, #0
 254 0018 04D0     		beq	.L16
 255              		.loc 1 135 0
 256 001a 019B     		ldr	r3, [sp, #4]
 257 001c 1B68     		ldr	r3, [r3, #0]
 258 001e 1846     		mov	r0, r3
 259 0020 FFF7FEFF 		bl	pbuf_free
 260              	.L16:
 261              		.loc 1 137 0
 262 0024 019B     		ldr	r3, [sp, #4]
 263 0026 4FF00002 		mov	r2, #0
 264 002a 5A60     		str	r2, [r3, #4]
 265 002c 019B     		ldr	r3, [sp, #4]
 266 002e 5A68     		ldr	r2, [r3, #4]
 267 0030 019B     		ldr	r3, [sp, #4]
 268 0032 1A60     		str	r2, [r3, #0]
 269              	.L13:
 270              		.loc 1 138 0
 271 0034 03B0     		add	sp, sp, #12
 272 0036 00BD     		pop	{pc}
 273              		.cfi_endproc
 274              	.LFE10:
 275              		.size	netbuf_free, .-netbuf_free
 276 0038 AFF30080 		.section	.text.netbuf_ref,"ax",%progbits
 276      AFF30080 
 277              		.align	2
 278              		.p2align 4,,15
 279              		.global	netbuf_ref
 280              		.thumb
 281              		.thumb_func
ARM GAS  /tmp/cco4S8Mb.s 			page 6


 282              		.type	netbuf_ref, %function
 283              	netbuf_ref:
 284              	.LFB11:
 285              		.loc 1 151 0
 286              		.cfi_startproc
 287              		@ args = 0, pretend = 0, frame = 16
 288              		@ frame_needed = 0, uses_anonymous_args = 0
 289 0000 00B5     		push	{lr}
 290              	.LCFI8:
 291              		.cfi_def_cfa_offset 4
 292              		.cfi_offset 14, -4
 293 0002 85B0     		sub	sp, sp, #20
 294              	.LCFI9:
 295              		.cfi_def_cfa_offset 24
 296 0004 0390     		str	r0, [sp, #12]
 297 0006 0291     		str	r1, [sp, #8]
 298 0008 1346     		mov	r3, r2
 299 000a ADF80630 		strh	r3, [sp, #6]	@ movhi
 300              		.loc 1 152 0
 301 000e 039B     		ldr	r3, [sp, #12]
 302 0010 002B     		cmp	r3, #0
 303 0012 04D1     		bne	.L18
 304              		.loc 1 152 0 is_stmt 0 discriminator 1
 305 0014 FFF7FEFF 		bl	port_halt
 306 0018 4FF0F203 		mov	r3, #242
 307 001c 31E0     		b	.L19
 308              	.L18:
 309              		.loc 1 153 0 is_stmt 1
 310 001e 039B     		ldr	r3, [sp, #12]
 311 0020 1B68     		ldr	r3, [r3, #0]
 312 0022 002B     		cmp	r3, #0
 313 0024 04D0     		beq	.L20
 314              		.loc 1 154 0
 315 0026 039B     		ldr	r3, [sp, #12]
 316 0028 1B68     		ldr	r3, [r3, #0]
 317 002a 1846     		mov	r0, r3
 318 002c FFF7FEFF 		bl	pbuf_free
 319              	.L20:
 320              		.loc 1 156 0
 321 0030 4FF00000 		mov	r0, #0
 322 0034 4FF00001 		mov	r1, #0
 323 0038 4FF00202 		mov	r2, #2
 324 003c FFF7FEFF 		bl	pbuf_alloc
 325 0040 0246     		mov	r2, r0
 326 0042 039B     		ldr	r3, [sp, #12]
 327 0044 1A60     		str	r2, [r3, #0]
 328              		.loc 1 157 0
 329 0046 039B     		ldr	r3, [sp, #12]
 330 0048 1B68     		ldr	r3, [r3, #0]
 331 004a 002B     		cmp	r3, #0
 332 004c 06D1     		bne	.L21
 333              		.loc 1 158 0
 334 004e 039B     		ldr	r3, [sp, #12]
 335 0050 4FF00002 		mov	r2, #0
 336 0054 5A60     		str	r2, [r3, #4]
 337              		.loc 1 159 0
 338 0056 4FF0FF03 		mov	r3, #255
ARM GAS  /tmp/cco4S8Mb.s 			page 7


 339 005a 12E0     		b	.L19
 340              	.L21:
 341              		.loc 1 161 0
 342 005c 039B     		ldr	r3, [sp, #12]
 343 005e 1B68     		ldr	r3, [r3, #0]
 344 0060 029A     		ldr	r2, [sp, #8]
 345 0062 5A60     		str	r2, [r3, #4]
 346              		.loc 1 162 0
 347 0064 039B     		ldr	r3, [sp, #12]
 348 0066 1A68     		ldr	r2, [r3, #0]
 349 0068 039B     		ldr	r3, [sp, #12]
 350 006a 1B68     		ldr	r3, [r3, #0]
 351 006c BDF80610 		ldrh	r1, [sp, #6]	@ movhi
 352 0070 1981     		strh	r1, [r3, #8]	@ movhi
 353 0072 1B89     		ldrh	r3, [r3, #8]
 354 0074 5381     		strh	r3, [r2, #10]	@ movhi
 355              		.loc 1 163 0
 356 0076 039B     		ldr	r3, [sp, #12]
 357 0078 1A68     		ldr	r2, [r3, #0]
 358 007a 039B     		ldr	r3, [sp, #12]
 359 007c 5A60     		str	r2, [r3, #4]
 360              		.loc 1 164 0
 361 007e 4FF00003 		mov	r3, #0
 362              	.L19:
 363 0082 5BB2     		sxtb	r3, r3
 364              		.loc 1 165 0
 365 0084 1846     		mov	r0, r3
 366 0086 05B0     		add	sp, sp, #20
 367 0088 00BD     		pop	{pc}
 368              		.cfi_endproc
 369              	.LFE11:
 370              		.size	netbuf_ref, .-netbuf_ref
 371 008a 00BFAFF3 		.section	.text.netbuf_chain,"ax",%progbits
 371      0080
 372              		.align	2
 373              		.p2align 4,,15
 374              		.global	netbuf_chain
 375              		.thumb
 376              		.thumb_func
 377              		.type	netbuf_chain, %function
 378              	netbuf_chain:
 379              	.LFB12:
 380              		.loc 1 175 0
 381              		.cfi_startproc
 382              		@ args = 0, pretend = 0, frame = 8
 383              		@ frame_needed = 0, uses_anonymous_args = 0
 384 0000 00B5     		push	{lr}
 385              	.LCFI10:
 386              		.cfi_def_cfa_offset 4
 387              		.cfi_offset 14, -4
 388 0002 83B0     		sub	sp, sp, #12
 389              	.LCFI11:
 390              		.cfi_def_cfa_offset 16
 391 0004 0190     		str	r0, [sp, #4]
 392 0006 0091     		str	r1, [sp, #0]
 393              		.loc 1 176 0
 394 0008 019B     		ldr	r3, [sp, #4]
ARM GAS  /tmp/cco4S8Mb.s 			page 8


 395 000a 002B     		cmp	r3, #0
 396 000c 02D1     		bne	.L23
 397              		.loc 1 176 0 is_stmt 0 discriminator 1
 398 000e FFF7FEFF 		bl	port_halt
 399 0012 16E0     		b	.L22
 400              	.L23:
 401              		.loc 1 177 0 is_stmt 1
 402 0014 009B     		ldr	r3, [sp, #0]
 403 0016 002B     		cmp	r3, #0
 404 0018 02D1     		bne	.L25
 405              		.loc 1 177 0 is_stmt 0 discriminator 1
 406 001a FFF7FEFF 		bl	port_halt
 407 001e 10E0     		b	.L22
 408              	.L25:
 409              		.loc 1 178 0 is_stmt 1
 410 0020 019B     		ldr	r3, [sp, #4]
 411 0022 1A68     		ldr	r2, [r3, #0]
 412 0024 009B     		ldr	r3, [sp, #0]
 413 0026 1B68     		ldr	r3, [r3, #0]
 414 0028 1046     		mov	r0, r2
 415 002a 1946     		mov	r1, r3
 416 002c FFF7FEFF 		bl	pbuf_cat
 417              		.loc 1 179 0
 418 0030 019B     		ldr	r3, [sp, #4]
 419 0032 1A68     		ldr	r2, [r3, #0]
 420 0034 019B     		ldr	r3, [sp, #4]
 421 0036 5A60     		str	r2, [r3, #4]
 422              		.loc 1 180 0
 423 0038 4FF00700 		mov	r0, #7
 424 003c 0099     		ldr	r1, [sp, #0]
 425 003e FFF7FEFF 		bl	memp_free
 426              	.L22:
 427              		.loc 1 181 0
 428 0042 03B0     		add	sp, sp, #12
 429 0044 00BD     		pop	{pc}
 430              		.cfi_endproc
 431              	.LFE12:
 432              		.size	netbuf_chain, .-netbuf_chain
 433 0046 00BFAFF3 		.section	.text.netbuf_data,"ax",%progbits
 433      0080AFF3 
 433      0080
 434              		.align	2
 435              		.p2align 4,,15
 436              		.global	netbuf_data
 437              		.thumb
 438              		.thumb_func
 439              		.type	netbuf_data, %function
 440              	netbuf_data:
 441              	.LFB13:
 442              		.loc 1 194 0
 443              		.cfi_startproc
 444              		@ args = 0, pretend = 0, frame = 16
 445              		@ frame_needed = 0, uses_anonymous_args = 0
 446 0000 00B5     		push	{lr}
 447              	.LCFI12:
 448              		.cfi_def_cfa_offset 4
 449              		.cfi_offset 14, -4
ARM GAS  /tmp/cco4S8Mb.s 			page 9


 450 0002 85B0     		sub	sp, sp, #20
 451              	.LCFI13:
 452              		.cfi_def_cfa_offset 24
 453 0004 0390     		str	r0, [sp, #12]
 454 0006 0291     		str	r1, [sp, #8]
 455 0008 0192     		str	r2, [sp, #4]
 456              		.loc 1 195 0
 457 000a 039B     		ldr	r3, [sp, #12]
 458 000c 002B     		cmp	r3, #0
 459 000e 04D1     		bne	.L27
 460              		.loc 1 195 0 is_stmt 0 discriminator 1
 461 0010 FFF7FEFF 		bl	port_halt
 462 0014 4FF0F203 		mov	r3, #242
 463 0018 22E0     		b	.L28
 464              	.L27:
 465              		.loc 1 196 0 is_stmt 1
 466 001a 029B     		ldr	r3, [sp, #8]
 467 001c 002B     		cmp	r3, #0
 468 001e 04D1     		bne	.L29
 469              		.loc 1 196 0 is_stmt 0 discriminator 1
 470 0020 FFF7FEFF 		bl	port_halt
 471 0024 4FF0F203 		mov	r3, #242
 472 0028 1AE0     		b	.L28
 473              	.L29:
 474              		.loc 1 197 0 is_stmt 1
 475 002a 019B     		ldr	r3, [sp, #4]
 476 002c 002B     		cmp	r3, #0
 477 002e 04D1     		bne	.L30
 478              		.loc 1 197 0 is_stmt 0 discriminator 1
 479 0030 FFF7FEFF 		bl	port_halt
 480 0034 4FF0F203 		mov	r3, #242
 481 0038 12E0     		b	.L28
 482              	.L30:
 483              		.loc 1 199 0 is_stmt 1
 484 003a 039B     		ldr	r3, [sp, #12]
 485 003c 5B68     		ldr	r3, [r3, #4]
 486 003e 002B     		cmp	r3, #0
 487 0040 02D1     		bne	.L31
 488              		.loc 1 200 0
 489 0042 4FF0FE03 		mov	r3, #254
 490 0046 0BE0     		b	.L28
 491              	.L31:
 492              		.loc 1 202 0
 493 0048 039B     		ldr	r3, [sp, #12]
 494 004a 5B68     		ldr	r3, [r3, #4]
 495 004c 5A68     		ldr	r2, [r3, #4]
 496 004e 029B     		ldr	r3, [sp, #8]
 497 0050 1A60     		str	r2, [r3, #0]
 498              		.loc 1 203 0
 499 0052 039B     		ldr	r3, [sp, #12]
 500 0054 5B68     		ldr	r3, [r3, #4]
 501 0056 5A89     		ldrh	r2, [r3, #10]
 502 0058 019B     		ldr	r3, [sp, #4]
 503 005a 1A80     		strh	r2, [r3, #0]	@ movhi
 504              		.loc 1 204 0
 505 005c 4FF00003 		mov	r3, #0
 506              	.L28:
ARM GAS  /tmp/cco4S8Mb.s 			page 10


 507 0060 5BB2     		sxtb	r3, r3
 508              		.loc 1 205 0
 509 0062 1846     		mov	r0, r3
 510 0064 05B0     		add	sp, sp, #20
 511 0066 00BD     		pop	{pc}
 512              		.cfi_endproc
 513              	.LFE13:
 514              		.size	netbuf_data, .-netbuf_data
 515 0068 AFF30080 		.section	.text.netbuf_next,"ax",%progbits
 515      AFF30080 
 516              		.align	2
 517              		.p2align 4,,15
 518              		.global	netbuf_next
 519              		.thumb
 520              		.thumb_func
 521              		.type	netbuf_next, %function
 522              	netbuf_next:
 523              	.LFB14:
 524              		.loc 1 219 0
 525              		.cfi_startproc
 526              		@ args = 0, pretend = 0, frame = 8
 527              		@ frame_needed = 0, uses_anonymous_args = 0
 528 0000 00B5     		push	{lr}
 529              	.LCFI14:
 530              		.cfi_def_cfa_offset 4
 531              		.cfi_offset 14, -4
 532 0002 83B0     		sub	sp, sp, #12
 533              	.LCFI15:
 534              		.cfi_def_cfa_offset 16
 535 0004 0190     		str	r0, [sp, #4]
 536              		.loc 1 220 0
 537 0006 019B     		ldr	r3, [sp, #4]
 538 0008 002B     		cmp	r3, #0
 539 000a 04D1     		bne	.L33
 540              		.loc 1 220 0 is_stmt 0 discriminator 1
 541 000c FFF7FEFF 		bl	port_halt
 542 0010 4FF0FF03 		mov	r3, #255
 543 0014 16E0     		b	.L34
 544              	.L33:
 545              		.loc 1 221 0 is_stmt 1
 546 0016 019B     		ldr	r3, [sp, #4]
 547 0018 5B68     		ldr	r3, [r3, #4]
 548 001a 1B68     		ldr	r3, [r3, #0]
 549 001c 002B     		cmp	r3, #0
 550 001e 02D1     		bne	.L35
 551              		.loc 1 222 0
 552 0020 4FF0FF03 		mov	r3, #255
 553 0024 0EE0     		b	.L34
 554              	.L35:
 555              		.loc 1 224 0
 556 0026 019B     		ldr	r3, [sp, #4]
 557 0028 5B68     		ldr	r3, [r3, #4]
 558 002a 1A68     		ldr	r2, [r3, #0]
 559 002c 019B     		ldr	r3, [sp, #4]
 560 002e 5A60     		str	r2, [r3, #4]
 561              		.loc 1 225 0
 562 0030 019B     		ldr	r3, [sp, #4]
ARM GAS  /tmp/cco4S8Mb.s 			page 11


 563 0032 5B68     		ldr	r3, [r3, #4]
 564 0034 1B68     		ldr	r3, [r3, #0]
 565 0036 002B     		cmp	r3, #0
 566 0038 02D1     		bne	.L36
 567              		.loc 1 226 0
 568 003a 4FF00103 		mov	r3, #1
 569 003e 01E0     		b	.L34
 570              	.L36:
 571              		.loc 1 228 0
 572 0040 4FF00003 		mov	r3, #0
 573              	.L34:
 574 0044 5BB2     		sxtb	r3, r3
 575              		.loc 1 229 0
 576 0046 1846     		mov	r0, r3
 577 0048 03B0     		add	sp, sp, #12
 578 004a 00BD     		pop	{pc}
 579              		.cfi_endproc
 580              	.LFE14:
 581              		.size	netbuf_next, .-netbuf_next
 582 004c AFF30080 		.section	.text.netbuf_first,"ax",%progbits
 583              		.align	2
 584              		.p2align 4,,15
 585              		.global	netbuf_first
 586              		.thumb
 587              		.thumb_func
 588              		.type	netbuf_first, %function
 589              	netbuf_first:
 590              	.LFB15:
 591              		.loc 1 240 0
 592              		.cfi_startproc
 593              		@ args = 0, pretend = 0, frame = 8
 594              		@ frame_needed = 0, uses_anonymous_args = 0
 595 0000 00B5     		push	{lr}
 596              	.LCFI16:
 597              		.cfi_def_cfa_offset 4
 598              		.cfi_offset 14, -4
 599 0002 83B0     		sub	sp, sp, #12
 600              	.LCFI17:
 601              		.cfi_def_cfa_offset 16
 602 0004 0190     		str	r0, [sp, #4]
 603              		.loc 1 241 0
 604 0006 019B     		ldr	r3, [sp, #4]
 605 0008 002B     		cmp	r3, #0
 606 000a 02D1     		bne	.L38
 607              		.loc 1 241 0 is_stmt 0 discriminator 1
 608 000c FFF7FEFF 		bl	port_halt
 609 0010 03E0     		b	.L37
 610              	.L38:
 611              		.loc 1 242 0 is_stmt 1
 612 0012 019B     		ldr	r3, [sp, #4]
 613 0014 1A68     		ldr	r2, [r3, #0]
 614 0016 019B     		ldr	r3, [sp, #4]
 615 0018 5A60     		str	r2, [r3, #4]
 616              	.L37:
 617              		.loc 1 243 0
 618 001a 03B0     		add	sp, sp, #12
 619 001c 00BD     		pop	{pc}
ARM GAS  /tmp/cco4S8Mb.s 			page 12


 620              		.cfi_endproc
 621              	.LFE15:
 622              		.size	netbuf_first, .-netbuf_first
 623 001e 00BF     		.text
 624              	.Letext0:
 625              		.file 2 "/home/texzk/ChibiStudio/tools/GNU Tools ARM Embedded/4.6 2012q2/bin/../lib/gcc/arm-none-e
 626              		.file 3 "../../os/various/lwip_bindings/arch/cc.h"
 627              		.file 4 "../../ext/lwip/src/include/lwip/err.h"
 628              		.file 5 "../../ext/lwip/src/include/lwip/pbuf.h"
 629              		.file 6 "../../ext/lwip/src/include/ipv4/lwip/ip_addr.h"
 630              		.file 7 "../../ext/lwip/src/include/lwip/netbuf.h"
 631              		.file 8 "../../ext/lwip/src/include/lwip/memp.h"
 632              		.section	.debug_info,"",%progbits
 633              	.Ldebug_info0:
 634 0000 40040000 		.4byte	0x440
 635 0004 0200     		.2byte	0x2
 636 0006 00000000 		.4byte	.Ldebug_abbrev0
 637 000a 04       		.byte	0x4
 638 000b 01       		.uleb128 0x1
 639 000c A3000000 		.4byte	.LASF65
 640 0010 01       		.byte	0x1
 641 0011 00000000 		.4byte	.LASF66
 642 0015 7E020000 		.4byte	.LASF67
 643 0019 00000000 		.4byte	0
 644 001d 00000000 		.4byte	0
 645 0021 00000000 		.4byte	.Ldebug_ranges0+0
 646 0025 00000000 		.4byte	.Ldebug_line0
 647 0029 02       		.uleb128 0x2
 648 002a 04       		.byte	0x4
 649 002b 05       		.byte	0x5
 650 002c 696E7400 		.ascii	"int\000"
 651 0030 03       		.uleb128 0x3
 652 0031 04       		.byte	0x4
 653 0032 07       		.byte	0x7
 654 0033 9B010000 		.4byte	.LASF0
 655 0037 04       		.uleb128 0x4
 656 0038 2C000000 		.4byte	.LASF2
 657 003c 02       		.byte	0x2
 658 003d 29       		.byte	0x29
 659 003e 42000000 		.4byte	0x42
 660 0042 03       		.uleb128 0x3
 661 0043 01       		.byte	0x1
 662 0044 06       		.byte	0x6
 663 0045 69010000 		.4byte	.LASF1
 664 0049 04       		.uleb128 0x4
 665 004a CE020000 		.4byte	.LASF3
 666 004e 02       		.byte	0x2
 667 004f 2A       		.byte	0x2a
 668 0050 54000000 		.4byte	0x54
 669 0054 03       		.uleb128 0x3
 670 0055 01       		.byte	0x1
 671 0056 08       		.byte	0x8
 672 0057 4D010000 		.4byte	.LASF4
 673 005b 03       		.uleb128 0x3
 674 005c 02       		.byte	0x2
 675 005d 05       		.byte	0x5
 676 005e 4D000000 		.4byte	.LASF5
ARM GAS  /tmp/cco4S8Mb.s 			page 13


 677 0062 04       		.uleb128 0x4
 678 0063 A8010000 		.4byte	.LASF6
 679 0067 02       		.byte	0x2
 680 0068 36       		.byte	0x36
 681 0069 6D000000 		.4byte	0x6d
 682 006d 03       		.uleb128 0x3
 683 006e 02       		.byte	0x2
 684 006f 07       		.byte	0x7
 685 0070 F9010000 		.4byte	.LASF7
 686 0074 03       		.uleb128 0x3
 687 0075 04       		.byte	0x4
 688 0076 05       		.byte	0x5
 689 0077 35010000 		.4byte	.LASF8
 690 007b 04       		.uleb128 0x4
 691 007c 92010000 		.4byte	.LASF9
 692 0080 02       		.byte	0x2
 693 0081 50       		.byte	0x50
 694 0082 86000000 		.4byte	0x86
 695 0086 03       		.uleb128 0x3
 696 0087 04       		.byte	0x4
 697 0088 07       		.byte	0x7
 698 0089 4C020000 		.4byte	.LASF10
 699 008d 03       		.uleb128 0x3
 700 008e 08       		.byte	0x8
 701 008f 05       		.byte	0x5
 702 0090 09010000 		.4byte	.LASF11
 703 0094 03       		.uleb128 0x3
 704 0095 08       		.byte	0x8
 705 0096 07       		.byte	0x7
 706 0097 7B010000 		.4byte	.LASF12
 707 009b 05       		.uleb128 0x5
 708 009c 04       		.byte	0x4
 709 009d 03       		.uleb128 0x3
 710 009e 01       		.byte	0x1
 711 009f 08       		.byte	0x8
 712 00a0 DC010000 		.4byte	.LASF13
 713 00a4 04       		.uleb128 0x4
 714 00a5 C3020000 		.4byte	.LASF14
 715 00a9 03       		.byte	0x3
 716 00aa 3C       		.byte	0x3c
 717 00ab 49000000 		.4byte	0x49
 718 00af 04       		.uleb128 0x4
 719 00b0 04010000 		.4byte	.LASF15
 720 00b4 03       		.byte	0x3
 721 00b5 3D       		.byte	0x3d
 722 00b6 37000000 		.4byte	0x37
 723 00ba 04       		.uleb128 0x4
 724 00bb D6020000 		.4byte	.LASF16
 725 00bf 03       		.byte	0x3
 726 00c0 3E       		.byte	0x3e
 727 00c1 62000000 		.4byte	0x62
 728 00c5 04       		.uleb128 0x4
 729 00c6 C8020000 		.4byte	.LASF17
 730 00ca 03       		.byte	0x3
 731 00cb 40       		.byte	0x40
 732 00cc 7B000000 		.4byte	0x7b
 733 00d0 04       		.uleb128 0x4
ARM GAS  /tmp/cco4S8Mb.s 			page 14


 734 00d1 D6010000 		.4byte	.LASF18
 735 00d5 04       		.byte	0x4
 736 00d6 2F       		.byte	0x2f
 737 00d7 AF000000 		.4byte	0xaf
 738 00db 06       		.uleb128 0x6
 739 00dc 01       		.byte	0x1
 740 00dd 05       		.byte	0x5
 741 00de 32       		.byte	0x32
 742 00df FC000000 		.4byte	0xfc
 743 00e3 07       		.uleb128 0x7
 744 00e4 23020000 		.4byte	.LASF19
 745 00e8 00       		.sleb128 0
 746 00e9 07       		.uleb128 0x7
 747 00ea 32020000 		.4byte	.LASF20
 748 00ee 01       		.sleb128 1
 749 00ef 07       		.uleb128 0x7
 750 00f0 61030000 		.4byte	.LASF21
 751 00f4 02       		.sleb128 2
 752 00f5 07       		.uleb128 0x7
 753 00f6 EC000000 		.4byte	.LASF22
 754 00fa 03       		.sleb128 3
 755 00fb 00       		.byte	0
 756 00fc 06       		.uleb128 0x6
 757 00fd 01       		.byte	0x1
 758 00fe 05       		.byte	0x5
 759 00ff 39       		.byte	0x39
 760 0100 1D010000 		.4byte	0x11d
 761 0104 07       		.uleb128 0x7
 762 0105 86000000 		.4byte	.LASF23
 763 0109 00       		.sleb128 0
 764 010a 07       		.uleb128 0x7
 765 010b 46030000 		.4byte	.LASF24
 766 010f 01       		.sleb128 1
 767 0110 07       		.uleb128 0x7
 768 0111 35030000 		.4byte	.LASF25
 769 0115 02       		.sleb128 2
 770 0116 07       		.uleb128 0x7
 771 0117 B1010000 		.4byte	.LASF26
 772 011b 03       		.sleb128 3
 773 011c 00       		.byte	0
 774 011d 08       		.uleb128 0x8
 775 011e 5C030000 		.4byte	.LASF32
 776 0122 10       		.byte	0x10
 777 0123 05       		.byte	0x5
 778 0124 49       		.byte	0x49
 779 0125 8C010000 		.4byte	0x18c
 780 0129 09       		.uleb128 0x9
 781 012a 57030000 		.4byte	.LASF27
 782 012e 05       		.byte	0x5
 783 012f 4B       		.byte	0x4b
 784 0130 8C010000 		.4byte	0x18c
 785 0134 02       		.byte	0x2
 786 0135 23       		.byte	0x23
 787 0136 00       		.uleb128 0
 788 0137 09       		.uleb128 0x9
 789 0138 4F030000 		.4byte	.LASF28
 790 013c 05       		.byte	0x5
ARM GAS  /tmp/cco4S8Mb.s 			page 15


 791 013d 4E       		.byte	0x4e
 792 013e 9B000000 		.4byte	0x9b
 793 0142 02       		.byte	0x2
 794 0143 23       		.byte	0x23
 795 0144 04       		.uleb128 0x4
 796 0145 09       		.uleb128 0x9
 797 0146 13030000 		.4byte	.LASF29
 798 014a 05       		.byte	0x5
 799 014b 57       		.byte	0x57
 800 014c BA000000 		.4byte	0xba
 801 0150 02       		.byte	0x2
 802 0151 23       		.byte	0x23
 803 0152 08       		.uleb128 0x8
 804 0153 0A       		.uleb128 0xa
 805 0154 6C656E00 		.ascii	"len\000"
 806 0158 05       		.byte	0x5
 807 0159 5A       		.byte	0x5a
 808 015a BA000000 		.4byte	0xba
 809 015e 02       		.byte	0x2
 810 015f 23       		.byte	0x23
 811 0160 0A       		.uleb128 0xa
 812 0161 09       		.uleb128 0x9
 813 0162 E1010000 		.4byte	.LASF30
 814 0166 05       		.byte	0x5
 815 0167 5D       		.byte	0x5d
 816 0168 A4000000 		.4byte	0xa4
 817 016c 02       		.byte	0x2
 818 016d 23       		.byte	0x23
 819 016e 0C       		.uleb128 0xc
 820 016f 09       		.uleb128 0x9
 821 0170 75010000 		.4byte	.LASF31
 822 0174 05       		.byte	0x5
 823 0175 60       		.byte	0x60
 824 0176 A4000000 		.4byte	0xa4
 825 017a 02       		.byte	0x2
 826 017b 23       		.byte	0x23
 827 017c 0D       		.uleb128 0xd
 828 017d 0A       		.uleb128 0xa
 829 017e 72656600 		.ascii	"ref\000"
 830 0182 05       		.byte	0x5
 831 0183 67       		.byte	0x67
 832 0184 BA000000 		.4byte	0xba
 833 0188 02       		.byte	0x2
 834 0189 23       		.byte	0x23
 835 018a 0E       		.uleb128 0xe
 836 018b 00       		.byte	0
 837 018c 0B       		.uleb128 0xb
 838 018d 04       		.byte	0x4
 839 018e 1D010000 		.4byte	0x11d
 840 0192 08       		.uleb128 0x8
 841 0193 3E030000 		.4byte	.LASF33
 842 0197 04       		.byte	0x4
 843 0198 06       		.byte	0x6
 844 0199 2C       		.byte	0x2c
 845 019a AD010000 		.4byte	0x1ad
 846 019e 09       		.uleb128 0x9
 847 019f 48010000 		.4byte	.LASF34
ARM GAS  /tmp/cco4S8Mb.s 			page 16


 848 01a3 06       		.byte	0x6
 849 01a4 2D       		.byte	0x2d
 850 01a5 C5000000 		.4byte	0xc5
 851 01a9 02       		.byte	0x2
 852 01aa 23       		.byte	0x23
 853 01ab 00       		.uleb128 0
 854 01ac 00       		.byte	0
 855 01ad 04       		.uleb128 0x4
 856 01ae 3E010000 		.4byte	.LASF35
 857 01b2 06       		.byte	0x6
 858 01b3 40       		.byte	0x40
 859 01b4 92010000 		.4byte	0x192
 860 01b8 08       		.uleb128 0x8
 861 01b9 2E010000 		.4byte	.LASF36
 862 01bd 10       		.byte	0x10
 863 01be 07       		.byte	0x7
 864 01bf 30       		.byte	0x30
 865 01c0 FB010000 		.4byte	0x1fb
 866 01c4 0A       		.uleb128 0xa
 867 01c5 7000     		.ascii	"p\000"
 868 01c7 07       		.byte	0x7
 869 01c8 31       		.byte	0x31
 870 01c9 8C010000 		.4byte	0x18c
 871 01cd 02       		.byte	0x2
 872 01ce 23       		.byte	0x23
 873 01cf 00       		.uleb128 0
 874 01d0 0A       		.uleb128 0xa
 875 01d1 70747200 		.ascii	"ptr\000"
 876 01d5 07       		.byte	0x7
 877 01d6 31       		.byte	0x31
 878 01d7 8C010000 		.4byte	0x18c
 879 01db 02       		.byte	0x2
 880 01dc 23       		.byte	0x23
 881 01dd 04       		.uleb128 0x4
 882 01de 09       		.uleb128 0x9
 883 01df 48010000 		.4byte	.LASF34
 884 01e3 07       		.byte	0x7
 885 01e4 32       		.byte	0x32
 886 01e5 AD010000 		.4byte	0x1ad
 887 01e9 02       		.byte	0x2
 888 01ea 23       		.byte	0x23
 889 01eb 08       		.uleb128 0x8
 890 01ec 09       		.uleb128 0x9
 891 01ed 3A020000 		.4byte	.LASF37
 892 01f1 07       		.byte	0x7
 893 01f2 33       		.byte	0x33
 894 01f3 BA000000 		.4byte	0xba
 895 01f7 02       		.byte	0x2
 896 01f8 23       		.byte	0x23
 897 01f9 0C       		.uleb128 0xc
 898 01fa 00       		.byte	0
 899 01fb 06       		.uleb128 0x6
 900 01fc 01       		.byte	0x1
 901 01fd 08       		.byte	0x8
 902 01fe 2B       		.byte	0x2b
 903 01ff 5E020000 		.4byte	0x25e
 904 0203 07       		.uleb128 0x7
ARM GAS  /tmp/cco4S8Mb.s 			page 17


 905 0204 5E020000 		.4byte	.LASF38
 906 0208 00       		.sleb128 0
 907 0209 07       		.uleb128 0x7
 908 020a 28030000 		.4byte	.LASF39
 909 020e 01       		.sleb128 1
 910 020f 07       		.uleb128 0x7
 911 0210 1B030000 		.4byte	.LASF40
 912 0214 02       		.sleb128 2
 913 0215 07       		.uleb128 0x7
 914 0216 8F000000 		.4byte	.LASF41
 915 021a 03       		.sleb128 3
 916 021b 07       		.uleb128 0x7
 917 021c 63000000 		.4byte	.LASF42
 918 0220 04       		.sleb128 4
 919 0221 07       		.uleb128 0x7
 920 0222 BB010000 		.4byte	.LASF43
 921 0226 05       		.sleb128 5
 922 0227 07       		.uleb128 0x7
 923 0228 F5000000 		.4byte	.LASF44
 924 022c 06       		.sleb128 6
 925 022d 07       		.uleb128 0x7
 926 022e 57000000 		.4byte	.LASF45
 927 0232 07       		.sleb128 7
 928 0233 07       		.uleb128 0x7
 929 0234 40000000 		.4byte	.LASF46
 930 0238 08       		.sleb128 8
 931 0239 07       		.uleb128 0x7
 932 023a E6010000 		.4byte	.LASF47
 933 023e 09       		.sleb128 9
 934 023f 07       		.uleb128 0x7
 935 0240 F6020000 		.4byte	.LASF48
 936 0244 0A       		.sleb128 10
 937 0245 07       		.uleb128 0x7
 938 0246 70000000 		.4byte	.LASF49
 939 024a 0B       		.sleb128 11
 940 024b 07       		.uleb128 0x7
 941 024c 0C020000 		.4byte	.LASF50
 942 0250 0C       		.sleb128 12
 943 0251 07       		.uleb128 0x7
 944 0252 DC020000 		.4byte	.LASF51
 945 0256 0D       		.sleb128 13
 946 0257 07       		.uleb128 0x7
 947 0258 60010000 		.4byte	.LASF52
 948 025c 0E       		.sleb128 14
 949 025d 00       		.byte	0
 950 025e 0C       		.uleb128 0xc
 951 025f 01       		.byte	0x1
 952 0260 EB020000 		.4byte	.LASF53
 953 0264 01       		.byte	0x1
 954 0265 38       		.byte	0x38
 955 0266 01       		.byte	0x1
 956 0267 8A020000 		.4byte	0x28a
 957 026b 00000000 		.4byte	.LFB7
 958 026f 44000000 		.4byte	.LFE7
 959 0273 00000000 		.4byte	.LLST0
 960 0277 8A020000 		.4byte	0x28a
 961 027b 0D       		.uleb128 0xd
ARM GAS  /tmp/cco4S8Mb.s 			page 18


 962 027c 62756600 		.ascii	"buf\000"
 963 0280 01       		.byte	0x1
 964 0281 3A       		.byte	0x3a
 965 0282 8A020000 		.4byte	0x28a
 966 0286 02       		.byte	0x2
 967 0287 91       		.byte	0x91
 968 0288 74       		.sleb128 -12
 969 0289 00       		.byte	0
 970 028a 0B       		.uleb128 0xb
 971 028b 04       		.byte	0x4
 972 028c B8010000 		.4byte	0x1b8
 973 0290 0E       		.uleb128 0xe
 974 0291 01       		.byte	0x1
 975 0292 70020000 		.4byte	.LASF56
 976 0296 01       		.byte	0x1
 977 0297 57       		.byte	0x57
 978 0298 01       		.byte	0x1
 979 0299 00000000 		.4byte	.LFB8
 980 029d 3C000000 		.4byte	.LFE8
 981 02a1 2C000000 		.4byte	.LLST1
 982 02a5 B8020000 		.4byte	0x2b8
 983 02a9 0F       		.uleb128 0xf
 984 02aa 62756600 		.ascii	"buf\000"
 985 02ae 01       		.byte	0x1
 986 02af 57       		.byte	0x57
 987 02b0 8A020000 		.4byte	0x28a
 988 02b4 02       		.byte	0x2
 989 02b5 91       		.byte	0x91
 990 02b6 74       		.sleb128 -12
 991 02b7 00       		.byte	0
 992 02b8 0C       		.uleb128 0xc
 993 02b9 01       		.byte	0x1
 994 02ba 33000000 		.4byte	.LASF54
 995 02be 01       		.byte	0x1
 996 02bf 6B       		.byte	0x6b
 997 02c0 01       		.byte	0x1
 998 02c1 9B000000 		.4byte	0x9b
 999 02c5 00000000 		.4byte	.LFB9
 1000 02c9 7A000000 		.4byte	.LFE9
 1001 02cd 58000000 		.4byte	.LLST2
 1002 02d1 F2020000 		.4byte	0x2f2
 1003 02d5 0F       		.uleb128 0xf
 1004 02d6 62756600 		.ascii	"buf\000"
 1005 02da 01       		.byte	0x1
 1006 02db 6B       		.byte	0x6b
 1007 02dc 8A020000 		.4byte	0x28a
 1008 02e0 02       		.byte	0x2
 1009 02e1 91       		.byte	0x91
 1010 02e2 74       		.sleb128 -12
 1011 02e3 10       		.uleb128 0x10
 1012 02e4 6B020000 		.4byte	.LASF55
 1013 02e8 01       		.byte	0x1
 1014 02e9 6B       		.byte	0x6b
 1015 02ea BA000000 		.4byte	0xba
 1016 02ee 02       		.byte	0x2
 1017 02ef 91       		.byte	0x91
 1018 02f0 72       		.sleb128 -14
ARM GAS  /tmp/cco4S8Mb.s 			page 19


 1019 02f1 00       		.byte	0
 1020 02f2 0E       		.uleb128 0xe
 1021 02f3 01       		.byte	0x1
 1022 02f4 CA010000 		.4byte	.LASF57
 1023 02f8 01       		.byte	0x1
 1024 02f9 83       		.byte	0x83
 1025 02fa 01       		.byte	0x1
 1026 02fb 00000000 		.4byte	.LFB10
 1027 02ff 38000000 		.4byte	.LFE10
 1028 0303 84000000 		.4byte	.LLST3
 1029 0307 1A030000 		.4byte	0x31a
 1030 030b 0F       		.uleb128 0xf
 1031 030c 62756600 		.ascii	"buf\000"
 1032 0310 01       		.byte	0x1
 1033 0311 83       		.byte	0x83
 1034 0312 8A020000 		.4byte	0x28a
 1035 0316 02       		.byte	0x2
 1036 0317 91       		.byte	0x91
 1037 0318 74       		.sleb128 -12
 1038 0319 00       		.byte	0
 1039 031a 0C       		.uleb128 0xc
 1040 031b 01       		.byte	0x1
 1041 031c 23010000 		.4byte	.LASF58
 1042 0320 01       		.byte	0x1
 1043 0321 96       		.byte	0x96
 1044 0322 01       		.byte	0x1
 1045 0323 D0000000 		.4byte	0xd0
 1046 0327 00000000 		.4byte	.LFB11
 1047 032b 8A000000 		.4byte	.LFE11
 1048 032f B0000000 		.4byte	.LLST4
 1049 0333 62030000 		.4byte	0x362
 1050 0337 0F       		.uleb128 0xf
 1051 0338 62756600 		.ascii	"buf\000"
 1052 033c 01       		.byte	0x1
 1053 033d 96       		.byte	0x96
 1054 033e 8A020000 		.4byte	0x28a
 1055 0342 02       		.byte	0x2
 1056 0343 91       		.byte	0x91
 1057 0344 74       		.sleb128 -12
 1058 0345 10       		.uleb128 0x10
 1059 0346 0B030000 		.4byte	.LASF59
 1060 034a 01       		.byte	0x1
 1061 034b 96       		.byte	0x96
 1062 034c 62030000 		.4byte	0x362
 1063 0350 02       		.byte	0x2
 1064 0351 91       		.byte	0x91
 1065 0352 70       		.sleb128 -16
 1066 0353 10       		.uleb128 0x10
 1067 0354 6B020000 		.4byte	.LASF55
 1068 0358 01       		.byte	0x1
 1069 0359 96       		.byte	0x96
 1070 035a BA000000 		.4byte	0xba
 1071 035e 02       		.byte	0x2
 1072 035f 91       		.byte	0x91
 1073 0360 6E       		.sleb128 -18
 1074 0361 00       		.byte	0
 1075 0362 0B       		.uleb128 0xb
ARM GAS  /tmp/cco4S8Mb.s 			page 20


 1076 0363 04       		.byte	0x4
 1077 0364 68030000 		.4byte	0x368
 1078 0368 11       		.uleb128 0x11
 1079 0369 0E       		.uleb128 0xe
 1080 036a 01       		.byte	0x1
 1081 036b 16020000 		.4byte	.LASF60
 1082 036f 01       		.byte	0x1
 1083 0370 AE       		.byte	0xae
 1084 0371 01       		.byte	0x1
 1085 0372 00000000 		.4byte	.LFB12
 1086 0376 46000000 		.4byte	.LFE12
 1087 037a DC000000 		.4byte	.LLST5
 1088 037e 9F030000 		.4byte	0x39f
 1089 0382 10       		.uleb128 0x10
 1090 0383 81000000 		.4byte	.LASF61
 1091 0387 01       		.byte	0x1
 1092 0388 AE       		.byte	0xae
 1093 0389 8A020000 		.4byte	0x28a
 1094 038d 02       		.byte	0x2
 1095 038e 91       		.byte	0x91
 1096 038f 74       		.sleb128 -12
 1097 0390 10       		.uleb128 0x10
 1098 0391 5B010000 		.4byte	.LASF62
 1099 0395 01       		.byte	0x1
 1100 0396 AE       		.byte	0xae
 1101 0397 8A020000 		.4byte	0x28a
 1102 039b 02       		.byte	0x2
 1103 039c 91       		.byte	0x91
 1104 039d 70       		.sleb128 -16
 1105 039e 00       		.byte	0
 1106 039f 0C       		.uleb128 0xc
 1107 03a0 01       		.byte	0x1
 1108 03a1 20000000 		.4byte	.LASF63
 1109 03a5 01       		.byte	0x1
 1110 03a6 C1       		.byte	0xc1
 1111 03a7 01       		.byte	0x1
 1112 03a8 D0000000 		.4byte	0xd0
 1113 03ac 00000000 		.4byte	.LFB13
 1114 03b0 68000000 		.4byte	.LFE13
 1115 03b4 08010000 		.4byte	.LLST6
 1116 03b8 E7030000 		.4byte	0x3e7
 1117 03bc 0F       		.uleb128 0xf
 1118 03bd 62756600 		.ascii	"buf\000"
 1119 03c1 01       		.byte	0x1
 1120 03c2 C1       		.byte	0xc1
 1121 03c3 8A020000 		.4byte	0x28a
 1122 03c7 02       		.byte	0x2
 1123 03c8 91       		.byte	0x91
 1124 03c9 74       		.sleb128 -12
 1125 03ca 10       		.uleb128 0x10
 1126 03cb 0B030000 		.4byte	.LASF59
 1127 03cf 01       		.byte	0x1
 1128 03d0 C1       		.byte	0xc1
 1129 03d1 E7030000 		.4byte	0x3e7
 1130 03d5 02       		.byte	0x2
 1131 03d6 91       		.byte	0x91
 1132 03d7 70       		.sleb128 -16
ARM GAS  /tmp/cco4S8Mb.s 			page 21


 1133 03d8 0F       		.uleb128 0xf
 1134 03d9 6C656E00 		.ascii	"len\000"
 1135 03dd 01       		.byte	0x1
 1136 03de C1       		.byte	0xc1
 1137 03df ED030000 		.4byte	0x3ed
 1138 03e3 02       		.byte	0x2
 1139 03e4 91       		.byte	0x91
 1140 03e5 6C       		.sleb128 -20
 1141 03e6 00       		.byte	0
 1142 03e7 0B       		.uleb128 0xb
 1143 03e8 04       		.byte	0x4
 1144 03e9 9B000000 		.4byte	0x9b
 1145 03ed 0B       		.uleb128 0xb
 1146 03ee 04       		.byte	0x4
 1147 03ef BA000000 		.4byte	0xba
 1148 03f3 0C       		.uleb128 0xc
 1149 03f4 01       		.byte	0x1
 1150 03f5 17010000 		.4byte	.LASF64
 1151 03f9 01       		.byte	0x1
 1152 03fa DA       		.byte	0xda
 1153 03fb 01       		.byte	0x1
 1154 03fc AF000000 		.4byte	0xaf
 1155 0400 00000000 		.4byte	.LFB14
 1156 0404 4C000000 		.4byte	.LFE14
 1157 0408 34010000 		.4byte	.LLST7
 1158 040c 1F040000 		.4byte	0x41f
 1159 0410 0F       		.uleb128 0xf
 1160 0411 62756600 		.ascii	"buf\000"
 1161 0415 01       		.byte	0x1
 1162 0416 DA       		.byte	0xda
 1163 0417 8A020000 		.4byte	0x28a
 1164 041b 02       		.byte	0x2
 1165 041c 91       		.byte	0x91
 1166 041d 74       		.sleb128 -12
 1167 041e 00       		.byte	0
 1168 041f 12       		.uleb128 0x12
 1169 0420 01       		.byte	0x1
 1170 0421 3F020000 		.4byte	.LASF68
 1171 0425 01       		.byte	0x1
 1172 0426 EF       		.byte	0xef
 1173 0427 01       		.byte	0x1
 1174 0428 00000000 		.4byte	.LFB15
 1175 042c 1E000000 		.4byte	.LFE15
 1176 0430 60010000 		.4byte	.LLST8
 1177 0434 0F       		.uleb128 0xf
 1178 0435 62756600 		.ascii	"buf\000"
 1179 0439 01       		.byte	0x1
 1180 043a EF       		.byte	0xef
 1181 043b 8A020000 		.4byte	0x28a
 1182 043f 02       		.byte	0x2
 1183 0440 91       		.byte	0x91
 1184 0441 74       		.sleb128 -12
 1185 0442 00       		.byte	0
 1186 0443 00       		.byte	0
 1187              		.section	.debug_abbrev,"",%progbits
 1188              	.Ldebug_abbrev0:
 1189 0000 01       		.uleb128 0x1
ARM GAS  /tmp/cco4S8Mb.s 			page 22


 1190 0001 11       		.uleb128 0x11
 1191 0002 01       		.byte	0x1
 1192 0003 25       		.uleb128 0x25
 1193 0004 0E       		.uleb128 0xe
 1194 0005 13       		.uleb128 0x13
 1195 0006 0B       		.uleb128 0xb
 1196 0007 03       		.uleb128 0x3
 1197 0008 0E       		.uleb128 0xe
 1198 0009 1B       		.uleb128 0x1b
 1199 000a 0E       		.uleb128 0xe
 1200 000b 11       		.uleb128 0x11
 1201 000c 01       		.uleb128 0x1
 1202 000d 52       		.uleb128 0x52
 1203 000e 01       		.uleb128 0x1
 1204 000f 55       		.uleb128 0x55
 1205 0010 06       		.uleb128 0x6
 1206 0011 10       		.uleb128 0x10
 1207 0012 06       		.uleb128 0x6
 1208 0013 00       		.byte	0
 1209 0014 00       		.byte	0
 1210 0015 02       		.uleb128 0x2
 1211 0016 24       		.uleb128 0x24
 1212 0017 00       		.byte	0
 1213 0018 0B       		.uleb128 0xb
 1214 0019 0B       		.uleb128 0xb
 1215 001a 3E       		.uleb128 0x3e
 1216 001b 0B       		.uleb128 0xb
 1217 001c 03       		.uleb128 0x3
 1218 001d 08       		.uleb128 0x8
 1219 001e 00       		.byte	0
 1220 001f 00       		.byte	0
 1221 0020 03       		.uleb128 0x3
 1222 0021 24       		.uleb128 0x24
 1223 0022 00       		.byte	0
 1224 0023 0B       		.uleb128 0xb
 1225 0024 0B       		.uleb128 0xb
 1226 0025 3E       		.uleb128 0x3e
 1227 0026 0B       		.uleb128 0xb
 1228 0027 03       		.uleb128 0x3
 1229 0028 0E       		.uleb128 0xe
 1230 0029 00       		.byte	0
 1231 002a 00       		.byte	0
 1232 002b 04       		.uleb128 0x4
 1233 002c 16       		.uleb128 0x16
 1234 002d 00       		.byte	0
 1235 002e 03       		.uleb128 0x3
 1236 002f 0E       		.uleb128 0xe
 1237 0030 3A       		.uleb128 0x3a
 1238 0031 0B       		.uleb128 0xb
 1239 0032 3B       		.uleb128 0x3b
 1240 0033 0B       		.uleb128 0xb
 1241 0034 49       		.uleb128 0x49
 1242 0035 13       		.uleb128 0x13
 1243 0036 00       		.byte	0
 1244 0037 00       		.byte	0
 1245 0038 05       		.uleb128 0x5
 1246 0039 0F       		.uleb128 0xf
ARM GAS  /tmp/cco4S8Mb.s 			page 23


 1247 003a 00       		.byte	0
 1248 003b 0B       		.uleb128 0xb
 1249 003c 0B       		.uleb128 0xb
 1250 003d 00       		.byte	0
 1251 003e 00       		.byte	0
 1252 003f 06       		.uleb128 0x6
 1253 0040 04       		.uleb128 0x4
 1254 0041 01       		.byte	0x1
 1255 0042 0B       		.uleb128 0xb
 1256 0043 0B       		.uleb128 0xb
 1257 0044 3A       		.uleb128 0x3a
 1258 0045 0B       		.uleb128 0xb
 1259 0046 3B       		.uleb128 0x3b
 1260 0047 0B       		.uleb128 0xb
 1261 0048 01       		.uleb128 0x1
 1262 0049 13       		.uleb128 0x13
 1263 004a 00       		.byte	0
 1264 004b 00       		.byte	0
 1265 004c 07       		.uleb128 0x7
 1266 004d 28       		.uleb128 0x28
 1267 004e 00       		.byte	0
 1268 004f 03       		.uleb128 0x3
 1269 0050 0E       		.uleb128 0xe
 1270 0051 1C       		.uleb128 0x1c
 1271 0052 0D       		.uleb128 0xd
 1272 0053 00       		.byte	0
 1273 0054 00       		.byte	0
 1274 0055 08       		.uleb128 0x8
 1275 0056 13       		.uleb128 0x13
 1276 0057 01       		.byte	0x1
 1277 0058 03       		.uleb128 0x3
 1278 0059 0E       		.uleb128 0xe
 1279 005a 0B       		.uleb128 0xb
 1280 005b 0B       		.uleb128 0xb
 1281 005c 3A       		.uleb128 0x3a
 1282 005d 0B       		.uleb128 0xb
 1283 005e 3B       		.uleb128 0x3b
 1284 005f 0B       		.uleb128 0xb
 1285 0060 01       		.uleb128 0x1
 1286 0061 13       		.uleb128 0x13
 1287 0062 00       		.byte	0
 1288 0063 00       		.byte	0
 1289 0064 09       		.uleb128 0x9
 1290 0065 0D       		.uleb128 0xd
 1291 0066 00       		.byte	0
 1292 0067 03       		.uleb128 0x3
 1293 0068 0E       		.uleb128 0xe
 1294 0069 3A       		.uleb128 0x3a
 1295 006a 0B       		.uleb128 0xb
 1296 006b 3B       		.uleb128 0x3b
 1297 006c 0B       		.uleb128 0xb
 1298 006d 49       		.uleb128 0x49
 1299 006e 13       		.uleb128 0x13
 1300 006f 38       		.uleb128 0x38
 1301 0070 0A       		.uleb128 0xa
 1302 0071 00       		.byte	0
 1303 0072 00       		.byte	0
ARM GAS  /tmp/cco4S8Mb.s 			page 24


 1304 0073 0A       		.uleb128 0xa
 1305 0074 0D       		.uleb128 0xd
 1306 0075 00       		.byte	0
 1307 0076 03       		.uleb128 0x3
 1308 0077 08       		.uleb128 0x8
 1309 0078 3A       		.uleb128 0x3a
 1310 0079 0B       		.uleb128 0xb
 1311 007a 3B       		.uleb128 0x3b
 1312 007b 0B       		.uleb128 0xb
 1313 007c 49       		.uleb128 0x49
 1314 007d 13       		.uleb128 0x13
 1315 007e 38       		.uleb128 0x38
 1316 007f 0A       		.uleb128 0xa
 1317 0080 00       		.byte	0
 1318 0081 00       		.byte	0
 1319 0082 0B       		.uleb128 0xb
 1320 0083 0F       		.uleb128 0xf
 1321 0084 00       		.byte	0
 1322 0085 0B       		.uleb128 0xb
 1323 0086 0B       		.uleb128 0xb
 1324 0087 49       		.uleb128 0x49
 1325 0088 13       		.uleb128 0x13
 1326 0089 00       		.byte	0
 1327 008a 00       		.byte	0
 1328 008b 0C       		.uleb128 0xc
 1329 008c 2E       		.uleb128 0x2e
 1330 008d 01       		.byte	0x1
 1331 008e 3F       		.uleb128 0x3f
 1332 008f 0C       		.uleb128 0xc
 1333 0090 03       		.uleb128 0x3
 1334 0091 0E       		.uleb128 0xe
 1335 0092 3A       		.uleb128 0x3a
 1336 0093 0B       		.uleb128 0xb
 1337 0094 3B       		.uleb128 0x3b
 1338 0095 0B       		.uleb128 0xb
 1339 0096 27       		.uleb128 0x27
 1340 0097 0C       		.uleb128 0xc
 1341 0098 49       		.uleb128 0x49
 1342 0099 13       		.uleb128 0x13
 1343 009a 11       		.uleb128 0x11
 1344 009b 01       		.uleb128 0x1
 1345 009c 12       		.uleb128 0x12
 1346 009d 01       		.uleb128 0x1
 1347 009e 40       		.uleb128 0x40
 1348 009f 06       		.uleb128 0x6
 1349 00a0 01       		.uleb128 0x1
 1350 00a1 13       		.uleb128 0x13
 1351 00a2 00       		.byte	0
 1352 00a3 00       		.byte	0
 1353 00a4 0D       		.uleb128 0xd
 1354 00a5 34       		.uleb128 0x34
 1355 00a6 00       		.byte	0
 1356 00a7 03       		.uleb128 0x3
 1357 00a8 08       		.uleb128 0x8
 1358 00a9 3A       		.uleb128 0x3a
 1359 00aa 0B       		.uleb128 0xb
 1360 00ab 3B       		.uleb128 0x3b
ARM GAS  /tmp/cco4S8Mb.s 			page 25


 1361 00ac 0B       		.uleb128 0xb
 1362 00ad 49       		.uleb128 0x49
 1363 00ae 13       		.uleb128 0x13
 1364 00af 02       		.uleb128 0x2
 1365 00b0 0A       		.uleb128 0xa
 1366 00b1 00       		.byte	0
 1367 00b2 00       		.byte	0
 1368 00b3 0E       		.uleb128 0xe
 1369 00b4 2E       		.uleb128 0x2e
 1370 00b5 01       		.byte	0x1
 1371 00b6 3F       		.uleb128 0x3f
 1372 00b7 0C       		.uleb128 0xc
 1373 00b8 03       		.uleb128 0x3
 1374 00b9 0E       		.uleb128 0xe
 1375 00ba 3A       		.uleb128 0x3a
 1376 00bb 0B       		.uleb128 0xb
 1377 00bc 3B       		.uleb128 0x3b
 1378 00bd 0B       		.uleb128 0xb
 1379 00be 27       		.uleb128 0x27
 1380 00bf 0C       		.uleb128 0xc
 1381 00c0 11       		.uleb128 0x11
 1382 00c1 01       		.uleb128 0x1
 1383 00c2 12       		.uleb128 0x12
 1384 00c3 01       		.uleb128 0x1
 1385 00c4 40       		.uleb128 0x40
 1386 00c5 06       		.uleb128 0x6
 1387 00c6 01       		.uleb128 0x1
 1388 00c7 13       		.uleb128 0x13
 1389 00c8 00       		.byte	0
 1390 00c9 00       		.byte	0
 1391 00ca 0F       		.uleb128 0xf
 1392 00cb 05       		.uleb128 0x5
 1393 00cc 00       		.byte	0
 1394 00cd 03       		.uleb128 0x3
 1395 00ce 08       		.uleb128 0x8
 1396 00cf 3A       		.uleb128 0x3a
 1397 00d0 0B       		.uleb128 0xb
 1398 00d1 3B       		.uleb128 0x3b
 1399 00d2 0B       		.uleb128 0xb
 1400 00d3 49       		.uleb128 0x49
 1401 00d4 13       		.uleb128 0x13
 1402 00d5 02       		.uleb128 0x2
 1403 00d6 0A       		.uleb128 0xa
 1404 00d7 00       		.byte	0
 1405 00d8 00       		.byte	0
 1406 00d9 10       		.uleb128 0x10
 1407 00da 05       		.uleb128 0x5
 1408 00db 00       		.byte	0
 1409 00dc 03       		.uleb128 0x3
 1410 00dd 0E       		.uleb128 0xe
 1411 00de 3A       		.uleb128 0x3a
 1412 00df 0B       		.uleb128 0xb
 1413 00e0 3B       		.uleb128 0x3b
 1414 00e1 0B       		.uleb128 0xb
 1415 00e2 49       		.uleb128 0x49
 1416 00e3 13       		.uleb128 0x13
 1417 00e4 02       		.uleb128 0x2
ARM GAS  /tmp/cco4S8Mb.s 			page 26


 1418 00e5 0A       		.uleb128 0xa
 1419 00e6 00       		.byte	0
 1420 00e7 00       		.byte	0
 1421 00e8 11       		.uleb128 0x11
 1422 00e9 26       		.uleb128 0x26
 1423 00ea 00       		.byte	0
 1424 00eb 00       		.byte	0
 1425 00ec 00       		.byte	0
 1426 00ed 12       		.uleb128 0x12
 1427 00ee 2E       		.uleb128 0x2e
 1428 00ef 01       		.byte	0x1
 1429 00f0 3F       		.uleb128 0x3f
 1430 00f1 0C       		.uleb128 0xc
 1431 00f2 03       		.uleb128 0x3
 1432 00f3 0E       		.uleb128 0xe
 1433 00f4 3A       		.uleb128 0x3a
 1434 00f5 0B       		.uleb128 0xb
 1435 00f6 3B       		.uleb128 0x3b
 1436 00f7 0B       		.uleb128 0xb
 1437 00f8 27       		.uleb128 0x27
 1438 00f9 0C       		.uleb128 0xc
 1439 00fa 11       		.uleb128 0x11
 1440 00fb 01       		.uleb128 0x1
 1441 00fc 12       		.uleb128 0x12
 1442 00fd 01       		.uleb128 0x1
 1443 00fe 40       		.uleb128 0x40
 1444 00ff 06       		.uleb128 0x6
 1445 0100 00       		.byte	0
 1446 0101 00       		.byte	0
 1447 0102 00       		.byte	0
 1448              		.section	.debug_loc,"",%progbits
 1449              	.Ldebug_loc0:
 1450              	.LLST0:
 1451 0000 00000000 		.4byte	.LFB7
 1452 0004 02000000 		.4byte	.LCFI0
 1453 0008 0200     		.2byte	0x2
 1454 000a 7D       		.byte	0x7d
 1455 000b 00       		.sleb128 0
 1456 000c 02000000 		.4byte	.LCFI0
 1457 0010 04000000 		.4byte	.LCFI1
 1458 0014 0200     		.2byte	0x2
 1459 0016 7D       		.byte	0x7d
 1460 0017 04       		.sleb128 4
 1461 0018 04000000 		.4byte	.LCFI1
 1462 001c 44000000 		.4byte	.LFE7
 1463 0020 0200     		.2byte	0x2
 1464 0022 7D       		.byte	0x7d
 1465 0023 10       		.sleb128 16
 1466 0024 00000000 		.4byte	0
 1467 0028 00000000 		.4byte	0
 1468              	.LLST1:
 1469 002c 00000000 		.4byte	.LFB8
 1470 0030 02000000 		.4byte	.LCFI2
 1471 0034 0200     		.2byte	0x2
 1472 0036 7D       		.byte	0x7d
 1473 0037 00       		.sleb128 0
 1474 0038 02000000 		.4byte	.LCFI2
ARM GAS  /tmp/cco4S8Mb.s 			page 27


 1475 003c 04000000 		.4byte	.LCFI3
 1476 0040 0200     		.2byte	0x2
 1477 0042 7D       		.byte	0x7d
 1478 0043 04       		.sleb128 4
 1479 0044 04000000 		.4byte	.LCFI3
 1480 0048 3C000000 		.4byte	.LFE8
 1481 004c 0200     		.2byte	0x2
 1482 004e 7D       		.byte	0x7d
 1483 004f 10       		.sleb128 16
 1484 0050 00000000 		.4byte	0
 1485 0054 00000000 		.4byte	0
 1486              	.LLST2:
 1487 0058 00000000 		.4byte	.LFB9
 1488 005c 02000000 		.4byte	.LCFI4
 1489 0060 0200     		.2byte	0x2
 1490 0062 7D       		.byte	0x7d
 1491 0063 00       		.sleb128 0
 1492 0064 02000000 		.4byte	.LCFI4
 1493 0068 04000000 		.4byte	.LCFI5
 1494 006c 0200     		.2byte	0x2
 1495 006e 7D       		.byte	0x7d
 1496 006f 04       		.sleb128 4
 1497 0070 04000000 		.4byte	.LCFI5
 1498 0074 7A000000 		.4byte	.LFE9
 1499 0078 0200     		.2byte	0x2
 1500 007a 7D       		.byte	0x7d
 1501 007b 10       		.sleb128 16
 1502 007c 00000000 		.4byte	0
 1503 0080 00000000 		.4byte	0
 1504              	.LLST3:
 1505 0084 00000000 		.4byte	.LFB10
 1506 0088 02000000 		.4byte	.LCFI6
 1507 008c 0200     		.2byte	0x2
 1508 008e 7D       		.byte	0x7d
 1509 008f 00       		.sleb128 0
 1510 0090 02000000 		.4byte	.LCFI6
 1511 0094 04000000 		.4byte	.LCFI7
 1512 0098 0200     		.2byte	0x2
 1513 009a 7D       		.byte	0x7d
 1514 009b 04       		.sleb128 4
 1515 009c 04000000 		.4byte	.LCFI7
 1516 00a0 38000000 		.4byte	.LFE10
 1517 00a4 0200     		.2byte	0x2
 1518 00a6 7D       		.byte	0x7d
 1519 00a7 10       		.sleb128 16
 1520 00a8 00000000 		.4byte	0
 1521 00ac 00000000 		.4byte	0
 1522              	.LLST4:
 1523 00b0 00000000 		.4byte	.LFB11
 1524 00b4 02000000 		.4byte	.LCFI8
 1525 00b8 0200     		.2byte	0x2
 1526 00ba 7D       		.byte	0x7d
 1527 00bb 00       		.sleb128 0
 1528 00bc 02000000 		.4byte	.LCFI8
 1529 00c0 04000000 		.4byte	.LCFI9
 1530 00c4 0200     		.2byte	0x2
 1531 00c6 7D       		.byte	0x7d
ARM GAS  /tmp/cco4S8Mb.s 			page 28


 1532 00c7 04       		.sleb128 4
 1533 00c8 04000000 		.4byte	.LCFI9
 1534 00cc 8A000000 		.4byte	.LFE11
 1535 00d0 0200     		.2byte	0x2
 1536 00d2 7D       		.byte	0x7d
 1537 00d3 18       		.sleb128 24
 1538 00d4 00000000 		.4byte	0
 1539 00d8 00000000 		.4byte	0
 1540              	.LLST5:
 1541 00dc 00000000 		.4byte	.LFB12
 1542 00e0 02000000 		.4byte	.LCFI10
 1543 00e4 0200     		.2byte	0x2
 1544 00e6 7D       		.byte	0x7d
 1545 00e7 00       		.sleb128 0
 1546 00e8 02000000 		.4byte	.LCFI10
 1547 00ec 04000000 		.4byte	.LCFI11
 1548 00f0 0200     		.2byte	0x2
 1549 00f2 7D       		.byte	0x7d
 1550 00f3 04       		.sleb128 4
 1551 00f4 04000000 		.4byte	.LCFI11
 1552 00f8 46000000 		.4byte	.LFE12
 1553 00fc 0200     		.2byte	0x2
 1554 00fe 7D       		.byte	0x7d
 1555 00ff 10       		.sleb128 16
 1556 0100 00000000 		.4byte	0
 1557 0104 00000000 		.4byte	0
 1558              	.LLST6:
 1559 0108 00000000 		.4byte	.LFB13
 1560 010c 02000000 		.4byte	.LCFI12
 1561 0110 0200     		.2byte	0x2
 1562 0112 7D       		.byte	0x7d
 1563 0113 00       		.sleb128 0
 1564 0114 02000000 		.4byte	.LCFI12
 1565 0118 04000000 		.4byte	.LCFI13
 1566 011c 0200     		.2byte	0x2
 1567 011e 7D       		.byte	0x7d
 1568 011f 04       		.sleb128 4
 1569 0120 04000000 		.4byte	.LCFI13
 1570 0124 68000000 		.4byte	.LFE13
 1571 0128 0200     		.2byte	0x2
 1572 012a 7D       		.byte	0x7d
 1573 012b 18       		.sleb128 24
 1574 012c 00000000 		.4byte	0
 1575 0130 00000000 		.4byte	0
 1576              	.LLST7:
 1577 0134 00000000 		.4byte	.LFB14
 1578 0138 02000000 		.4byte	.LCFI14
 1579 013c 0200     		.2byte	0x2
 1580 013e 7D       		.byte	0x7d
 1581 013f 00       		.sleb128 0
 1582 0140 02000000 		.4byte	.LCFI14
 1583 0144 04000000 		.4byte	.LCFI15
 1584 0148 0200     		.2byte	0x2
 1585 014a 7D       		.byte	0x7d
 1586 014b 04       		.sleb128 4
 1587 014c 04000000 		.4byte	.LCFI15
 1588 0150 4C000000 		.4byte	.LFE14
ARM GAS  /tmp/cco4S8Mb.s 			page 29


 1589 0154 0200     		.2byte	0x2
 1590 0156 7D       		.byte	0x7d
 1591 0157 10       		.sleb128 16
 1592 0158 00000000 		.4byte	0
 1593 015c 00000000 		.4byte	0
 1594              	.LLST8:
 1595 0160 00000000 		.4byte	.LFB15
 1596 0164 02000000 		.4byte	.LCFI16
 1597 0168 0200     		.2byte	0x2
 1598 016a 7D       		.byte	0x7d
 1599 016b 00       		.sleb128 0
 1600 016c 02000000 		.4byte	.LCFI16
 1601 0170 04000000 		.4byte	.LCFI17
 1602 0174 0200     		.2byte	0x2
 1603 0176 7D       		.byte	0x7d
 1604 0177 04       		.sleb128 4
 1605 0178 04000000 		.4byte	.LCFI17
 1606 017c 1E000000 		.4byte	.LFE15
 1607 0180 0200     		.2byte	0x2
 1608 0182 7D       		.byte	0x7d
 1609 0183 10       		.sleb128 16
 1610 0184 00000000 		.4byte	0
 1611 0188 00000000 		.4byte	0
 1612              		.section	.debug_aranges,"",%progbits
 1613 0000 5C000000 		.4byte	0x5c
 1614 0004 0200     		.2byte	0x2
 1615 0006 00000000 		.4byte	.Ldebug_info0
 1616 000a 04       		.byte	0x4
 1617 000b 00       		.byte	0
 1618 000c 0000     		.2byte	0
 1619 000e 0000     		.2byte	0
 1620 0010 00000000 		.4byte	.LFB7
 1621 0014 44000000 		.4byte	.LFE7-.LFB7
 1622 0018 00000000 		.4byte	.LFB8
 1623 001c 3C000000 		.4byte	.LFE8-.LFB8
 1624 0020 00000000 		.4byte	.LFB9
 1625 0024 7A000000 		.4byte	.LFE9-.LFB9
 1626 0028 00000000 		.4byte	.LFB10
 1627 002c 38000000 		.4byte	.LFE10-.LFB10
 1628 0030 00000000 		.4byte	.LFB11
 1629 0034 8A000000 		.4byte	.LFE11-.LFB11
 1630 0038 00000000 		.4byte	.LFB12
 1631 003c 46000000 		.4byte	.LFE12-.LFB12
 1632 0040 00000000 		.4byte	.LFB13
 1633 0044 68000000 		.4byte	.LFE13-.LFB13
 1634 0048 00000000 		.4byte	.LFB14
 1635 004c 4C000000 		.4byte	.LFE14-.LFB14
 1636 0050 00000000 		.4byte	.LFB15
 1637 0054 1E000000 		.4byte	.LFE15-.LFB15
 1638 0058 00000000 		.4byte	0
 1639 005c 00000000 		.4byte	0
 1640              		.section	.debug_ranges,"",%progbits
 1641              	.Ldebug_ranges0:
 1642 0000 00000000 		.4byte	.LFB7
 1643 0004 44000000 		.4byte	.LFE7
 1644 0008 00000000 		.4byte	.LFB8
 1645 000c 3C000000 		.4byte	.LFE8
ARM GAS  /tmp/cco4S8Mb.s 			page 30


 1646 0010 00000000 		.4byte	.LFB9
 1647 0014 7A000000 		.4byte	.LFE9
 1648 0018 00000000 		.4byte	.LFB10
 1649 001c 38000000 		.4byte	.LFE10
 1650 0020 00000000 		.4byte	.LFB11
 1651 0024 8A000000 		.4byte	.LFE11
 1652 0028 00000000 		.4byte	.LFB12
 1653 002c 46000000 		.4byte	.LFE12
 1654 0030 00000000 		.4byte	.LFB13
 1655 0034 68000000 		.4byte	.LFE13
 1656 0038 00000000 		.4byte	.LFB14
 1657 003c 4C000000 		.4byte	.LFE14
 1658 0040 00000000 		.4byte	.LFB15
 1659 0044 1E000000 		.4byte	.LFE15
 1660 0048 00000000 		.4byte	0
 1661 004c 00000000 		.4byte	0
 1662              		.section	.debug_line,"",%progbits
 1663              	.Ldebug_line0:
 1664 0000 96020000 		.section	.debug_str,"MS",%progbits,1
 1664      02006E01 
 1664      00000201 
 1664      FB0E0D00 
 1664      01010101 
 1665              	.LASF66:
 1666 0000 2E2E2F2E 		.ascii	"../../ext/lwip/src/api/netbuf.c\000"
 1666      2E2F6578 
 1666      742F6C77 
 1666      69702F73 
 1666      72632F61 
 1667              	.LASF63:
 1668 0020 6E657462 		.ascii	"netbuf_data\000"
 1668      75665F64 
 1668      61746100 
 1669              	.LASF2:
 1670 002c 696E7438 		.ascii	"int8_t\000"
 1670      5F7400
 1671              	.LASF54:
 1672 0033 6E657462 		.ascii	"netbuf_alloc\000"
 1672      75665F61 
 1672      6C6C6F63 
 1672      00
 1673              	.LASF46:
 1674 0040 4D454D50 		.ascii	"MEMP_NETCONN\000"
 1674      5F4E4554 
 1674      434F4E4E 
 1674      00
 1675              	.LASF5:
 1676 004d 73686F72 		.ascii	"short int\000"
 1676      7420696E 
 1676      7400
 1677              	.LASF45:
 1678 0057 4D454D50 		.ascii	"MEMP_NETBUF\000"
 1678      5F4E4554 
 1678      42554600 
 1679              	.LASF42:
 1680 0063 4D454D50 		.ascii	"MEMP_TCP_SEG\000"
 1680      5F544350 
ARM GAS  /tmp/cco4S8Mb.s 			page 31


 1680      5F534547 
 1680      00
 1681              	.LASF49:
 1682 0070 4D454D50 		.ascii	"MEMP_SYS_TIMEOUT\000"
 1682      5F535953 
 1682      5F54494D 
 1682      454F5554 
 1682      00
 1683              	.LASF61:
 1684 0081 68656164 		.ascii	"head\000"
 1684      00
 1685              	.LASF23:
 1686 0086 50425546 		.ascii	"PBUF_RAM\000"
 1686      5F52414D 
 1686      00
 1687              	.LASF41:
 1688 008f 4D454D50 		.ascii	"MEMP_TCP_PCB_LISTEN\000"
 1688      5F544350 
 1688      5F504342 
 1688      5F4C4953 
 1688      54454E00 
 1689              	.LASF65:
 1690 00a3 474E5520 		.ascii	"GNU C 4.6.2 20120613 (release) [ARM/embedded-4_6-br"
 1690      4320342E 
 1690      362E3220 
 1690      32303132 
 1690      30363133 
 1691 00d6 616E6368 		.ascii	"anch revision 188521]\000"
 1691      20726576 
 1691      6973696F 
 1691      6E203138 
 1691      38353231 
 1692              	.LASF22:
 1693 00ec 50425546 		.ascii	"PBUF_RAW\000"
 1693      5F524157 
 1693      00
 1694              	.LASF44:
 1695 00f5 4D454D50 		.ascii	"MEMP_FRAG_PBUF\000"
 1695      5F465241 
 1695      475F5042 
 1695      554600
 1696              	.LASF15:
 1697 0104 73385F74 		.ascii	"s8_t\000"
 1697      00
 1698              	.LASF11:
 1699 0109 6C6F6E67 		.ascii	"long long int\000"
 1699      206C6F6E 
 1699      6720696E 
 1699      7400
 1700              	.LASF64:
 1701 0117 6E657462 		.ascii	"netbuf_next\000"
 1701      75665F6E 
 1701      65787400 
 1702              	.LASF58:
 1703 0123 6E657462 		.ascii	"netbuf_ref\000"
 1703      75665F72 
 1703      656600
ARM GAS  /tmp/cco4S8Mb.s 			page 32


 1704              	.LASF36:
 1705 012e 6E657462 		.ascii	"netbuf\000"
 1705      756600
 1706              	.LASF8:
 1707 0135 6C6F6E67 		.ascii	"long int\000"
 1707      20696E74 
 1707      00
 1708              	.LASF35:
 1709 013e 69705F61 		.ascii	"ip_addr_t\000"
 1709      6464725F 
 1709      7400
 1710              	.LASF34:
 1711 0148 61646472 		.ascii	"addr\000"
 1711      00
 1712              	.LASF4:
 1713 014d 756E7369 		.ascii	"unsigned char\000"
 1713      676E6564 
 1713      20636861 
 1713      7200
 1714              	.LASF62:
 1715 015b 7461696C 		.ascii	"tail\000"
 1715      00
 1716              	.LASF52:
 1717 0160 4D454D50 		.ascii	"MEMP_MAX\000"
 1717      5F4D4158 
 1717      00
 1718              	.LASF1:
 1719 0169 7369676E 		.ascii	"signed char\000"
 1719      65642063 
 1719      68617200 
 1720              	.LASF31:
 1721 0175 666C6167 		.ascii	"flags\000"
 1721      7300
 1722              	.LASF12:
 1723 017b 6C6F6E67 		.ascii	"long long unsigned int\000"
 1723      206C6F6E 
 1723      6720756E 
 1723      7369676E 
 1723      65642069 
 1724              	.LASF9:
 1725 0192 75696E74 		.ascii	"uint32_t\000"
 1725      33325F74 
 1725      00
 1726              	.LASF0:
 1727 019b 756E7369 		.ascii	"unsigned int\000"
 1727      676E6564 
 1727      20696E74 
 1727      00
 1728              	.LASF6:
 1729 01a8 75696E74 		.ascii	"uint16_t\000"
 1729      31365F74 
 1729      00
 1730              	.LASF26:
 1731 01b1 50425546 		.ascii	"PBUF_POOL\000"
 1731      5F504F4F 
 1731      4C00
 1732              	.LASF43:
ARM GAS  /tmp/cco4S8Mb.s 			page 33


 1733 01bb 4D454D50 		.ascii	"MEMP_REASSDATA\000"
 1733      5F524541 
 1733      53534441 
 1733      544100
 1734              	.LASF57:
 1735 01ca 6E657462 		.ascii	"netbuf_free\000"
 1735      75665F66 
 1735      72656500 
 1736              	.LASF18:
 1737 01d6 6572725F 		.ascii	"err_t\000"
 1737      7400
 1738              	.LASF13:
 1739 01dc 63686172 		.ascii	"char\000"
 1739      00
 1740              	.LASF30:
 1741 01e1 74797065 		.ascii	"type\000"
 1741      00
 1742              	.LASF47:
 1743 01e6 4D454D50 		.ascii	"MEMP_TCPIP_MSG_API\000"
 1743      5F544350 
 1743      49505F4D 
 1743      53475F41 
 1743      504900
 1744              	.LASF7:
 1745 01f9 73686F72 		.ascii	"short unsigned int\000"
 1745      7420756E 
 1745      7369676E 
 1745      65642069 
 1745      6E7400
 1746              	.LASF50:
 1747 020c 4D454D50 		.ascii	"MEMP_PBUF\000"
 1747      5F504255 
 1747      4600
 1748              	.LASF60:
 1749 0216 6E657462 		.ascii	"netbuf_chain\000"
 1749      75665F63 
 1749      6861696E 
 1749      00
 1750              	.LASF19:
 1751 0223 50425546 		.ascii	"PBUF_TRANSPORT\000"
 1751      5F545241 
 1751      4E53504F 
 1751      525400
 1752              	.LASF20:
 1753 0232 50425546 		.ascii	"PBUF_IP\000"
 1753      5F495000 
 1754              	.LASF37:
 1755 023a 706F7274 		.ascii	"port\000"
 1755      00
 1756              	.LASF68:
 1757 023f 6E657462 		.ascii	"netbuf_first\000"
 1757      75665F66 
 1757      69727374 
 1757      00
 1758              	.LASF10:
 1759 024c 6C6F6E67 		.ascii	"long unsigned int\000"
 1759      20756E73 
ARM GAS  /tmp/cco4S8Mb.s 			page 34


 1759      69676E65 
 1759      6420696E 
 1759      7400
 1760              	.LASF38:
 1761 025e 4D454D50 		.ascii	"MEMP_RAW_PCB\000"
 1761      5F524157 
 1761      5F504342 
 1761      00
 1762              	.LASF55:
 1763 026b 73697A65 		.ascii	"size\000"
 1763      00
 1764              	.LASF56:
 1765 0270 6E657462 		.ascii	"netbuf_delete\000"
 1765      75665F64 
 1765      656C6574 
 1765      6500
 1766              	.LASF67:
 1767 027e 2F686F6D 		.ascii	"/home/texzk/ChibiStudio/chibios/demos/ARMCM3-STM32F"
 1767      652F7465 
 1767      787A6B2F 
 1767      43686962 
 1767      69537475 
 1768 02b1 3230372D 		.ascii	"207-STM3220G-LWIP\000"
 1768      53544D33 
 1768      32323047 
 1768      2D4C5749 
 1768      5000
 1769              	.LASF14:
 1770 02c3 75385F74 		.ascii	"u8_t\000"
 1770      00
 1771              	.LASF17:
 1772 02c8 7533325F 		.ascii	"u32_t\000"
 1772      7400
 1773              	.LASF3:
 1774 02ce 75696E74 		.ascii	"uint8_t\000"
 1774      385F7400 
 1775              	.LASF16:
 1776 02d6 7531365F 		.ascii	"u16_t\000"
 1776      7400
 1777              	.LASF51:
 1778 02dc 4D454D50 		.ascii	"MEMP_PBUF_POOL\000"
 1778      5F504255 
 1778      465F504F 
 1778      4F4C00
 1779              	.LASF53:
 1780 02eb 6E657462 		.ascii	"netbuf_new\000"
 1780      75665F6E 
 1780      657700
 1781              	.LASF48:
 1782 02f6 4D454D50 		.ascii	"MEMP_TCPIP_MSG_INPKT\000"
 1782      5F544350 
 1782      49505F4D 
 1782      53475F49 
 1782      4E504B54 
 1783              	.LASF59:
 1784 030b 64617461 		.ascii	"dataptr\000"
 1784      70747200 
ARM GAS  /tmp/cco4S8Mb.s 			page 35


 1785              	.LASF29:
 1786 0313 746F745F 		.ascii	"tot_len\000"
 1786      6C656E00 
 1787              	.LASF40:
 1788 031b 4D454D50 		.ascii	"MEMP_TCP_PCB\000"
 1788      5F544350 
 1788      5F504342 
 1788      00
 1789              	.LASF39:
 1790 0328 4D454D50 		.ascii	"MEMP_UDP_PCB\000"
 1790      5F554450 
 1790      5F504342 
 1790      00
 1791              	.LASF25:
 1792 0335 50425546 		.ascii	"PBUF_REF\000"
 1792      5F524546 
 1792      00
 1793              	.LASF33:
 1794 033e 69705F61 		.ascii	"ip_addr\000"
 1794      64647200 
 1795              	.LASF24:
 1796 0346 50425546 		.ascii	"PBUF_ROM\000"
 1796      5F524F4D 
 1796      00
 1797              	.LASF28:
 1798 034f 7061796C 		.ascii	"payload\000"
 1798      6F616400 
 1799              	.LASF27:
 1800 0357 6E657874 		.ascii	"next\000"
 1800      00
 1801              	.LASF32:
 1802 035c 70627566 		.ascii	"pbuf\000"
 1802      00
 1803              	.LASF21:
 1804 0361 50425546 		.ascii	"PBUF_LINK\000"
 1804      5F4C494E 
 1804      4B00
 1805              		.ident	"GCC: (GNU Tools for ARM Embedded Processors) 4.6.2 20120613 (release) [ARM/embedded-4_6-br
ARM GAS  /tmp/cco4S8Mb.s 			page 36


DEFINED SYMBOLS
                            *ABS*:00000000 netbuf.c
     /tmp/cco4S8Mb.s:19     .text.netbuf_new:00000000 $t
     /tmp/cco4S8Mb.s:25     .text.netbuf_new:00000000 netbuf_new
     /tmp/cco4S8Mb.s:79     .text.netbuf_delete:00000000 $t
     /tmp/cco4S8Mb.s:85     .text.netbuf_delete:00000000 netbuf_delete
     /tmp/cco4S8Mb.s:134    .text.netbuf_alloc:00000000 $t
     /tmp/cco4S8Mb.s:140    .text.netbuf_alloc:00000000 netbuf_alloc
     /tmp/cco4S8Mb.s:222    .text.netbuf_free:00000000 $t
     /tmp/cco4S8Mb.s:228    .text.netbuf_free:00000000 netbuf_free
     /tmp/cco4S8Mb.s:277    .text.netbuf_ref:00000000 $t
     /tmp/cco4S8Mb.s:283    .text.netbuf_ref:00000000 netbuf_ref
     /tmp/cco4S8Mb.s:372    .text.netbuf_chain:00000000 $t
     /tmp/cco4S8Mb.s:378    .text.netbuf_chain:00000000 netbuf_chain
     /tmp/cco4S8Mb.s:434    .text.netbuf_data:00000000 $t
     /tmp/cco4S8Mb.s:440    .text.netbuf_data:00000000 netbuf_data
     /tmp/cco4S8Mb.s:516    .text.netbuf_next:00000000 $t
     /tmp/cco4S8Mb.s:522    .text.netbuf_next:00000000 netbuf_next
     /tmp/cco4S8Mb.s:583    .text.netbuf_first:00000000 $t
     /tmp/cco4S8Mb.s:589    .text.netbuf_first:00000000 netbuf_first
                     .debug_frame:00000010 $d

UNDEFINED SYMBOLS
memp_malloc
pbuf_free
memp_free
port_halt
pbuf_alloc
pbuf_cat
