ARM GAS  /tmp/ccwZEBBy.s 			page 1


   1              		.syntax unified
   2              		.cpu cortex-m3
   3              		.fpu softvfp
   4              		.eabi_attribute 20, 1
   5              		.eabi_attribute 21, 1
   6              		.eabi_attribute 23, 3
   7              		.eabi_attribute 24, 1
   8              		.eabi_attribute 25, 1
   9              		.eabi_attribute 26, 1
  10              		.eabi_attribute 30, 6
  11              		.eabi_attribute 34, 1
  12              		.eabi_attribute 18, 4
  13              		.thumb
  14              		.file	"pal.c"
  15              		.text
  16              	.Ltext0:
  17              		.cfi_sections	.debug_frame
  18              		.section	.rodata
  19              		.align	2
  20              	.LC0:
  21 0000 2270616C 		.ascii	"\"palReadBus\"()\000"
  21      52656164 
  21      42757322 
  21      282900
  22              		.section	.text.palReadBus,"ax",%progbits
  23              		.align	2
  24              		.p2align 4,,15
  25              		.global	palReadBus
  26              		.thumb
  27              		.thumb_func
  28              		.type	palReadBus, %function
  29              	palReadBus:
  30              	.LFB63:
  31              		.file 1 "../../os/hal/src/pal.c"
  32              		.loc 1 69 0
  33              		.cfi_startproc
  34              		@ args = 0, pretend = 0, frame = 8
  35              		@ frame_needed = 0, uses_anonymous_args = 0
  36 0000 00B5     		push	{lr}
  37              	.LCFI0:
  38              		.cfi_def_cfa_offset 4
  39              		.cfi_offset 14, -4
  40 0002 83B0     		sub	sp, sp, #12
  41              	.LCFI1:
  42              		.cfi_def_cfa_offset 16
  43 0004 0190     		str	r0, [sp, #4]
  44              		.loc 1 71 0
  45 0006 019B     		ldr	r3, [sp, #4]
  46 0008 002B     		cmp	r3, #0
  47 000a 03D0     		beq	.L2
  48              		.loc 1 71 0 is_stmt 0 discriminator 2
  49 000c 019B     		ldr	r3, [sp, #4]
  50 000e 9B68     		ldr	r3, [r3, #8]
  51 0010 0F2B     		cmp	r3, #15
  52 0012 05D9     		bls	.L3
  53              	.L2:
  54              		.loc 1 71 0 discriminator 1
ARM GAS  /tmp/ccwZEBBy.s 			page 2


  55 0014 40F20000 		movw	r0, #:lower16:.LC0
  56 0018 C0F20000 		movt	r0, #:upper16:.LC0
  57 001c FFF7FEFF 		bl	chDbgPanic
  58              	.L3:
  59              		.loc 1 74 0 is_stmt 1
  60 0020 019B     		ldr	r3, [sp, #4]
  61 0022 1B68     		ldr	r3, [r3, #0]
  62 0024 1B69     		ldr	r3, [r3, #16]
  63 0026 1A46     		mov	r2, r3
  64 0028 019B     		ldr	r3, [sp, #4]
  65 002a 9B68     		ldr	r3, [r3, #8]
  66 002c 22FA03F2 		lsr	r2, r2, r3
  67 0030 019B     		ldr	r3, [sp, #4]
  68 0032 5B68     		ldr	r3, [r3, #4]
  69 0034 1340     		ands	r3, r3, r2
  70              		.loc 1 75 0
  71 0036 1846     		mov	r0, r3
  72 0038 03B0     		add	sp, sp, #12
  73 003a 00BD     		pop	{pc}
  74              		.cfi_endproc
  75              	.LFE63:
  76              		.size	palReadBus, .-palReadBus
  77 003c AFF30080 		.section	.rodata
  78 000f 00       		.align	2
  79              	.LC1:
  80 0010 2270616C 		.ascii	"\"palWriteBus\"()\000"
  80      57726974 
  80      65427573 
  80      22282900 
  81              		.section	.text.palWriteBus,"ax",%progbits
  82              		.align	2
  83              		.p2align 4,,15
  84              		.global	palWriteBus
  85              		.thumb
  86              		.thumb_func
  87              		.type	palWriteBus, %function
  88              	palWriteBus:
  89              	.LFB64:
  90              		.loc 1 94 0
  91              		.cfi_startproc
  92              		@ args = 0, pretend = 0, frame = 8
  93              		@ frame_needed = 0, uses_anonymous_args = 0
  94 0000 00B5     		push	{lr}
  95              	.LCFI2:
  96              		.cfi_def_cfa_offset 4
  97              		.cfi_offset 14, -4
  98 0002 83B0     		sub	sp, sp, #12
  99              	.LCFI3:
 100              		.cfi_def_cfa_offset 16
 101 0004 0190     		str	r0, [sp, #4]
 102 0006 0091     		str	r1, [sp, #0]
 103              		.loc 1 96 0
 104 0008 019B     		ldr	r3, [sp, #4]
 105 000a 002B     		cmp	r3, #0
 106 000c 03D0     		beq	.L5
 107              		.loc 1 96 0 is_stmt 0 discriminator 2
 108 000e 019B     		ldr	r3, [sp, #4]
ARM GAS  /tmp/ccwZEBBy.s 			page 3


 109 0010 9B68     		ldr	r3, [r3, #8]
 110 0012 0F2B     		cmp	r3, #15
 111 0014 05D9     		bls	.L6
 112              	.L5:
 113              		.loc 1 96 0 discriminator 1
 114 0016 40F20000 		movw	r0, #:lower16:.LC1
 115 001a C0F20000 		movt	r0, #:upper16:.LC1
 116 001e FFF7FEFF 		bl	chDbgPanic
 117              	.L6:
 118              		.loc 1 99 0 is_stmt 1
 119 0022 019B     		ldr	r3, [sp, #4]
 120 0024 1B68     		ldr	r3, [r3, #0]
 121 0026 009A     		ldr	r2, [sp, #0]
 122 0028 6FEA0201 		mvn	r1, r2
 123 002c 019A     		ldr	r2, [sp, #4]
 124 002e 5268     		ldr	r2, [r2, #4]
 125 0030 1140     		ands	r1, r1, r2
 126 0032 019A     		ldr	r2, [sp, #4]
 127 0034 9268     		ldr	r2, [r2, #8]
 128 0036 02F11002 		add	r2, r2, #16
 129 003a 01FA02F1 		lsl	r1, r1, r2
 130 003e 019A     		ldr	r2, [sp, #4]
 131 0040 5068     		ldr	r0, [r2, #4]
 132 0042 009A     		ldr	r2, [sp, #0]
 133 0044 1040     		ands	r0, r0, r2
 134 0046 019A     		ldr	r2, [sp, #4]
 135 0048 9268     		ldr	r2, [r2, #8]
 136 004a 00FA02F2 		lsl	r2, r0, r2
 137 004e 0A43     		orrs	r2, r2, r1
 138 0050 9A61     		str	r2, [r3, #24]
 139              		.loc 1 100 0
 140 0052 03B0     		add	sp, sp, #12
 141 0054 00BD     		pop	{pc}
 142              		.cfi_endproc
 143              	.LFE64:
 144              		.size	palWriteBus, .-palWriteBus
 145 0056 00BFAFF3 		.section	.rodata
 145      0080AFF3 
 145      0080
 146              		.align	2
 147              	.LC2:
 148 0020 2270616C 		.ascii	"\"palSetBusMode\"()\000"
 148      53657442 
 148      75734D6F 
 148      64652228 
 148      2900
 149 0032 0000     		.section	.text.palSetBusMode,"ax",%progbits
 150              		.align	2
 151              		.p2align 4,,15
 152              		.global	palSetBusMode
 153              		.thumb
 154              		.thumb_func
 155              		.type	palSetBusMode, %function
 156              	palSetBusMode:
 157              	.LFB65:
 158              		.loc 1 117 0
 159              		.cfi_startproc
ARM GAS  /tmp/ccwZEBBy.s 			page 4


 160              		@ args = 0, pretend = 0, frame = 8
 161              		@ frame_needed = 0, uses_anonymous_args = 0
 162 0000 00B5     		push	{lr}
 163              	.LCFI4:
 164              		.cfi_def_cfa_offset 4
 165              		.cfi_offset 14, -4
 166 0002 83B0     		sub	sp, sp, #12
 167              	.LCFI5:
 168              		.cfi_def_cfa_offset 16
 169 0004 0190     		str	r0, [sp, #4]
 170 0006 0091     		str	r1, [sp, #0]
 171              		.loc 1 119 0
 172 0008 019B     		ldr	r3, [sp, #4]
 173 000a 002B     		cmp	r3, #0
 174 000c 03D0     		beq	.L8
 175              		.loc 1 119 0 is_stmt 0 discriminator 2
 176 000e 019B     		ldr	r3, [sp, #4]
 177 0010 9B68     		ldr	r3, [r3, #8]
 178 0012 0F2B     		cmp	r3, #15
 179 0014 05D9     		bls	.L9
 180              	.L8:
 181              		.loc 1 119 0 discriminator 1
 182 0016 40F20000 		movw	r0, #:lower16:.LC2
 183 001a C0F20000 		movt	r0, #:upper16:.LC2
 184 001e FFF7FEFF 		bl	chDbgPanic
 185              	.L9:
 186              		.loc 1 122 0 is_stmt 1
 187 0022 019B     		ldr	r3, [sp, #4]
 188 0024 1A68     		ldr	r2, [r3, #0]
 189 0026 019B     		ldr	r3, [sp, #4]
 190 0028 5968     		ldr	r1, [r3, #4]
 191 002a 019B     		ldr	r3, [sp, #4]
 192 002c 9B68     		ldr	r3, [r3, #8]
 193 002e 01FA03F3 		lsl	r3, r1, r3
 194 0032 1046     		mov	r0, r2
 195 0034 1946     		mov	r1, r3
 196 0036 009A     		ldr	r2, [sp, #0]
 197 0038 FFF7FEFF 		bl	_pal_lld_setgroupmode
 198              		.loc 1 123 0
 199 003c 03B0     		add	sp, sp, #12
 200 003e 00BD     		pop	{pc}
 201              		.cfi_endproc
 202              	.LFE65:
 203              		.size	palSetBusMode, .-palSetBusMode
 204              		.text
 205              	.Letext0:
 206              		.file 2 "/home/texzk/ChibiStudio/tools/GNU Tools ARM Embedded/4.6 2012q2/bin/../lib/gcc/arm-none-e
 207              		.file 3 "../../os/hal/platforms/STM32/GPIOv2/pal_lld.h"
 208              		.file 4 "../../os/hal/include/pal.h"
 209              		.file 5 "../../os/ports/common/ARMCMx/CMSIS/include/core_cm3.h"
 210              		.section	.debug_info,"",%progbits
 211              	.Ldebug_info0:
 212 0000 AD020000 		.4byte	0x2ad
 213 0004 0200     		.2byte	0x2
 214 0006 00000000 		.4byte	.Ldebug_abbrev0
 215 000a 04       		.byte	0x4
 216 000b 01       		.uleb128 0x1
ARM GAS  /tmp/ccwZEBBy.s 			page 5


 217 000c 79000000 		.4byte	.LASF36
 218 0010 01       		.byte	0x1
 219 0011 C2000000 		.4byte	.LASF37
 220 0015 30010000 		.4byte	.LASF38
 221 0019 00000000 		.4byte	0
 222 001d 00000000 		.4byte	0
 223 0021 00000000 		.4byte	.Ldebug_ranges0+0
 224 0025 00000000 		.4byte	.Ldebug_line0
 225 0029 02       		.uleb128 0x2
 226 002a 04       		.byte	0x4
 227 002b 05       		.byte	0x5
 228 002c 696E7400 		.ascii	"int\000"
 229 0030 03       		.uleb128 0x3
 230 0031 04       		.byte	0x4
 231 0032 07       		.byte	0x7
 232 0033 3A000000 		.4byte	.LASF0
 233 0037 03       		.uleb128 0x3
 234 0038 01       		.byte	0x1
 235 0039 06       		.byte	0x6
 236 003a E4010000 		.4byte	.LASF1
 237 003e 03       		.uleb128 0x3
 238 003f 01       		.byte	0x1
 239 0040 08       		.byte	0x8
 240 0041 10010000 		.4byte	.LASF2
 241 0045 03       		.uleb128 0x3
 242 0046 02       		.byte	0x2
 243 0047 05       		.byte	0x5
 244 0048 1E010000 		.4byte	.LASF3
 245 004c 04       		.uleb128 0x4
 246 004d C9010000 		.4byte	.LASF5
 247 0051 02       		.byte	0x2
 248 0052 36       		.byte	0x36
 249 0053 57000000 		.4byte	0x57
 250 0057 03       		.uleb128 0x3
 251 0058 02       		.byte	0x2
 252 0059 07       		.byte	0x7
 253 005a EB000000 		.4byte	.LASF4
 254 005e 04       		.uleb128 0x4
 255 005f 8C010000 		.4byte	.LASF6
 256 0063 02       		.byte	0x2
 257 0064 4F       		.byte	0x4f
 258 0065 69000000 		.4byte	0x69
 259 0069 03       		.uleb128 0x3
 260 006a 04       		.byte	0x4
 261 006b 05       		.byte	0x5
 262 006c DB010000 		.4byte	.LASF7
 263 0070 04       		.uleb128 0x4
 264 0071 D2010000 		.4byte	.LASF8
 265 0075 02       		.byte	0x2
 266 0076 50       		.byte	0x50
 267 0077 7B000000 		.4byte	0x7b
 268 007b 03       		.uleb128 0x3
 269 007c 04       		.byte	0x4
 270 007d 07       		.byte	0x7
 271 007e D9000000 		.4byte	.LASF9
 272 0082 03       		.uleb128 0x3
 273 0083 08       		.byte	0x8
ARM GAS  /tmp/ccwZEBBy.s 			page 6


 274 0084 05       		.byte	0x5
 275 0085 9A010000 		.4byte	.LASF10
 276 0089 03       		.uleb128 0x3
 277 008a 08       		.byte	0x8
 278 008b 07       		.byte	0x7
 279 008c F0010000 		.4byte	.LASF11
 280 0090 04       		.uleb128 0x4
 281 0091 1C000000 		.4byte	.LASF12
 282 0095 02       		.byte	0x2
 283 0096 A0       		.byte	0xa0
 284 0097 30000000 		.4byte	0x30
 285 009b 05       		.uleb128 0x5
 286 009c 70000000 		.4byte	0x70
 287 00a0 03       		.uleb128 0x3
 288 00a1 01       		.byte	0x1
 289 00a2 08       		.byte	0x8
 290 00a3 82010000 		.4byte	.LASF13
 291 00a7 05       		.uleb128 0x5
 292 00a8 5E000000 		.4byte	0x5e
 293 00ac 06       		.uleb128 0x6
 294 00ad 04       		.byte	0x4
 295 00ae 03       		.byte	0x3
 296 00af 96       		.byte	0x96
 297 00b0 D1000000 		.4byte	0xd1
 298 00b4 07       		.uleb128 0x7
 299 00b5 73657400 		.ascii	"set\000"
 300 00b9 03       		.byte	0x3
 301 00ba 97       		.byte	0x97
 302 00bb 4C000000 		.4byte	0x4c
 303 00bf 02       		.byte	0x2
 304 00c0 23       		.byte	0x23
 305 00c1 00       		.uleb128 0
 306 00c2 08       		.uleb128 0x8
 307 00c3 05000000 		.4byte	.LASF14
 308 00c7 03       		.byte	0x3
 309 00c8 98       		.byte	0x98
 310 00c9 4C000000 		.4byte	0x4c
 311 00cd 02       		.byte	0x2
 312 00ce 23       		.byte	0x23
 313 00cf 02       		.uleb128 0x2
 314 00d0 00       		.byte	0
 315 00d1 09       		.uleb128 0x9
 316 00d2 04       		.byte	0x4
 317 00d3 03       		.byte	0x3
 318 00d4 94       		.byte	0x94
 319 00d5 EC000000 		.4byte	0xec
 320 00d9 0A       		.uleb128 0xa
 321 00da 5700     		.ascii	"W\000"
 322 00dc 03       		.byte	0x3
 323 00dd 95       		.byte	0x95
 324 00de 70000000 		.4byte	0x70
 325 00e2 0A       		.uleb128 0xa
 326 00e3 4800     		.ascii	"H\000"
 327 00e5 03       		.byte	0x3
 328 00e6 99       		.byte	0x99
 329 00e7 AC000000 		.4byte	0xac
 330 00eb 00       		.byte	0
ARM GAS  /tmp/ccwZEBBy.s 			page 7


 331 00ec 06       		.uleb128 0x6
 332 00ed 28       		.byte	0x28
 333 00ee 03       		.byte	0x3
 334 00ef 8C       		.byte	0x8c
 335 00f0 81010000 		.4byte	0x181
 336 00f4 08       		.uleb128 0x8
 337 00f5 0B000000 		.4byte	.LASF15
 338 00f9 03       		.byte	0x3
 339 00fa 8E       		.byte	0x8e
 340 00fb 9B000000 		.4byte	0x9b
 341 00ff 02       		.byte	0x2
 342 0100 23       		.byte	0x23
 343 0101 00       		.uleb128 0
 344 0102 08       		.uleb128 0x8
 345 0103 69000000 		.4byte	.LASF16
 346 0107 03       		.byte	0x3
 347 0108 8F       		.byte	0x8f
 348 0109 9B000000 		.4byte	0x9b
 349 010d 02       		.byte	0x2
 350 010e 23       		.byte	0x23
 351 010f 04       		.uleb128 0x4
 352 0110 08       		.uleb128 0x8
 353 0111 28010000 		.4byte	.LASF17
 354 0115 03       		.byte	0x3
 355 0116 90       		.byte	0x90
 356 0117 9B000000 		.4byte	0x9b
 357 011b 02       		.byte	0x2
 358 011c 23       		.byte	0x23
 359 011d 08       		.uleb128 0x8
 360 011e 08       		.uleb128 0x8
 361 011f 94010000 		.4byte	.LASF18
 362 0123 03       		.byte	0x3
 363 0124 91       		.byte	0x91
 364 0125 9B000000 		.4byte	0x9b
 365 0129 02       		.byte	0x2
 366 012a 23       		.byte	0x23
 367 012b 0C       		.uleb128 0xc
 368 012c 07       		.uleb128 0x7
 369 012d 49445200 		.ascii	"IDR\000"
 370 0131 03       		.byte	0x3
 371 0132 92       		.byte	0x92
 372 0133 9B000000 		.4byte	0x9b
 373 0137 02       		.byte	0x2
 374 0138 23       		.byte	0x23
 375 0139 10       		.uleb128 0x10
 376 013a 07       		.uleb128 0x7
 377 013b 4F445200 		.ascii	"ODR\000"
 378 013f 03       		.byte	0x3
 379 0140 93       		.byte	0x93
 380 0141 9B000000 		.4byte	0x9b
 381 0145 02       		.byte	0x2
 382 0146 23       		.byte	0x23
 383 0147 14       		.uleb128 0x14
 384 0148 08       		.uleb128 0x8
 385 0149 29000000 		.4byte	.LASF19
 386 014d 03       		.byte	0x3
 387 014e 9A       		.byte	0x9a
ARM GAS  /tmp/ccwZEBBy.s 			page 8


 388 014f 81010000 		.4byte	0x181
 389 0153 02       		.byte	0x2
 390 0154 23       		.byte	0x23
 391 0155 18       		.uleb128 0x18
 392 0156 08       		.uleb128 0x8
 393 0157 00000000 		.4byte	.LASF20
 394 015b 03       		.byte	0x3
 395 015c 9B       		.byte	0x9b
 396 015d 9B000000 		.4byte	0x9b
 397 0161 02       		.byte	0x2
 398 0162 23       		.byte	0x23
 399 0163 1C       		.uleb128 0x1c
 400 0164 08       		.uleb128 0x8
 401 0165 FE000000 		.4byte	.LASF21
 402 0169 03       		.byte	0x3
 403 016a 9C       		.byte	0x9c
 404 016b 9B000000 		.4byte	0x9b
 405 016f 02       		.byte	0x2
 406 0170 23       		.byte	0x23
 407 0171 20       		.uleb128 0x20
 408 0172 08       		.uleb128 0x8
 409 0173 B9010000 		.4byte	.LASF22
 410 0177 03       		.byte	0x3
 411 0178 9D       		.byte	0x9d
 412 0179 9B000000 		.4byte	0x9b
 413 017d 02       		.byte	0x2
 414 017e 23       		.byte	0x23
 415 017f 24       		.uleb128 0x24
 416 0180 00       		.byte	0
 417 0181 05       		.uleb128 0x5
 418 0182 D1000000 		.4byte	0xd1
 419 0186 04       		.uleb128 0x4
 420 0187 75010000 		.4byte	.LASF23
 421 018b 03       		.byte	0x3
 422 018c 9E       		.byte	0x9e
 423 018d EC000000 		.4byte	0xec
 424 0191 04       		.uleb128 0x4
 425 0192 5C000000 		.4byte	.LASF24
 426 0196 03       		.byte	0x3
 427 0197 E8       		.byte	0xe8
 428 0198 70000000 		.4byte	0x70
 429 019c 04       		.uleb128 0x4
 430 019d 70000000 		.4byte	.LASF25
 431 01a1 03       		.byte	0x3
 432 01a2 ED       		.byte	0xed
 433 01a3 70000000 		.4byte	0x70
 434 01a7 04       		.uleb128 0x4
 435 01a8 BE010000 		.4byte	.LASF26
 436 01ac 03       		.byte	0x3
 437 01ad F5       		.byte	0xf5
 438 01ae B2010000 		.4byte	0x1b2
 439 01b2 0B       		.uleb128 0xb
 440 01b3 04       		.byte	0x4
 441 01b4 86010000 		.4byte	0x186
 442 01b8 06       		.uleb128 0x6
 443 01b9 0C       		.byte	0xc
 444 01ba 04       		.byte	0x4
ARM GAS  /tmp/ccwZEBBy.s 			page 9


 445 01bb 7E       		.byte	0x7e
 446 01bc EB010000 		.4byte	0x1eb
 447 01c0 08       		.uleb128 0x8
 448 01c1 55000000 		.4byte	.LASF27
 449 01c5 04       		.byte	0x4
 450 01c6 82       		.byte	0x82
 451 01c7 A7010000 		.4byte	0x1a7
 452 01cb 02       		.byte	0x2
 453 01cc 23       		.byte	0x23
 454 01cd 00       		.uleb128 0
 455 01ce 08       		.uleb128 0x8
 456 01cf A8010000 		.4byte	.LASF28
 457 01d3 04       		.byte	0x4
 458 01d4 88       		.byte	0x88
 459 01d5 91010000 		.4byte	0x191
 460 01d9 02       		.byte	0x2
 461 01da 23       		.byte	0x23
 462 01db 04       		.uleb128 0x4
 463 01dc 08       		.uleb128 0x8
 464 01dd B2010000 		.4byte	.LASF29
 465 01e1 04       		.byte	0x4
 466 01e2 8C       		.byte	0x8c
 467 01e3 90000000 		.4byte	0x90
 468 01e7 02       		.byte	0x2
 469 01e8 23       		.byte	0x23
 470 01e9 08       		.uleb128 0x8
 471 01ea 00       		.byte	0
 472 01eb 04       		.uleb128 0x4
 473 01ec 07020000 		.4byte	.LASF30
 474 01f0 04       		.byte	0x4
 475 01f1 8D       		.byte	0x8d
 476 01f2 B8010000 		.4byte	0x1b8
 477 01f6 0C       		.uleb128 0xc
 478 01f7 01       		.byte	0x1
 479 01f8 11000000 		.4byte	.LASF39
 480 01fc 01       		.byte	0x1
 481 01fd 45       		.byte	0x45
 482 01fe 01       		.byte	0x1
 483 01ff 91010000 		.4byte	0x191
 484 0203 00000000 		.4byte	.LFB63
 485 0207 3C000000 		.4byte	.LFE63
 486 020b 00000000 		.4byte	.LLST0
 487 020f 22020000 		.4byte	0x222
 488 0213 0D       		.uleb128 0xd
 489 0214 62757300 		.ascii	"bus\000"
 490 0218 01       		.byte	0x1
 491 0219 45       		.byte	0x45
 492 021a 22020000 		.4byte	0x222
 493 021e 02       		.byte	0x2
 494 021f 91       		.byte	0x91
 495 0220 74       		.sleb128 -12
 496 0221 00       		.byte	0
 497 0222 0B       		.uleb128 0xb
 498 0223 04       		.byte	0x4
 499 0224 EB010000 		.4byte	0x1eb
 500 0228 0E       		.uleb128 0xe
 501 0229 01       		.byte	0x1
ARM GAS  /tmp/ccwZEBBy.s 			page 10


 502 022a 2E000000 		.4byte	.LASF32
 503 022e 01       		.byte	0x1
 504 022f 5E       		.byte	0x5e
 505 0230 01       		.byte	0x1
 506 0231 00000000 		.4byte	.LFB64
 507 0235 56000000 		.4byte	.LFE64
 508 0239 2C000000 		.4byte	.LLST1
 509 023d 5E020000 		.4byte	0x25e
 510 0241 0D       		.uleb128 0xd
 511 0242 62757300 		.ascii	"bus\000"
 512 0246 01       		.byte	0x1
 513 0247 5E       		.byte	0x5e
 514 0248 22020000 		.4byte	0x222
 515 024c 02       		.byte	0x2
 516 024d 91       		.byte	0x91
 517 024e 74       		.sleb128 -12
 518 024f 0F       		.uleb128 0xf
 519 0250 AD010000 		.4byte	.LASF31
 520 0254 01       		.byte	0x1
 521 0255 5E       		.byte	0x5e
 522 0256 91010000 		.4byte	0x191
 523 025a 02       		.byte	0x2
 524 025b 91       		.byte	0x91
 525 025c 70       		.sleb128 -16
 526 025d 00       		.byte	0
 527 025e 0E       		.uleb128 0xe
 528 025f 01       		.byte	0x1
 529 0260 47000000 		.4byte	.LASF33
 530 0264 01       		.byte	0x1
 531 0265 75       		.byte	0x75
 532 0266 01       		.byte	0x1
 533 0267 00000000 		.4byte	.LFB65
 534 026b 40000000 		.4byte	.LFE65
 535 026f 58000000 		.4byte	.LLST2
 536 0273 94020000 		.4byte	0x294
 537 0277 0D       		.uleb128 0xd
 538 0278 62757300 		.ascii	"bus\000"
 539 027c 01       		.byte	0x1
 540 027d 75       		.byte	0x75
 541 027e 22020000 		.4byte	0x222
 542 0282 02       		.byte	0x2
 543 0283 91       		.byte	0x91
 544 0284 74       		.sleb128 -12
 545 0285 0F       		.uleb128 0xf
 546 0286 87010000 		.4byte	.LASF34
 547 028a 01       		.byte	0x1
 548 028b 75       		.byte	0x75
 549 028c 9C010000 		.4byte	0x19c
 550 0290 02       		.byte	0x2
 551 0291 91       		.byte	0x91
 552 0292 70       		.sleb128 -16
 553 0293 00       		.byte	0
 554 0294 10       		.uleb128 0x10
 555 0295 03010000 		.4byte	.LASF35
 556 0299 05       		.byte	0x5
 557 029a 0706     		.2byte	0x607
 558 029c A7000000 		.4byte	0xa7
ARM GAS  /tmp/ccwZEBBy.s 			page 11


 559 02a0 01       		.byte	0x1
 560 02a1 01       		.byte	0x1
 561 02a2 10       		.uleb128 0x10
 562 02a3 03010000 		.4byte	.LASF35
 563 02a7 05       		.byte	0x5
 564 02a8 0706     		.2byte	0x607
 565 02aa A7000000 		.4byte	0xa7
 566 02ae 01       		.byte	0x1
 567 02af 01       		.byte	0x1
 568 02b0 00       		.byte	0
 569              		.section	.debug_abbrev,"",%progbits
 570              	.Ldebug_abbrev0:
 571 0000 01       		.uleb128 0x1
 572 0001 11       		.uleb128 0x11
 573 0002 01       		.byte	0x1
 574 0003 25       		.uleb128 0x25
 575 0004 0E       		.uleb128 0xe
 576 0005 13       		.uleb128 0x13
 577 0006 0B       		.uleb128 0xb
 578 0007 03       		.uleb128 0x3
 579 0008 0E       		.uleb128 0xe
 580 0009 1B       		.uleb128 0x1b
 581 000a 0E       		.uleb128 0xe
 582 000b 11       		.uleb128 0x11
 583 000c 01       		.uleb128 0x1
 584 000d 52       		.uleb128 0x52
 585 000e 01       		.uleb128 0x1
 586 000f 55       		.uleb128 0x55
 587 0010 06       		.uleb128 0x6
 588 0011 10       		.uleb128 0x10
 589 0012 06       		.uleb128 0x6
 590 0013 00       		.byte	0
 591 0014 00       		.byte	0
 592 0015 02       		.uleb128 0x2
 593 0016 24       		.uleb128 0x24
 594 0017 00       		.byte	0
 595 0018 0B       		.uleb128 0xb
 596 0019 0B       		.uleb128 0xb
 597 001a 3E       		.uleb128 0x3e
 598 001b 0B       		.uleb128 0xb
 599 001c 03       		.uleb128 0x3
 600 001d 08       		.uleb128 0x8
 601 001e 00       		.byte	0
 602 001f 00       		.byte	0
 603 0020 03       		.uleb128 0x3
 604 0021 24       		.uleb128 0x24
 605 0022 00       		.byte	0
 606 0023 0B       		.uleb128 0xb
 607 0024 0B       		.uleb128 0xb
 608 0025 3E       		.uleb128 0x3e
 609 0026 0B       		.uleb128 0xb
 610 0027 03       		.uleb128 0x3
 611 0028 0E       		.uleb128 0xe
 612 0029 00       		.byte	0
 613 002a 00       		.byte	0
 614 002b 04       		.uleb128 0x4
 615 002c 16       		.uleb128 0x16
ARM GAS  /tmp/ccwZEBBy.s 			page 12


 616 002d 00       		.byte	0
 617 002e 03       		.uleb128 0x3
 618 002f 0E       		.uleb128 0xe
 619 0030 3A       		.uleb128 0x3a
 620 0031 0B       		.uleb128 0xb
 621 0032 3B       		.uleb128 0x3b
 622 0033 0B       		.uleb128 0xb
 623 0034 49       		.uleb128 0x49
 624 0035 13       		.uleb128 0x13
 625 0036 00       		.byte	0
 626 0037 00       		.byte	0
 627 0038 05       		.uleb128 0x5
 628 0039 35       		.uleb128 0x35
 629 003a 00       		.byte	0
 630 003b 49       		.uleb128 0x49
 631 003c 13       		.uleb128 0x13
 632 003d 00       		.byte	0
 633 003e 00       		.byte	0
 634 003f 06       		.uleb128 0x6
 635 0040 13       		.uleb128 0x13
 636 0041 01       		.byte	0x1
 637 0042 0B       		.uleb128 0xb
 638 0043 0B       		.uleb128 0xb
 639 0044 3A       		.uleb128 0x3a
 640 0045 0B       		.uleb128 0xb
 641 0046 3B       		.uleb128 0x3b
 642 0047 0B       		.uleb128 0xb
 643 0048 01       		.uleb128 0x1
 644 0049 13       		.uleb128 0x13
 645 004a 00       		.byte	0
 646 004b 00       		.byte	0
 647 004c 07       		.uleb128 0x7
 648 004d 0D       		.uleb128 0xd
 649 004e 00       		.byte	0
 650 004f 03       		.uleb128 0x3
 651 0050 08       		.uleb128 0x8
 652 0051 3A       		.uleb128 0x3a
 653 0052 0B       		.uleb128 0xb
 654 0053 3B       		.uleb128 0x3b
 655 0054 0B       		.uleb128 0xb
 656 0055 49       		.uleb128 0x49
 657 0056 13       		.uleb128 0x13
 658 0057 38       		.uleb128 0x38
 659 0058 0A       		.uleb128 0xa
 660 0059 00       		.byte	0
 661 005a 00       		.byte	0
 662 005b 08       		.uleb128 0x8
 663 005c 0D       		.uleb128 0xd
 664 005d 00       		.byte	0
 665 005e 03       		.uleb128 0x3
 666 005f 0E       		.uleb128 0xe
 667 0060 3A       		.uleb128 0x3a
 668 0061 0B       		.uleb128 0xb
 669 0062 3B       		.uleb128 0x3b
 670 0063 0B       		.uleb128 0xb
 671 0064 49       		.uleb128 0x49
 672 0065 13       		.uleb128 0x13
ARM GAS  /tmp/ccwZEBBy.s 			page 13


 673 0066 38       		.uleb128 0x38
 674 0067 0A       		.uleb128 0xa
 675 0068 00       		.byte	0
 676 0069 00       		.byte	0
 677 006a 09       		.uleb128 0x9
 678 006b 17       		.uleb128 0x17
 679 006c 01       		.byte	0x1
 680 006d 0B       		.uleb128 0xb
 681 006e 0B       		.uleb128 0xb
 682 006f 3A       		.uleb128 0x3a
 683 0070 0B       		.uleb128 0xb
 684 0071 3B       		.uleb128 0x3b
 685 0072 0B       		.uleb128 0xb
 686 0073 01       		.uleb128 0x1
 687 0074 13       		.uleb128 0x13
 688 0075 00       		.byte	0
 689 0076 00       		.byte	0
 690 0077 0A       		.uleb128 0xa
 691 0078 0D       		.uleb128 0xd
 692 0079 00       		.byte	0
 693 007a 03       		.uleb128 0x3
 694 007b 08       		.uleb128 0x8
 695 007c 3A       		.uleb128 0x3a
 696 007d 0B       		.uleb128 0xb
 697 007e 3B       		.uleb128 0x3b
 698 007f 0B       		.uleb128 0xb
 699 0080 49       		.uleb128 0x49
 700 0081 13       		.uleb128 0x13
 701 0082 00       		.byte	0
 702 0083 00       		.byte	0
 703 0084 0B       		.uleb128 0xb
 704 0085 0F       		.uleb128 0xf
 705 0086 00       		.byte	0
 706 0087 0B       		.uleb128 0xb
 707 0088 0B       		.uleb128 0xb
 708 0089 49       		.uleb128 0x49
 709 008a 13       		.uleb128 0x13
 710 008b 00       		.byte	0
 711 008c 00       		.byte	0
 712 008d 0C       		.uleb128 0xc
 713 008e 2E       		.uleb128 0x2e
 714 008f 01       		.byte	0x1
 715 0090 3F       		.uleb128 0x3f
 716 0091 0C       		.uleb128 0xc
 717 0092 03       		.uleb128 0x3
 718 0093 0E       		.uleb128 0xe
 719 0094 3A       		.uleb128 0x3a
 720 0095 0B       		.uleb128 0xb
 721 0096 3B       		.uleb128 0x3b
 722 0097 0B       		.uleb128 0xb
 723 0098 27       		.uleb128 0x27
 724 0099 0C       		.uleb128 0xc
 725 009a 49       		.uleb128 0x49
 726 009b 13       		.uleb128 0x13
 727 009c 11       		.uleb128 0x11
 728 009d 01       		.uleb128 0x1
 729 009e 12       		.uleb128 0x12
ARM GAS  /tmp/ccwZEBBy.s 			page 14


 730 009f 01       		.uleb128 0x1
 731 00a0 40       		.uleb128 0x40
 732 00a1 06       		.uleb128 0x6
 733 00a2 01       		.uleb128 0x1
 734 00a3 13       		.uleb128 0x13
 735 00a4 00       		.byte	0
 736 00a5 00       		.byte	0
 737 00a6 0D       		.uleb128 0xd
 738 00a7 05       		.uleb128 0x5
 739 00a8 00       		.byte	0
 740 00a9 03       		.uleb128 0x3
 741 00aa 08       		.uleb128 0x8
 742 00ab 3A       		.uleb128 0x3a
 743 00ac 0B       		.uleb128 0xb
 744 00ad 3B       		.uleb128 0x3b
 745 00ae 0B       		.uleb128 0xb
 746 00af 49       		.uleb128 0x49
 747 00b0 13       		.uleb128 0x13
 748 00b1 02       		.uleb128 0x2
 749 00b2 0A       		.uleb128 0xa
 750 00b3 00       		.byte	0
 751 00b4 00       		.byte	0
 752 00b5 0E       		.uleb128 0xe
 753 00b6 2E       		.uleb128 0x2e
 754 00b7 01       		.byte	0x1
 755 00b8 3F       		.uleb128 0x3f
 756 00b9 0C       		.uleb128 0xc
 757 00ba 03       		.uleb128 0x3
 758 00bb 0E       		.uleb128 0xe
 759 00bc 3A       		.uleb128 0x3a
 760 00bd 0B       		.uleb128 0xb
 761 00be 3B       		.uleb128 0x3b
 762 00bf 0B       		.uleb128 0xb
 763 00c0 27       		.uleb128 0x27
 764 00c1 0C       		.uleb128 0xc
 765 00c2 11       		.uleb128 0x11
 766 00c3 01       		.uleb128 0x1
 767 00c4 12       		.uleb128 0x12
 768 00c5 01       		.uleb128 0x1
 769 00c6 40       		.uleb128 0x40
 770 00c7 06       		.uleb128 0x6
 771 00c8 01       		.uleb128 0x1
 772 00c9 13       		.uleb128 0x13
 773 00ca 00       		.byte	0
 774 00cb 00       		.byte	0
 775 00cc 0F       		.uleb128 0xf
 776 00cd 05       		.uleb128 0x5
 777 00ce 00       		.byte	0
 778 00cf 03       		.uleb128 0x3
 779 00d0 0E       		.uleb128 0xe
 780 00d1 3A       		.uleb128 0x3a
 781 00d2 0B       		.uleb128 0xb
 782 00d3 3B       		.uleb128 0x3b
 783 00d4 0B       		.uleb128 0xb
 784 00d5 49       		.uleb128 0x49
 785 00d6 13       		.uleb128 0x13
 786 00d7 02       		.uleb128 0x2
ARM GAS  /tmp/ccwZEBBy.s 			page 15


 787 00d8 0A       		.uleb128 0xa
 788 00d9 00       		.byte	0
 789 00da 00       		.byte	0
 790 00db 10       		.uleb128 0x10
 791 00dc 34       		.uleb128 0x34
 792 00dd 00       		.byte	0
 793 00de 03       		.uleb128 0x3
 794 00df 0E       		.uleb128 0xe
 795 00e0 3A       		.uleb128 0x3a
 796 00e1 0B       		.uleb128 0xb
 797 00e2 3B       		.uleb128 0x3b
 798 00e3 05       		.uleb128 0x5
 799 00e4 49       		.uleb128 0x49
 800 00e5 13       		.uleb128 0x13
 801 00e6 3F       		.uleb128 0x3f
 802 00e7 0C       		.uleb128 0xc
 803 00e8 3C       		.uleb128 0x3c
 804 00e9 0C       		.uleb128 0xc
 805 00ea 00       		.byte	0
 806 00eb 00       		.byte	0
 807 00ec 00       		.byte	0
 808              		.section	.debug_loc,"",%progbits
 809              	.Ldebug_loc0:
 810              	.LLST0:
 811 0000 00000000 		.4byte	.LFB63
 812 0004 02000000 		.4byte	.LCFI0
 813 0008 0200     		.2byte	0x2
 814 000a 7D       		.byte	0x7d
 815 000b 00       		.sleb128 0
 816 000c 02000000 		.4byte	.LCFI0
 817 0010 04000000 		.4byte	.LCFI1
 818 0014 0200     		.2byte	0x2
 819 0016 7D       		.byte	0x7d
 820 0017 04       		.sleb128 4
 821 0018 04000000 		.4byte	.LCFI1
 822 001c 3C000000 		.4byte	.LFE63
 823 0020 0200     		.2byte	0x2
 824 0022 7D       		.byte	0x7d
 825 0023 10       		.sleb128 16
 826 0024 00000000 		.4byte	0
 827 0028 00000000 		.4byte	0
 828              	.LLST1:
 829 002c 00000000 		.4byte	.LFB64
 830 0030 02000000 		.4byte	.LCFI2
 831 0034 0200     		.2byte	0x2
 832 0036 7D       		.byte	0x7d
 833 0037 00       		.sleb128 0
 834 0038 02000000 		.4byte	.LCFI2
 835 003c 04000000 		.4byte	.LCFI3
 836 0040 0200     		.2byte	0x2
 837 0042 7D       		.byte	0x7d
 838 0043 04       		.sleb128 4
 839 0044 04000000 		.4byte	.LCFI3
 840 0048 56000000 		.4byte	.LFE64
 841 004c 0200     		.2byte	0x2
 842 004e 7D       		.byte	0x7d
 843 004f 10       		.sleb128 16
ARM GAS  /tmp/ccwZEBBy.s 			page 16


 844 0050 00000000 		.4byte	0
 845 0054 00000000 		.4byte	0
 846              	.LLST2:
 847 0058 00000000 		.4byte	.LFB65
 848 005c 02000000 		.4byte	.LCFI4
 849 0060 0200     		.2byte	0x2
 850 0062 7D       		.byte	0x7d
 851 0063 00       		.sleb128 0
 852 0064 02000000 		.4byte	.LCFI4
 853 0068 04000000 		.4byte	.LCFI5
 854 006c 0200     		.2byte	0x2
 855 006e 7D       		.byte	0x7d
 856 006f 04       		.sleb128 4
 857 0070 04000000 		.4byte	.LCFI5
 858 0074 40000000 		.4byte	.LFE65
 859 0078 0200     		.2byte	0x2
 860 007a 7D       		.byte	0x7d
 861 007b 10       		.sleb128 16
 862 007c 00000000 		.4byte	0
 863 0080 00000000 		.4byte	0
 864              		.section	.debug_aranges,"",%progbits
 865 0000 2C000000 		.4byte	0x2c
 866 0004 0200     		.2byte	0x2
 867 0006 00000000 		.4byte	.Ldebug_info0
 868 000a 04       		.byte	0x4
 869 000b 00       		.byte	0
 870 000c 0000     		.2byte	0
 871 000e 0000     		.2byte	0
 872 0010 00000000 		.4byte	.LFB63
 873 0014 3C000000 		.4byte	.LFE63-.LFB63
 874 0018 00000000 		.4byte	.LFB64
 875 001c 56000000 		.4byte	.LFE64-.LFB64
 876 0020 00000000 		.4byte	.LFB65
 877 0024 40000000 		.4byte	.LFE65-.LFB65
 878 0028 00000000 		.4byte	0
 879 002c 00000000 		.4byte	0
 880              		.section	.debug_ranges,"",%progbits
 881              	.Ldebug_ranges0:
 882 0000 00000000 		.4byte	.LFB63
 883 0004 3C000000 		.4byte	.LFE63
 884 0008 00000000 		.4byte	.LFB64
 885 000c 56000000 		.4byte	.LFE64
 886 0010 00000000 		.4byte	.LFB65
 887 0014 40000000 		.4byte	.LFE65
 888 0018 00000000 		.4byte	0
 889 001c 00000000 		.4byte	0
 890              		.section	.debug_line,"",%progbits
 891              	.Ldebug_line0:
 892 0000 AA010000 		.section	.debug_str,"MS",%progbits,1
 892      02004601 
 892      00000201 
 892      FB0E0D00 
 892      01010101 
 893              	.LASF20:
 894 0000 4C434B52 		.ascii	"LCKR\000"
 894      00
 895              	.LASF14:
ARM GAS  /tmp/ccwZEBBy.s 			page 17


 896 0005 636C6561 		.ascii	"clear\000"
 896      7200
 897              	.LASF15:
 898 000b 4D4F4445 		.ascii	"MODER\000"
 898      5200
 899              	.LASF39:
 900 0011 70616C52 		.ascii	"palReadBus\000"
 900      65616442 
 900      757300
 901              	.LASF12:
 902 001c 75696E74 		.ascii	"uint_fast8_t\000"
 902      5F666173 
 902      74385F74 
 902      00
 903              	.LASF19:
 904 0029 42535252 		.ascii	"BSRR\000"
 904      00
 905              	.LASF32:
 906 002e 70616C57 		.ascii	"palWriteBus\000"
 906      72697465 
 906      42757300 
 907              	.LASF0:
 908 003a 756E7369 		.ascii	"unsigned int\000"
 908      676E6564 
 908      20696E74 
 908      00
 909              	.LASF33:
 910 0047 70616C53 		.ascii	"palSetBusMode\000"
 910      65744275 
 910      734D6F64 
 910      6500
 911              	.LASF27:
 912 0055 706F7274 		.ascii	"portid\000"
 912      696400
 913              	.LASF24:
 914 005c 696F706F 		.ascii	"ioportmask_t\000"
 914      72746D61 
 914      736B5F74 
 914      00
 915              	.LASF16:
 916 0069 4F545950 		.ascii	"OTYPER\000"
 916      455200
 917              	.LASF25:
 918 0070 696F6D6F 		.ascii	"iomode_t\000"
 918      64655F74 
 918      00
 919              	.LASF36:
 920 0079 474E5520 		.ascii	"GNU C 4.6.2 20120613 (release) [ARM/embedded-4_6-br"
 920      4320342E 
 920      362E3220 
 920      32303132 
 920      30363133 
 921 00ac 616E6368 		.ascii	"anch revision 188521]\000"
 921      20726576 
 921      6973696F 
 921      6E203138 
 921      38353231 
ARM GAS  /tmp/ccwZEBBy.s 			page 18


 922              	.LASF37:
 923 00c2 2E2E2F2E 		.ascii	"../../os/hal/src/pal.c\000"
 923      2E2F6F73 
 923      2F68616C 
 923      2F737263 
 923      2F70616C 
 924              	.LASF9:
 925 00d9 6C6F6E67 		.ascii	"long unsigned int\000"
 925      20756E73 
 925      69676E65 
 925      6420696E 
 925      7400
 926              	.LASF4:
 927 00eb 73686F72 		.ascii	"short unsigned int\000"
 927      7420756E 
 927      7369676E 
 927      65642069 
 927      6E7400
 928              	.LASF21:
 929 00fe 4146524C 		.ascii	"AFRL\000"
 929      00
 930              	.LASF35:
 931 0103 49544D5F 		.ascii	"ITM_RxBuffer\000"
 931      52784275 
 931      66666572 
 931      00
 932              	.LASF2:
 933 0110 756E7369 		.ascii	"unsigned char\000"
 933      676E6564 
 933      20636861 
 933      7200
 934              	.LASF3:
 935 011e 73686F72 		.ascii	"short int\000"
 935      7420696E 
 935      7400
 936              	.LASF17:
 937 0128 4F535045 		.ascii	"OSPEEDR\000"
 937      45445200 
 938              	.LASF38:
 939 0130 2F686F6D 		.ascii	"/home/texzk/ChibiStudio/chibios/demos/ARMCM3-STM32F"
 939      652F7465 
 939      787A6B2F 
 939      43686962 
 939      69537475 
 940 0163 3230372D 		.ascii	"207-STM3220G-LWIP\000"
 940      53544D33 
 940      32323047 
 940      2D4C5749 
 940      5000
 941              	.LASF23:
 942 0175 4750494F 		.ascii	"GPIO_TypeDef\000"
 942      5F547970 
 942      65446566 
 942      00
 943              	.LASF13:
 944 0182 63686172 		.ascii	"char\000"
 944      00
ARM GAS  /tmp/ccwZEBBy.s 			page 19


 945              	.LASF34:
 946 0187 6D6F6465 		.ascii	"mode\000"
 946      00
 947              	.LASF6:
 948 018c 696E7433 		.ascii	"int32_t\000"
 948      325F7400 
 949              	.LASF18:
 950 0194 50555044 		.ascii	"PUPDR\000"
 950      5200
 951              	.LASF10:
 952 019a 6C6F6E67 		.ascii	"long long int\000"
 952      206C6F6E 
 952      6720696E 
 952      7400
 953              	.LASF28:
 954 01a8 6D61736B 		.ascii	"mask\000"
 954      00
 955              	.LASF31:
 956 01ad 62697473 		.ascii	"bits\000"
 956      00
 957              	.LASF29:
 958 01b2 6F666673 		.ascii	"offset\000"
 958      657400
 959              	.LASF22:
 960 01b9 41465248 		.ascii	"AFRH\000"
 960      00
 961              	.LASF26:
 962 01be 696F706F 		.ascii	"ioportid_t\000"
 962      72746964 
 962      5F7400
 963              	.LASF5:
 964 01c9 75696E74 		.ascii	"uint16_t\000"
 964      31365F74 
 964      00
 965              	.LASF8:
 966 01d2 75696E74 		.ascii	"uint32_t\000"
 966      33325F74 
 966      00
 967              	.LASF7:
 968 01db 6C6F6E67 		.ascii	"long int\000"
 968      20696E74 
 968      00
 969              	.LASF1:
 970 01e4 7369676E 		.ascii	"signed char\000"
 970      65642063 
 970      68617200 
 971              	.LASF11:
 972 01f0 6C6F6E67 		.ascii	"long long unsigned int\000"
 972      206C6F6E 
 972      6720756E 
 972      7369676E 
 972      65642069 
 973              	.LASF30:
 974 0207 494F4275 		.ascii	"IOBus\000"
 974      7300
 975              		.ident	"GCC: (GNU Tools for ARM Embedded Processors) 4.6.2 20120613 (release) [ARM/embedded-4_6-br
ARM GAS  /tmp/ccwZEBBy.s 			page 20


DEFINED SYMBOLS
                            *ABS*:00000000 pal.c
     /tmp/ccwZEBBy.s:19     .rodata:00000000 $d
     /tmp/ccwZEBBy.s:20     .rodata:00000000 .LC0
     /tmp/ccwZEBBy.s:23     .text.palReadBus:00000000 $t
     /tmp/ccwZEBBy.s:29     .text.palReadBus:00000000 palReadBus
     /tmp/ccwZEBBy.s:79     .rodata:00000010 .LC1
     /tmp/ccwZEBBy.s:82     .text.palWriteBus:00000000 $t
     /tmp/ccwZEBBy.s:88     .text.palWriteBus:00000000 palWriteBus
     /tmp/ccwZEBBy.s:147    .rodata:00000020 .LC2
     /tmp/ccwZEBBy.s:150    .text.palSetBusMode:00000000 $t
     /tmp/ccwZEBBy.s:156    .text.palSetBusMode:00000000 palSetBusMode
                     .debug_frame:00000010 $d

UNDEFINED SYMBOLS
chDbgPanic
_pal_lld_setgroupmode
