ARM GAS  /tmp/ccxB4Wqh.s 			page 1


   1              		.syntax unified
   2              		.cpu cortex-m3
   3              		.fpu softvfp
   4              		.eabi_attribute 20, 1
   5              		.eabi_attribute 21, 1
   6              		.eabi_attribute 23, 3
   7              		.eabi_attribute 24, 1
   8              		.eabi_attribute 25, 1
   9              		.eabi_attribute 26, 1
  10              		.eabi_attribute 30, 6
  11              		.eabi_attribute 34, 1
  12              		.eabi_attribute 18, 4
  13              		.thumb
  14              		.file	"sys.c"
  15              		.text
  16              	.Ltext0:
  17              		.cfi_sections	.debug_frame
  18              		.section	.text.sys_msleep,"ax",%progbits
  19              		.align	2
  20              		.p2align 4,,15
  21              		.global	sys_msleep
  22              		.thumb
  23              		.thumb_func
  24              		.type	sys_msleep, %function
  25              	sys_msleep:
  26              	.LFB7:
  27              		.file 1 "../../ext/lwip/src/core/sys.c"
  28              		.loc 1 55 0
  29              		.cfi_startproc
  30              		@ args = 0, pretend = 0, frame = 16
  31              		@ frame_needed = 0, uses_anonymous_args = 0
  32 0000 00B5     		push	{lr}
  33              	.LCFI0:
  34              		.cfi_def_cfa_offset 4
  35              		.cfi_offset 14, -4
  36 0002 85B0     		sub	sp, sp, #20
  37              	.LCFI1:
  38              		.cfi_def_cfa_offset 24
  39 0004 0190     		str	r0, [sp, #4]
  40              		.loc 1 56 0
  41 0006 019B     		ldr	r3, [sp, #4]
  42 0008 002B     		cmp	r3, #0
  43 000a 15D0     		beq	.L1
  44              	.LBB2:
  45              		.loc 1 58 0
  46 000c 02AB     		add	r3, sp, #8
  47 000e 1846     		mov	r0, r3
  48 0010 4FF00001 		mov	r1, #0
  49 0014 FFF7FEFF 		bl	sys_sem_new
  50 0018 0346     		mov	r3, r0
  51 001a 8DF80F30 		strb	r3, [sp, #15]
  52              		.loc 1 59 0
  53 001e 9DF90F30 		ldrsb	r3, [sp, #15]
  54 0022 002B     		cmp	r3, #0
  55 0024 08D1     		bne	.L1
  56              		.loc 1 60 0
  57 0026 02AB     		add	r3, sp, #8
ARM GAS  /tmp/ccxB4Wqh.s 			page 2


  58 0028 1846     		mov	r0, r3
  59 002a 0199     		ldr	r1, [sp, #4]
  60 002c FFF7FEFF 		bl	sys_arch_sem_wait
  61              		.loc 1 61 0
  62 0030 02AB     		add	r3, sp, #8
  63 0032 1846     		mov	r0, r3
  64 0034 FFF7FEFF 		bl	sys_sem_free
  65              	.L1:
  66              	.LBE2:
  67              		.loc 1 64 0
  68 0038 05B0     		add	sp, sp, #20
  69 003a 00BD     		pop	{pc}
  70              		.cfi_endproc
  71              	.LFE7:
  72              		.size	sys_msleep, .-sys_msleep
  73 003c AFF30080 		.text
  74              	.Letext0:
  75              		.file 2 "/home/texzk/ChibiStudio/tools/GNU Tools ARM Embedded/4.6 2012q2/bin/../lib/gcc/arm-none-e
  76              		.file 3 "../../os/ports/GCC/ARMCMx/chtypes.h"
  77              		.file 4 "../../os/kernel/include/chlists.h"
  78              		.file 5 "../../os/kernel/include/chthreads.h"
  79              		.file 6 "../../os/ports/GCC/ARMCMx/chcore_v7m.h"
  80              		.file 7 "../../os/kernel/include/chsem.h"
  81              		.file 8 "../../os/kernel/include/chmtx.h"
  82              		.file 9 "../../os/various/lwip_bindings/arch/cc.h"
  83              		.file 10 "../../ext/lwip/src/include/lwip/err.h"
  84              		.file 11 "../../os/various/lwip_bindings/arch/sys_arch.h"
  85              		.section	.debug_info,"",%progbits
  86              	.Ldebug_info0:
  87 0000 B4040000 		.4byte	0x4b4
  88 0004 0200     		.2byte	0x2
  89 0006 00000000 		.4byte	.Ldebug_abbrev0
  90 000a 04       		.byte	0x4
  91 000b 01       		.uleb128 0x1
  92 000c F7000000 		.4byte	.LASF67
  93 0010 01       		.byte	0x1
  94 0011 B6000000 		.4byte	.LASF68
  95 0015 14000000 		.4byte	.LASF69
  96 0019 00000000 		.4byte	0
  97 001d 00000000 		.4byte	0
  98 0021 00000000 		.4byte	.Ldebug_ranges0+0
  99 0025 00000000 		.4byte	.Ldebug_line0
 100 0029 02       		.uleb128 0x2
 101 002a 04       		.byte	0x4
 102 002b 05       		.byte	0x5
 103 002c 696E7400 		.ascii	"int\000"
 104 0030 03       		.uleb128 0x3
 105 0031 04       		.byte	0x4
 106 0032 07       		.byte	0x7
 107 0033 73010000 		.4byte	.LASF0
 108 0037 04       		.uleb128 0x4
 109 0038 C7020000 		.4byte	.LASF2
 110 003c 02       		.byte	0x2
 111 003d 29       		.byte	0x29
 112 003e 42000000 		.4byte	0x42
 113 0042 03       		.uleb128 0x3
 114 0043 01       		.byte	0x1
ARM GAS  /tmp/ccxB4Wqh.s 			page 3


 115 0044 06       		.byte	0x6
 116 0045 AA000000 		.4byte	.LASF1
 117 0049 04       		.uleb128 0x4
 118 004a EA020000 		.4byte	.LASF3
 119 004e 02       		.byte	0x2
 120 004f 2A       		.byte	0x2a
 121 0050 54000000 		.4byte	0x54
 122 0054 03       		.uleb128 0x3
 123 0055 01       		.byte	0x1
 124 0056 08       		.byte	0x8
 125 0057 35020000 		.4byte	.LASF4
 126 005b 03       		.uleb128 0x3
 127 005c 02       		.byte	0x2
 128 005d 05       		.byte	0x5
 129 005e 4D020000 		.4byte	.LASF5
 130 0062 03       		.uleb128 0x3
 131 0063 02       		.byte	0x2
 132 0064 07       		.byte	0x7
 133 0065 B1010000 		.4byte	.LASF6
 134 0069 04       		.uleb128 0x4
 135 006a 2D020000 		.4byte	.LASF7
 136 006e 02       		.byte	0x2
 137 006f 4F       		.byte	0x4f
 138 0070 74000000 		.4byte	0x74
 139 0074 03       		.uleb128 0x3
 140 0075 04       		.byte	0x4
 141 0076 05       		.byte	0x5
 142 0077 EE000000 		.4byte	.LASF8
 143 007b 04       		.uleb128 0x4
 144 007c 96020000 		.4byte	.LASF9
 145 0080 02       		.byte	0x2
 146 0081 50       		.byte	0x50
 147 0082 86000000 		.4byte	0x86
 148 0086 03       		.uleb128 0x3
 149 0087 04       		.byte	0x4
 150 0088 07       		.byte	0x7
 151 0089 8B010000 		.4byte	.LASF10
 152 008d 03       		.uleb128 0x3
 153 008e 08       		.byte	0x8
 154 008f 05       		.byte	0x5
 155 0090 9C000000 		.4byte	.LASF11
 156 0094 04       		.uleb128 0x4
 157 0095 59000000 		.4byte	.LASF12
 158 0099 02       		.byte	0x2
 159 009a 78       		.byte	0x78
 160 009b 9F000000 		.4byte	0x9f
 161 009f 03       		.uleb128 0x3
 162 00a0 08       		.byte	0x8
 163 00a1 07       		.byte	0x7
 164 00a2 6B000000 		.4byte	.LASF13
 165 00a6 04       		.uleb128 0x4
 166 00a7 CA010000 		.4byte	.LASF14
 167 00ab 03       		.byte	0x3
 168 00ac 28       		.byte	0x28
 169 00ad 49000000 		.4byte	0x49
 170 00b1 04       		.uleb128 0x4
 171 00b2 40010000 		.4byte	.LASF15
ARM GAS  /tmp/ccxB4Wqh.s 			page 4


 172 00b6 03       		.byte	0x3
 173 00b7 29       		.byte	0x29
 174 00b8 49000000 		.4byte	0x49
 175 00bc 04       		.uleb128 0x4
 176 00bd 16020000 		.4byte	.LASF16
 177 00c1 03       		.byte	0x3
 178 00c2 2A       		.byte	0x2a
 179 00c3 49000000 		.4byte	0x49
 180 00c7 04       		.uleb128 0x4
 181 00c8 E4000000 		.4byte	.LASF17
 182 00cc 03       		.byte	0x3
 183 00cd 2B       		.byte	0x2b
 184 00ce 49000000 		.4byte	0x49
 185 00d2 04       		.uleb128 0x4
 186 00d3 25020000 		.4byte	.LASF18
 187 00d7 03       		.byte	0x3
 188 00d8 2C       		.byte	0x2c
 189 00d9 7B000000 		.4byte	0x7b
 190 00dd 04       		.uleb128 0x4
 191 00de C4010000 		.4byte	.LASF19
 192 00e2 03       		.byte	0x3
 193 00e3 2D       		.byte	0x2d
 194 00e4 69000000 		.4byte	0x69
 195 00e8 04       		.uleb128 0x4
 196 00e9 DE010000 		.4byte	.LASF20
 197 00ed 03       		.byte	0x3
 198 00ee 2F       		.byte	0x2f
 199 00ef 7B000000 		.4byte	0x7b
 200 00f3 04       		.uleb128 0x4
 201 00f4 AB020000 		.4byte	.LASF21
 202 00f8 03       		.byte	0x3
 203 00f9 30       		.byte	0x30
 204 00fa 7B000000 		.4byte	0x7b
 205 00fe 04       		.uleb128 0x4
 206 00ff 62010000 		.4byte	.LASF22
 207 0103 03       		.byte	0x3
 208 0104 31       		.byte	0x31
 209 0105 69000000 		.4byte	0x69
 210 0109 04       		.uleb128 0x4
 211 010a 7F020000 		.4byte	.LASF23
 212 010e 04       		.byte	0x4
 213 010f 23       		.byte	0x23
 214 0110 14010000 		.4byte	0x114
 215 0114 05       		.uleb128 0x5
 216 0115 7F020000 		.4byte	.LASF23
 217 0119 4C       		.byte	0x4c
 218 011a 05       		.byte	0x5
 219 011b 57       		.byte	0x57
 220 011c 47020000 		.4byte	0x247
 221 0120 06       		.uleb128 0x6
 222 0121 70020000 		.4byte	.LASF24
 223 0125 05       		.byte	0x5
 224 0126 58       		.byte	0x58
 225 0127 6C020000 		.4byte	0x26c
 226 012b 02       		.byte	0x2
 227 012c 23       		.byte	0x23
 228 012d 00       		.uleb128 0
ARM GAS  /tmp/ccxB4Wqh.s 			page 5


 229 012e 06       		.uleb128 0x6
 230 012f 1E020000 		.4byte	.LASF25
 231 0133 05       		.byte	0x5
 232 0134 5A       		.byte	0x5a
 233 0135 6C020000 		.4byte	0x26c
 234 0139 02       		.byte	0x2
 235 013a 23       		.byte	0x23
 236 013b 04       		.uleb128 0x4
 237 013c 06       		.uleb128 0x6
 238 013d 8B000000 		.4byte	.LASF26
 239 0141 05       		.byte	0x5
 240 0142 5C       		.byte	0x5c
 241 0143 D2000000 		.4byte	0xd2
 242 0147 02       		.byte	0x2
 243 0148 23       		.byte	0x23
 244 0149 08       		.uleb128 0x8
 245 014a 06       		.uleb128 0x6
 246 014b 08030000 		.4byte	.LASF27
 247 014f 05       		.byte	0x5
 248 0150 5D       		.byte	0x5d
 249 0151 45030000 		.4byte	0x345
 250 0155 02       		.byte	0x2
 251 0156 23       		.byte	0x23
 252 0157 0C       		.uleb128 0xc
 253 0158 06       		.uleb128 0x6
 254 0159 49010000 		.4byte	.LASF28
 255 015d 05       		.byte	0x5
 256 015e 5F       		.byte	0x5f
 257 015f 6C020000 		.4byte	0x26c
 258 0163 02       		.byte	0x2
 259 0164 23       		.byte	0x23
 260 0165 10       		.uleb128 0x10
 261 0166 06       		.uleb128 0x6
 262 0167 01020000 		.4byte	.LASF29
 263 016b 05       		.byte	0x5
 264 016c 60       		.byte	0x60
 265 016d 6C020000 		.4byte	0x26c
 266 0171 02       		.byte	0x2
 267 0172 23       		.byte	0x23
 268 0173 14       		.uleb128 0x14
 269 0174 06       		.uleb128 0x6
 270 0175 F9020000 		.4byte	.LASF30
 271 0179 05       		.byte	0x5
 272 017a 67       		.byte	0x67
 273 017b 1E040000 		.4byte	0x41e
 274 017f 02       		.byte	0x2
 275 0180 23       		.byte	0x23
 276 0181 18       		.uleb128 0x18
 277 0182 06       		.uleb128 0x6
 278 0183 68010000 		.4byte	.LASF31
 279 0187 05       		.byte	0x5
 280 0188 6D       		.byte	0x6d
 281 0189 30040000 		.4byte	0x430
 282 018d 02       		.byte	0x2
 283 018e 23       		.byte	0x23
 284 018f 1C       		.uleb128 0x1c
 285 0190 06       		.uleb128 0x6
ARM GAS  /tmp/ccxB4Wqh.s 			page 6


 286 0191 57020000 		.4byte	.LASF32
 287 0195 05       		.byte	0x5
 288 0196 72       		.byte	0x72
 289 0197 B1000000 		.4byte	0xb1
 290 019b 02       		.byte	0x2
 291 019c 23       		.byte	0x23
 292 019d 20       		.uleb128 0x20
 293 019e 06       		.uleb128 0x6
 294 019f 77020000 		.4byte	.LASF33
 295 01a3 05       		.byte	0x5
 296 01a4 76       		.byte	0x76
 297 01a5 A6000000 		.4byte	0xa6
 298 01a9 02       		.byte	0x2
 299 01aa 23       		.byte	0x23
 300 01ab 21       		.uleb128 0x21
 301 01ac 06       		.uleb128 0x6
 302 01ad E3020000 		.4byte	.LASF34
 303 01b1 05       		.byte	0x5
 304 01b2 7B       		.byte	0x7b
 305 01b3 BC000000 		.4byte	0xbc
 306 01b7 02       		.byte	0x2
 307 01b8 23       		.byte	0x23
 308 01b9 22       		.uleb128 0x22
 309 01ba 06       		.uleb128 0x6
 310 01bb 5F020000 		.4byte	.LASF35
 311 01bf 05       		.byte	0x5
 312 01c0 81       		.byte	0x81
 313 01c1 C7000000 		.4byte	0xc7
 314 01c5 02       		.byte	0x2
 315 01c6 23       		.byte	0x23
 316 01c7 23       		.uleb128 0x23
 317 01c8 06       		.uleb128 0x6
 318 01c9 C0020000 		.4byte	.LASF36
 319 01cd 05       		.byte	0x5
 320 01ce 88       		.byte	0x88
 321 01cf 68030000 		.4byte	0x368
 322 01d3 02       		.byte	0x2
 323 01d4 23       		.byte	0x23
 324 01d5 24       		.uleb128 0x24
 325 01d6 07       		.uleb128 0x7
 326 01d7 705F7500 		.ascii	"p_u\000"
 327 01db 05       		.byte	0x5
 328 01dc AD       		.byte	0xad
 329 01dd E9030000 		.4byte	0x3e9
 330 01e1 02       		.byte	0x2
 331 01e2 23       		.byte	0x23
 332 01e3 28       		.uleb128 0x28
 333 01e4 06       		.uleb128 0x6
 334 01e5 0E030000 		.4byte	.LASF37
 335 01e9 05       		.byte	0x5
 336 01ea B2       		.byte	0xb2
 337 01eb 94020000 		.4byte	0x294
 338 01ef 02       		.byte	0x2
 339 01f0 23       		.byte	0x23
 340 01f1 2C       		.uleb128 0x2c
 341 01f2 06       		.uleb128 0x6
 342 01f3 CE020000 		.4byte	.LASF38
ARM GAS  /tmp/ccxB4Wqh.s 			page 7


 343 01f7 05       		.byte	0x5
 344 01f8 B8       		.byte	0xb8
 345 01f9 72020000 		.4byte	0x272
 346 01fd 02       		.byte	0x2
 347 01fe 23       		.byte	0x23
 348 01ff 30       		.uleb128 0x30
 349 0200 06       		.uleb128 0x6
 350 0201 07000000 		.4byte	.LASF39
 351 0205 05       		.byte	0x5
 352 0206 BC       		.byte	0xbc
 353 0207 DD000000 		.4byte	0xdd
 354 020b 02       		.byte	0x2
 355 020c 23       		.byte	0x23
 356 020d 38       		.uleb128 0x38
 357 020e 06       		.uleb128 0x6
 358 020f 8B020000 		.4byte	.LASF40
 359 0213 05       		.byte	0x5
 360 0214 C2       		.byte	0xc2
 361 0215 E8000000 		.4byte	0xe8
 362 0219 02       		.byte	0x2
 363 021a 23       		.byte	0x23
 364 021b 3C       		.uleb128 0x3c
 365 021c 06       		.uleb128 0x6
 366 021d 43020000 		.4byte	.LASF41
 367 0221 05       		.byte	0x5
 368 0222 C9       		.byte	0xc9
 369 0223 36040000 		.4byte	0x436
 370 0227 02       		.byte	0x2
 371 0228 23       		.byte	0x23
 372 0229 40       		.uleb128 0x40
 373 022a 06       		.uleb128 0x6
 374 022b B5020000 		.4byte	.LASF42
 375 022f 05       		.byte	0x5
 376 0230 CD       		.byte	0xcd
 377 0231 D2000000 		.4byte	0xd2
 378 0235 02       		.byte	0x2
 379 0236 23       		.byte	0x23
 380 0237 44       		.uleb128 0x44
 381 0238 06       		.uleb128 0x6
 382 0239 D4000000 		.4byte	.LASF43
 383 023d 05       		.byte	0x5
 384 023e D3       		.byte	0xd3
 385 023f AA020000 		.4byte	0x2aa
 386 0243 02       		.byte	0x2
 387 0244 23       		.byte	0x23
 388 0245 48       		.uleb128 0x48
 389 0246 00       		.byte	0
 390 0247 08       		.uleb128 0x8
 391 0248 08       		.byte	0x8
 392 0249 04       		.byte	0x4
 393 024a 5A       		.byte	0x5a
 394 024b 6C020000 		.4byte	0x26c
 395 024f 06       		.uleb128 0x6
 396 0250 70020000 		.4byte	.LASF24
 397 0254 04       		.byte	0x4
 398 0255 5B       		.byte	0x5b
 399 0256 6C020000 		.4byte	0x26c
ARM GAS  /tmp/ccxB4Wqh.s 			page 8


 400 025a 02       		.byte	0x2
 401 025b 23       		.byte	0x23
 402 025c 00       		.uleb128 0
 403 025d 06       		.uleb128 0x6
 404 025e 1E020000 		.4byte	.LASF25
 405 0262 04       		.byte	0x4
 406 0263 5D       		.byte	0x5d
 407 0264 6C020000 		.4byte	0x26c
 408 0268 02       		.byte	0x2
 409 0269 23       		.byte	0x23
 410 026a 04       		.uleb128 0x4
 411 026b 00       		.byte	0
 412 026c 09       		.uleb128 0x9
 413 026d 04       		.byte	0x4
 414 026e 09010000 		.4byte	0x109
 415 0272 04       		.uleb128 0x4
 416 0273 09020000 		.4byte	.LASF44
 417 0277 04       		.byte	0x4
 418 0278 5F       		.byte	0x5f
 419 0279 47020000 		.4byte	0x247
 420 027d 08       		.uleb128 0x8
 421 027e 04       		.byte	0x4
 422 027f 04       		.byte	0x4
 423 0280 64       		.byte	0x64
 424 0281 94020000 		.4byte	0x294
 425 0285 06       		.uleb128 0x6
 426 0286 70020000 		.4byte	.LASF24
 427 028a 04       		.byte	0x4
 428 028b 66       		.byte	0x66
 429 028c 6C020000 		.4byte	0x26c
 430 0290 02       		.byte	0x2
 431 0291 23       		.byte	0x23
 432 0292 00       		.uleb128 0
 433 0293 00       		.byte	0
 434 0294 04       		.uleb128 0x4
 435 0295 D2010000 		.4byte	.LASF45
 436 0299 04       		.byte	0x4
 437 029a 69       		.byte	0x69
 438 029b 7D020000 		.4byte	0x27d
 439 029f 04       		.uleb128 0x4
 440 02a0 59010000 		.4byte	.LASF46
 441 02a4 06       		.byte	0x6
 442 02a5 DE       		.byte	0xde
 443 02a6 AA020000 		.4byte	0x2aa
 444 02aa 0A       		.uleb128 0xa
 445 02ab 04       		.byte	0x4
 446 02ac 04       		.uleb128 0x4
 447 02ad F0010000 		.4byte	.LASF47
 448 02b1 06       		.byte	0x6
 449 02b2 E4       		.byte	0xe4
 450 02b3 94000000 		.4byte	0x94
 451 02b7 0B       		.uleb128 0xb
 452 02b8 00000000 		.4byte	.LASF48
 453 02bc 24       		.byte	0x24
 454 02bd 06       		.byte	0x6
 455 02be 0501     		.2byte	0x105
 456 02c0 45030000 		.4byte	0x345
ARM GAS  /tmp/ccxB4Wqh.s 			page 9


 457 02c4 0C       		.uleb128 0xc
 458 02c5 723400   		.ascii	"r4\000"
 459 02c8 06       		.byte	0x6
 460 02c9 1801     		.2byte	0x118
 461 02cb 9F020000 		.4byte	0x29f
 462 02cf 02       		.byte	0x2
 463 02d0 23       		.byte	0x23
 464 02d1 00       		.uleb128 0
 465 02d2 0C       		.uleb128 0xc
 466 02d3 723500   		.ascii	"r5\000"
 467 02d6 06       		.byte	0x6
 468 02d7 1901     		.2byte	0x119
 469 02d9 9F020000 		.4byte	0x29f
 470 02dd 02       		.byte	0x2
 471 02de 23       		.byte	0x23
 472 02df 04       		.uleb128 0x4
 473 02e0 0C       		.uleb128 0xc
 474 02e1 723600   		.ascii	"r6\000"
 475 02e4 06       		.byte	0x6
 476 02e5 1A01     		.2byte	0x11a
 477 02e7 9F020000 		.4byte	0x29f
 478 02eb 02       		.byte	0x2
 479 02ec 23       		.byte	0x23
 480 02ed 08       		.uleb128 0x8
 481 02ee 0C       		.uleb128 0xc
 482 02ef 723700   		.ascii	"r7\000"
 483 02f2 06       		.byte	0x6
 484 02f3 1B01     		.2byte	0x11b
 485 02f5 9F020000 		.4byte	0x29f
 486 02f9 02       		.byte	0x2
 487 02fa 23       		.byte	0x23
 488 02fb 0C       		.uleb128 0xc
 489 02fc 0C       		.uleb128 0xc
 490 02fd 723800   		.ascii	"r8\000"
 491 0300 06       		.byte	0x6
 492 0301 1C01     		.2byte	0x11c
 493 0303 9F020000 		.4byte	0x29f
 494 0307 02       		.byte	0x2
 495 0308 23       		.byte	0x23
 496 0309 10       		.uleb128 0x10
 497 030a 0C       		.uleb128 0xc
 498 030b 723900   		.ascii	"r9\000"
 499 030e 06       		.byte	0x6
 500 030f 1D01     		.2byte	0x11d
 501 0311 9F020000 		.4byte	0x29f
 502 0315 02       		.byte	0x2
 503 0316 23       		.byte	0x23
 504 0317 14       		.uleb128 0x14
 505 0318 0C       		.uleb128 0xc
 506 0319 72313000 		.ascii	"r10\000"
 507 031d 06       		.byte	0x6
 508 031e 1E01     		.2byte	0x11e
 509 0320 9F020000 		.4byte	0x29f
 510 0324 02       		.byte	0x2
 511 0325 23       		.byte	0x23
 512 0326 18       		.uleb128 0x18
 513 0327 0C       		.uleb128 0xc
ARM GAS  /tmp/ccxB4Wqh.s 			page 10


 514 0328 72313100 		.ascii	"r11\000"
 515 032c 06       		.byte	0x6
 516 032d 1F01     		.2byte	0x11f
 517 032f 9F020000 		.4byte	0x29f
 518 0333 02       		.byte	0x2
 519 0334 23       		.byte	0x23
 520 0335 1C       		.uleb128 0x1c
 521 0336 0C       		.uleb128 0xc
 522 0337 6C7200   		.ascii	"lr\000"
 523 033a 06       		.byte	0x6
 524 033b 2001     		.2byte	0x120
 525 033d 9F020000 		.4byte	0x29f
 526 0341 02       		.byte	0x2
 527 0342 23       		.byte	0x23
 528 0343 20       		.uleb128 0x20
 529 0344 00       		.byte	0
 530 0345 0B       		.uleb128 0xb
 531 0346 A9010000 		.4byte	.LASF49
 532 034a 04       		.byte	0x4
 533 034b 06       		.byte	0x6
 534 034c 2A01     		.2byte	0x12a
 535 034e 62030000 		.4byte	0x362
 536 0352 0C       		.uleb128 0xc
 537 0353 72313300 		.ascii	"r13\000"
 538 0357 06       		.byte	0x6
 539 0358 2B01     		.2byte	0x12b
 540 035a 62030000 		.4byte	0x362
 541 035e 02       		.byte	0x2
 542 035f 23       		.byte	0x23
 543 0360 00       		.uleb128 0
 544 0361 00       		.byte	0
 545 0362 09       		.uleb128 0x9
 546 0363 04       		.byte	0x4
 547 0364 B7020000 		.4byte	0x2b7
 548 0368 0D       		.uleb128 0xd
 549 0369 F3000000 		.4byte	0xf3
 550 036d 05       		.uleb128 0x5
 551 036e D9020000 		.4byte	.LASF50
 552 0372 0C       		.byte	0xc
 553 0373 07       		.byte	0x7
 554 0374 25       		.byte	0x25
 555 0375 96030000 		.4byte	0x396
 556 0379 06       		.uleb128 0x6
 557 037a 51010000 		.4byte	.LASF51
 558 037e 07       		.byte	0x7
 559 037f 26       		.byte	0x26
 560 0380 72020000 		.4byte	0x272
 561 0384 02       		.byte	0x2
 562 0385 23       		.byte	0x23
 563 0386 00       		.uleb128 0
 564 0387 06       		.uleb128 0x6
 565 0388 A3010000 		.4byte	.LASF52
 566 038c 07       		.byte	0x7
 567 038d 28       		.byte	0x28
 568 038e FE000000 		.4byte	0xfe
 569 0392 02       		.byte	0x2
 570 0393 23       		.byte	0x23
ARM GAS  /tmp/ccxB4Wqh.s 			page 11


 571 0394 08       		.uleb128 0x8
 572 0395 00       		.byte	0
 573 0396 04       		.uleb128 0x4
 574 0397 D9020000 		.4byte	.LASF50
 575 039b 07       		.byte	0x7
 576 039c 29       		.byte	0x29
 577 039d 6D030000 		.4byte	0x36d
 578 03a1 05       		.uleb128 0x5
 579 03a2 EA010000 		.4byte	.LASF53
 580 03a6 10       		.byte	0x10
 581 03a7 08       		.byte	0x8
 582 03a8 25       		.byte	0x25
 583 03a9 D8030000 		.4byte	0x3d8
 584 03ad 06       		.uleb128 0x6
 585 03ae DC000000 		.4byte	.LASF54
 586 03b2 08       		.byte	0x8
 587 03b3 26       		.byte	0x26
 588 03b4 72020000 		.4byte	0x272
 589 03b8 02       		.byte	0x2
 590 03b9 23       		.byte	0x23
 591 03ba 00       		.uleb128 0
 592 03bb 06       		.uleb128 0x6
 593 03bc 00030000 		.4byte	.LASF55
 594 03c0 08       		.byte	0x8
 595 03c1 28       		.byte	0x28
 596 03c2 6C020000 		.4byte	0x26c
 597 03c6 02       		.byte	0x2
 598 03c7 23       		.byte	0x23
 599 03c8 08       		.uleb128 0x8
 600 03c9 06       		.uleb128 0x6
 601 03ca A4020000 		.4byte	.LASF56
 602 03ce 08       		.byte	0x8
 603 03cf 2A       		.byte	0x2a
 604 03d0 D8030000 		.4byte	0x3d8
 605 03d4 02       		.byte	0x2
 606 03d5 23       		.byte	0x23
 607 03d6 0C       		.uleb128 0xc
 608 03d7 00       		.byte	0
 609 03d8 09       		.uleb128 0x9
 610 03d9 04       		.byte	0x4
 611 03da A1030000 		.4byte	0x3a1
 612 03de 04       		.uleb128 0x4
 613 03df EA010000 		.4byte	.LASF53
 614 03e3 08       		.byte	0x8
 615 03e4 2C       		.byte	0x2c
 616 03e5 A1030000 		.4byte	0x3a1
 617 03e9 0E       		.uleb128 0xe
 618 03ea 04       		.byte	0x4
 619 03eb 05       		.byte	0x5
 620 03ec 8F       		.byte	0x8f
 621 03ed 1E040000 		.4byte	0x41e
 622 03f1 0F       		.uleb128 0xf
 623 03f2 0D000000 		.4byte	.LASF57
 624 03f6 05       		.byte	0x5
 625 03f7 96       		.byte	0x96
 626 03f8 DD000000 		.4byte	0xdd
 627 03fc 0F       		.uleb128 0xf
ARM GAS  /tmp/ccxB4Wqh.s 			page 12


 628 03fd 82000000 		.4byte	.LASF58
 629 0401 05       		.byte	0x5
 630 0402 9D       		.byte	0x9d
 631 0403 DD000000 		.4byte	0xdd
 632 0407 0F       		.uleb128 0xf
 633 0408 F2020000 		.4byte	.LASF59
 634 040c 05       		.byte	0x5
 635 040d A4       		.byte	0xa4
 636 040e AA020000 		.4byte	0x2aa
 637 0412 0F       		.uleb128 0xf
 638 0413 69020000 		.4byte	.LASF60
 639 0417 05       		.byte	0x5
 640 0418 AB       		.byte	0xab
 641 0419 E8000000 		.4byte	0xe8
 642 041d 00       		.byte	0
 643 041e 09       		.uleb128 0x9
 644 041f 04       		.byte	0x4
 645 0420 24040000 		.4byte	0x424
 646 0424 10       		.uleb128 0x10
 647 0425 29040000 		.4byte	0x429
 648 0429 03       		.uleb128 0x3
 649 042a 01       		.byte	0x1
 650 042b 08       		.byte	0x8
 651 042c 9F020000 		.4byte	.LASF61
 652 0430 09       		.uleb128 0x9
 653 0431 04       		.byte	0x4
 654 0432 AC020000 		.4byte	0x2ac
 655 0436 09       		.uleb128 0x9
 656 0437 04       		.byte	0x4
 657 0438 DE030000 		.4byte	0x3de
 658 043c 04       		.uleb128 0x4
 659 043d 86020000 		.4byte	.LASF62
 660 0441 09       		.byte	0x9
 661 0442 3D       		.byte	0x3d
 662 0443 37000000 		.4byte	0x37
 663 0447 04       		.uleb128 0x4
 664 0448 9D010000 		.4byte	.LASF63
 665 044c 09       		.byte	0x9
 666 044d 40       		.byte	0x40
 667 044e 7B000000 		.4byte	0x7b
 668 0452 04       		.uleb128 0x4
 669 0453 FB010000 		.4byte	.LASF64
 670 0457 0A       		.byte	0xa
 671 0458 2F       		.byte	0x2f
 672 0459 3C040000 		.4byte	0x43c
 673 045d 04       		.uleb128 0x4
 674 045e 92000000 		.4byte	.LASF65
 675 0462 0B       		.byte	0xb
 676 0463 3C       		.byte	0x3c
 677 0464 68040000 		.4byte	0x468
 678 0468 09       		.uleb128 0x9
 679 0469 04       		.byte	0x4
 680 046a 96030000 		.4byte	0x396
 681 046e 11       		.uleb128 0x11
 682 046f 01       		.byte	0x1
 683 0470 80010000 		.4byte	.LASF70
 684 0474 01       		.byte	0x1
ARM GAS  /tmp/ccxB4Wqh.s 			page 13


 685 0475 36       		.byte	0x36
 686 0476 01       		.byte	0x1
 687 0477 00000000 		.4byte	.LFB7
 688 047b 3C000000 		.4byte	.LFE7
 689 047f 00000000 		.4byte	.LLST0
 690 0483 12       		.uleb128 0x12
 691 0484 6D7300   		.ascii	"ms\000"
 692 0487 01       		.byte	0x1
 693 0488 36       		.byte	0x36
 694 0489 47040000 		.4byte	0x447
 695 048d 02       		.byte	0x2
 696 048e 91       		.byte	0x91
 697 048f 6C       		.sleb128 -20
 698 0490 13       		.uleb128 0x13
 699 0491 0C000000 		.4byte	.LBB2
 700 0495 38000000 		.4byte	.LBE2
 701 0499 14       		.uleb128 0x14
 702 049a 62000000 		.4byte	.LASF66
 703 049e 01       		.byte	0x1
 704 049f 39       		.byte	0x39
 705 04a0 5D040000 		.4byte	0x45d
 706 04a4 02       		.byte	0x2
 707 04a5 91       		.byte	0x91
 708 04a6 70       		.sleb128 -16
 709 04a7 15       		.uleb128 0x15
 710 04a8 65727200 		.ascii	"err\000"
 711 04ac 01       		.byte	0x1
 712 04ad 3A       		.byte	0x3a
 713 04ae 52040000 		.4byte	0x452
 714 04b2 02       		.byte	0x2
 715 04b3 91       		.byte	0x91
 716 04b4 77       		.sleb128 -9
 717 04b5 00       		.byte	0
 718 04b6 00       		.byte	0
 719 04b7 00       		.byte	0
 720              		.section	.debug_abbrev,"",%progbits
 721              	.Ldebug_abbrev0:
 722 0000 01       		.uleb128 0x1
 723 0001 11       		.uleb128 0x11
 724 0002 01       		.byte	0x1
 725 0003 25       		.uleb128 0x25
 726 0004 0E       		.uleb128 0xe
 727 0005 13       		.uleb128 0x13
 728 0006 0B       		.uleb128 0xb
 729 0007 03       		.uleb128 0x3
 730 0008 0E       		.uleb128 0xe
 731 0009 1B       		.uleb128 0x1b
 732 000a 0E       		.uleb128 0xe
 733 000b 11       		.uleb128 0x11
 734 000c 01       		.uleb128 0x1
 735 000d 52       		.uleb128 0x52
 736 000e 01       		.uleb128 0x1
 737 000f 55       		.uleb128 0x55
 738 0010 06       		.uleb128 0x6
 739 0011 10       		.uleb128 0x10
 740 0012 06       		.uleb128 0x6
 741 0013 00       		.byte	0
ARM GAS  /tmp/ccxB4Wqh.s 			page 14


 742 0014 00       		.byte	0
 743 0015 02       		.uleb128 0x2
 744 0016 24       		.uleb128 0x24
 745 0017 00       		.byte	0
 746 0018 0B       		.uleb128 0xb
 747 0019 0B       		.uleb128 0xb
 748 001a 3E       		.uleb128 0x3e
 749 001b 0B       		.uleb128 0xb
 750 001c 03       		.uleb128 0x3
 751 001d 08       		.uleb128 0x8
 752 001e 00       		.byte	0
 753 001f 00       		.byte	0
 754 0020 03       		.uleb128 0x3
 755 0021 24       		.uleb128 0x24
 756 0022 00       		.byte	0
 757 0023 0B       		.uleb128 0xb
 758 0024 0B       		.uleb128 0xb
 759 0025 3E       		.uleb128 0x3e
 760 0026 0B       		.uleb128 0xb
 761 0027 03       		.uleb128 0x3
 762 0028 0E       		.uleb128 0xe
 763 0029 00       		.byte	0
 764 002a 00       		.byte	0
 765 002b 04       		.uleb128 0x4
 766 002c 16       		.uleb128 0x16
 767 002d 00       		.byte	0
 768 002e 03       		.uleb128 0x3
 769 002f 0E       		.uleb128 0xe
 770 0030 3A       		.uleb128 0x3a
 771 0031 0B       		.uleb128 0xb
 772 0032 3B       		.uleb128 0x3b
 773 0033 0B       		.uleb128 0xb
 774 0034 49       		.uleb128 0x49
 775 0035 13       		.uleb128 0x13
 776 0036 00       		.byte	0
 777 0037 00       		.byte	0
 778 0038 05       		.uleb128 0x5
 779 0039 13       		.uleb128 0x13
 780 003a 01       		.byte	0x1
 781 003b 03       		.uleb128 0x3
 782 003c 0E       		.uleb128 0xe
 783 003d 0B       		.uleb128 0xb
 784 003e 0B       		.uleb128 0xb
 785 003f 3A       		.uleb128 0x3a
 786 0040 0B       		.uleb128 0xb
 787 0041 3B       		.uleb128 0x3b
 788 0042 0B       		.uleb128 0xb
 789 0043 01       		.uleb128 0x1
 790 0044 13       		.uleb128 0x13
 791 0045 00       		.byte	0
 792 0046 00       		.byte	0
 793 0047 06       		.uleb128 0x6
 794 0048 0D       		.uleb128 0xd
 795 0049 00       		.byte	0
 796 004a 03       		.uleb128 0x3
 797 004b 0E       		.uleb128 0xe
 798 004c 3A       		.uleb128 0x3a
ARM GAS  /tmp/ccxB4Wqh.s 			page 15


 799 004d 0B       		.uleb128 0xb
 800 004e 3B       		.uleb128 0x3b
 801 004f 0B       		.uleb128 0xb
 802 0050 49       		.uleb128 0x49
 803 0051 13       		.uleb128 0x13
 804 0052 38       		.uleb128 0x38
 805 0053 0A       		.uleb128 0xa
 806 0054 00       		.byte	0
 807 0055 00       		.byte	0
 808 0056 07       		.uleb128 0x7
 809 0057 0D       		.uleb128 0xd
 810 0058 00       		.byte	0
 811 0059 03       		.uleb128 0x3
 812 005a 08       		.uleb128 0x8
 813 005b 3A       		.uleb128 0x3a
 814 005c 0B       		.uleb128 0xb
 815 005d 3B       		.uleb128 0x3b
 816 005e 0B       		.uleb128 0xb
 817 005f 49       		.uleb128 0x49
 818 0060 13       		.uleb128 0x13
 819 0061 38       		.uleb128 0x38
 820 0062 0A       		.uleb128 0xa
 821 0063 00       		.byte	0
 822 0064 00       		.byte	0
 823 0065 08       		.uleb128 0x8
 824 0066 13       		.uleb128 0x13
 825 0067 01       		.byte	0x1
 826 0068 0B       		.uleb128 0xb
 827 0069 0B       		.uleb128 0xb
 828 006a 3A       		.uleb128 0x3a
 829 006b 0B       		.uleb128 0xb
 830 006c 3B       		.uleb128 0x3b
 831 006d 0B       		.uleb128 0xb
 832 006e 01       		.uleb128 0x1
 833 006f 13       		.uleb128 0x13
 834 0070 00       		.byte	0
 835 0071 00       		.byte	0
 836 0072 09       		.uleb128 0x9
 837 0073 0F       		.uleb128 0xf
 838 0074 00       		.byte	0
 839 0075 0B       		.uleb128 0xb
 840 0076 0B       		.uleb128 0xb
 841 0077 49       		.uleb128 0x49
 842 0078 13       		.uleb128 0x13
 843 0079 00       		.byte	0
 844 007a 00       		.byte	0
 845 007b 0A       		.uleb128 0xa
 846 007c 0F       		.uleb128 0xf
 847 007d 00       		.byte	0
 848 007e 0B       		.uleb128 0xb
 849 007f 0B       		.uleb128 0xb
 850 0080 00       		.byte	0
 851 0081 00       		.byte	0
 852 0082 0B       		.uleb128 0xb
 853 0083 13       		.uleb128 0x13
 854 0084 01       		.byte	0x1
 855 0085 03       		.uleb128 0x3
ARM GAS  /tmp/ccxB4Wqh.s 			page 16


 856 0086 0E       		.uleb128 0xe
 857 0087 0B       		.uleb128 0xb
 858 0088 0B       		.uleb128 0xb
 859 0089 3A       		.uleb128 0x3a
 860 008a 0B       		.uleb128 0xb
 861 008b 3B       		.uleb128 0x3b
 862 008c 05       		.uleb128 0x5
 863 008d 01       		.uleb128 0x1
 864 008e 13       		.uleb128 0x13
 865 008f 00       		.byte	0
 866 0090 00       		.byte	0
 867 0091 0C       		.uleb128 0xc
 868 0092 0D       		.uleb128 0xd
 869 0093 00       		.byte	0
 870 0094 03       		.uleb128 0x3
 871 0095 08       		.uleb128 0x8
 872 0096 3A       		.uleb128 0x3a
 873 0097 0B       		.uleb128 0xb
 874 0098 3B       		.uleb128 0x3b
 875 0099 05       		.uleb128 0x5
 876 009a 49       		.uleb128 0x49
 877 009b 13       		.uleb128 0x13
 878 009c 38       		.uleb128 0x38
 879 009d 0A       		.uleb128 0xa
 880 009e 00       		.byte	0
 881 009f 00       		.byte	0
 882 00a0 0D       		.uleb128 0xd
 883 00a1 35       		.uleb128 0x35
 884 00a2 00       		.byte	0
 885 00a3 49       		.uleb128 0x49
 886 00a4 13       		.uleb128 0x13
 887 00a5 00       		.byte	0
 888 00a6 00       		.byte	0
 889 00a7 0E       		.uleb128 0xe
 890 00a8 17       		.uleb128 0x17
 891 00a9 01       		.byte	0x1
 892 00aa 0B       		.uleb128 0xb
 893 00ab 0B       		.uleb128 0xb
 894 00ac 3A       		.uleb128 0x3a
 895 00ad 0B       		.uleb128 0xb
 896 00ae 3B       		.uleb128 0x3b
 897 00af 0B       		.uleb128 0xb
 898 00b0 01       		.uleb128 0x1
 899 00b1 13       		.uleb128 0x13
 900 00b2 00       		.byte	0
 901 00b3 00       		.byte	0
 902 00b4 0F       		.uleb128 0xf
 903 00b5 0D       		.uleb128 0xd
 904 00b6 00       		.byte	0
 905 00b7 03       		.uleb128 0x3
 906 00b8 0E       		.uleb128 0xe
 907 00b9 3A       		.uleb128 0x3a
 908 00ba 0B       		.uleb128 0xb
 909 00bb 3B       		.uleb128 0x3b
 910 00bc 0B       		.uleb128 0xb
 911 00bd 49       		.uleb128 0x49
 912 00be 13       		.uleb128 0x13
ARM GAS  /tmp/ccxB4Wqh.s 			page 17


 913 00bf 00       		.byte	0
 914 00c0 00       		.byte	0
 915 00c1 10       		.uleb128 0x10
 916 00c2 26       		.uleb128 0x26
 917 00c3 00       		.byte	0
 918 00c4 49       		.uleb128 0x49
 919 00c5 13       		.uleb128 0x13
 920 00c6 00       		.byte	0
 921 00c7 00       		.byte	0
 922 00c8 11       		.uleb128 0x11
 923 00c9 2E       		.uleb128 0x2e
 924 00ca 01       		.byte	0x1
 925 00cb 3F       		.uleb128 0x3f
 926 00cc 0C       		.uleb128 0xc
 927 00cd 03       		.uleb128 0x3
 928 00ce 0E       		.uleb128 0xe
 929 00cf 3A       		.uleb128 0x3a
 930 00d0 0B       		.uleb128 0xb
 931 00d1 3B       		.uleb128 0x3b
 932 00d2 0B       		.uleb128 0xb
 933 00d3 27       		.uleb128 0x27
 934 00d4 0C       		.uleb128 0xc
 935 00d5 11       		.uleb128 0x11
 936 00d6 01       		.uleb128 0x1
 937 00d7 12       		.uleb128 0x12
 938 00d8 01       		.uleb128 0x1
 939 00d9 40       		.uleb128 0x40
 940 00da 06       		.uleb128 0x6
 941 00db 00       		.byte	0
 942 00dc 00       		.byte	0
 943 00dd 12       		.uleb128 0x12
 944 00de 05       		.uleb128 0x5
 945 00df 00       		.byte	0
 946 00e0 03       		.uleb128 0x3
 947 00e1 08       		.uleb128 0x8
 948 00e2 3A       		.uleb128 0x3a
 949 00e3 0B       		.uleb128 0xb
 950 00e4 3B       		.uleb128 0x3b
 951 00e5 0B       		.uleb128 0xb
 952 00e6 49       		.uleb128 0x49
 953 00e7 13       		.uleb128 0x13
 954 00e8 02       		.uleb128 0x2
 955 00e9 0A       		.uleb128 0xa
 956 00ea 00       		.byte	0
 957 00eb 00       		.byte	0
 958 00ec 13       		.uleb128 0x13
 959 00ed 0B       		.uleb128 0xb
 960 00ee 01       		.byte	0x1
 961 00ef 11       		.uleb128 0x11
 962 00f0 01       		.uleb128 0x1
 963 00f1 12       		.uleb128 0x12
 964 00f2 01       		.uleb128 0x1
 965 00f3 00       		.byte	0
 966 00f4 00       		.byte	0
 967 00f5 14       		.uleb128 0x14
 968 00f6 34       		.uleb128 0x34
 969 00f7 00       		.byte	0
ARM GAS  /tmp/ccxB4Wqh.s 			page 18


 970 00f8 03       		.uleb128 0x3
 971 00f9 0E       		.uleb128 0xe
 972 00fa 3A       		.uleb128 0x3a
 973 00fb 0B       		.uleb128 0xb
 974 00fc 3B       		.uleb128 0x3b
 975 00fd 0B       		.uleb128 0xb
 976 00fe 49       		.uleb128 0x49
 977 00ff 13       		.uleb128 0x13
 978 0100 02       		.uleb128 0x2
 979 0101 0A       		.uleb128 0xa
 980 0102 00       		.byte	0
 981 0103 00       		.byte	0
 982 0104 15       		.uleb128 0x15
 983 0105 34       		.uleb128 0x34
 984 0106 00       		.byte	0
 985 0107 03       		.uleb128 0x3
 986 0108 08       		.uleb128 0x8
 987 0109 3A       		.uleb128 0x3a
 988 010a 0B       		.uleb128 0xb
 989 010b 3B       		.uleb128 0x3b
 990 010c 0B       		.uleb128 0xb
 991 010d 49       		.uleb128 0x49
 992 010e 13       		.uleb128 0x13
 993 010f 02       		.uleb128 0x2
 994 0110 0A       		.uleb128 0xa
 995 0111 00       		.byte	0
 996 0112 00       		.byte	0
 997 0113 00       		.byte	0
 998              		.section	.debug_loc,"",%progbits
 999              	.Ldebug_loc0:
 1000              	.LLST0:
 1001 0000 00000000 		.4byte	.LFB7
 1002 0004 02000000 		.4byte	.LCFI0
 1003 0008 0200     		.2byte	0x2
 1004 000a 7D       		.byte	0x7d
 1005 000b 00       		.sleb128 0
 1006 000c 02000000 		.4byte	.LCFI0
 1007 0010 04000000 		.4byte	.LCFI1
 1008 0014 0200     		.2byte	0x2
 1009 0016 7D       		.byte	0x7d
 1010 0017 04       		.sleb128 4
 1011 0018 04000000 		.4byte	.LCFI1
 1012 001c 3C000000 		.4byte	.LFE7
 1013 0020 0200     		.2byte	0x2
 1014 0022 7D       		.byte	0x7d
 1015 0023 18       		.sleb128 24
 1016 0024 00000000 		.4byte	0
 1017 0028 00000000 		.4byte	0
 1018              		.section	.debug_aranges,"",%progbits
 1019 0000 1C000000 		.4byte	0x1c
 1020 0004 0200     		.2byte	0x2
 1021 0006 00000000 		.4byte	.Ldebug_info0
 1022 000a 04       		.byte	0x4
 1023 000b 00       		.byte	0
 1024 000c 0000     		.2byte	0
 1025 000e 0000     		.2byte	0
 1026 0010 00000000 		.4byte	.LFB7
ARM GAS  /tmp/ccxB4Wqh.s 			page 19


 1027 0014 3C000000 		.4byte	.LFE7-.LFB7
 1028 0018 00000000 		.4byte	0
 1029 001c 00000000 		.4byte	0
 1030              		.section	.debug_ranges,"",%progbits
 1031              	.Ldebug_ranges0:
 1032 0000 00000000 		.4byte	.LFB7
 1033 0004 3C000000 		.4byte	.LFE7
 1034 0008 00000000 		.4byte	0
 1035 000c 00000000 		.4byte	0
 1036              		.section	.debug_line,"",%progbits
 1037              	.Ldebug_line0:
 1038 0000 C4010000 		.section	.debug_str,"MS",%progbits,1
 1038      0200A901 
 1038      00000201 
 1038      FB0E0D00 
 1038      01010101 
 1039              	.LASF48:
 1040 0000 696E7463 		.ascii	"intctx\000"
 1040      747800
 1041              	.LASF39:
 1042 0007 705F6D73 		.ascii	"p_msg\000"
 1042      6700
 1043              	.LASF57:
 1044 000d 7264796D 		.ascii	"rdymsg\000"
 1044      736700
 1045              	.LASF69:
 1046 0014 2F686F6D 		.ascii	"/home/texzk/ChibiStudio/chibios/demos/ARMCM3-STM32F"
 1046      652F7465 
 1046      787A6B2F 
 1046      43686962 
 1046      69537475 
 1047 0047 3230372D 		.ascii	"207-STM3220G-LWIP\000"
 1047      53544D33 
 1047      32323047 
 1047      2D4C5749 
 1047      5000
 1048              	.LASF12:
 1049 0059 75696E74 		.ascii	"uint64_t\000"
 1049      36345F74 
 1049      00
 1050              	.LASF66:
 1051 0062 64656C61 		.ascii	"delaysem\000"
 1051      7973656D 
 1051      00
 1052              	.LASF13:
 1053 006b 6C6F6E67 		.ascii	"long long unsigned int\000"
 1053      206C6F6E 
 1053      6720756E 
 1053      7369676E 
 1053      65642069 
 1054              	.LASF58:
 1055 0082 65786974 		.ascii	"exitcode\000"
 1055      636F6465 
 1055      00
 1056              	.LASF26:
 1057 008b 705F7072 		.ascii	"p_prio\000"
 1057      696F00
ARM GAS  /tmp/ccxB4Wqh.s 			page 20


 1058              	.LASF65:
 1059 0092 7379735F 		.ascii	"sys_sem_t\000"
 1059      73656D5F 
 1059      7400
 1060              	.LASF11:
 1061 009c 6C6F6E67 		.ascii	"long long int\000"
 1061      206C6F6E 
 1061      6720696E 
 1061      7400
 1062              	.LASF1:
 1063 00aa 7369676E 		.ascii	"signed char\000"
 1063      65642063 
 1063      68617200 
 1064              	.LASF68:
 1065 00b6 2E2E2F2E 		.ascii	"../../ext/lwip/src/core/sys.c\000"
 1065      2E2F6578 
 1065      742F6C77 
 1065      69702F73 
 1065      72632F63 
 1066              	.LASF43:
 1067 00d4 705F6D70 		.ascii	"p_mpool\000"
 1067      6F6F6C00 
 1068              	.LASF54:
 1069 00dc 6D5F7175 		.ascii	"m_queue\000"
 1069      65756500 
 1070              	.LASF17:
 1071 00e4 74736C69 		.ascii	"tslices_t\000"
 1071      6365735F 
 1071      7400
 1072              	.LASF8:
 1073 00ee 6C6F6E67 		.ascii	"long int\000"
 1073      20696E74 
 1073      00
 1074              	.LASF67:
 1075 00f7 474E5520 		.ascii	"GNU C 4.6.2 20120613 (release) [ARM/embedded-4_6-br"
 1075      4320342E 
 1075      362E3220 
 1075      32303132 
 1075      30363133 
 1076 012a 616E6368 		.ascii	"anch revision 188521]\000"
 1076      20726576 
 1076      6973696F 
 1076      6E203138 
 1076      38353231 
 1077              	.LASF15:
 1078 0140 74737461 		.ascii	"tstate_t\000"
 1078      74655F74 
 1078      00
 1079              	.LASF28:
 1080 0149 705F6E65 		.ascii	"p_newer\000"
 1080      77657200 
 1081              	.LASF51:
 1082 0151 735F7175 		.ascii	"s_queue\000"
 1082      65756500 
 1083              	.LASF46:
 1084 0159 72656761 		.ascii	"regarm_t\000"
 1084      726D5F74 
ARM GAS  /tmp/ccxB4Wqh.s 			page 21


 1084      00
 1085              	.LASF22:
 1086 0162 636E745F 		.ascii	"cnt_t\000"
 1086      7400
 1087              	.LASF31:
 1088 0168 705F7374 		.ascii	"p_stklimit\000"
 1088      6B6C696D 
 1088      697400
 1089              	.LASF0:
 1090 0173 756E7369 		.ascii	"unsigned int\000"
 1090      676E6564 
 1090      20696E74 
 1090      00
 1091              	.LASF70:
 1092 0180 7379735F 		.ascii	"sys_msleep\000"
 1092      6D736C65 
 1092      657000
 1093              	.LASF10:
 1094 018b 6C6F6E67 		.ascii	"long unsigned int\000"
 1094      20756E73 
 1094      69676E65 
 1094      6420696E 
 1094      7400
 1095              	.LASF63:
 1096 019d 7533325F 		.ascii	"u32_t\000"
 1096      7400
 1097              	.LASF52:
 1098 01a3 735F636E 		.ascii	"s_cnt\000"
 1098      7400
 1099              	.LASF49:
 1100 01a9 636F6E74 		.ascii	"context\000"
 1100      65787400 
 1101              	.LASF6:
 1102 01b1 73686F72 		.ascii	"short unsigned int\000"
 1102      7420756E 
 1102      7369676E 
 1102      65642069 
 1102      6E7400
 1103              	.LASF19:
 1104 01c4 6D73675F 		.ascii	"msg_t\000"
 1104      7400
 1105              	.LASF14:
 1106 01ca 746D6F64 		.ascii	"tmode_t\000"
 1106      655F7400 
 1107              	.LASF45:
 1108 01d2 54687265 		.ascii	"ThreadsList\000"
 1108      6164734C 
 1108      69737400 
 1109              	.LASF20:
 1110 01de 6576656E 		.ascii	"eventmask_t\000"
 1110      746D6173 
 1110      6B5F7400 
 1111              	.LASF53:
 1112 01ea 4D757465 		.ascii	"Mutex\000"
 1112      7800
 1113              	.LASF47:
 1114 01f0 73746B61 		.ascii	"stkalign_t\000"
ARM GAS  /tmp/ccxB4Wqh.s 			page 22


 1114      6C69676E 
 1114      5F7400
 1115              	.LASF64:
 1116 01fb 6572725F 		.ascii	"err_t\000"
 1116      7400
 1117              	.LASF29:
 1118 0201 705F6F6C 		.ascii	"p_older\000"
 1118      64657200 
 1119              	.LASF44:
 1120 0209 54687265 		.ascii	"ThreadsQueue\000"
 1120      61647351 
 1120      75657565 
 1120      00
 1121              	.LASF16:
 1122 0216 74726566 		.ascii	"trefs_t\000"
 1122      735F7400 
 1123              	.LASF25:
 1124 021e 705F7072 		.ascii	"p_prev\000"
 1124      657600
 1125              	.LASF18:
 1126 0225 74707269 		.ascii	"tprio_t\000"
 1126      6F5F7400 
 1127              	.LASF7:
 1128 022d 696E7433 		.ascii	"int32_t\000"
 1128      325F7400 
 1129              	.LASF4:
 1130 0235 756E7369 		.ascii	"unsigned char\000"
 1130      676E6564 
 1130      20636861 
 1130      7200
 1131              	.LASF41:
 1132 0243 705F6D74 		.ascii	"p_mtxlist\000"
 1132      786C6973 
 1132      7400
 1133              	.LASF5:
 1134 024d 73686F72 		.ascii	"short int\000"
 1134      7420696E 
 1134      7400
 1135              	.LASF32:
 1136 0257 705F7374 		.ascii	"p_state\000"
 1136      61746500 
 1137              	.LASF35:
 1138 025f 705F7072 		.ascii	"p_preempt\000"
 1138      65656D70 
 1138      7400
 1139              	.LASF60:
 1140 0269 65776D61 		.ascii	"ewmask\000"
 1140      736B00
 1141              	.LASF24:
 1142 0270 705F6E65 		.ascii	"p_next\000"
 1142      787400
 1143              	.LASF33:
 1144 0277 705F666C 		.ascii	"p_flags\000"
 1144      61677300 
 1145              	.LASF23:
 1146 027f 54687265 		.ascii	"Thread\000"
 1146      616400
ARM GAS  /tmp/ccxB4Wqh.s 			page 23


 1147              	.LASF62:
 1148 0286 73385F74 		.ascii	"s8_t\000"
 1148      00
 1149              	.LASF40:
 1150 028b 705F6570 		.ascii	"p_epending\000"
 1150      656E6469 
 1150      6E6700
 1151              	.LASF9:
 1152 0296 75696E74 		.ascii	"uint32_t\000"
 1152      33325F74 
 1152      00
 1153              	.LASF61:
 1154 029f 63686172 		.ascii	"char\000"
 1154      00
 1155              	.LASF56:
 1156 02a4 6D5F6E65 		.ascii	"m_next\000"
 1156      787400
 1157              	.LASF21:
 1158 02ab 73797374 		.ascii	"systime_t\000"
 1158      696D655F 
 1158      7400
 1159              	.LASF42:
 1160 02b5 705F7265 		.ascii	"p_realprio\000"
 1160      616C7072 
 1160      696F00
 1161              	.LASF36:
 1162 02c0 705F7469 		.ascii	"p_time\000"
 1162      6D6500
 1163              	.LASF2:
 1164 02c7 696E7438 		.ascii	"int8_t\000"
 1164      5F7400
 1165              	.LASF38:
 1166 02ce 705F6D73 		.ascii	"p_msgqueue\000"
 1166      67717565 
 1166      756500
 1167              	.LASF50:
 1168 02d9 53656D61 		.ascii	"Semaphore\000"
 1168      70686F72 
 1168      6500
 1169              	.LASF34:
 1170 02e3 705F7265 		.ascii	"p_refs\000"
 1170      667300
 1171              	.LASF3:
 1172 02ea 75696E74 		.ascii	"uint8_t\000"
 1172      385F7400 
 1173              	.LASF59:
 1174 02f2 77746F62 		.ascii	"wtobjp\000"
 1174      6A7000
 1175              	.LASF30:
 1176 02f9 705F6E61 		.ascii	"p_name\000"
 1176      6D6500
 1177              	.LASF55:
 1178 0300 6D5F6F77 		.ascii	"m_owner\000"
 1178      6E657200 
 1179              	.LASF27:
 1180 0308 705F6374 		.ascii	"p_ctx\000"
 1180      7800
ARM GAS  /tmp/ccxB4Wqh.s 			page 24


 1181              	.LASF37:
 1182 030e 705F7761 		.ascii	"p_waiting\000"
 1182      6974696E 
 1182      6700
 1183              		.ident	"GCC: (GNU Tools for ARM Embedded Processors) 4.6.2 20120613 (release) [ARM/embedded-4_6-br
ARM GAS  /tmp/ccxB4Wqh.s 			page 25


DEFINED SYMBOLS
                            *ABS*:00000000 sys.c
     /tmp/ccxB4Wqh.s:19     .text.sys_msleep:00000000 $t
     /tmp/ccxB4Wqh.s:25     .text.sys_msleep:00000000 sys_msleep
                     .debug_frame:00000010 $d

UNDEFINED SYMBOLS
sys_sem_new
sys_arch_sem_wait
sys_sem_free
