ARM GAS  /tmp/cco4W5lS.s 			page 1


   1              		.syntax unified
   2              		.cpu cortex-m3
   3              		.fpu softvfp
   4              		.eabi_attribute 20, 1
   5              		.eabi_attribute 21, 1
   6              		.eabi_attribute 23, 3
   7              		.eabi_attribute 24, 1
   8              		.eabi_attribute 25, 1
   9              		.eabi_attribute 26, 1
  10              		.eabi_attribute 30, 6
  11              		.eabi_attribute 34, 1
  12              		.eabi_attribute 18, 4
  13              		.thumb
  14              		.file	"web.c"
  15              		.text
  16              	.Ltext0:
  17              		.cfi_sections	.debug_frame
  18              		.section	.rodata.http_html_hdr,"a",%progbits
  19              		.align	2
  20              		.type	http_html_hdr, %object
  21              		.size	http_html_hdr, 45
  22              	http_html_hdr:
  23 0000 48545450 		.ascii	"HTTP/1.1 200 OK\015\012Content-type: text/html\015\012"
  23      2F312E31 
  23      20323030 
  23      204F4B0D 
  23      0A436F6E 
  24 002a 0D0A00   		.ascii	"\015\012\000"
  25 002d 000000   		.section	.rodata.http_index_html,"a",%progbits
  26              		.align	2
  27              		.type	http_index_html, %object
  28              		.size	http_index_html, 134
  29              	http_index_html:
  30 0000 3C68746D 		.ascii	"<html><head><title>Congrats!</title></head><body><h"
  30      6C3E3C68 
  30      6561643E 
  30      3C746974 
  30      6C653E43 
  31 0033 313E5765 		.ascii	"1>Welcome to our lwIP HTTP server!</h1><p>This is a"
  31      6C636F6D 
  31      6520746F 
  31      206F7572 
  31      206C7749 
  32 0066 20736D61 		.ascii	" small test page.</body></html>\000"
  32      6C6C2074 
  32      65737420 
  32      70616765 
  32      2E3C2F62 
  33 0086 0000     		.section	.text.http_server_serve,"ax",%progbits
  34              		.align	2
  35              		.p2align 4,,15
  36              		.thumb
  37              		.thumb_func
  38              		.type	http_server_serve, %function
  39              	http_server_serve:
  40              	.LFB7:
  41              		.file 1 "web/web.c"
ARM GAS  /tmp/cco4W5lS.s 			page 2


  42              		.loc 1 46 0
  43              		.cfi_startproc
  44              		@ args = 0, pretend = 0, frame = 24
  45              		@ frame_needed = 0, uses_anonymous_args = 0
  46 0000 00B5     		push	{lr}
  47              	.LCFI0:
  48              		.cfi_def_cfa_offset 4
  49              		.cfi_offset 14, -4
  50 0002 87B0     		sub	sp, sp, #28
  51              	.LCFI1:
  52              		.cfi_def_cfa_offset 32
  53 0004 0190     		str	r0, [sp, #4]
  54              		.loc 1 54 0
  55 0006 04AB     		add	r3, sp, #16
  56 0008 0198     		ldr	r0, [sp, #4]
  57 000a 1946     		mov	r1, r3
  58 000c FFF7FEFF 		bl	netconn_recv
  59 0010 0346     		mov	r3, r0
  60 0012 8DF81730 		strb	r3, [sp, #23]
  61              		.loc 1 56 0
  62 0016 9DF91730 		ldrsb	r3, [sp, #23]
  63 001a 002B     		cmp	r3, #0
  64 001c 3ED1     		bne	.L2
  65              		.loc 1 57 0
  66 001e 0499     		ldr	r1, [sp, #16]
  67 0020 03AA     		add	r2, sp, #12
  68 0022 0DF10A03 		add	r3, sp, #10
  69 0026 0846     		mov	r0, r1
  70 0028 1146     		mov	r1, r2
  71 002a 1A46     		mov	r2, r3
  72 002c FFF7FEFF 		bl	netbuf_data
  73              		.loc 1 61 0
  74 0030 BDF80A30 		ldrh	r3, [sp, #10]
  75 0034 042B     		cmp	r3, #4
  76 0036 31D9     		bls	.L2
  77              		.loc 1 62 0 discriminator 1
  78 0038 039B     		ldr	r3, [sp, #12]
  79 003a 1B78     		ldrb	r3, [r3, #0]	@ zero_extendqisi2
  80              		.loc 1 61 0 discriminator 1
  81 003c 472B     		cmp	r3, #71
  82 003e 2DD1     		bne	.L2
  83              		.loc 1 63 0
  84 0040 039B     		ldr	r3, [sp, #12]
  85 0042 03F10103 		add	r3, r3, #1
  86 0046 1B78     		ldrb	r3, [r3, #0]	@ zero_extendqisi2
  87              		.loc 1 62 0
  88 0048 452B     		cmp	r3, #69
  89 004a 27D1     		bne	.L2
  90              		.loc 1 64 0
  91 004c 039B     		ldr	r3, [sp, #12]
  92 004e 03F10203 		add	r3, r3, #2
  93 0052 1B78     		ldrb	r3, [r3, #0]	@ zero_extendqisi2
  94              		.loc 1 63 0
  95 0054 542B     		cmp	r3, #84
  96 0056 21D1     		bne	.L2
  97              		.loc 1 65 0
  98 0058 039B     		ldr	r3, [sp, #12]
ARM GAS  /tmp/cco4W5lS.s 			page 3


  99 005a 03F10303 		add	r3, r3, #3
 100 005e 1B78     		ldrb	r3, [r3, #0]	@ zero_extendqisi2
 101              		.loc 1 64 0
 102 0060 202B     		cmp	r3, #32
 103 0062 1BD1     		bne	.L2
 104              		.loc 1 66 0
 105 0064 039B     		ldr	r3, [sp, #12]
 106 0066 03F10403 		add	r3, r3, #4
 107 006a 1B78     		ldrb	r3, [r3, #0]	@ zero_extendqisi2
 108              		.loc 1 65 0
 109 006c 2F2B     		cmp	r3, #47
 110 006e 15D1     		bne	.L2
 111              		.loc 1 72 0
 112 0070 0198     		ldr	r0, [sp, #4]
 113 0072 40F20001 		movw	r1, #:lower16:http_html_hdr
 114 0076 C0F20001 		movt	r1, #:upper16:http_html_hdr
 115 007a 4FF02C02 		mov	r2, #44
 116 007e 4FF00003 		mov	r3, #0
 117 0082 FFF7FEFF 		bl	netconn_write
 118              		.loc 1 75 0
 119 0086 0198     		ldr	r0, [sp, #4]
 120 0088 40F20001 		movw	r1, #:lower16:http_index_html
 121 008c C0F20001 		movt	r1, #:upper16:http_index_html
 122 0090 4FF08502 		mov	r2, #133
 123 0094 4FF00003 		mov	r3, #0
 124 0098 FFF7FEFF 		bl	netconn_write
 125              	.L2:
 126              		.loc 1 79 0
 127 009c 0198     		ldr	r0, [sp, #4]
 128 009e FFF7FEFF 		bl	netconn_close
 129              		.loc 1 83 0
 130 00a2 049B     		ldr	r3, [sp, #16]
 131 00a4 1846     		mov	r0, r3
 132 00a6 FFF7FEFF 		bl	netbuf_delete
 133              		.loc 1 84 0
 134 00aa 07B0     		add	sp, sp, #28
 135 00ac 00BD     		pop	{pc}
 136              		.cfi_endproc
 137              	.LFE7:
 138              		.size	http_server_serve, .-http_server_serve
 139              		.global	wa_http_server
 140 00ae 00BF     		.section	.bss.wa_http_server,"aw",%nobits
 141              		.align	3
 142              		.type	wa_http_server, %object
 143              		.size	wa_http_server, 1200
 144              	wa_http_server:
 145 0000 00000000 		.space	1200
 145      00000000 
 145      00000000 
 145      00000000 
 145      00000000 
 146              		.section	.text.http_server,"ax",%progbits
 147              		.align	2
 148              		.p2align 4,,15
 149              		.global	http_server
 150              		.thumb
 151              		.thumb_func
ARM GAS  /tmp/cco4W5lS.s 			page 4


 152              		.type	http_server, %function
 153              	http_server:
 154              	.LFB8:
 155              		.loc 1 94 0
 156              		.cfi_startproc
 157              		@ args = 0, pretend = 0, frame = 24
 158              		@ frame_needed = 0, uses_anonymous_args = 0
 159 0000 00B5     		push	{lr}
 160              	.LCFI2:
 161              		.cfi_def_cfa_offset 4
 162              		.cfi_offset 14, -4
 163 0002 87B0     		sub	sp, sp, #28
 164              	.LCFI3:
 165              		.cfi_def_cfa_offset 32
 166 0004 0190     		str	r0, [sp, #4]
 167              		.loc 1 101 0
 168 0006 4FF01000 		mov	r0, #16
 169 000a 4FF00001 		mov	r1, #0
 170 000e 4FF00002 		mov	r2, #0
 171 0012 FFF7FEFF 		bl	netconn_new_with_proto_and_callback
 172 0016 0346     		mov	r3, r0
 173 0018 0593     		str	r3, [sp, #20]
 174              		.loc 1 102 0
 175 001a 059B     		ldr	r3, [sp, #20]
 176 001c 002B     		cmp	r3, #0
 177 001e 06D1     		bne	.L4
 178              		.loc 1 102 0 is_stmt 0 discriminator 1
 179 0020 FFF7FEFF 		bl	port_halt
 180 0024 6FF00103 		mvn	r3, #1
 181              		.loc 1 121 0 is_stmt 1 discriminator 1
 182 0028 1846     		mov	r0, r3
 183 002a 07B0     		add	sp, sp, #28
 184 002c 00BD     		pop	{pc}
 185              	.L4:
 186              		.loc 1 105 0
 187 002e 0598     		ldr	r0, [sp, #20]
 188 0030 4FF00001 		mov	r1, #0
 189 0034 4FF05002 		mov	r2, #80
 190 0038 FFF7FEFF 		bl	netconn_bind
 191              		.loc 1 108 0
 192 003c 0598     		ldr	r0, [sp, #20]
 193 003e 4FF0FF01 		mov	r1, #255
 194 0042 FFF7FEFF 		bl	netconn_listen_with_backlog
 195              		.loc 1 111 0
 196 0046 4FF00400 		mov	r0, #4
 197 004a FFF7FEFF 		bl	chThdSetPriority
 198              	.L7:
 199              		.loc 1 114 0
 200 004e 03AB     		add	r3, sp, #12
 201 0050 0598     		ldr	r0, [sp, #20]
 202 0052 1946     		mov	r1, r3
 203 0054 FFF7FEFF 		bl	netconn_accept
 204 0058 0346     		mov	r3, r0
 205 005a 8DF81330 		strb	r3, [sp, #19]
 206              		.loc 1 115 0
 207 005e 9DF91330 		ldrsb	r3, [sp, #19]
 208 0062 002B     		cmp	r3, #0
ARM GAS  /tmp/cco4W5lS.s 			page 5


 209 0064 08D1     		bne	.L9
 210              	.L5:
 211              		.loc 1 117 0
 212 0066 039B     		ldr	r3, [sp, #12]
 213 0068 1846     		mov	r0, r3
 214 006a FFF7FEFF 		bl	http_server_serve
 215              		.loc 1 118 0
 216 006e 039B     		ldr	r3, [sp, #12]
 217 0070 1846     		mov	r0, r3
 218 0072 FFF7FEFF 		bl	netconn_delete
 219              		.loc 1 119 0
 220 0076 EAE7     		b	.L7
 221              	.L9:
 222              		.loc 1 116 0
 223 0078 00BF     		nop
 224              	.L8:
 225              		.loc 1 119 0
 226 007a E8E7     		b	.L7
 227              		.cfi_endproc
 228              	.LFE8:
 229              		.size	http_server, .-http_server
 230 007c AFF30080 		.text
 231              	.Letext0:
 232              		.file 2 "/home/texzk/ChibiStudio/tools/GNU Tools ARM Embedded/4.6 2012q2/bin/../lib/gcc/arm-none-e
 233              		.file 3 "/home/texzk/ChibiStudio/tools/GNU Tools ARM Embedded/4.6 2012q2/bin/../lib/gcc/arm-none-e
 234              		.file 4 "../../os/ports/GCC/ARMCMx/chtypes.h"
 235              		.file 5 "../../os/kernel/include/chlists.h"
 236              		.file 6 "../../os/kernel/include/chthreads.h"
 237              		.file 7 "../../os/ports/GCC/ARMCMx/chcore_v7m.h"
 238              		.file 8 "../../os/kernel/include/chsem.h"
 239              		.file 9 "../../os/kernel/include/chmtx.h"
 240              		.file 10 "../../os/kernel/include/chmboxes.h"
 241              		.file 11 "../../os/various/lwip_bindings/arch/cc.h"
 242              		.file 12 "../../ext/lwip/src/include/lwip/err.h"
 243              		.file 13 "../../ext/lwip/src/include/lwip/pbuf.h"
 244              		.file 14 "../../ext/lwip/src/include/ipv4/lwip/ip_addr.h"
 245              		.file 15 "../../ext/lwip/src/include/lwip/netbuf.h"
 246              		.file 16 "../../os/various/lwip_bindings/arch/sys_arch.h"
 247              		.file 17 "../../ext/lwip/src/include/lwip/api.h"
 248              		.section	.debug_info,"",%progbits
 249              	.Ldebug_info0:
 250 0000 FB080000 		.4byte	0x8fb
 251 0004 0200     		.2byte	0x2
 252 0006 00000000 		.4byte	.Ldebug_abbrev0
 253 000a 04       		.byte	0x4
 254 000b 01       		.uleb128 0x1
 255 000c 51010000 		.4byte	.LASF130
 256 0010 01       		.byte	0x1
 257 0011 E3020000 		.4byte	.LASF131
 258 0015 27000000 		.4byte	.LASF132
 259 0019 00000000 		.4byte	0
 260 001d 00000000 		.4byte	0
 261 0021 00000000 		.4byte	.Ldebug_ranges0+0
 262 0025 00000000 		.4byte	.Ldebug_line0
 263 0029 02       		.uleb128 0x2
 264 002a 04       		.byte	0x4
 265 002b 05       		.byte	0x5
ARM GAS  /tmp/cco4W5lS.s 			page 6


 266 002c 696E7400 		.ascii	"int\000"
 267 0030 03       		.uleb128 0x3
 268 0031 12000000 		.4byte	.LASF1
 269 0035 02       		.byte	0x2
 270 0036 D4       		.byte	0xd4
 271 0037 3B000000 		.4byte	0x3b
 272 003b 04       		.uleb128 0x4
 273 003c 04       		.byte	0x4
 274 003d 07       		.byte	0x7
 275 003e 10020000 		.4byte	.LASF0
 276 0042 03       		.uleb128 0x3
 277 0043 C4040000 		.4byte	.LASF2
 278 0047 03       		.byte	0x3
 279 0048 29       		.byte	0x29
 280 0049 4D000000 		.4byte	0x4d
 281 004d 04       		.uleb128 0x4
 282 004e 01       		.byte	0x1
 283 004f 06       		.byte	0x6
 284 0050 FB000000 		.4byte	.LASF3
 285 0054 03       		.uleb128 0x3
 286 0055 00050000 		.4byte	.LASF4
 287 0059 03       		.byte	0x3
 288 005a 2A       		.byte	0x2a
 289 005b 5F000000 		.4byte	0x5f
 290 005f 04       		.uleb128 0x4
 291 0060 01       		.byte	0x1
 292 0061 08       		.byte	0x8
 293 0062 8C030000 		.4byte	.LASF5
 294 0066 04       		.uleb128 0x4
 295 0067 02       		.byte	0x2
 296 0068 05       		.byte	0x5
 297 0069 AB030000 		.4byte	.LASF6
 298 006d 03       		.uleb128 0x3
 299 006e BE010000 		.4byte	.LASF7
 300 0072 03       		.byte	0x3
 301 0073 36       		.byte	0x36
 302 0074 78000000 		.4byte	0x78
 303 0078 04       		.uleb128 0x4
 304 0079 02       		.byte	0x2
 305 007a 07       		.byte	0x7
 306 007b 85020000 		.4byte	.LASF8
 307 007f 03       		.uleb128 0x3
 308 0080 84030000 		.4byte	.LASF9
 309 0084 03       		.byte	0x3
 310 0085 4F       		.byte	0x4f
 311 0086 8A000000 		.4byte	0x8a
 312 008a 04       		.uleb128 0x4
 313 008b 04       		.byte	0x4
 314 008c 05       		.byte	0x5
 315 008d 43010000 		.4byte	.LASF10
 316 0091 03       		.uleb128 0x3
 317 0092 59040000 		.4byte	.LASF11
 318 0096 03       		.byte	0x3
 319 0097 50       		.byte	0x50
 320 0098 9C000000 		.4byte	0x9c
 321 009c 04       		.uleb128 0x4
 322 009d 04       		.byte	0x4
ARM GAS  /tmp/cco4W5lS.s 			page 7


 323 009e 07       		.byte	0x7
 324 009f 33020000 		.4byte	.LASF12
 325 00a3 04       		.uleb128 0x4
 326 00a4 08       		.byte	0x8
 327 00a5 05       		.byte	0x5
 328 00a6 ED000000 		.4byte	.LASF13
 329 00aa 03       		.uleb128 0x3
 330 00ab 6C000000 		.4byte	.LASF14
 331 00af 03       		.byte	0x3
 332 00b0 78       		.byte	0x78
 333 00b1 B5000000 		.4byte	0xb5
 334 00b5 04       		.uleb128 0x4
 335 00b6 08       		.byte	0x8
 336 00b7 07       		.byte	0x7
 337 00b8 9C000000 		.4byte	.LASF15
 338 00bc 03       		.uleb128 0x3
 339 00bd B5020000 		.4byte	.LASF16
 340 00c1 04       		.byte	0x4
 341 00c2 28       		.byte	0x28
 342 00c3 54000000 		.4byte	0x54
 343 00c7 03       		.uleb128 0x3
 344 00c8 A6010000 		.4byte	.LASF17
 345 00cc 04       		.byte	0x4
 346 00cd 29       		.byte	0x29
 347 00ce 54000000 		.4byte	0x54
 348 00d2 03       		.uleb128 0x3
 349 00d3 6D030000 		.4byte	.LASF18
 350 00d7 04       		.byte	0x4
 351 00d8 2A       		.byte	0x2a
 352 00d9 54000000 		.4byte	0x54
 353 00dd 03       		.uleb128 0x3
 354 00de 2B010000 		.4byte	.LASF19
 355 00e2 04       		.byte	0x4
 356 00e3 2B       		.byte	0x2b
 357 00e4 54000000 		.4byte	0x54
 358 00e8 03       		.uleb128 0x3
 359 00e9 7C030000 		.4byte	.LASF20
 360 00ed 04       		.byte	0x4
 361 00ee 2C       		.byte	0x2c
 362 00ef 91000000 		.4byte	0x91
 363 00f3 03       		.uleb128 0x3
 364 00f4 98020000 		.4byte	.LASF21
 365 00f8 04       		.byte	0x4
 366 00f9 2D       		.byte	0x2d
 367 00fa 7F000000 		.4byte	0x7f
 368 00fe 03       		.uleb128 0x3
 369 00ff D1020000 		.4byte	.LASF22
 370 0103 04       		.byte	0x4
 371 0104 2F       		.byte	0x2f
 372 0105 91000000 		.4byte	0x91
 373 0109 03       		.uleb128 0x3
 374 010a 9C040000 		.4byte	.LASF23
 375 010e 04       		.byte	0x4
 376 010f 30       		.byte	0x30
 377 0110 91000000 		.4byte	0x91
 378 0114 03       		.uleb128 0x3
 379 0115 FF010000 		.4byte	.LASF24
ARM GAS  /tmp/cco4W5lS.s 			page 8


 380 0119 04       		.byte	0x4
 381 011a 31       		.byte	0x31
 382 011b 7F000000 		.4byte	0x7f
 383 011f 03       		.uleb128 0x3
 384 0120 31040000 		.4byte	.LASF25
 385 0124 05       		.byte	0x5
 386 0125 23       		.byte	0x23
 387 0126 2A010000 		.4byte	0x12a
 388 012a 05       		.uleb128 0x5
 389 012b 31040000 		.4byte	.LASF25
 390 012f 4C       		.byte	0x4c
 391 0130 06       		.byte	0x6
 392 0131 57       		.byte	0x57
 393 0132 5D020000 		.4byte	0x25d
 394 0136 06       		.uleb128 0x6
 395 0137 F2030000 		.4byte	.LASF26
 396 013b 06       		.byte	0x6
 397 013c 58       		.byte	0x58
 398 013d 82020000 		.4byte	0x282
 399 0141 02       		.byte	0x2
 400 0142 23       		.byte	0x23
 401 0143 00       		.uleb128 0
 402 0144 06       		.uleb128 0x6
 403 0145 75030000 		.4byte	.LASF27
 404 0149 06       		.byte	0x6
 405 014a 5A       		.byte	0x5a
 406 014b 82020000 		.4byte	0x282
 407 014f 02       		.byte	0x2
 408 0150 23       		.byte	0x23
 409 0151 04       		.uleb128 0x4
 410 0152 06       		.uleb128 0x6
 411 0153 DC000000 		.4byte	.LASF28
 412 0157 06       		.byte	0x6
 413 0158 5C       		.byte	0x5c
 414 0159 E8000000 		.4byte	0xe8
 415 015d 02       		.byte	0x2
 416 015e 23       		.byte	0x23
 417 015f 08       		.uleb128 0x8
 418 0160 06       		.uleb128 0x6
 419 0161 B0050000 		.4byte	.LASF29
 420 0165 06       		.byte	0x6
 421 0166 5D       		.byte	0x5d
 422 0167 5B030000 		.4byte	0x35b
 423 016b 02       		.byte	0x2
 424 016c 23       		.byte	0x23
 425 016d 0C       		.uleb128 0xc
 426 016e 06       		.uleb128 0x6
 427 016f C7010000 		.4byte	.LASF30
 428 0173 06       		.byte	0x6
 429 0174 5F       		.byte	0x5f
 430 0175 82020000 		.4byte	0x282
 431 0179 02       		.byte	0x2
 432 017a 23       		.byte	0x23
 433 017b 10       		.uleb128 0x10
 434 017c 06       		.uleb128 0x6
 435 017d 32030000 		.4byte	.LASF31
 436 0181 06       		.byte	0x6
ARM GAS  /tmp/cco4W5lS.s 			page 9


 437 0182 60       		.byte	0x60
 438 0183 82020000 		.4byte	0x282
 439 0187 02       		.byte	0x2
 440 0188 23       		.byte	0x23
 441 0189 14       		.uleb128 0x14
 442 018a 06       		.uleb128 0x6
 443 018b 4D050000 		.4byte	.LASF32
 444 018f 06       		.byte	0x6
 445 0190 67       		.byte	0x67
 446 0191 A2040000 		.4byte	0x4a2
 447 0195 02       		.byte	0x2
 448 0196 23       		.byte	0x23
 449 0197 18       		.uleb128 0x18
 450 0198 06       		.uleb128 0x6
 451 0199 05020000 		.4byte	.LASF33
 452 019d 06       		.byte	0x6
 453 019e 6D       		.byte	0x6d
 454 019f B4040000 		.4byte	0x4b4
 455 01a3 02       		.byte	0x2
 456 01a4 23       		.byte	0x23
 457 01a5 1C       		.uleb128 0x1c
 458 01a6 06       		.uleb128 0x6
 459 01a7 B5030000 		.4byte	.LASF34
 460 01ab 06       		.byte	0x6
 461 01ac 72       		.byte	0x72
 462 01ad C7000000 		.4byte	0xc7
 463 01b1 02       		.byte	0x2
 464 01b2 23       		.byte	0x23
 465 01b3 20       		.uleb128 0x20
 466 01b4 06       		.uleb128 0x6
 467 01b5 0E040000 		.4byte	.LASF35
 468 01b9 06       		.byte	0x6
 469 01ba 76       		.byte	0x76
 470 01bb BC000000 		.4byte	0xbc
 471 01bf 02       		.byte	0x2
 472 01c0 23       		.byte	0x23
 473 01c1 21       		.uleb128 0x21
 474 01c2 06       		.uleb128 0x6
 475 01c3 EB040000 		.4byte	.LASF36
 476 01c7 06       		.byte	0x6
 477 01c8 7B       		.byte	0x7b
 478 01c9 D2000000 		.4byte	0xd2
 479 01cd 02       		.byte	0x2
 480 01ce 23       		.byte	0x23
 481 01cf 22       		.uleb128 0x22
 482 01d0 06       		.uleb128 0x6
 483 01d1 CF030000 		.4byte	.LASF37
 484 01d5 06       		.byte	0x6
 485 01d6 81       		.byte	0x81
 486 01d7 DD000000 		.4byte	0xdd
 487 01db 02       		.byte	0x2
 488 01dc 23       		.byte	0x23
 489 01dd 23       		.uleb128 0x23
 490 01de 06       		.uleb128 0x6
 491 01df BD040000 		.4byte	.LASF38
 492 01e3 06       		.byte	0x6
 493 01e4 88       		.byte	0x88
ARM GAS  /tmp/cco4W5lS.s 			page 10


 494 01e5 7E030000 		.4byte	0x37e
 495 01e9 02       		.byte	0x2
 496 01ea 23       		.byte	0x23
 497 01eb 24       		.uleb128 0x24
 498 01ec 07       		.uleb128 0x7
 499 01ed 705F7500 		.ascii	"p_u\000"
 500 01f1 06       		.byte	0x6
 501 01f2 AD       		.byte	0xad
 502 01f3 6D040000 		.4byte	0x46d
 503 01f7 02       		.byte	0x2
 504 01f8 23       		.byte	0x23
 505 01f9 28       		.uleb128 0x28
 506 01fa 06       		.uleb128 0x6
 507 01fb B6050000 		.4byte	.LASF39
 508 01ff 06       		.byte	0x6
 509 0200 B2       		.byte	0xb2
 510 0201 AA020000 		.4byte	0x2aa
 511 0205 02       		.byte	0x2
 512 0206 23       		.byte	0x23
 513 0207 2C       		.uleb128 0x2c
 514 0208 06       		.uleb128 0x6
 515 0209 CB040000 		.4byte	.LASF40
 516 020d 06       		.byte	0x6
 517 020e B8       		.byte	0xb8
 518 020f 88020000 		.4byte	0x288
 519 0213 02       		.byte	0x2
 520 0214 23       		.byte	0x23
 521 0215 30       		.uleb128 0x30
 522 0216 06       		.uleb128 0x6
 523 0217 07000000 		.4byte	.LASF41
 524 021b 06       		.byte	0x6
 525 021c BC       		.byte	0xbc
 526 021d F3000000 		.4byte	0xf3
 527 0221 02       		.byte	0x2
 528 0222 23       		.byte	0x23
 529 0223 38       		.uleb128 0x38
 530 0224 06       		.uleb128 0x6
 531 0225 4E040000 		.4byte	.LASF42
 532 0229 06       		.byte	0x6
 533 022a C2       		.byte	0xc2
 534 022b FE000000 		.4byte	0xfe
 535 022f 02       		.byte	0x2
 536 0230 23       		.byte	0x23
 537 0231 3C       		.uleb128 0x3c
 538 0232 06       		.uleb128 0x6
 539 0233 A1030000 		.4byte	.LASF43
 540 0237 06       		.byte	0x6
 541 0238 C9       		.byte	0xc9
 542 0239 BA040000 		.4byte	0x4ba
 543 023d 02       		.byte	0x2
 544 023e 23       		.byte	0x23
 545 023f 40       		.uleb128 0x40
 546 0240 06       		.uleb128 0x6
 547 0241 A6040000 		.4byte	.LASF44
 548 0245 06       		.byte	0x6
 549 0246 CD       		.byte	0xcd
 550 0247 E8000000 		.4byte	0xe8
ARM GAS  /tmp/cco4W5lS.s 			page 11


 551 024b 02       		.byte	0x2
 552 024c 23       		.byte	0x23
 553 024d 44       		.uleb128 0x44
 554 024e 06       		.uleb128 0x6
 555 024f 13010000 		.4byte	.LASF45
 556 0253 06       		.byte	0x6
 557 0254 D3       		.byte	0xd3
 558 0255 C0020000 		.4byte	0x2c0
 559 0259 02       		.byte	0x2
 560 025a 23       		.byte	0x23
 561 025b 48       		.uleb128 0x48
 562 025c 00       		.byte	0
 563 025d 08       		.uleb128 0x8
 564 025e 08       		.byte	0x8
 565 025f 05       		.byte	0x5
 566 0260 5A       		.byte	0x5a
 567 0261 82020000 		.4byte	0x282
 568 0265 06       		.uleb128 0x6
 569 0266 F2030000 		.4byte	.LASF26
 570 026a 05       		.byte	0x5
 571 026b 5B       		.byte	0x5b
 572 026c 82020000 		.4byte	0x282
 573 0270 02       		.byte	0x2
 574 0271 23       		.byte	0x23
 575 0272 00       		.uleb128 0
 576 0273 06       		.uleb128 0x6
 577 0274 75030000 		.4byte	.LASF27
 578 0278 05       		.byte	0x5
 579 0279 5D       		.byte	0x5d
 580 027a 82020000 		.4byte	0x282
 581 027e 02       		.byte	0x2
 582 027f 23       		.byte	0x23
 583 0280 04       		.uleb128 0x4
 584 0281 00       		.byte	0
 585 0282 09       		.uleb128 0x9
 586 0283 04       		.byte	0x4
 587 0284 1F010000 		.4byte	0x11f
 588 0288 03       		.uleb128 0x3
 589 0289 3A030000 		.4byte	.LASF46
 590 028d 05       		.byte	0x5
 591 028e 5F       		.byte	0x5f
 592 028f 5D020000 		.4byte	0x25d
 593 0293 08       		.uleb128 0x8
 594 0294 04       		.byte	0x4
 595 0295 05       		.byte	0x5
 596 0296 64       		.byte	0x64
 597 0297 AA020000 		.4byte	0x2aa
 598 029b 06       		.uleb128 0x6
 599 029c F2030000 		.4byte	.LASF26
 600 02a0 05       		.byte	0x5
 601 02a1 66       		.byte	0x66
 602 02a2 82020000 		.4byte	0x282
 603 02a6 02       		.byte	0x2
 604 02a7 23       		.byte	0x23
 605 02a8 00       		.uleb128 0
 606 02a9 00       		.byte	0
 607 02aa 03       		.uleb128 0x3
ARM GAS  /tmp/cco4W5lS.s 			page 12


 608 02ab C5020000 		.4byte	.LASF47
 609 02af 05       		.byte	0x5
 610 02b0 69       		.byte	0x69
 611 02b1 93020000 		.4byte	0x293
 612 02b5 03       		.uleb128 0x3
 613 02b6 D7010000 		.4byte	.LASF48
 614 02ba 07       		.byte	0x7
 615 02bb DE       		.byte	0xde
 616 02bc C0020000 		.4byte	0x2c0
 617 02c0 0A       		.uleb128 0xa
 618 02c1 04       		.byte	0x4
 619 02c2 03       		.uleb128 0x3
 620 02c3 ED020000 		.4byte	.LASF49
 621 02c7 07       		.byte	0x7
 622 02c8 E4       		.byte	0xe4
 623 02c9 AA000000 		.4byte	0xaa
 624 02cd 0B       		.uleb128 0xb
 625 02ce 00000000 		.4byte	.LASF50
 626 02d2 24       		.byte	0x24
 627 02d3 07       		.byte	0x7
 628 02d4 0501     		.2byte	0x105
 629 02d6 5B030000 		.4byte	0x35b
 630 02da 0C       		.uleb128 0xc
 631 02db 723400   		.ascii	"r4\000"
 632 02de 07       		.byte	0x7
 633 02df 1801     		.2byte	0x118
 634 02e1 B5020000 		.4byte	0x2b5
 635 02e5 02       		.byte	0x2
 636 02e6 23       		.byte	0x23
 637 02e7 00       		.uleb128 0
 638 02e8 0C       		.uleb128 0xc
 639 02e9 723500   		.ascii	"r5\000"
 640 02ec 07       		.byte	0x7
 641 02ed 1901     		.2byte	0x119
 642 02ef B5020000 		.4byte	0x2b5
 643 02f3 02       		.byte	0x2
 644 02f4 23       		.byte	0x23
 645 02f5 04       		.uleb128 0x4
 646 02f6 0C       		.uleb128 0xc
 647 02f7 723600   		.ascii	"r6\000"
 648 02fa 07       		.byte	0x7
 649 02fb 1A01     		.2byte	0x11a
 650 02fd B5020000 		.4byte	0x2b5
 651 0301 02       		.byte	0x2
 652 0302 23       		.byte	0x23
 653 0303 08       		.uleb128 0x8
 654 0304 0C       		.uleb128 0xc
 655 0305 723700   		.ascii	"r7\000"
 656 0308 07       		.byte	0x7
 657 0309 1B01     		.2byte	0x11b
 658 030b B5020000 		.4byte	0x2b5
 659 030f 02       		.byte	0x2
 660 0310 23       		.byte	0x23
 661 0311 0C       		.uleb128 0xc
 662 0312 0C       		.uleb128 0xc
 663 0313 723800   		.ascii	"r8\000"
 664 0316 07       		.byte	0x7
ARM GAS  /tmp/cco4W5lS.s 			page 13


 665 0317 1C01     		.2byte	0x11c
 666 0319 B5020000 		.4byte	0x2b5
 667 031d 02       		.byte	0x2
 668 031e 23       		.byte	0x23
 669 031f 10       		.uleb128 0x10
 670 0320 0C       		.uleb128 0xc
 671 0321 723900   		.ascii	"r9\000"
 672 0324 07       		.byte	0x7
 673 0325 1D01     		.2byte	0x11d
 674 0327 B5020000 		.4byte	0x2b5
 675 032b 02       		.byte	0x2
 676 032c 23       		.byte	0x23
 677 032d 14       		.uleb128 0x14
 678 032e 0C       		.uleb128 0xc
 679 032f 72313000 		.ascii	"r10\000"
 680 0333 07       		.byte	0x7
 681 0334 1E01     		.2byte	0x11e
 682 0336 B5020000 		.4byte	0x2b5
 683 033a 02       		.byte	0x2
 684 033b 23       		.byte	0x23
 685 033c 18       		.uleb128 0x18
 686 033d 0C       		.uleb128 0xc
 687 033e 72313100 		.ascii	"r11\000"
 688 0342 07       		.byte	0x7
 689 0343 1F01     		.2byte	0x11f
 690 0345 B5020000 		.4byte	0x2b5
 691 0349 02       		.byte	0x2
 692 034a 23       		.byte	0x23
 693 034b 1C       		.uleb128 0x1c
 694 034c 0C       		.uleb128 0xc
 695 034d 6C7200   		.ascii	"lr\000"
 696 0350 07       		.byte	0x7
 697 0351 2001     		.2byte	0x120
 698 0353 B5020000 		.4byte	0x2b5
 699 0357 02       		.byte	0x2
 700 0358 23       		.byte	0x23
 701 0359 20       		.uleb128 0x20
 702 035a 00       		.byte	0
 703 035b 0B       		.uleb128 0xb
 704 035c 6D020000 		.4byte	.LASF51
 705 0360 04       		.byte	0x4
 706 0361 07       		.byte	0x7
 707 0362 2A01     		.2byte	0x12a
 708 0364 78030000 		.4byte	0x378
 709 0368 0C       		.uleb128 0xc
 710 0369 72313300 		.ascii	"r13\000"
 711 036d 07       		.byte	0x7
 712 036e 2B01     		.2byte	0x12b
 713 0370 78030000 		.4byte	0x378
 714 0374 02       		.byte	0x2
 715 0375 23       		.byte	0x23
 716 0376 00       		.uleb128 0
 717 0377 00       		.byte	0
 718 0378 09       		.uleb128 0x9
 719 0379 04       		.byte	0x4
 720 037a CD020000 		.4byte	0x2cd
 721 037e 0D       		.uleb128 0xd
ARM GAS  /tmp/cco4W5lS.s 			page 14


 722 037f 09010000 		.4byte	0x109
 723 0383 05       		.uleb128 0x5
 724 0384 D6040000 		.4byte	.LASF52
 725 0388 0C       		.byte	0xc
 726 0389 08       		.byte	0x8
 727 038a 25       		.byte	0x25
 728 038b AC030000 		.4byte	0x3ac
 729 038f 06       		.uleb128 0x6
 730 0390 CF010000 		.4byte	.LASF53
 731 0394 08       		.byte	0x8
 732 0395 26       		.byte	0x26
 733 0396 88020000 		.4byte	0x288
 734 039a 02       		.byte	0x2
 735 039b 23       		.byte	0x23
 736 039c 00       		.uleb128 0
 737 039d 06       		.uleb128 0x6
 738 039e 57020000 		.4byte	.LASF54
 739 03a2 08       		.byte	0x8
 740 03a3 28       		.byte	0x28
 741 03a4 14010000 		.4byte	0x114
 742 03a8 02       		.byte	0x2
 743 03a9 23       		.byte	0x23
 744 03aa 08       		.uleb128 0x8
 745 03ab 00       		.byte	0
 746 03ac 03       		.uleb128 0x3
 747 03ad D6040000 		.4byte	.LASF52
 748 03b1 08       		.byte	0x8
 749 03b2 29       		.byte	0x29
 750 03b3 83030000 		.4byte	0x383
 751 03b7 05       		.uleb128 0x5
 752 03b8 DD020000 		.4byte	.LASF55
 753 03bc 10       		.byte	0x10
 754 03bd 09       		.byte	0x9
 755 03be 25       		.byte	0x25
 756 03bf EE030000 		.4byte	0x3ee
 757 03c3 06       		.uleb128 0x6
 758 03c4 1B010000 		.4byte	.LASF56
 759 03c8 09       		.byte	0x9
 760 03c9 26       		.byte	0x26
 761 03ca 88020000 		.4byte	0x288
 762 03ce 02       		.byte	0x2
 763 03cf 23       		.byte	0x23
 764 03d0 00       		.uleb128 0
 765 03d1 06       		.uleb128 0x6
 766 03d2 90050000 		.4byte	.LASF57
 767 03d6 09       		.byte	0x9
 768 03d7 28       		.byte	0x28
 769 03d8 82020000 		.4byte	0x282
 770 03dc 02       		.byte	0x2
 771 03dd 23       		.byte	0x23
 772 03de 08       		.uleb128 0x8
 773 03df 06       		.uleb128 0x6
 774 03e0 95040000 		.4byte	.LASF58
 775 03e4 09       		.byte	0x9
 776 03e5 2A       		.byte	0x2a
 777 03e6 EE030000 		.4byte	0x3ee
 778 03ea 02       		.byte	0x2
ARM GAS  /tmp/cco4W5lS.s 			page 15


 779 03eb 23       		.byte	0x23
 780 03ec 0C       		.uleb128 0xc
 781 03ed 00       		.byte	0
 782 03ee 09       		.uleb128 0x9
 783 03ef 04       		.byte	0x4
 784 03f0 B7030000 		.4byte	0x3b7
 785 03f4 03       		.uleb128 0x3
 786 03f5 DD020000 		.4byte	.LASF55
 787 03f9 09       		.byte	0x9
 788 03fa 2C       		.byte	0x2c
 789 03fb B7030000 		.4byte	0x3b7
 790 03ff 08       		.uleb128 0x8
 791 0400 28       		.byte	0x28
 792 0401 0A       		.byte	0xa
 793 0402 2C       		.byte	0x2c
 794 0403 5C040000 		.4byte	0x45c
 795 0407 06       		.uleb128 0x6
 796 0408 47030000 		.4byte	.LASF59
 797 040c 0A       		.byte	0xa
 798 040d 2D       		.byte	0x2d
 799 040e 5C040000 		.4byte	0x45c
 800 0412 02       		.byte	0x2
 801 0413 23       		.byte	0x23
 802 0414 00       		.uleb128 0
 803 0415 06       		.uleb128 0x6
 804 0416 9A030000 		.4byte	.LASF60
 805 041a 0A       		.byte	0xa
 806 041b 2F       		.byte	0x2f
 807 041c 5C040000 		.4byte	0x45c
 808 0420 02       		.byte	0x2
 809 0421 23       		.byte	0x23
 810 0422 04       		.uleb128 0x4
 811 0423 06       		.uleb128 0x6
 812 0424 CE000000 		.4byte	.LASF61
 813 0428 0A       		.byte	0xa
 814 0429 31       		.byte	0x31
 815 042a 5C040000 		.4byte	0x45c
 816 042e 02       		.byte	0x2
 817 042f 23       		.byte	0x23
 818 0430 08       		.uleb128 0x8
 819 0431 06       		.uleb128 0x6
 820 0432 0D030000 		.4byte	.LASF62
 821 0436 0A       		.byte	0xa
 822 0437 32       		.byte	0x32
 823 0438 5C040000 		.4byte	0x45c
 824 043c 02       		.byte	0x2
 825 043d 23       		.byte	0x23
 826 043e 0C       		.uleb128 0xc
 827 043f 06       		.uleb128 0x6
 828 0440 E0040000 		.4byte	.LASF63
 829 0444 0A       		.byte	0xa
 830 0445 33       		.byte	0x33
 831 0446 AC030000 		.4byte	0x3ac
 832 044a 02       		.byte	0x2
 833 044b 23       		.byte	0x23
 834 044c 10       		.uleb128 0x10
 835 044d 06       		.uleb128 0x6
ARM GAS  /tmp/cco4W5lS.s 			page 16


 836 044e 4B020000 		.4byte	.LASF64
 837 0452 0A       		.byte	0xa
 838 0453 35       		.byte	0x35
 839 0454 AC030000 		.4byte	0x3ac
 840 0458 02       		.byte	0x2
 841 0459 23       		.byte	0x23
 842 045a 1C       		.uleb128 0x1c
 843 045b 00       		.byte	0
 844 045c 09       		.uleb128 0x9
 845 045d 04       		.byte	0x4
 846 045e F3000000 		.4byte	0xf3
 847 0462 03       		.uleb128 0x3
 848 0463 94000000 		.4byte	.LASF65
 849 0467 0A       		.byte	0xa
 850 0468 37       		.byte	0x37
 851 0469 FF030000 		.4byte	0x3ff
 852 046d 0E       		.uleb128 0xe
 853 046e 04       		.byte	0x4
 854 046f 06       		.byte	0x6
 855 0470 8F       		.byte	0x8f
 856 0471 A2040000 		.4byte	0x4a2
 857 0475 0F       		.uleb128 0xf
 858 0476 19000000 		.4byte	.LASF66
 859 047a 06       		.byte	0x6
 860 047b 96       		.byte	0x96
 861 047c F3000000 		.4byte	0xf3
 862 0480 0F       		.uleb128 0xf
 863 0481 B8000000 		.4byte	.LASF67
 864 0485 06       		.byte	0x6
 865 0486 9D       		.byte	0x9d
 866 0487 F3000000 		.4byte	0xf3
 867 048b 0F       		.uleb128 0xf
 868 048c 32050000 		.4byte	.LASF68
 869 0490 06       		.byte	0x6
 870 0491 A4       		.byte	0xa4
 871 0492 C0020000 		.4byte	0x2c0
 872 0496 0F       		.uleb128 0xf
 873 0497 EB030000 		.4byte	.LASF69
 874 049b 06       		.byte	0x6
 875 049c AB       		.byte	0xab
 876 049d FE000000 		.4byte	0xfe
 877 04a1 00       		.byte	0
 878 04a2 09       		.uleb128 0x9
 879 04a3 04       		.byte	0x4
 880 04a4 A8040000 		.4byte	0x4a8
 881 04a8 10       		.uleb128 0x10
 882 04a9 AD040000 		.4byte	0x4ad
 883 04ad 04       		.uleb128 0x4
 884 04ae 01       		.byte	0x1
 885 04af 08       		.byte	0x8
 886 04b0 62040000 		.4byte	.LASF70
 887 04b4 09       		.uleb128 0x9
 888 04b5 04       		.byte	0x4
 889 04b6 C2020000 		.4byte	0x2c2
 890 04ba 09       		.uleb128 0x9
 891 04bb 04       		.byte	0x4
 892 04bc F4030000 		.4byte	0x3f4
ARM GAS  /tmp/cco4W5lS.s 			page 17


 893 04c0 03       		.uleb128 0x3
 894 04c1 08030000 		.4byte	.LASF71
 895 04c5 0B       		.byte	0xb
 896 04c6 3C       		.byte	0x3c
 897 04c7 54000000 		.4byte	0x54
 898 04cb 03       		.uleb128 0x3
 899 04cc 49040000 		.4byte	.LASF72
 900 04d0 0B       		.byte	0xb
 901 04d1 3D       		.byte	0x3d
 902 04d2 42000000 		.4byte	0x42
 903 04d6 03       		.uleb128 0x3
 904 04d7 88040000 		.4byte	.LASF73
 905 04db 0B       		.byte	0xb
 906 04dc 3E       		.byte	0x3e
 907 04dd 6D000000 		.4byte	0x6d
 908 04e1 03       		.uleb128 0x3
 909 04e2 45020000 		.4byte	.LASF74
 910 04e6 0B       		.byte	0xb
 911 04e7 40       		.byte	0x40
 912 04e8 91000000 		.4byte	0x91
 913 04ec 03       		.uleb128 0x3
 914 04ed F8020000 		.4byte	.LASF75
 915 04f1 0C       		.byte	0xc
 916 04f2 2F       		.byte	0x2f
 917 04f3 CB040000 		.4byte	0x4cb
 918 04f7 05       		.uleb128 0x5
 919 04f8 0D000000 		.4byte	.LASF76
 920 04fc 10       		.byte	0x10
 921 04fd 0D       		.byte	0xd
 922 04fe 49       		.byte	0x49
 923 04ff 66050000 		.4byte	0x566
 924 0503 06       		.uleb128 0x6
 925 0504 D7000000 		.4byte	.LASF77
 926 0508 0D       		.byte	0xd
 927 0509 4B       		.byte	0x4b
 928 050a 66050000 		.4byte	0x566
 929 050e 02       		.byte	0x2
 930 050f 23       		.byte	0x23
 931 0510 00       		.uleb128 0
 932 0511 06       		.uleb128 0x6
 933 0512 1E030000 		.4byte	.LASF78
 934 0516 0D       		.byte	0xd
 935 0517 4E       		.byte	0x4e
 936 0518 C0020000 		.4byte	0x2c0
 937 051c 02       		.byte	0x2
 938 051d 23       		.byte	0x23
 939 051e 04       		.uleb128 0x4
 940 051f 06       		.uleb128 0x6
 941 0520 35010000 		.4byte	.LASF79
 942 0524 0D       		.byte	0xd
 943 0525 57       		.byte	0x57
 944 0526 D6040000 		.4byte	0x4d6
 945 052a 02       		.byte	0x2
 946 052b 23       		.byte	0x23
 947 052c 08       		.uleb128 0x8
 948 052d 07       		.uleb128 0x7
 949 052e 6C656E00 		.ascii	"len\000"
ARM GAS  /tmp/cco4W5lS.s 			page 18


 950 0532 0D       		.byte	0xd
 951 0533 5A       		.byte	0x5a
 952 0534 D6040000 		.4byte	0x4d6
 953 0538 02       		.byte	0x2
 954 0539 23       		.byte	0x23
 955 053a 0A       		.uleb128 0xa
 956 053b 06       		.uleb128 0x6
 957 053c 8F000000 		.4byte	.LASF80
 958 0540 0D       		.byte	0xd
 959 0541 5D       		.byte	0x5d
 960 0542 C0040000 		.4byte	0x4c0
 961 0546 02       		.byte	0x2
 962 0547 23       		.byte	0x23
 963 0548 0C       		.uleb128 0xc
 964 0549 06       		.uleb128 0x6
 965 054a 08050000 		.4byte	.LASF81
 966 054e 0D       		.byte	0xd
 967 054f 60       		.byte	0x60
 968 0550 C0040000 		.4byte	0x4c0
 969 0554 02       		.byte	0x2
 970 0555 23       		.byte	0x23
 971 0556 0D       		.uleb128 0xd
 972 0557 07       		.uleb128 0x7
 973 0558 72656600 		.ascii	"ref\000"
 974 055c 0D       		.byte	0xd
 975 055d 67       		.byte	0x67
 976 055e D6040000 		.4byte	0x4d6
 977 0562 02       		.byte	0x2
 978 0563 23       		.byte	0x23
 979 0564 0E       		.uleb128 0xe
 980 0565 00       		.byte	0
 981 0566 09       		.uleb128 0x9
 982 0567 04       		.byte	0x4
 983 0568 F7040000 		.4byte	0x4f7
 984 056c 05       		.uleb128 0x5
 985 056d 16030000 		.4byte	.LASF82
 986 0571 04       		.byte	0x4
 987 0572 0E       		.byte	0xe
 988 0573 2C       		.byte	0x2c
 989 0574 87050000 		.4byte	0x587
 990 0578 06       		.uleb128 0x6
 991 0579 B3000000 		.4byte	.LASF83
 992 057d 0E       		.byte	0xe
 993 057e 2D       		.byte	0x2d
 994 057f E1040000 		.4byte	0x4e1
 995 0583 02       		.byte	0x2
 996 0584 23       		.byte	0x23
 997 0585 00       		.uleb128 0
 998 0586 00       		.byte	0
 999 0587 03       		.uleb128 0x3
 1000 0588 FE020000 		.4byte	.LASF84
 1001 058c 0E       		.byte	0xe
 1002 058d 40       		.byte	0x40
 1003 058e 6C050000 		.4byte	0x56c
 1004 0592 05       		.uleb128 0x5
 1005 0593 D9030000 		.4byte	.LASF85
 1006 0597 10       		.byte	0x10
ARM GAS  /tmp/cco4W5lS.s 			page 19


 1007 0598 0F       		.byte	0xf
 1008 0599 30       		.byte	0x30
 1009 059a D5050000 		.4byte	0x5d5
 1010 059e 07       		.uleb128 0x7
 1011 059f 7000     		.ascii	"p\000"
 1012 05a1 0F       		.byte	0xf
 1013 05a2 31       		.byte	0x31
 1014 05a3 66050000 		.4byte	0x566
 1015 05a7 02       		.byte	0x2
 1016 05a8 23       		.byte	0x23
 1017 05a9 00       		.uleb128 0
 1018 05aa 07       		.uleb128 0x7
 1019 05ab 70747200 		.ascii	"ptr\000"
 1020 05af 0F       		.byte	0xf
 1021 05b0 31       		.byte	0x31
 1022 05b1 66050000 		.4byte	0x566
 1023 05b5 02       		.byte	0x2
 1024 05b6 23       		.byte	0x23
 1025 05b7 04       		.uleb128 0x4
 1026 05b8 06       		.uleb128 0x6
 1027 05b9 B3000000 		.4byte	.LASF83
 1028 05bd 0F       		.byte	0xf
 1029 05be 32       		.byte	0x32
 1030 05bf 87050000 		.4byte	0x587
 1031 05c3 02       		.byte	0x2
 1032 05c4 23       		.byte	0x23
 1033 05c5 08       		.uleb128 0x8
 1034 05c6 06       		.uleb128 0x6
 1035 05c7 EE010000 		.4byte	.LASF86
 1036 05cb 0F       		.byte	0xf
 1037 05cc 33       		.byte	0x33
 1038 05cd D6040000 		.4byte	0x4d6
 1039 05d1 02       		.byte	0x2
 1040 05d2 23       		.byte	0x23
 1041 05d3 0C       		.uleb128 0xc
 1042 05d4 00       		.byte	0
 1043 05d5 03       		.uleb128 0x3
 1044 05d6 E3000000 		.4byte	.LASF87
 1045 05da 10       		.byte	0x10
 1046 05db 3C       		.byte	0x3c
 1047 05dc E0050000 		.4byte	0x5e0
 1048 05e0 09       		.uleb128 0x9
 1049 05e1 04       		.byte	0x4
 1050 05e2 AC030000 		.4byte	0x3ac
 1051 05e6 03       		.uleb128 0x3
 1052 05e7 E0030000 		.4byte	.LASF88
 1053 05eb 10       		.byte	0x10
 1054 05ec 3D       		.byte	0x3d
 1055 05ed F1050000 		.4byte	0x5f1
 1056 05f1 09       		.uleb128 0x9
 1057 05f2 04       		.byte	0x4
 1058 05f3 62040000 		.4byte	0x462
 1059 05f7 11       		.uleb128 0x11
 1060 05f8 60030000 		.4byte	.LASF95
 1061 05fc 01       		.byte	0x1
 1062 05fd 11       		.byte	0x11
 1063 05fe 53       		.byte	0x53
ARM GAS  /tmp/cco4W5lS.s 			page 20


 1064 05ff 29060000 		.4byte	0x629
 1065 0603 12       		.uleb128 0x12
 1066 0604 1A050000 		.4byte	.LASF89
 1067 0608 00       		.sleb128 0
 1068 0609 12       		.uleb128 0x12
 1069 060a 9A010000 		.4byte	.LASF90
 1070 060e 10       		.sleb128 16
 1071 060f 12       		.uleb128 0x12
 1072 0610 07010000 		.4byte	.LASF91
 1073 0614 20       		.sleb128 32
 1074 0615 12       		.uleb128 0x12
 1075 0616 98050000 		.4byte	.LASF92
 1076 061a 21       		.sleb128 33
 1077 061b 12       		.uleb128 0x12
 1078 061c 1D040000 		.4byte	.LASF93
 1079 0620 22       		.sleb128 34
 1080 0621 12       		.uleb128 0x12
 1081 0622 F3010000 		.4byte	.LASF94
 1082 0626 C000     		.sleb128 64
 1083 0628 00       		.byte	0
 1084 0629 11       		.uleb128 0x11
 1085 062a F2040000 		.4byte	.LASF96
 1086 062e 01       		.byte	0x1
 1087 062f 11       		.byte	0x11
 1088 0630 61       		.byte	0x61
 1089 0631 54060000 		.4byte	0x654
 1090 0635 12       		.uleb128 0x12
 1091 0636 54050000 		.4byte	.LASF97
 1092 063a 00       		.sleb128 0
 1093 063b 12       		.uleb128 0x12
 1094 063c A7020000 		.4byte	.LASF98
 1095 0640 01       		.sleb128 1
 1096 0641 12       		.uleb128 0x12
 1097 0642 51030000 		.4byte	.LASF99
 1098 0646 02       		.sleb128 2
 1099 0647 12       		.uleb128 0x12
 1100 0648 75020000 		.4byte	.LASF100
 1101 064c 03       		.sleb128 3
 1102 064d 12       		.uleb128 0x12
 1103 064e E0010000 		.4byte	.LASF101
 1104 0652 04       		.sleb128 4
 1105 0653 00       		.byte	0
 1106 0654 11       		.uleb128 0x11
 1107 0655 0E050000 		.4byte	.LASF102
 1108 0659 01       		.byte	0x1
 1109 065a 11       		.byte	0x11
 1110 065b 6A       		.byte	0x6a
 1111 065c 7F060000 		.4byte	0x67f
 1112 0660 12       		.uleb128 0x12
 1113 0661 39050000 		.4byte	.LASF103
 1114 0665 00       		.sleb128 0
 1115 0666 12       		.uleb128 0x12
 1116 0667 F9030000 		.4byte	.LASF104
 1117 066b 01       		.sleb128 1
 1118 066c 12       		.uleb128 0x12
 1119 066d 73040000 		.4byte	.LASF105
 1120 0671 02       		.sleb128 2
ARM GAS  /tmp/cco4W5lS.s 			page 21


 1121 0672 12       		.uleb128 0x12
 1122 0673 7A050000 		.4byte	.LASF106
 1123 0677 03       		.sleb128 3
 1124 0678 12       		.uleb128 0x12
 1125 0679 BD030000 		.4byte	.LASF107
 1126 067d 04       		.sleb128 4
 1127 067e 00       		.byte	0
 1128 067f 03       		.uleb128 0x3
 1129 0680 38040000 		.4byte	.LASF108
 1130 0684 11       		.byte	0x11
 1131 0685 83       		.byte	0x83
 1132 0686 8A060000 		.4byte	0x68a
 1133 068a 09       		.uleb128 0x9
 1134 068b 04       		.byte	0x4
 1135 068c 90060000 		.4byte	0x690
 1136 0690 13       		.uleb128 0x13
 1137 0691 01       		.byte	0x1
 1138 0692 A6060000 		.4byte	0x6a6
 1139 0696 14       		.uleb128 0x14
 1140 0697 A6060000 		.4byte	0x6a6
 1141 069b 14       		.uleb128 0x14
 1142 069c 54060000 		.4byte	0x654
 1143 06a0 14       		.uleb128 0x14
 1144 06a1 D6040000 		.4byte	0x4d6
 1145 06a5 00       		.byte	0
 1146 06a6 09       		.uleb128 0x9
 1147 06a7 04       		.byte	0x4
 1148 06a8 AC060000 		.4byte	0x6ac
 1149 06ac 05       		.uleb128 0x5
 1150 06ad 23010000 		.4byte	.LASF109
 1151 06b1 2C       		.byte	0x2c
 1152 06b2 11       		.byte	0x11
 1153 06b3 86       		.byte	0x86
 1154 06b4 61070000 		.4byte	0x761
 1155 06b8 06       		.uleb128 0x6
 1156 06b9 8F000000 		.4byte	.LASF80
 1157 06bd 11       		.byte	0x11
 1158 06be 88       		.byte	0x88
 1159 06bf F7050000 		.4byte	0x5f7
 1160 06c3 02       		.byte	0x2
 1161 06c4 23       		.byte	0x23
 1162 06c5 00       		.uleb128 0
 1163 06c6 06       		.uleb128 0x6
 1164 06c7 3D010000 		.4byte	.LASF110
 1165 06cb 11       		.byte	0x11
 1166 06cc 8A       		.byte	0x8a
 1167 06cd 29060000 		.4byte	0x629
 1168 06d1 02       		.byte	0x2
 1169 06d2 23       		.byte	0x23
 1170 06d3 01       		.uleb128 0x1
 1171 06d4 07       		.uleb128 0x7
 1172 06d5 70636200 		.ascii	"pcb\000"
 1173 06d9 11       		.byte	0x11
 1174 06da 91       		.byte	0x91
 1175 06db 61070000 		.4byte	0x761
 1176 06df 02       		.byte	0x2
 1177 06e0 23       		.byte	0x23
ARM GAS  /tmp/cco4W5lS.s 			page 22


 1178 06e1 04       		.uleb128 0x4
 1179 06e2 06       		.uleb128 0x6
 1180 06e3 B5010000 		.4byte	.LASF111
 1181 06e7 11       		.byte	0x11
 1182 06e8 93       		.byte	0x93
 1183 06e9 EC040000 		.4byte	0x4ec
 1184 06ed 02       		.byte	0x2
 1185 06ee 23       		.byte	0x23
 1186 06ef 08       		.uleb128 0x8
 1187 06f0 06       		.uleb128 0x6
 1188 06f1 C1000000 		.4byte	.LASF112
 1189 06f5 11       		.byte	0x11
 1190 06f6 95       		.byte	0x95
 1191 06f7 D5050000 		.4byte	0x5d5
 1192 06fb 02       		.byte	0x2
 1193 06fc 23       		.byte	0x23
 1194 06fd 0C       		.uleb128 0xc
 1195 06fe 06       		.uleb128 0x6
 1196 06ff 2A020000 		.4byte	.LASF113
 1197 0703 11       		.byte	0x11
 1198 0704 98       		.byte	0x98
 1199 0705 E6050000 		.4byte	0x5e6
 1200 0709 02       		.byte	0x2
 1201 070a 23       		.byte	0x23
 1202 070b 10       		.uleb128 0x10
 1203 070c 06       		.uleb128 0x6
 1204 070d 6F050000 		.4byte	.LASF114
 1205 0711 11       		.byte	0x11
 1206 0712 9C       		.byte	0x9c
 1207 0713 E6050000 		.4byte	0x5e6
 1208 0717 02       		.byte	0x2
 1209 0718 23       		.byte	0x23
 1210 0719 14       		.uleb128 0x14
 1211 071a 06       		.uleb128 0x6
 1212 071b 20000000 		.4byte	.LASF115
 1213 071f 11       		.byte	0x11
 1214 0720 A0       		.byte	0xa0
 1215 0721 29000000 		.4byte	0x29
 1216 0725 02       		.byte	0x2
 1217 0726 23       		.byte	0x23
 1218 0727 18       		.uleb128 0x18
 1219 0728 06       		.uleb128 0x6
 1220 0729 08050000 		.4byte	.LASF81
 1221 072d 11       		.byte	0x11
 1222 072e B1       		.byte	0xb1
 1223 072f C0040000 		.4byte	0x4c0
 1224 0733 02       		.byte	0x2
 1225 0734 23       		.byte	0x23
 1226 0735 1C       		.uleb128 0x1c
 1227 0736 06       		.uleb128 0x6
 1228 0737 1D020000 		.4byte	.LASF116
 1229 073b 11       		.byte	0x11
 1230 073c B5       		.byte	0xb5
 1231 073d 30000000 		.4byte	0x30
 1232 0741 02       		.byte	0x2
 1233 0742 23       		.byte	0x23
 1234 0743 20       		.uleb128 0x20
ARM GAS  /tmp/cco4W5lS.s 			page 23


 1235 0744 06       		.uleb128 0x6
 1236 0745 67040000 		.4byte	.LASF117
 1237 0749 11       		.byte	0x11
 1238 074a B9       		.byte	0xb9
 1239 074b CB070000 		.4byte	0x7cb
 1240 074f 02       		.byte	0x2
 1241 0750 23       		.byte	0x23
 1242 0751 24       		.uleb128 0x24
 1243 0752 06       		.uleb128 0x6
 1244 0753 9E020000 		.4byte	.LASF118
 1245 0757 11       		.byte	0x11
 1246 0758 BC       		.byte	0xbc
 1247 0759 7F060000 		.4byte	0x67f
 1248 075d 02       		.byte	0x2
 1249 075e 23       		.byte	0x23
 1250 075f 28       		.uleb128 0x28
 1251 0760 00       		.byte	0
 1252 0761 0E       		.uleb128 0xe
 1253 0762 04       		.byte	0x4
 1254 0763 11       		.byte	0x11
 1255 0764 8C       		.byte	0x8c
 1256 0765 95070000 		.4byte	0x795
 1257 0769 15       		.uleb128 0x15
 1258 076a 697000   		.ascii	"ip\000"
 1259 076d 11       		.byte	0x11
 1260 076e 8D       		.byte	0x8d
 1261 076f 9B070000 		.4byte	0x79b
 1262 0773 15       		.uleb128 0x15
 1263 0774 74637000 		.ascii	"tcp\000"
 1264 0778 11       		.byte	0x11
 1265 0779 8E       		.byte	0x8e
 1266 077a A7070000 		.4byte	0x7a7
 1267 077e 15       		.uleb128 0x15
 1268 077f 75647000 		.ascii	"udp\000"
 1269 0783 11       		.byte	0x11
 1270 0784 8F       		.byte	0x8f
 1271 0785 B3070000 		.4byte	0x7b3
 1272 0789 15       		.uleb128 0x15
 1273 078a 72617700 		.ascii	"raw\000"
 1274 078e 11       		.byte	0x11
 1275 078f 90       		.byte	0x90
 1276 0790 BF070000 		.4byte	0x7bf
 1277 0794 00       		.byte	0
 1278 0795 16       		.uleb128 0x16
 1279 0796 8E040000 		.4byte	.LASF119
 1280 079a 01       		.byte	0x1
 1281 079b 09       		.uleb128 0x9
 1282 079c 04       		.byte	0x4
 1283 079d 95070000 		.4byte	0x795
 1284 07a1 16       		.uleb128 0x16
 1285 07a2 A8050000 		.4byte	.LASF120
 1286 07a6 01       		.byte	0x1
 1287 07a7 09       		.uleb128 0x9
 1288 07a8 04       		.byte	0x4
 1289 07a9 A1070000 		.4byte	0x7a1
 1290 07ad 16       		.uleb128 0x16
 1291 07ae 2A050000 		.4byte	.LASF121
ARM GAS  /tmp/cco4W5lS.s 			page 24


 1292 07b2 01       		.byte	0x1
 1293 07b3 09       		.uleb128 0x9
 1294 07b4 04       		.byte	0x4
 1295 07b5 AD070000 		.4byte	0x7ad
 1296 07b9 16       		.uleb128 0x16
 1297 07ba BD020000 		.4byte	.LASF122
 1298 07be 01       		.byte	0x1
 1299 07bf 09       		.uleb128 0x9
 1300 07c0 04       		.byte	0x4
 1301 07c1 B9070000 		.4byte	0x7b9
 1302 07c5 16       		.uleb128 0x16
 1303 07c6 B1040000 		.4byte	.LASF123
 1304 07ca 01       		.byte	0x1
 1305 07cb 09       		.uleb128 0x9
 1306 07cc 04       		.byte	0x4
 1307 07cd C5070000 		.4byte	0x7c5
 1308 07d1 17       		.uleb128 0x17
 1309 07d2 7D000000 		.4byte	.LASF133
 1310 07d6 01       		.byte	0x1
 1311 07d7 2E       		.byte	0x2e
 1312 07d8 01       		.byte	0x1
 1313 07d9 00000000 		.4byte	.LFB7
 1314 07dd AE000000 		.4byte	.LFE7
 1315 07e1 00000000 		.4byte	.LLST0
 1316 07e5 30080000 		.4byte	0x830
 1317 07e9 18       		.uleb128 0x18
 1318 07ea 4C010000 		.4byte	.LASF126
 1319 07ee 01       		.byte	0x1
 1320 07ef 2E       		.byte	0x2e
 1321 07f0 A6060000 		.4byte	0x6a6
 1322 07f4 02       		.byte	0x2
 1323 07f5 91       		.byte	0x91
 1324 07f6 64       		.sleb128 -28
 1325 07f7 19       		.uleb128 0x19
 1326 07f8 AF010000 		.4byte	.LASF124
 1327 07fc 01       		.byte	0x1
 1328 07fd 2F       		.byte	0x2f
 1329 07fe 30080000 		.4byte	0x830
 1330 0802 02       		.byte	0x2
 1331 0803 91       		.byte	0x91
 1332 0804 70       		.sleb128 -16
 1333 0805 1A       		.uleb128 0x1a
 1334 0806 62756600 		.ascii	"buf\000"
 1335 080a 01       		.byte	0x1
 1336 080b 30       		.byte	0x30
 1337 080c 36080000 		.4byte	0x836
 1338 0810 02       		.byte	0x2
 1339 0811 91       		.byte	0x91
 1340 0812 6C       		.sleb128 -20
 1341 0813 19       		.uleb128 0x19
 1342 0814 16040000 		.4byte	.LASF125
 1343 0818 01       		.byte	0x1
 1344 0819 31       		.byte	0x31
 1345 081a D6040000 		.4byte	0x4d6
 1346 081e 02       		.byte	0x2
 1347 081f 91       		.byte	0x91
 1348 0820 6A       		.sleb128 -22
ARM GAS  /tmp/cco4W5lS.s 			page 25


 1349 0821 1A       		.uleb128 0x1a
 1350 0822 65727200 		.ascii	"err\000"
 1351 0826 01       		.byte	0x1
 1352 0827 32       		.byte	0x32
 1353 0828 EC040000 		.4byte	0x4ec
 1354 082c 02       		.byte	0x2
 1355 082d 91       		.byte	0x91
 1356 082e 77       		.sleb128 -9
 1357 082f 00       		.byte	0
 1358 0830 09       		.uleb128 0x9
 1359 0831 04       		.byte	0x4
 1360 0832 92050000 		.4byte	0x592
 1361 0836 09       		.uleb128 0x9
 1362 0837 04       		.byte	0x4
 1363 0838 AD040000 		.4byte	0x4ad
 1364 083c 1B       		.uleb128 0x1b
 1365 083d 01       		.byte	0x1
 1366 083e 26030000 		.4byte	.LASF134
 1367 0842 01       		.byte	0x1
 1368 0843 5E       		.byte	0x5e
 1369 0844 01       		.byte	0x1
 1370 0845 F3000000 		.4byte	0xf3
 1371 0849 00000000 		.4byte	.LFB8
 1372 084d 7C000000 		.4byte	.LFE8
 1373 0851 2C000000 		.4byte	.LLST1
 1374 0855 90080000 		.4byte	0x890
 1375 0859 1C       		.uleb128 0x1c
 1376 085a 7000     		.ascii	"p\000"
 1377 085c 01       		.byte	0x1
 1378 085d 5E       		.byte	0x5e
 1379 085e C0020000 		.4byte	0x2c0
 1380 0862 02       		.byte	0x2
 1381 0863 91       		.byte	0x91
 1382 0864 64       		.sleb128 -28
 1383 0865 19       		.uleb128 0x19
 1384 0866 4C010000 		.4byte	.LASF126
 1385 086a 01       		.byte	0x1
 1386 086b 5F       		.byte	0x5f
 1387 086c A6060000 		.4byte	0x6a6
 1388 0870 02       		.byte	0x2
 1389 0871 91       		.byte	0x91
 1390 0872 74       		.sleb128 -12
 1391 0873 19       		.uleb128 0x19
 1392 0874 75000000 		.4byte	.LASF127
 1393 0878 01       		.byte	0x1
 1394 0879 5F       		.byte	0x5f
 1395 087a A6060000 		.4byte	0x6a6
 1396 087e 02       		.byte	0x2
 1397 087f 91       		.byte	0x91
 1398 0880 6C       		.sleb128 -20
 1399 0881 1A       		.uleb128 0x1a
 1400 0882 65727200 		.ascii	"err\000"
 1401 0886 01       		.byte	0x1
 1402 0887 60       		.byte	0x60
 1403 0888 EC040000 		.4byte	0x4ec
 1404 088c 02       		.byte	0x2
 1405 088d 91       		.byte	0x91
ARM GAS  /tmp/cco4W5lS.s 			page 26


 1406 088e 73       		.sleb128 -13
 1407 088f 00       		.byte	0
 1408 0890 1D       		.uleb128 0x1d
 1409 0891 AD040000 		.4byte	0x4ad
 1410 0895 A0080000 		.4byte	0x8a0
 1411 0899 1E       		.uleb128 0x1e
 1412 089a 3B000000 		.4byte	0x3b
 1413 089e 2C       		.byte	0x2c
 1414 089f 00       		.byte	0
 1415 08a0 19       		.uleb128 0x19
 1416 08a1 61050000 		.4byte	.LASF128
 1417 08a5 01       		.byte	0x1
 1418 08a6 2B       		.byte	0x2b
 1419 08a7 B1080000 		.4byte	0x8b1
 1420 08ab 05       		.byte	0x5
 1421 08ac 03       		.byte	0x3
 1422 08ad 00000000 		.4byte	http_html_hdr
 1423 08b1 10       		.uleb128 0x10
 1424 08b2 90080000 		.4byte	0x890
 1425 08b6 1D       		.uleb128 0x1d
 1426 08b7 AD040000 		.4byte	0x4ad
 1427 08bb C6080000 		.4byte	0x8c6
 1428 08bf 1E       		.uleb128 0x1e
 1429 08c0 3B000000 		.4byte	0x3b
 1430 08c4 85       		.byte	0x85
 1431 08c5 00       		.byte	0
 1432 08c6 19       		.uleb128 0x19
 1433 08c7 5D020000 		.4byte	.LASF129
 1434 08cb 01       		.byte	0x1
 1435 08cc 2C       		.byte	0x2c
 1436 08cd D7080000 		.4byte	0x8d7
 1437 08d1 05       		.byte	0x5
 1438 08d2 03       		.byte	0x3
 1439 08d3 00000000 		.4byte	http_index_html
 1440 08d7 10       		.uleb128 0x10
 1441 08d8 B6080000 		.4byte	0x8b6
 1442 08dc 1D       		.uleb128 0x1d
 1443 08dd C2020000 		.4byte	0x2c2
 1444 08e1 EC080000 		.4byte	0x8ec
 1445 08e5 1E       		.uleb128 0x1e
 1446 08e6 3B000000 		.4byte	0x3b
 1447 08ea 95       		.byte	0x95
 1448 08eb 00       		.byte	0
 1449 08ec 1F       		.uleb128 0x1f
 1450 08ed C0050000 		.4byte	.LASF135
 1451 08f1 01       		.byte	0x1
 1452 08f2 59       		.byte	0x59
 1453 08f3 DC080000 		.4byte	0x8dc
 1454 08f7 01       		.byte	0x1
 1455 08f8 05       		.byte	0x5
 1456 08f9 03       		.byte	0x3
 1457 08fa 00000000 		.4byte	wa_http_server
 1458 08fe 00       		.byte	0
 1459              		.section	.debug_abbrev,"",%progbits
 1460              	.Ldebug_abbrev0:
 1461 0000 01       		.uleb128 0x1
 1462 0001 11       		.uleb128 0x11
ARM GAS  /tmp/cco4W5lS.s 			page 27


 1463 0002 01       		.byte	0x1
 1464 0003 25       		.uleb128 0x25
 1465 0004 0E       		.uleb128 0xe
 1466 0005 13       		.uleb128 0x13
 1467 0006 0B       		.uleb128 0xb
 1468 0007 03       		.uleb128 0x3
 1469 0008 0E       		.uleb128 0xe
 1470 0009 1B       		.uleb128 0x1b
 1471 000a 0E       		.uleb128 0xe
 1472 000b 11       		.uleb128 0x11
 1473 000c 01       		.uleb128 0x1
 1474 000d 52       		.uleb128 0x52
 1475 000e 01       		.uleb128 0x1
 1476 000f 55       		.uleb128 0x55
 1477 0010 06       		.uleb128 0x6
 1478 0011 10       		.uleb128 0x10
 1479 0012 06       		.uleb128 0x6
 1480 0013 00       		.byte	0
 1481 0014 00       		.byte	0
 1482 0015 02       		.uleb128 0x2
 1483 0016 24       		.uleb128 0x24
 1484 0017 00       		.byte	0
 1485 0018 0B       		.uleb128 0xb
 1486 0019 0B       		.uleb128 0xb
 1487 001a 3E       		.uleb128 0x3e
 1488 001b 0B       		.uleb128 0xb
 1489 001c 03       		.uleb128 0x3
 1490 001d 08       		.uleb128 0x8
 1491 001e 00       		.byte	0
 1492 001f 00       		.byte	0
 1493 0020 03       		.uleb128 0x3
 1494 0021 16       		.uleb128 0x16
 1495 0022 00       		.byte	0
 1496 0023 03       		.uleb128 0x3
 1497 0024 0E       		.uleb128 0xe
 1498 0025 3A       		.uleb128 0x3a
 1499 0026 0B       		.uleb128 0xb
 1500 0027 3B       		.uleb128 0x3b
 1501 0028 0B       		.uleb128 0xb
 1502 0029 49       		.uleb128 0x49
 1503 002a 13       		.uleb128 0x13
 1504 002b 00       		.byte	0
 1505 002c 00       		.byte	0
 1506 002d 04       		.uleb128 0x4
 1507 002e 24       		.uleb128 0x24
 1508 002f 00       		.byte	0
 1509 0030 0B       		.uleb128 0xb
 1510 0031 0B       		.uleb128 0xb
 1511 0032 3E       		.uleb128 0x3e
 1512 0033 0B       		.uleb128 0xb
 1513 0034 03       		.uleb128 0x3
 1514 0035 0E       		.uleb128 0xe
 1515 0036 00       		.byte	0
 1516 0037 00       		.byte	0
 1517 0038 05       		.uleb128 0x5
 1518 0039 13       		.uleb128 0x13
 1519 003a 01       		.byte	0x1
ARM GAS  /tmp/cco4W5lS.s 			page 28


 1520 003b 03       		.uleb128 0x3
 1521 003c 0E       		.uleb128 0xe
 1522 003d 0B       		.uleb128 0xb
 1523 003e 0B       		.uleb128 0xb
 1524 003f 3A       		.uleb128 0x3a
 1525 0040 0B       		.uleb128 0xb
 1526 0041 3B       		.uleb128 0x3b
 1527 0042 0B       		.uleb128 0xb
 1528 0043 01       		.uleb128 0x1
 1529 0044 13       		.uleb128 0x13
 1530 0045 00       		.byte	0
 1531 0046 00       		.byte	0
 1532 0047 06       		.uleb128 0x6
 1533 0048 0D       		.uleb128 0xd
 1534 0049 00       		.byte	0
 1535 004a 03       		.uleb128 0x3
 1536 004b 0E       		.uleb128 0xe
 1537 004c 3A       		.uleb128 0x3a
 1538 004d 0B       		.uleb128 0xb
 1539 004e 3B       		.uleb128 0x3b
 1540 004f 0B       		.uleb128 0xb
 1541 0050 49       		.uleb128 0x49
 1542 0051 13       		.uleb128 0x13
 1543 0052 38       		.uleb128 0x38
 1544 0053 0A       		.uleb128 0xa
 1545 0054 00       		.byte	0
 1546 0055 00       		.byte	0
 1547 0056 07       		.uleb128 0x7
 1548 0057 0D       		.uleb128 0xd
 1549 0058 00       		.byte	0
 1550 0059 03       		.uleb128 0x3
 1551 005a 08       		.uleb128 0x8
 1552 005b 3A       		.uleb128 0x3a
 1553 005c 0B       		.uleb128 0xb
 1554 005d 3B       		.uleb128 0x3b
 1555 005e 0B       		.uleb128 0xb
 1556 005f 49       		.uleb128 0x49
 1557 0060 13       		.uleb128 0x13
 1558 0061 38       		.uleb128 0x38
 1559 0062 0A       		.uleb128 0xa
 1560 0063 00       		.byte	0
 1561 0064 00       		.byte	0
 1562 0065 08       		.uleb128 0x8
 1563 0066 13       		.uleb128 0x13
 1564 0067 01       		.byte	0x1
 1565 0068 0B       		.uleb128 0xb
 1566 0069 0B       		.uleb128 0xb
 1567 006a 3A       		.uleb128 0x3a
 1568 006b 0B       		.uleb128 0xb
 1569 006c 3B       		.uleb128 0x3b
 1570 006d 0B       		.uleb128 0xb
 1571 006e 01       		.uleb128 0x1
 1572 006f 13       		.uleb128 0x13
 1573 0070 00       		.byte	0
 1574 0071 00       		.byte	0
 1575 0072 09       		.uleb128 0x9
 1576 0073 0F       		.uleb128 0xf
ARM GAS  /tmp/cco4W5lS.s 			page 29


 1577 0074 00       		.byte	0
 1578 0075 0B       		.uleb128 0xb
 1579 0076 0B       		.uleb128 0xb
 1580 0077 49       		.uleb128 0x49
 1581 0078 13       		.uleb128 0x13
 1582 0079 00       		.byte	0
 1583 007a 00       		.byte	0
 1584 007b 0A       		.uleb128 0xa
 1585 007c 0F       		.uleb128 0xf
 1586 007d 00       		.byte	0
 1587 007e 0B       		.uleb128 0xb
 1588 007f 0B       		.uleb128 0xb
 1589 0080 00       		.byte	0
 1590 0081 00       		.byte	0
 1591 0082 0B       		.uleb128 0xb
 1592 0083 13       		.uleb128 0x13
 1593 0084 01       		.byte	0x1
 1594 0085 03       		.uleb128 0x3
 1595 0086 0E       		.uleb128 0xe
 1596 0087 0B       		.uleb128 0xb
 1597 0088 0B       		.uleb128 0xb
 1598 0089 3A       		.uleb128 0x3a
 1599 008a 0B       		.uleb128 0xb
 1600 008b 3B       		.uleb128 0x3b
 1601 008c 05       		.uleb128 0x5
 1602 008d 01       		.uleb128 0x1
 1603 008e 13       		.uleb128 0x13
 1604 008f 00       		.byte	0
 1605 0090 00       		.byte	0
 1606 0091 0C       		.uleb128 0xc
 1607 0092 0D       		.uleb128 0xd
 1608 0093 00       		.byte	0
 1609 0094 03       		.uleb128 0x3
 1610 0095 08       		.uleb128 0x8
 1611 0096 3A       		.uleb128 0x3a
 1612 0097 0B       		.uleb128 0xb
 1613 0098 3B       		.uleb128 0x3b
 1614 0099 05       		.uleb128 0x5
 1615 009a 49       		.uleb128 0x49
 1616 009b 13       		.uleb128 0x13
 1617 009c 38       		.uleb128 0x38
 1618 009d 0A       		.uleb128 0xa
 1619 009e 00       		.byte	0
 1620 009f 00       		.byte	0
 1621 00a0 0D       		.uleb128 0xd
 1622 00a1 35       		.uleb128 0x35
 1623 00a2 00       		.byte	0
 1624 00a3 49       		.uleb128 0x49
 1625 00a4 13       		.uleb128 0x13
 1626 00a5 00       		.byte	0
 1627 00a6 00       		.byte	0
 1628 00a7 0E       		.uleb128 0xe
 1629 00a8 17       		.uleb128 0x17
 1630 00a9 01       		.byte	0x1
 1631 00aa 0B       		.uleb128 0xb
 1632 00ab 0B       		.uleb128 0xb
 1633 00ac 3A       		.uleb128 0x3a
ARM GAS  /tmp/cco4W5lS.s 			page 30


 1634 00ad 0B       		.uleb128 0xb
 1635 00ae 3B       		.uleb128 0x3b
 1636 00af 0B       		.uleb128 0xb
 1637 00b0 01       		.uleb128 0x1
 1638 00b1 13       		.uleb128 0x13
 1639 00b2 00       		.byte	0
 1640 00b3 00       		.byte	0
 1641 00b4 0F       		.uleb128 0xf
 1642 00b5 0D       		.uleb128 0xd
 1643 00b6 00       		.byte	0
 1644 00b7 03       		.uleb128 0x3
 1645 00b8 0E       		.uleb128 0xe
 1646 00b9 3A       		.uleb128 0x3a
 1647 00ba 0B       		.uleb128 0xb
 1648 00bb 3B       		.uleb128 0x3b
 1649 00bc 0B       		.uleb128 0xb
 1650 00bd 49       		.uleb128 0x49
 1651 00be 13       		.uleb128 0x13
 1652 00bf 00       		.byte	0
 1653 00c0 00       		.byte	0
 1654 00c1 10       		.uleb128 0x10
 1655 00c2 26       		.uleb128 0x26
 1656 00c3 00       		.byte	0
 1657 00c4 49       		.uleb128 0x49
 1658 00c5 13       		.uleb128 0x13
 1659 00c6 00       		.byte	0
 1660 00c7 00       		.byte	0
 1661 00c8 11       		.uleb128 0x11
 1662 00c9 04       		.uleb128 0x4
 1663 00ca 01       		.byte	0x1
 1664 00cb 03       		.uleb128 0x3
 1665 00cc 0E       		.uleb128 0xe
 1666 00cd 0B       		.uleb128 0xb
 1667 00ce 0B       		.uleb128 0xb
 1668 00cf 3A       		.uleb128 0x3a
 1669 00d0 0B       		.uleb128 0xb
 1670 00d1 3B       		.uleb128 0x3b
 1671 00d2 0B       		.uleb128 0xb
 1672 00d3 01       		.uleb128 0x1
 1673 00d4 13       		.uleb128 0x13
 1674 00d5 00       		.byte	0
 1675 00d6 00       		.byte	0
 1676 00d7 12       		.uleb128 0x12
 1677 00d8 28       		.uleb128 0x28
 1678 00d9 00       		.byte	0
 1679 00da 03       		.uleb128 0x3
 1680 00db 0E       		.uleb128 0xe
 1681 00dc 1C       		.uleb128 0x1c
 1682 00dd 0D       		.uleb128 0xd
 1683 00de 00       		.byte	0
 1684 00df 00       		.byte	0
 1685 00e0 13       		.uleb128 0x13
 1686 00e1 15       		.uleb128 0x15
 1687 00e2 01       		.byte	0x1
 1688 00e3 27       		.uleb128 0x27
 1689 00e4 0C       		.uleb128 0xc
 1690 00e5 01       		.uleb128 0x1
ARM GAS  /tmp/cco4W5lS.s 			page 31


 1691 00e6 13       		.uleb128 0x13
 1692 00e7 00       		.byte	0
 1693 00e8 00       		.byte	0
 1694 00e9 14       		.uleb128 0x14
 1695 00ea 05       		.uleb128 0x5
 1696 00eb 00       		.byte	0
 1697 00ec 49       		.uleb128 0x49
 1698 00ed 13       		.uleb128 0x13
 1699 00ee 00       		.byte	0
 1700 00ef 00       		.byte	0
 1701 00f0 15       		.uleb128 0x15
 1702 00f1 0D       		.uleb128 0xd
 1703 00f2 00       		.byte	0
 1704 00f3 03       		.uleb128 0x3
 1705 00f4 08       		.uleb128 0x8
 1706 00f5 3A       		.uleb128 0x3a
 1707 00f6 0B       		.uleb128 0xb
 1708 00f7 3B       		.uleb128 0x3b
 1709 00f8 0B       		.uleb128 0xb
 1710 00f9 49       		.uleb128 0x49
 1711 00fa 13       		.uleb128 0x13
 1712 00fb 00       		.byte	0
 1713 00fc 00       		.byte	0
 1714 00fd 16       		.uleb128 0x16
 1715 00fe 13       		.uleb128 0x13
 1716 00ff 00       		.byte	0
 1717 0100 03       		.uleb128 0x3
 1718 0101 0E       		.uleb128 0xe
 1719 0102 3C       		.uleb128 0x3c
 1720 0103 0C       		.uleb128 0xc
 1721 0104 00       		.byte	0
 1722 0105 00       		.byte	0
 1723 0106 17       		.uleb128 0x17
 1724 0107 2E       		.uleb128 0x2e
 1725 0108 01       		.byte	0x1
 1726 0109 03       		.uleb128 0x3
 1727 010a 0E       		.uleb128 0xe
 1728 010b 3A       		.uleb128 0x3a
 1729 010c 0B       		.uleb128 0xb
 1730 010d 3B       		.uleb128 0x3b
 1731 010e 0B       		.uleb128 0xb
 1732 010f 27       		.uleb128 0x27
 1733 0110 0C       		.uleb128 0xc
 1734 0111 11       		.uleb128 0x11
 1735 0112 01       		.uleb128 0x1
 1736 0113 12       		.uleb128 0x12
 1737 0114 01       		.uleb128 0x1
 1738 0115 40       		.uleb128 0x40
 1739 0116 06       		.uleb128 0x6
 1740 0117 01       		.uleb128 0x1
 1741 0118 13       		.uleb128 0x13
 1742 0119 00       		.byte	0
 1743 011a 00       		.byte	0
 1744 011b 18       		.uleb128 0x18
 1745 011c 05       		.uleb128 0x5
 1746 011d 00       		.byte	0
 1747 011e 03       		.uleb128 0x3
ARM GAS  /tmp/cco4W5lS.s 			page 32


 1748 011f 0E       		.uleb128 0xe
 1749 0120 3A       		.uleb128 0x3a
 1750 0121 0B       		.uleb128 0xb
 1751 0122 3B       		.uleb128 0x3b
 1752 0123 0B       		.uleb128 0xb
 1753 0124 49       		.uleb128 0x49
 1754 0125 13       		.uleb128 0x13
 1755 0126 02       		.uleb128 0x2
 1756 0127 0A       		.uleb128 0xa
 1757 0128 00       		.byte	0
 1758 0129 00       		.byte	0
 1759 012a 19       		.uleb128 0x19
 1760 012b 34       		.uleb128 0x34
 1761 012c 00       		.byte	0
 1762 012d 03       		.uleb128 0x3
 1763 012e 0E       		.uleb128 0xe
 1764 012f 3A       		.uleb128 0x3a
 1765 0130 0B       		.uleb128 0xb
 1766 0131 3B       		.uleb128 0x3b
 1767 0132 0B       		.uleb128 0xb
 1768 0133 49       		.uleb128 0x49
 1769 0134 13       		.uleb128 0x13
 1770 0135 02       		.uleb128 0x2
 1771 0136 0A       		.uleb128 0xa
 1772 0137 00       		.byte	0
 1773 0138 00       		.byte	0
 1774 0139 1A       		.uleb128 0x1a
 1775 013a 34       		.uleb128 0x34
 1776 013b 00       		.byte	0
 1777 013c 03       		.uleb128 0x3
 1778 013d 08       		.uleb128 0x8
 1779 013e 3A       		.uleb128 0x3a
 1780 013f 0B       		.uleb128 0xb
 1781 0140 3B       		.uleb128 0x3b
 1782 0141 0B       		.uleb128 0xb
 1783 0142 49       		.uleb128 0x49
 1784 0143 13       		.uleb128 0x13
 1785 0144 02       		.uleb128 0x2
 1786 0145 0A       		.uleb128 0xa
 1787 0146 00       		.byte	0
 1788 0147 00       		.byte	0
 1789 0148 1B       		.uleb128 0x1b
 1790 0149 2E       		.uleb128 0x2e
 1791 014a 01       		.byte	0x1
 1792 014b 3F       		.uleb128 0x3f
 1793 014c 0C       		.uleb128 0xc
 1794 014d 03       		.uleb128 0x3
 1795 014e 0E       		.uleb128 0xe
 1796 014f 3A       		.uleb128 0x3a
 1797 0150 0B       		.uleb128 0xb
 1798 0151 3B       		.uleb128 0x3b
 1799 0152 0B       		.uleb128 0xb
 1800 0153 27       		.uleb128 0x27
 1801 0154 0C       		.uleb128 0xc
 1802 0155 49       		.uleb128 0x49
 1803 0156 13       		.uleb128 0x13
 1804 0157 11       		.uleb128 0x11
ARM GAS  /tmp/cco4W5lS.s 			page 33


 1805 0158 01       		.uleb128 0x1
 1806 0159 12       		.uleb128 0x12
 1807 015a 01       		.uleb128 0x1
 1808 015b 40       		.uleb128 0x40
 1809 015c 06       		.uleb128 0x6
 1810 015d 01       		.uleb128 0x1
 1811 015e 13       		.uleb128 0x13
 1812 015f 00       		.byte	0
 1813 0160 00       		.byte	0
 1814 0161 1C       		.uleb128 0x1c
 1815 0162 05       		.uleb128 0x5
 1816 0163 00       		.byte	0
 1817 0164 03       		.uleb128 0x3
 1818 0165 08       		.uleb128 0x8
 1819 0166 3A       		.uleb128 0x3a
 1820 0167 0B       		.uleb128 0xb
 1821 0168 3B       		.uleb128 0x3b
 1822 0169 0B       		.uleb128 0xb
 1823 016a 49       		.uleb128 0x49
 1824 016b 13       		.uleb128 0x13
 1825 016c 02       		.uleb128 0x2
 1826 016d 0A       		.uleb128 0xa
 1827 016e 00       		.byte	0
 1828 016f 00       		.byte	0
 1829 0170 1D       		.uleb128 0x1d
 1830 0171 01       		.uleb128 0x1
 1831 0172 01       		.byte	0x1
 1832 0173 49       		.uleb128 0x49
 1833 0174 13       		.uleb128 0x13
 1834 0175 01       		.uleb128 0x1
 1835 0176 13       		.uleb128 0x13
 1836 0177 00       		.byte	0
 1837 0178 00       		.byte	0
 1838 0179 1E       		.uleb128 0x1e
 1839 017a 21       		.uleb128 0x21
 1840 017b 00       		.byte	0
 1841 017c 49       		.uleb128 0x49
 1842 017d 13       		.uleb128 0x13
 1843 017e 2F       		.uleb128 0x2f
 1844 017f 0B       		.uleb128 0xb
 1845 0180 00       		.byte	0
 1846 0181 00       		.byte	0
 1847 0182 1F       		.uleb128 0x1f
 1848 0183 34       		.uleb128 0x34
 1849 0184 00       		.byte	0
 1850 0185 03       		.uleb128 0x3
 1851 0186 0E       		.uleb128 0xe
 1852 0187 3A       		.uleb128 0x3a
 1853 0188 0B       		.uleb128 0xb
 1854 0189 3B       		.uleb128 0x3b
 1855 018a 0B       		.uleb128 0xb
 1856 018b 49       		.uleb128 0x49
 1857 018c 13       		.uleb128 0x13
 1858 018d 3F       		.uleb128 0x3f
 1859 018e 0C       		.uleb128 0xc
 1860 018f 02       		.uleb128 0x2
 1861 0190 0A       		.uleb128 0xa
ARM GAS  /tmp/cco4W5lS.s 			page 34


 1862 0191 00       		.byte	0
 1863 0192 00       		.byte	0
 1864 0193 00       		.byte	0
 1865              		.section	.debug_loc,"",%progbits
 1866              	.Ldebug_loc0:
 1867              	.LLST0:
 1868 0000 00000000 		.4byte	.LFB7
 1869 0004 02000000 		.4byte	.LCFI0
 1870 0008 0200     		.2byte	0x2
 1871 000a 7D       		.byte	0x7d
 1872 000b 00       		.sleb128 0
 1873 000c 02000000 		.4byte	.LCFI0
 1874 0010 04000000 		.4byte	.LCFI1
 1875 0014 0200     		.2byte	0x2
 1876 0016 7D       		.byte	0x7d
 1877 0017 04       		.sleb128 4
 1878 0018 04000000 		.4byte	.LCFI1
 1879 001c AE000000 		.4byte	.LFE7
 1880 0020 0200     		.2byte	0x2
 1881 0022 7D       		.byte	0x7d
 1882 0023 20       		.sleb128 32
 1883 0024 00000000 		.4byte	0
 1884 0028 00000000 		.4byte	0
 1885              	.LLST1:
 1886 002c 00000000 		.4byte	.LFB8
 1887 0030 02000000 		.4byte	.LCFI2
 1888 0034 0200     		.2byte	0x2
 1889 0036 7D       		.byte	0x7d
 1890 0037 00       		.sleb128 0
 1891 0038 02000000 		.4byte	.LCFI2
 1892 003c 04000000 		.4byte	.LCFI3
 1893 0040 0200     		.2byte	0x2
 1894 0042 7D       		.byte	0x7d
 1895 0043 04       		.sleb128 4
 1896 0044 04000000 		.4byte	.LCFI3
 1897 0048 7C000000 		.4byte	.LFE8
 1898 004c 0200     		.2byte	0x2
 1899 004e 7D       		.byte	0x7d
 1900 004f 20       		.sleb128 32
 1901 0050 00000000 		.4byte	0
 1902 0054 00000000 		.4byte	0
 1903              		.section	.debug_aranges,"",%progbits
 1904 0000 24000000 		.4byte	0x24
 1905 0004 0200     		.2byte	0x2
 1906 0006 00000000 		.4byte	.Ldebug_info0
 1907 000a 04       		.byte	0x4
 1908 000b 00       		.byte	0
 1909 000c 0000     		.2byte	0
 1910 000e 0000     		.2byte	0
 1911 0010 00000000 		.4byte	.LFB7
 1912 0014 AE000000 		.4byte	.LFE7-.LFB7
 1913 0018 00000000 		.4byte	.LFB8
 1914 001c 7C000000 		.4byte	.LFE8-.LFB8
 1915 0020 00000000 		.4byte	0
 1916 0024 00000000 		.4byte	0
 1917              		.section	.debug_ranges,"",%progbits
 1918              	.Ldebug_ranges0:
ARM GAS  /tmp/cco4W5lS.s 			page 35


 1919 0000 00000000 		.4byte	.LFB7
 1920 0004 AE000000 		.4byte	.LFE7
 1921 0008 00000000 		.4byte	.LFB8
 1922 000c 7C000000 		.4byte	.LFE8
 1923 0010 00000000 		.4byte	0
 1924 0014 00000000 		.4byte	0
 1925              		.section	.debug_line,"",%progbits
 1926              	.Ldebug_line0:
 1927 0000 C7020000 		.section	.debug_str,"MS",%progbits,1
 1927      02006B02 
 1927      00000201 
 1927      FB0E0D00 
 1927      01010101 
 1928              	.LASF50:
 1929 0000 696E7463 		.ascii	"intctx\000"
 1929      747800
 1930              	.LASF41:
 1931 0007 705F6D73 		.ascii	"p_msg\000"
 1931      6700
 1932              	.LASF76:
 1933 000d 70627566 		.ascii	"pbuf\000"
 1933      00
 1934              	.LASF1:
 1935 0012 73697A65 		.ascii	"size_t\000"
 1935      5F7400
 1936              	.LASF66:
 1937 0019 7264796D 		.ascii	"rdymsg\000"
 1937      736700
 1938              	.LASF115:
 1939 0020 736F636B 		.ascii	"socket\000"
 1939      657400
 1940              	.LASF132:
 1941 0027 2F686F6D 		.ascii	"/home/texzk/ChibiStudio/chibios/demos/ARMCM3-STM32F"
 1941      652F7465 
 1941      787A6B2F 
 1941      43686962 
 1941      69537475 
 1942 005a 3230372D 		.ascii	"207-STM3220G-LWIP\000"
 1942      53544D33 
 1942      32323047 
 1942      2D4C5749 
 1942      5000
 1943              	.LASF14:
 1944 006c 75696E74 		.ascii	"uint64_t\000"
 1944      36345F74 
 1944      00
 1945              	.LASF127:
 1946 0075 6E657763 		.ascii	"newconn\000"
 1946      6F6E6E00 
 1947              	.LASF133:
 1948 007d 68747470 		.ascii	"http_server_serve\000"
 1948      5F736572 
 1948      7665725F 
 1948      73657276 
 1948      6500
 1949              	.LASF80:
 1950 008f 74797065 		.ascii	"type\000"
ARM GAS  /tmp/cco4W5lS.s 			page 36


 1950      00
 1951              	.LASF65:
 1952 0094 4D61696C 		.ascii	"Mailbox\000"
 1952      626F7800 
 1953              	.LASF15:
 1954 009c 6C6F6E67 		.ascii	"long long unsigned int\000"
 1954      206C6F6E 
 1954      6720756E 
 1954      7369676E 
 1954      65642069 
 1955              	.LASF83:
 1956 00b3 61646472 		.ascii	"addr\000"
 1956      00
 1957              	.LASF67:
 1958 00b8 65786974 		.ascii	"exitcode\000"
 1958      636F6465 
 1958      00
 1959              	.LASF112:
 1960 00c1 6F705F63 		.ascii	"op_completed\000"
 1960      6F6D706C 
 1960      65746564 
 1960      00
 1961              	.LASF61:
 1962 00ce 6D625F77 		.ascii	"mb_wrptr\000"
 1962      72707472 
 1962      00
 1963              	.LASF77:
 1964 00d7 6E657874 		.ascii	"next\000"
 1964      00
 1965              	.LASF28:
 1966 00dc 705F7072 		.ascii	"p_prio\000"
 1966      696F00
 1967              	.LASF87:
 1968 00e3 7379735F 		.ascii	"sys_sem_t\000"
 1968      73656D5F 
 1968      7400
 1969              	.LASF13:
 1970 00ed 6C6F6E67 		.ascii	"long long int\000"
 1970      206C6F6E 
 1970      6720696E 
 1970      7400
 1971              	.LASF3:
 1972 00fb 7369676E 		.ascii	"signed char\000"
 1972      65642063 
 1972      68617200 
 1973              	.LASF91:
 1974 0107 4E455443 		.ascii	"NETCONN_UDP\000"
 1974      4F4E4E5F 
 1974      55445000 
 1975              	.LASF45:
 1976 0113 705F6D70 		.ascii	"p_mpool\000"
 1976      6F6F6C00 
 1977              	.LASF56:
 1978 011b 6D5F7175 		.ascii	"m_queue\000"
 1978      65756500 
 1979              	.LASF109:
 1980 0123 6E657463 		.ascii	"netconn\000"
ARM GAS  /tmp/cco4W5lS.s 			page 37


 1980      6F6E6E00 
 1981              	.LASF19:
 1982 012b 74736C69 		.ascii	"tslices_t\000"
 1982      6365735F 
 1982      7400
 1983              	.LASF79:
 1984 0135 746F745F 		.ascii	"tot_len\000"
 1984      6C656E00 
 1985              	.LASF110:
 1986 013d 73746174 		.ascii	"state\000"
 1986      6500
 1987              	.LASF10:
 1988 0143 6C6F6E67 		.ascii	"long int\000"
 1988      20696E74 
 1988      00
 1989              	.LASF126:
 1990 014c 636F6E6E 		.ascii	"conn\000"
 1990      00
 1991              	.LASF130:
 1992 0151 474E5520 		.ascii	"GNU C 4.6.2 20120613 (release) [ARM/embedded-4_6-br"
 1992      4320342E 
 1992      362E3220 
 1992      32303132 
 1992      30363133 
 1993 0184 616E6368 		.ascii	"anch revision 188521]\000"
 1993      20726576 
 1993      6973696F 
 1993      6E203138 
 1993      38353231 
 1994              	.LASF90:
 1995 019a 4E455443 		.ascii	"NETCONN_TCP\000"
 1995      4F4E4E5F 
 1995      54435000 
 1996              	.LASF17:
 1997 01a6 74737461 		.ascii	"tstate_t\000"
 1997      74655F74 
 1997      00
 1998              	.LASF124:
 1999 01af 696E6275 		.ascii	"inbuf\000"
 1999      6600
 2000              	.LASF111:
 2001 01b5 6C617374 		.ascii	"last_err\000"
 2001      5F657272 
 2001      00
 2002              	.LASF7:
 2003 01be 75696E74 		.ascii	"uint16_t\000"
 2003      31365F74 
 2003      00
 2004              	.LASF30:
 2005 01c7 705F6E65 		.ascii	"p_newer\000"
 2005      77657200 
 2006              	.LASF53:
 2007 01cf 735F7175 		.ascii	"s_queue\000"
 2007      65756500 
 2008              	.LASF48:
 2009 01d7 72656761 		.ascii	"regarm_t\000"
 2009      726D5F74 
ARM GAS  /tmp/cco4W5lS.s 			page 38


 2009      00
 2010              	.LASF101:
 2011 01e0 4E455443 		.ascii	"NETCONN_CLOSE\000"
 2011      4F4E4E5F 
 2011      434C4F53 
 2011      4500
 2012              	.LASF86:
 2013 01ee 706F7274 		.ascii	"port\000"
 2013      00
 2014              	.LASF94:
 2015 01f3 4E455443 		.ascii	"NETCONN_RAW\000"
 2015      4F4E4E5F 
 2015      52415700 
 2016              	.LASF24:
 2017 01ff 636E745F 		.ascii	"cnt_t\000"
 2017      7400
 2018              	.LASF33:
 2019 0205 705F7374 		.ascii	"p_stklimit\000"
 2019      6B6C696D 
 2019      697400
 2020              	.LASF0:
 2021 0210 756E7369 		.ascii	"unsigned int\000"
 2021      676E6564 
 2021      20696E74 
 2021      00
 2022              	.LASF116:
 2023 021d 77726974 		.ascii	"write_offset\000"
 2023      655F6F66 
 2023      66736574 
 2023      00
 2024              	.LASF113:
 2025 022a 72656376 		.ascii	"recvmbox\000"
 2025      6D626F78 
 2025      00
 2026              	.LASF12:
 2027 0233 6C6F6E67 		.ascii	"long unsigned int\000"
 2027      20756E73 
 2027      69676E65 
 2027      6420696E 
 2027      7400
 2028              	.LASF74:
 2029 0245 7533325F 		.ascii	"u32_t\000"
 2029      7400
 2030              	.LASF64:
 2031 024b 6D625F65 		.ascii	"mb_emptysem\000"
 2031      6D707479 
 2031      73656D00 
 2032              	.LASF54:
 2033 0257 735F636E 		.ascii	"s_cnt\000"
 2033      7400
 2034              	.LASF129:
 2035 025d 68747470 		.ascii	"http_index_html\000"
 2035      5F696E64 
 2035      65785F68 
 2035      746D6C00 
 2036              	.LASF51:
 2037 026d 636F6E74 		.ascii	"context\000"
ARM GAS  /tmp/cco4W5lS.s 			page 39


 2037      65787400 
 2038              	.LASF100:
 2039 0275 4E455443 		.ascii	"NETCONN_CONNECT\000"
 2039      4F4E4E5F 
 2039      434F4E4E 
 2039      45435400 
 2040              	.LASF8:
 2041 0285 73686F72 		.ascii	"short unsigned int\000"
 2041      7420756E 
 2041      7369676E 
 2041      65642069 
 2041      6E7400
 2042              	.LASF21:
 2043 0298 6D73675F 		.ascii	"msg_t\000"
 2043      7400
 2044              	.LASF118:
 2045 029e 63616C6C 		.ascii	"callback\000"
 2045      6261636B 
 2045      00
 2046              	.LASF98:
 2047 02a7 4E455443 		.ascii	"NETCONN_WRITE\000"
 2047      4F4E4E5F 
 2047      57524954 
 2047      4500
 2048              	.LASF16:
 2049 02b5 746D6F64 		.ascii	"tmode_t\000"
 2049      655F7400 
 2050              	.LASF122:
 2051 02bd 7261775F 		.ascii	"raw_pcb\000"
 2051      70636200 
 2052              	.LASF47:
 2053 02c5 54687265 		.ascii	"ThreadsList\000"
 2053      6164734C 
 2053      69737400 
 2054              	.LASF22:
 2055 02d1 6576656E 		.ascii	"eventmask_t\000"
 2055      746D6173 
 2055      6B5F7400 
 2056              	.LASF55:
 2057 02dd 4D757465 		.ascii	"Mutex\000"
 2057      7800
 2058              	.LASF131:
 2059 02e3 7765622F 		.ascii	"web/web.c\000"
 2059      7765622E 
 2059      6300
 2060              	.LASF49:
 2061 02ed 73746B61 		.ascii	"stkalign_t\000"
 2061      6C69676E 
 2061      5F7400
 2062              	.LASF75:
 2063 02f8 6572725F 		.ascii	"err_t\000"
 2063      7400
 2064              	.LASF84:
 2065 02fe 69705F61 		.ascii	"ip_addr_t\000"
 2065      6464725F 
 2065      7400
 2066              	.LASF71:
ARM GAS  /tmp/cco4W5lS.s 			page 40


 2067 0308 75385F74 		.ascii	"u8_t\000"
 2067      00
 2068              	.LASF62:
 2069 030d 6D625F72 		.ascii	"mb_rdptr\000"
 2069      64707472 
 2069      00
 2070              	.LASF82:
 2071 0316 69705F61 		.ascii	"ip_addr\000"
 2071      64647200 
 2072              	.LASF78:
 2073 031e 7061796C 		.ascii	"payload\000"
 2073      6F616400 
 2074              	.LASF134:
 2075 0326 68747470 		.ascii	"http_server\000"
 2075      5F736572 
 2075      76657200 
 2076              	.LASF31:
 2077 0332 705F6F6C 		.ascii	"p_older\000"
 2077      64657200 
 2078              	.LASF46:
 2079 033a 54687265 		.ascii	"ThreadsQueue\000"
 2079      61647351 
 2079      75657565 
 2079      00
 2080              	.LASF59:
 2081 0347 6D625F62 		.ascii	"mb_buffer\000"
 2081      75666665 
 2081      7200
 2082              	.LASF99:
 2083 0351 4E455443 		.ascii	"NETCONN_LISTEN\000"
 2083      4F4E4E5F 
 2083      4C495354 
 2083      454E00
 2084              	.LASF95:
 2085 0360 6E657463 		.ascii	"netconn_type\000"
 2085      6F6E6E5F 
 2085      74797065 
 2085      00
 2086              	.LASF18:
 2087 036d 74726566 		.ascii	"trefs_t\000"
 2087      735F7400 
 2088              	.LASF27:
 2089 0375 705F7072 		.ascii	"p_prev\000"
 2089      657600
 2090              	.LASF20:
 2091 037c 74707269 		.ascii	"tprio_t\000"
 2091      6F5F7400 
 2092              	.LASF9:
 2093 0384 696E7433 		.ascii	"int32_t\000"
 2093      325F7400 
 2094              	.LASF5:
 2095 038c 756E7369 		.ascii	"unsigned char\000"
 2095      676E6564 
 2095      20636861 
 2095      7200
 2096              	.LASF60:
 2097 039a 6D625F74 		.ascii	"mb_top\000"
ARM GAS  /tmp/cco4W5lS.s 			page 41


 2097      6F7000
 2098              	.LASF43:
 2099 03a1 705F6D74 		.ascii	"p_mtxlist\000"
 2099      786C6973 
 2099      7400
 2100              	.LASF6:
 2101 03ab 73686F72 		.ascii	"short int\000"
 2101      7420696E 
 2101      7400
 2102              	.LASF34:
 2103 03b5 705F7374 		.ascii	"p_state\000"
 2103      61746500 
 2104              	.LASF107:
 2105 03bd 4E455443 		.ascii	"NETCONN_EVT_ERROR\000"
 2105      4F4E4E5F 
 2105      4556545F 
 2105      4552524F 
 2105      5200
 2106              	.LASF37:
 2107 03cf 705F7072 		.ascii	"p_preempt\000"
 2107      65656D70 
 2107      7400
 2108              	.LASF85:
 2109 03d9 6E657462 		.ascii	"netbuf\000"
 2109      756600
 2110              	.LASF88:
 2111 03e0 7379735F 		.ascii	"sys_mbox_t\000"
 2111      6D626F78 
 2111      5F7400
 2112              	.LASF69:
 2113 03eb 65776D61 		.ascii	"ewmask\000"
 2113      736B00
 2114              	.LASF26:
 2115 03f2 705F6E65 		.ascii	"p_next\000"
 2115      787400
 2116              	.LASF104:
 2117 03f9 4E455443 		.ascii	"NETCONN_EVT_RCVMINUS\000"
 2117      4F4E4E5F 
 2117      4556545F 
 2117      5243564D 
 2117      494E5553 
 2118              	.LASF35:
 2119 040e 705F666C 		.ascii	"p_flags\000"
 2119      61677300 
 2120              	.LASF125:
 2121 0416 6275666C 		.ascii	"buflen\000"
 2121      656E00
 2122              	.LASF93:
 2123 041d 4E455443 		.ascii	"NETCONN_UDPNOCHKSUM\000"
 2123      4F4E4E5F 
 2123      5544504E 
 2123      4F43484B 
 2123      53554D00 
 2124              	.LASF25:
 2125 0431 54687265 		.ascii	"Thread\000"
 2125      616400
 2126              	.LASF108:
ARM GAS  /tmp/cco4W5lS.s 			page 42


 2127 0438 6E657463 		.ascii	"netconn_callback\000"
 2127      6F6E6E5F 
 2127      63616C6C 
 2127      6261636B 
 2127      00
 2128              	.LASF72:
 2129 0449 73385F74 		.ascii	"s8_t\000"
 2129      00
 2130              	.LASF42:
 2131 044e 705F6570 		.ascii	"p_epending\000"
 2131      656E6469 
 2131      6E6700
 2132              	.LASF11:
 2133 0459 75696E74 		.ascii	"uint32_t\000"
 2133      33325F74 
 2133      00
 2134              	.LASF70:
 2135 0462 63686172 		.ascii	"char\000"
 2135      00
 2136              	.LASF117:
 2137 0467 63757272 		.ascii	"current_msg\000"
 2137      656E745F 
 2137      6D736700 
 2138              	.LASF105:
 2139 0473 4E455443 		.ascii	"NETCONN_EVT_SENDPLUS\000"
 2139      4F4E4E5F 
 2139      4556545F 
 2139      53454E44 
 2139      504C5553 
 2140              	.LASF73:
 2141 0488 7531365F 		.ascii	"u16_t\000"
 2141      7400
 2142              	.LASF119:
 2143 048e 69705F70 		.ascii	"ip_pcb\000"
 2143      636200
 2144              	.LASF58:
 2145 0495 6D5F6E65 		.ascii	"m_next\000"
 2145      787400
 2146              	.LASF23:
 2147 049c 73797374 		.ascii	"systime_t\000"
 2147      696D655F 
 2147      7400
 2148              	.LASF44:
 2149 04a6 705F7265 		.ascii	"p_realprio\000"
 2149      616C7072 
 2149      696F00
 2150              	.LASF123:
 2151 04b1 6170695F 		.ascii	"api_msg_msg\000"
 2151      6D73675F 
 2151      6D736700 
 2152              	.LASF38:
 2153 04bd 705F7469 		.ascii	"p_time\000"
 2153      6D6500
 2154              	.LASF2:
 2155 04c4 696E7438 		.ascii	"int8_t\000"
 2155      5F7400
 2156              	.LASF40:
ARM GAS  /tmp/cco4W5lS.s 			page 43


 2157 04cb 705F6D73 		.ascii	"p_msgqueue\000"
 2157      67717565 
 2157      756500
 2158              	.LASF52:
 2159 04d6 53656D61 		.ascii	"Semaphore\000"
 2159      70686F72 
 2159      6500
 2160              	.LASF63:
 2161 04e0 6D625F66 		.ascii	"mb_fullsem\000"
 2161      756C6C73 
 2161      656D00
 2162              	.LASF36:
 2163 04eb 705F7265 		.ascii	"p_refs\000"
 2163      667300
 2164              	.LASF96:
 2165 04f2 6E657463 		.ascii	"netconn_state\000"
 2165      6F6E6E5F 
 2165      73746174 
 2165      6500
 2166              	.LASF4:
 2167 0500 75696E74 		.ascii	"uint8_t\000"
 2167      385F7400 
 2168              	.LASF81:
 2169 0508 666C6167 		.ascii	"flags\000"
 2169      7300
 2170              	.LASF102:
 2171 050e 6E657463 		.ascii	"netconn_evt\000"
 2171      6F6E6E5F 
 2171      65767400 
 2172              	.LASF89:
 2173 051a 4E455443 		.ascii	"NETCONN_INVALID\000"
 2173      4F4E4E5F 
 2173      494E5641 
 2173      4C494400 
 2174              	.LASF121:
 2175 052a 7564705F 		.ascii	"udp_pcb\000"
 2175      70636200 
 2176              	.LASF68:
 2177 0532 77746F62 		.ascii	"wtobjp\000"
 2177      6A7000
 2178              	.LASF103:
 2179 0539 4E455443 		.ascii	"NETCONN_EVT_RCVPLUS\000"
 2179      4F4E4E5F 
 2179      4556545F 
 2179      52435650 
 2179      4C555300 
 2180              	.LASF32:
 2181 054d 705F6E61 		.ascii	"p_name\000"
 2181      6D6500
 2182              	.LASF97:
 2183 0554 4E455443 		.ascii	"NETCONN_NONE\000"
 2183      4F4E4E5F 
 2183      4E4F4E45 
 2183      00
 2184              	.LASF128:
 2185 0561 68747470 		.ascii	"http_html_hdr\000"
 2185      5F68746D 
ARM GAS  /tmp/cco4W5lS.s 			page 44


 2185      6C5F6864 
 2185      7200
 2186              	.LASF114:
 2187 056f 61636365 		.ascii	"acceptmbox\000"
 2187      70746D62 
 2187      6F7800
 2188              	.LASF106:
 2189 057a 4E455443 		.ascii	"NETCONN_EVT_SENDMINUS\000"
 2189      4F4E4E5F 
 2189      4556545F 
 2189      53454E44 
 2189      4D494E55 
 2190              	.LASF57:
 2191 0590 6D5F6F77 		.ascii	"m_owner\000"
 2191      6E657200 
 2192              	.LASF92:
 2193 0598 4E455443 		.ascii	"NETCONN_UDPLITE\000"
 2193      4F4E4E5F 
 2193      5544504C 
 2193      49544500 
 2194              	.LASF120:
 2195 05a8 7463705F 		.ascii	"tcp_pcb\000"
 2195      70636200 
 2196              	.LASF29:
 2197 05b0 705F6374 		.ascii	"p_ctx\000"
 2197      7800
 2198              	.LASF39:
 2199 05b6 705F7761 		.ascii	"p_waiting\000"
 2199      6974696E 
 2199      6700
 2200              	.LASF135:
 2201 05c0 77615F68 		.ascii	"wa_http_server\000"
 2201      7474705F 
 2201      73657276 
 2201      657200
 2202              		.ident	"GCC: (GNU Tools for ARM Embedded Processors) 4.6.2 20120613 (release) [ARM/embedded-4_6-br
ARM GAS  /tmp/cco4W5lS.s 			page 45


DEFINED SYMBOLS
                            *ABS*:00000000 web.c
     /tmp/cco4W5lS.s:19     .rodata.http_html_hdr:00000000 $d
     /tmp/cco4W5lS.s:22     .rodata.http_html_hdr:00000000 http_html_hdr
     /tmp/cco4W5lS.s:26     .rodata.http_index_html:00000000 $d
     /tmp/cco4W5lS.s:29     .rodata.http_index_html:00000000 http_index_html
     /tmp/cco4W5lS.s:34     .text.http_server_serve:00000000 $t
     /tmp/cco4W5lS.s:39     .text.http_server_serve:00000000 http_server_serve
     /tmp/cco4W5lS.s:144    .bss.wa_http_server:00000000 wa_http_server
     /tmp/cco4W5lS.s:141    .bss.wa_http_server:00000000 $d
     /tmp/cco4W5lS.s:147    .text.http_server:00000000 $t
     /tmp/cco4W5lS.s:153    .text.http_server:00000000 http_server
                     .debug_frame:00000010 $d

UNDEFINED SYMBOLS
netconn_recv
netbuf_data
netconn_write
netconn_close
netbuf_delete
netconn_new_with_proto_and_callback
port_halt
netconn_bind
netconn_listen_with_backlog
chThdSetPriority
netconn_accept
netconn_delete
